---------- Begin SLURM Prolog ----------
Job ID:        7208284
Username:      siliangc
Accountname:   lc_fs3
Name:          batchrun.sh
Partition:     main
Nodelist:      hpc4628
TasksPerNode:  1
CPUsPerTask:   Default[1]
TMPDIR:        /tmp/7208284.main
SCRATCHDIR:    /staging/scratch/7208284
Cluster:       uschpc
HSDA Account:  false
---------- 2020-05-05 16:03:14 ---------
2020-05-05 16:16:28.509122: I tensorflow/stream_executor/platform/default/dso_loader.cc:44] Successfully opened dynamic library libcuda.so.1
2020-05-05 16:16:28.650128: I tensorflow/core/common_runtime/gpu/gpu_device.cc:1561] Found device 0 with properties: 
pciBusID: 0000:3b:00.0 name: Tesla V100-PCIE-32GB computeCapability: 7.0
coreClock: 1.38GHz coreCount: 80 deviceMemorySize: 31.72GiB deviceMemoryBandwidth: 836.37GiB/s
2020-05-05 16:16:28.654028: I tensorflow/core/common_runtime/gpu/gpu_device.cc:1561] Found device 1 with properties: 
pciBusID: 0000:d8:00.0 name: Tesla V100-PCIE-32GB computeCapability: 7.0
coreClock: 1.38GHz coreCount: 80 deviceMemorySize: 31.72GiB deviceMemoryBandwidth: 836.37GiB/s
2020-05-05 16:16:28.657175: I tensorflow/stream_executor/platform/default/dso_loader.cc:44] Successfully opened dynamic library libcudart.so.10.1
2020-05-05 16:16:28.775359: I tensorflow/stream_executor/platform/default/dso_loader.cc:44] Successfully opened dynamic library libcublas.so.10
2020-05-05 16:16:29.053120: I tensorflow/stream_executor/platform/default/dso_loader.cc:44] Successfully opened dynamic library libcufft.so.10
2020-05-05 16:16:29.365319: I tensorflow/stream_executor/platform/default/dso_loader.cc:44] Successfully opened dynamic library libcurand.so.10
2020-05-05 16:16:29.571511: I tensorflow/stream_executor/platform/default/dso_loader.cc:44] Successfully opened dynamic library libcusolver.so.10
2020-05-05 16:16:29.578938: I tensorflow/stream_executor/platform/default/dso_loader.cc:44] Successfully opened dynamic library libcusparse.so.10
2020-05-05 16:16:29.591022: I tensorflow/stream_executor/platform/default/dso_loader.cc:44] Successfully opened dynamic library libcudnn.so.7
2020-05-05 16:16:29.600319: I tensorflow/core/common_runtime/gpu/gpu_device.cc:1703] Adding visible gpu devices: 0, 1
2020-05-05 16:16:29.604349: I tensorflow/core/platform/cpu_feature_guard.cc:143] Your CPU supports instructions that this TensorFlow binary was not compiled to use: AVX2 AVX512F FMA
2020-05-05 16:16:29.912716: I tensorflow/core/platform/profile_utils/cpu_utils.cc:102] CPU Frequency: 2100000000 Hz
2020-05-05 16:16:29.917196: I tensorflow/compiler/xla/service/service.cc:168] XLA service 0x5579fefe95f0 initialized for platform Host (this does not guarantee that XLA will be used). Devices:
2020-05-05 16:16:29.917260: I tensorflow/compiler/xla/service/service.cc:176]   StreamExecutor device (0): Host, Default Version
2020-05-05 16:16:30.388352: I tensorflow/compiler/xla/service/service.cc:168] XLA service 0x5579ff0537c0 initialized for platform CUDA (this does not guarantee that XLA will be used). Devices:
2020-05-05 16:16:30.388431: I tensorflow/compiler/xla/service/service.cc:176]   StreamExecutor device (0): Tesla V100-PCIE-32GB, Compute Capability 7.0
2020-05-05 16:16:30.388459: I tensorflow/compiler/xla/service/service.cc:176]   StreamExecutor device (1): Tesla V100-PCIE-32GB, Compute Capability 7.0
2020-05-05 16:16:30.463590: I tensorflow/core/common_runtime/gpu/gpu_device.cc:1561] Found device 0 with properties: 
pciBusID: 0000:3b:00.0 name: Tesla V100-PCIE-32GB computeCapability: 7.0
coreClock: 1.38GHz coreCount: 80 deviceMemorySize: 31.72GiB deviceMemoryBandwidth: 836.37GiB/s
2020-05-05 16:16:30.465822: I tensorflow/core/common_runtime/gpu/gpu_device.cc:1561] Found device 1 with properties: 
pciBusID: 0000:d8:00.0 name: Tesla V100-PCIE-32GB computeCapability: 7.0
coreClock: 1.38GHz coreCount: 80 deviceMemorySize: 31.72GiB deviceMemoryBandwidth: 836.37GiB/s
2020-05-05 16:16:30.465897: I tensorflow/stream_executor/platform/default/dso_loader.cc:44] Successfully opened dynamic library libcudart.so.10.1
2020-05-05 16:16:30.465922: I tensorflow/stream_executor/platform/default/dso_loader.cc:44] Successfully opened dynamic library libcublas.so.10
2020-05-05 16:16:30.465950: I tensorflow/stream_executor/platform/default/dso_loader.cc:44] Successfully opened dynamic library libcufft.so.10
2020-05-05 16:16:30.465970: I tensorflow/stream_executor/platform/default/dso_loader.cc:44] Successfully opened dynamic library libcurand.so.10
2020-05-05 16:16:30.465991: I tensorflow/stream_executor/platform/default/dso_loader.cc:44] Successfully opened dynamic library libcusolver.so.10
2020-05-05 16:16:30.466011: I tensorflow/stream_executor/platform/default/dso_loader.cc:44] Successfully opened dynamic library libcusparse.so.10
2020-05-05 16:16:30.466032: I tensorflow/stream_executor/platform/default/dso_loader.cc:44] Successfully opened dynamic library libcudnn.so.7
2020-05-05 16:16:30.473357: I tensorflow/core/common_runtime/gpu/gpu_device.cc:1703] Adding visible gpu devices: 0, 1
2020-05-05 16:16:30.473407: I tensorflow/stream_executor/platform/default/dso_loader.cc:44] Successfully opened dynamic library libcudart.so.10.1
2020-05-05 16:16:30.476448: I tensorflow/core/common_runtime/gpu/gpu_device.cc:1102] Device interconnect StreamExecutor with strength 1 edge matrix:
2020-05-05 16:16:30.476474: I tensorflow/core/common_runtime/gpu/gpu_device.cc:1108]      0 1 
2020-05-05 16:16:30.476483: I tensorflow/core/common_runtime/gpu/gpu_device.cc:1121] 0:   N Y 
2020-05-05 16:16:30.476489: I tensorflow/core/common_runtime/gpu/gpu_device.cc:1121] 1:   Y N 
2020-05-05 16:16:30.481465: I tensorflow/core/common_runtime/gpu/gpu_device.cc:1247] Created TensorFlow device (/job:localhost/replica:0/task:0/device:GPU:0 with 30233 MB memory) -> physical GPU (device: 0, name: Tesla V100-PCIE-32GB, pci bus id: 0000:3b:00.0, compute capability: 7.0)
2020-05-05 16:16:30.483294: I tensorflow/core/common_runtime/gpu/gpu_device.cc:1247] Created TensorFlow device (/job:localhost/replica:0/task:0/device:GPU:1 with 30233 MB memory) -> physical GPU (device: 1, name: Tesla V100-PCIE-32GB, pci bus id: 0000:d8:00.0, compute capability: 7.0)
2020-05-05 16:16:53.066388: W tensorflow/core/framework/cpu_allocator_impl.cc:81] Allocation of 16006874880 exceeds 10% of free system memory.
2020-05-05 16:17:29.585518: W tensorflow/core/framework/cpu_allocator_impl.cc:81] Allocation of 16006874880 exceeds 10% of free system memory.
2020-05-05 16:17:49.049531: I tensorflow/stream_executor/platform/default/dso_loader.cc:44] Successfully opened dynamic library libcublas.so.10
2020-05-05 16:17:50.059943: I tensorflow/stream_executor/platform/default/dso_loader.cc:44] Successfully opened dynamic library libcudnn.so.7
2020-05-05 16:17:55.164451: E tensorflow/core/platform/default/subprocess.cc:208] Start cannot fork() child process: Cannot allocate memory
2020-05-05 16:17:55.164547: W tensorflow/stream_executor/gpu/asm_compiler.cc:73] Couldn't invoke ptxas --version
2020-05-05 16:17:55.844065: E tensorflow/core/platform/default/subprocess.cc:208] Start cannot fork() child process: Cannot allocate memory
2020-05-05 16:17:55.844253: W tensorflow/stream_executor/gpu/redzone_allocator.cc:314] Internal: Failed to launch ptxas
Relying on driver to perform ptx compilation. 
Modify $PATH to customize ptxas location.
This message will be only logged once.
2020-05-05 16:17:56.517584: E tensorflow/core/platform/default/subprocess.cc:208] Start cannot fork() child process: Cannot allocate memory
2020-05-05 16:17:57.237007: E tensorflow/core/platform/default/subprocess.cc:208] Start cannot fork() child process: Cannot allocate memory
2020-05-05 16:17:57.919196: E tensorflow/core/platform/default/subprocess.cc:208] Start cannot fork() child process: Cannot allocate memory
2020-05-05 16:17:58.606604: E tensorflow/core/platform/default/subprocess.cc:208] Start cannot fork() child process: Cannot allocate memory
2020-05-05 16:17:59.279184: E tensorflow/core/platform/default/subprocess.cc:208] Start cannot fork() child process: Cannot allocate memory
2020-05-05 16:17:59.955536: E tensorflow/core/platform/default/subprocess.cc:208] Start cannot fork() child process: Cannot allocate memory
2020-05-05 16:18:00.639868: E tensorflow/core/platform/default/subprocess.cc:208] Start cannot fork() child process: Cannot allocate memory
2020-05-05 16:18:01.337646: E tensorflow/core/platform/default/subprocess.cc:208] Start cannot fork() child process: Cannot allocate memory
2020-05-05 16:18:02.007947: E tensorflow/core/platform/default/subprocess.cc:208] Start cannot fork() child process: Cannot allocate memory
2020-05-05 16:18:02.688631: E tensorflow/core/platform/default/subprocess.cc:208] Start cannot fork() child process: Cannot allocate memory
2020-05-05 16:18:03.367368: E tensorflow/core/platform/default/subprocess.cc:208] Start cannot fork() child process: Cannot allocate memory
2020-05-05 16:18:04.033786: E tensorflow/core/platform/default/subprocess.cc:208] Start cannot fork() child process: Cannot allocate memory
2020-05-05 16:18:04.711661: E tensorflow/core/platform/default/subprocess.cc:208] Start cannot fork() child process: Cannot allocate memory
2020-05-05 16:18:05.403572: E tensorflow/core/platform/default/subprocess.cc:208] Start cannot fork() child process: Cannot allocate memory
2020-05-05 16:18:06.084024: E tensorflow/core/platform/default/subprocess.cc:208] Start cannot fork() child process: Cannot allocate memory
2020-05-05 16:18:06.760788: E tensorflow/core/platform/default/subprocess.cc:208] Start cannot fork() child process: Cannot allocate memory
2020-05-05 16:18:07.439434: E tensorflow/core/platform/default/subprocess.cc:208] Start cannot fork() child process: Cannot allocate memory
2020-05-05 16:18:08.122704: E tensorflow/core/platform/default/subprocess.cc:208] Start cannot fork() child process: Cannot allocate memory
2020-05-05 16:18:08.812532: E tensorflow/core/platform/default/subprocess.cc:208] Start cannot fork() child process: Cannot allocate memory
2020-05-05 16:18:09.490427: E tensorflow/core/platform/default/subprocess.cc:208] Start cannot fork() child process: Cannot allocate memory
2020-05-05 16:18:10.173368: E tensorflow/core/platform/default/subprocess.cc:208] Start cannot fork() child process: Cannot allocate memory
2020-05-05 16:18:10.858452: E tensorflow/core/platform/default/subprocess.cc:208] Start cannot fork() child process: Cannot allocate memory
2020-05-05 16:18:11.532152: E tensorflow/core/platform/default/subprocess.cc:208] Start cannot fork() child process: Cannot allocate memory
2020-05-05 16:18:12.219342: E tensorflow/core/platform/default/subprocess.cc:208] Start cannot fork() child process: Cannot allocate memory
2020-05-05 16:18:12.893615: E tensorflow/core/platform/default/subprocess.cc:208] Start cannot fork() child process: Cannot allocate memory
2020-05-05 16:18:13.576823: E tensorflow/core/platform/default/subprocess.cc:208] Start cannot fork() child process: Cannot allocate memory
2020-05-05 16:18:14.268262: E tensorflow/core/platform/default/subprocess.cc:208] Start cannot fork() child process: Cannot allocate memory
2020-05-05 16:18:14.995206: E tensorflow/core/platform/default/subprocess.cc:208] Start cannot fork() child process: Cannot allocate memory
2020-05-05 16:18:15.701708: E tensorflow/core/platform/default/subprocess.cc:208] Start cannot fork() child process: Cannot allocate memory
2020-05-05 16:18:16.376661: E tensorflow/core/platform/default/subprocess.cc:208] Start cannot fork() child process: Cannot allocate memory
2020-05-05 16:18:17.082594: E tensorflow/core/platform/default/subprocess.cc:208] Start cannot fork() child process: Cannot allocate memory
2020-05-05 16:18:17.764024: E tensorflow/core/platform/default/subprocess.cc:208] Start cannot fork() child process: Cannot allocate memory
2020-05-05 16:18:18.460286: E tensorflow/core/platform/default/subprocess.cc:208] Start cannot fork() child process: Cannot allocate memory
2020-05-05 16:18:19.132071: E tensorflow/core/platform/default/subprocess.cc:208] Start cannot fork() child process: Cannot allocate memory
2020-05-05 16:18:19.808413: E tensorflow/core/platform/default/subprocess.cc:208] Start cannot fork() child process: Cannot allocate memory
2020-05-05 16:18:20.492802: E tensorflow/core/platform/default/subprocess.cc:208] Start cannot fork() child process: Cannot allocate memory
2020-05-05 16:18:21.157802: E tensorflow/core/platform/default/subprocess.cc:208] Start cannot fork() child process: Cannot allocate memory
2020-05-05 16:18:21.845081: E tensorflow/core/platform/default/subprocess.cc:208] Start cannot fork() child process: Cannot allocate memory
2020-05-05 16:18:22.508741: E tensorflow/core/platform/default/subprocess.cc:208] Start cannot fork() child process: Cannot allocate memory
2020-05-05 16:18:23.175344: E tensorflow/core/platform/default/subprocess.cc:208] Start cannot fork() child process: Cannot allocate memory
2020-05-05 16:18:23.851150: E tensorflow/core/platform/default/subprocess.cc:208] Start cannot fork() child process: Cannot allocate memory
2020-05-05 16:18:24.526075: E tensorflow/core/platform/default/subprocess.cc:208] Start cannot fork() child process: Cannot allocate memory
2020-05-05 16:18:25.214438: E tensorflow/core/platform/default/subprocess.cc:208] Start cannot fork() child process: Cannot allocate memory
2020-05-05 16:18:25.894843: E tensorflow/core/platform/default/subprocess.cc:208] Start cannot fork() child process: Cannot allocate memory
2020-05-05 16:18:26.575635: E tensorflow/core/platform/default/subprocess.cc:208] Start cannot fork() child process: Cannot allocate memory
2020-05-05 16:18:27.242942: E tensorflow/core/platform/default/subprocess.cc:208] Start cannot fork() child process: Cannot allocate memory
2020-05-05 16:18:27.927206: E tensorflow/core/platform/default/subprocess.cc:208] Start cannot fork() child process: Cannot allocate memory
2020-05-05 16:18:28.599425: E tensorflow/core/platform/default/subprocess.cc:208] Start cannot fork() child process: Cannot allocate memory
2020-05-05 16:18:29.303522: E tensorflow/core/platform/default/subprocess.cc:208] Start cannot fork() child process: Cannot allocate memory
2020-05-05 16:18:29.972529: E tensorflow/core/platform/default/subprocess.cc:208] Start cannot fork() child process: Cannot allocate memory
2020-05-05 16:18:30.639831: E tensorflow/core/platform/default/subprocess.cc:208] Start cannot fork() child process: Cannot allocate memory
2020-05-05 16:18:31.313894: E tensorflow/core/platform/default/subprocess.cc:208] Start cannot fork() child process: Cannot allocate memory
2020-05-05 16:18:31.997429: E tensorflow/core/platform/default/subprocess.cc:208] Start cannot fork() child process: Cannot allocate memory
2020-05-05 16:18:32.667707: E tensorflow/core/platform/default/subprocess.cc:208] Start cannot fork() child process: Cannot allocate memory
2020-05-05 16:18:33.346857: E tensorflow/core/platform/default/subprocess.cc:208] Start cannot fork() child process: Cannot allocate memory
2020-05-05 16:18:34.038147: E tensorflow/core/platform/default/subprocess.cc:208] Start cannot fork() child process: Cannot allocate memory
2020-05-05 16:18:34.735064: E tensorflow/core/platform/default/subprocess.cc:208] Start cannot fork() child process: Cannot allocate memory
2020-05-05 16:18:35.422866: E tensorflow/core/platform/default/subprocess.cc:208] Start cannot fork() child process: Cannot allocate memory
2020-05-05 16:18:36.113392: E tensorflow/core/platform/default/subprocess.cc:208] Start cannot fork() child process: Cannot allocate memory
2020-05-05 16:18:36.797998: E tensorflow/core/platform/default/subprocess.cc:208] Start cannot fork() child process: Cannot allocate memory
2020-05-05 16:18:37.471789: E tensorflow/core/platform/default/subprocess.cc:208] Start cannot fork() child process: Cannot allocate memory
2020-05-05 16:18:38.165987: E tensorflow/core/platform/default/subprocess.cc:208] Start cannot fork() child process: Cannot allocate memory
2020-05-05 16:18:38.850714: E tensorflow/core/platform/default/subprocess.cc:208] Start cannot fork() child process: Cannot allocate memory
2020-05-05 16:18:39.534173: E tensorflow/core/platform/default/subprocess.cc:208] Start cannot fork() child process: Cannot allocate memory
2020-05-05 16:18:40.221517: E tensorflow/core/platform/default/subprocess.cc:208] Start cannot fork() child process: Cannot allocate memory
2020-05-05 16:18:40.914594: E tensorflow/core/platform/default/subprocess.cc:208] Start cannot fork() child process: Cannot allocate memory
2020-05-05 16:18:41.579493: E tensorflow/core/platform/default/subprocess.cc:208] Start cannot fork() child process: Cannot allocate memory
2020-05-05 16:18:42.275205: E tensorflow/core/platform/default/subprocess.cc:208] Start cannot fork() child process: Cannot allocate memory
2020-05-05 16:18:42.940583: E tensorflow/core/platform/default/subprocess.cc:208] Start cannot fork() child process: Cannot allocate memory
2020-05-05 16:18:43.624626: E tensorflow/core/platform/default/subprocess.cc:208] Start cannot fork() child process: Cannot allocate memory
2020-05-05 16:18:44.313008: E tensorflow/core/platform/default/subprocess.cc:208] Start cannot fork() child process: Cannot allocate memory
2020-05-05 16:18:45.140503: E tensorflow/core/platform/default/subprocess.cc:208] Start cannot fork() child process: Cannot allocate memory
2020-05-05 16:18:45.819418: E tensorflow/core/platform/default/subprocess.cc:208] Start cannot fork() child process: Cannot allocate memory
2020-05-05 16:18:46.501980: E tensorflow/core/platform/default/subprocess.cc:208] Start cannot fork() child process: Cannot allocate memory
2020-05-05 16:18:47.185656: E tensorflow/core/platform/default/subprocess.cc:208] Start cannot fork() child process: Cannot allocate memory
2020-05-05 16:18:47.855087: E tensorflow/core/platform/default/subprocess.cc:208] Start cannot fork() child process: Cannot allocate memory
2020-05-05 16:18:48.553775: E tensorflow/core/platform/default/subprocess.cc:208] Start cannot fork() child process: Cannot allocate memory
2020-05-05 16:18:49.276751: E tensorflow/core/platform/default/subprocess.cc:208] Start cannot fork() child process: Cannot allocate memory
2020-05-05 16:18:49.956771: E tensorflow/core/platform/default/subprocess.cc:208] Start cannot fork() child process: Cannot allocate memory
2020-05-05 16:18:50.651890: E tensorflow/core/platform/default/subprocess.cc:208] Start cannot fork() child process: Cannot allocate memory
2020-05-05 16:18:51.343775: E tensorflow/core/platform/default/subprocess.cc:208] Start cannot fork() child process: Cannot allocate memory
2020-05-05 16:18:52.013176: E tensorflow/core/platform/default/subprocess.cc:208] Start cannot fork() child process: Cannot allocate memory
2020-05-05 16:18:52.691206: E tensorflow/core/platform/default/subprocess.cc:208] Start cannot fork() child process: Cannot allocate memory
2020-05-05 16:18:53.369977: E tensorflow/core/platform/default/subprocess.cc:208] Start cannot fork() child process: Cannot allocate memory
2020-05-05 16:18:54.063831: E tensorflow/core/platform/default/subprocess.cc:208] Start cannot fork() child process: Cannot allocate memory
2020-05-05 16:18:54.736275: E tensorflow/core/platform/default/subprocess.cc:208] Start cannot fork() child process: Cannot allocate memory
2020-05-05 16:18:55.437070: E tensorflow/core/platform/default/subprocess.cc:208] Start cannot fork() child process: Cannot allocate memory
2020-05-05 16:18:56.133578: E tensorflow/core/platform/default/subprocess.cc:208] Start cannot fork() child process: Cannot allocate memory
2020-05-05 16:18:56.820094: E tensorflow/core/platform/default/subprocess.cc:208] Start cannot fork() child process: Cannot allocate memory
2020-05-05 16:18:57.499821: E tensorflow/core/platform/default/subprocess.cc:208] Start cannot fork() child process: Cannot allocate memory
2020-05-05 16:18:58.192678: E tensorflow/core/platform/default/subprocess.cc:208] Start cannot fork() child process: Cannot allocate memory
2020-05-05 16:18:58.881452: E tensorflow/core/platform/default/subprocess.cc:208] Start cannot fork() child process: Cannot allocate memory
2020-05-05 16:18:59.571031: E tensorflow/core/platform/default/subprocess.cc:208] Start cannot fork() child process: Cannot allocate memory
2020-05-05 16:19:00.252603: E tensorflow/core/platform/default/subprocess.cc:208] Start cannot fork() child process: Cannot allocate memory
2020-05-05 16:19:00.950809: E tensorflow/core/platform/default/subprocess.cc:208] Start cannot fork() child process: Cannot allocate memory
2020-05-05 16:19:01.650775: E tensorflow/core/platform/default/subprocess.cc:208] Start cannot fork() child process: Cannot allocate memory
2020-05-05 16:19:02.352540: E tensorflow/core/platform/default/subprocess.cc:208] Start cannot fork() child process: Cannot allocate memory
2020-05-05 16:19:03.052197: E tensorflow/core/platform/default/subprocess.cc:208] Start cannot fork() child process: Cannot allocate memory
2020-05-05 16:19:03.751119: E tensorflow/core/platform/default/subprocess.cc:208] Start cannot fork() child process: Cannot allocate memory
2020-05-05 16:19:04.442276: E tensorflow/core/platform/default/subprocess.cc:208] Start cannot fork() child process: Cannot allocate memory
2020-05-05 16:19:05.141797: E tensorflow/core/platform/default/subprocess.cc:208] Start cannot fork() child process: Cannot allocate memory
2020-05-05 16:19:05.841816: E tensorflow/core/platform/default/subprocess.cc:208] Start cannot fork() child process: Cannot allocate memory
2020-05-05 16:19:06.550945: E tensorflow/core/platform/default/subprocess.cc:208] Start cannot fork() child process: Cannot allocate memory
2020-05-05 16:19:07.228178: E tensorflow/core/platform/default/subprocess.cc:208] Start cannot fork() child process: Cannot allocate memory
2020-05-05 16:19:07.893746: E tensorflow/core/platform/default/subprocess.cc:208] Start cannot fork() child process: Cannot allocate memory
2020-05-05 16:19:08.565143: E tensorflow/core/platform/default/subprocess.cc:208] Start cannot fork() child process: Cannot allocate memory
2020-05-05 16:19:09.256045: E tensorflow/core/platform/default/subprocess.cc:208] Start cannot fork() child process: Cannot allocate memory
2020-05-05 16:19:09.940966: E tensorflow/core/platform/default/subprocess.cc:208] Start cannot fork() child process: Cannot allocate memory
2020-05-05 16:19:10.614403: E tensorflow/core/platform/default/subprocess.cc:208] Start cannot fork() child process: Cannot allocate memory
2020-05-05 16:19:11.306992: E tensorflow/core/platform/default/subprocess.cc:208] Start cannot fork() child process: Cannot allocate memory
2020-05-05 16:19:11.990325: E tensorflow/core/platform/default/subprocess.cc:208] Start cannot fork() child process: Cannot allocate memory
2020-05-05 16:19:12.657498: E tensorflow/core/platform/default/subprocess.cc:208] Start cannot fork() child process: Cannot allocate memory
2020-05-05 16:19:13.348443: E tensorflow/core/platform/default/subprocess.cc:208] Start cannot fork() child process: Cannot allocate memory
2020-05-05 16:19:14.030923: E tensorflow/core/platform/default/subprocess.cc:208] Start cannot fork() child process: Cannot allocate memory
2020-05-05 16:19:14.742237: E tensorflow/core/platform/default/subprocess.cc:208] Start cannot fork() child process: Cannot allocate memory
2020-05-05 16:19:15.486990: E tensorflow/core/platform/default/subprocess.cc:208] Start cannot fork() child process: Cannot allocate memory
2020-05-05 16:19:16.210827: E tensorflow/core/platform/default/subprocess.cc:208] Start cannot fork() child process: Cannot allocate memory
2020-05-05 16:19:16.995269: E tensorflow/core/platform/default/subprocess.cc:208] Start cannot fork() child process: Cannot allocate memory
2020-05-05 16:19:17.680120: E tensorflow/core/platform/default/subprocess.cc:208] Start cannot fork() child process: Cannot allocate memory
2020-05-05 16:19:18.358931: E tensorflow/core/platform/default/subprocess.cc:208] Start cannot fork() child process: Cannot allocate memory
2020-05-05 16:19:19.033477: E tensorflow/core/platform/default/subprocess.cc:208] Start cannot fork() child process: Cannot allocate memory
2020-05-05 16:19:19.717239: E tensorflow/core/platform/default/subprocess.cc:208] Start cannot fork() child process: Cannot allocate memory
2020-05-05 16:19:20.398849: E tensorflow/core/platform/default/subprocess.cc:208] Start cannot fork() child process: Cannot allocate memory
2020-05-05 16:19:21.079985: E tensorflow/core/platform/default/subprocess.cc:208] Start cannot fork() child process: Cannot allocate memory
2020-05-05 16:19:21.764509: E tensorflow/core/platform/default/subprocess.cc:208] Start cannot fork() child process: Cannot allocate memory
2020-05-05 16:19:22.450040: E tensorflow/core/platform/default/subprocess.cc:208] Start cannot fork() child process: Cannot allocate memory
2020-05-05 16:19:23.133815: E tensorflow/core/platform/default/subprocess.cc:208] Start cannot fork() child process: Cannot allocate memory
2020-05-05 16:19:23.815721: E tensorflow/core/platform/default/subprocess.cc:208] Start cannot fork() child process: Cannot allocate memory
2020-05-05 16:19:24.497756: E tensorflow/core/platform/default/subprocess.cc:208] Start cannot fork() child process: Cannot allocate memory
2020-05-05 16:19:25.186860: E tensorflow/core/platform/default/subprocess.cc:208] Start cannot fork() child process: Cannot allocate memory
2020-05-05 16:19:25.874791: E tensorflow/core/platform/default/subprocess.cc:208] Start cannot fork() child process: Cannot allocate memory
2020-05-05 16:19:26.641078: E tensorflow/core/platform/default/subprocess.cc:208] Start cannot fork() child process: Cannot allocate memory
2020-05-05 16:19:27.335052: E tensorflow/core/platform/default/subprocess.cc:208] Start cannot fork() child process: Cannot allocate memory
2020-05-05 16:19:28.031088: E tensorflow/core/platform/default/subprocess.cc:208] Start cannot fork() child process: Cannot allocate memory
2020-05-05 16:19:28.720730: E tensorflow/core/platform/default/subprocess.cc:208] Start cannot fork() child process: Cannot allocate memory
2020-05-05 16:19:29.424371: E tensorflow/core/platform/default/subprocess.cc:208] Start cannot fork() child process: Cannot allocate memory
2020-05-05 16:19:30.109587: E tensorflow/core/platform/default/subprocess.cc:208] Start cannot fork() child process: Cannot allocate memory
2020-05-05 16:19:30.798804: E tensorflow/core/platform/default/subprocess.cc:208] Start cannot fork() child process: Cannot allocate memory
2020-05-05 16:19:31.485078: E tensorflow/core/platform/default/subprocess.cc:208] Start cannot fork() child process: Cannot allocate memory
2020-05-05 16:19:32.177428: E tensorflow/core/platform/default/subprocess.cc:208] Start cannot fork() child process: Cannot allocate memory
2020-05-05 16:19:32.864346: E tensorflow/core/platform/default/subprocess.cc:208] Start cannot fork() child process: Cannot allocate memory
2020-05-05 16:19:33.553891: E tensorflow/core/platform/default/subprocess.cc:208] Start cannot fork() child process: Cannot allocate memory
2020-05-05 16:19:34.236465: E tensorflow/core/platform/default/subprocess.cc:208] Start cannot fork() child process: Cannot allocate memory
2020-05-05 16:19:34.930055: E tensorflow/core/platform/default/subprocess.cc:208] Start cannot fork() child process: Cannot allocate memory
2020-05-05 16:19:35.615699: E tensorflow/core/platform/default/subprocess.cc:208] Start cannot fork() child process: Cannot allocate memory
2020-05-05 16:19:36.299248: E tensorflow/core/platform/default/subprocess.cc:208] Start cannot fork() child process: Cannot allocate memory
2020-05-05 16:19:36.975859: E tensorflow/core/platform/default/subprocess.cc:208] Start cannot fork() child process: Cannot allocate memory
2020-05-05 16:19:37.659459: E tensorflow/core/platform/default/subprocess.cc:208] Start cannot fork() child process: Cannot allocate memory
2020-05-05 16:19:38.358446: E tensorflow/core/platform/default/subprocess.cc:208] Start cannot fork() child process: Cannot allocate memory
2020-05-05 16:19:39.042836: E tensorflow/core/platform/default/subprocess.cc:208] Start cannot fork() child process: Cannot allocate memory
2020-05-05 16:19:39.728245: E tensorflow/core/platform/default/subprocess.cc:208] Start cannot fork() child process: Cannot allocate memory
2020-05-05 16:19:40.416048: E tensorflow/core/platform/default/subprocess.cc:208] Start cannot fork() child process: Cannot allocate memory
2020-05-05 16:19:41.121958: E tensorflow/core/platform/default/subprocess.cc:208] Start cannot fork() child process: Cannot allocate memory
2020-05-05 16:19:41.814355: E tensorflow/core/platform/default/subprocess.cc:208] Start cannot fork() child process: Cannot allocate memory
2020-05-05 16:19:42.500995: E tensorflow/core/platform/default/subprocess.cc:208] Start cannot fork() child process: Cannot allocate memory
2020-05-05 16:20:08.812898: E tensorflow/core/platform/default/subprocess.cc:208] Start cannot fork() child process: Cannot allocate memory
2020-05-05 16:20:09.668950: E tensorflow/core/platform/default/subprocess.cc:208] Start cannot fork() child process: Cannot allocate memory
2020-05-05 16:20:10.515150: E tensorflow/core/platform/default/subprocess.cc:208] Start cannot fork() child process: Cannot allocate memory
2020-05-05 16:20:11.368822: E tensorflow/core/platform/default/subprocess.cc:208] Start cannot fork() child process: Cannot allocate memory
2020-05-05 16:20:12.215460: E tensorflow/core/platform/default/subprocess.cc:208] Start cannot fork() child process: Cannot allocate memory
2020-05-05 16:20:13.051340: E tensorflow/core/platform/default/subprocess.cc:208] Start cannot fork() child process: Cannot allocate memory
2020-05-05 16:20:13.892019: E tensorflow/core/platform/default/subprocess.cc:208] Start cannot fork() child process: Cannot allocate memory
2020-05-05 16:20:14.777496: E tensorflow/core/platform/default/subprocess.cc:208] Start cannot fork() child process: Cannot allocate memory
2020-05-05 16:20:15.702066: E tensorflow/core/platform/default/subprocess.cc:208] Start cannot fork() child process: Cannot allocate memory
2020-05-05 16:20:16.532400: E tensorflow/core/platform/default/subprocess.cc:208] Start cannot fork() child process: Cannot allocate memory
2020-05-05 16:20:17.391610: E tensorflow/core/platform/default/subprocess.cc:208] Start cannot fork() child process: Cannot allocate memory
2020-05-05 16:20:18.229416: E tensorflow/core/platform/default/subprocess.cc:208] Start cannot fork() child process: Cannot allocate memory
2020-05-05 16:20:19.078658: E tensorflow/core/platform/default/subprocess.cc:208] Start cannot fork() child process: Cannot allocate memory
2020-05-05 16:20:19.924667: E tensorflow/core/platform/default/subprocess.cc:208] Start cannot fork() child process: Cannot allocate memory
2020-05-05 16:20:20.758724: E tensorflow/core/platform/default/subprocess.cc:208] Start cannot fork() child process: Cannot allocate memory
2020-05-05 16:20:21.595595: E tensorflow/core/platform/default/subprocess.cc:208] Start cannot fork() child process: Cannot allocate memory
2020-05-05 16:20:22.462631: E tensorflow/core/platform/default/subprocess.cc:208] Start cannot fork() child process: Cannot allocate memory
2020-05-05 16:20:23.320356: E tensorflow/core/platform/default/subprocess.cc:208] Start cannot fork() child process: Cannot allocate memory
2020-05-05 16:20:24.161765: E tensorflow/core/platform/default/subprocess.cc:208] Start cannot fork() child process: Cannot allocate memory
2020-05-05 16:20:25.001818: E tensorflow/core/platform/default/subprocess.cc:208] Start cannot fork() child process: Cannot allocate memory
2020-05-05 16:20:25.854834: E tensorflow/core/platform/default/subprocess.cc:208] Start cannot fork() child process: Cannot allocate memory
2020-05-05 16:20:26.702641: E tensorflow/core/platform/default/subprocess.cc:208] Start cannot fork() child process: Cannot allocate memory
2020-05-05 16:20:27.558894: E tensorflow/core/platform/default/subprocess.cc:208] Start cannot fork() child process: Cannot allocate memory
2020-05-05 16:20:28.406646: E tensorflow/core/platform/default/subprocess.cc:208] Start cannot fork() child process: Cannot allocate memory
2020-05-05 16:20:29.255272: E tensorflow/core/platform/default/subprocess.cc:208] Start cannot fork() child process: Cannot allocate memory
2020-05-05 16:20:30.108791: E tensorflow/core/platform/default/subprocess.cc:208] Start cannot fork() child process: Cannot allocate memory
2020-05-05 16:20:30.956883: E tensorflow/core/platform/default/subprocess.cc:208] Start cannot fork() child process: Cannot allocate memory
2020-05-05 16:20:31.809708: E tensorflow/core/platform/default/subprocess.cc:208] Start cannot fork() child process: Cannot allocate memory
2020-05-05 16:20:32.651188: E tensorflow/core/platform/default/subprocess.cc:208] Start cannot fork() child process: Cannot allocate memory
2020-05-05 16:20:33.479195: E tensorflow/core/platform/default/subprocess.cc:208] Start cannot fork() child process: Cannot allocate memory
2020-05-05 16:20:34.320474: E tensorflow/core/platform/default/subprocess.cc:208] Start cannot fork() child process: Cannot allocate memory
2020-05-05 16:20:35.150551: E tensorflow/core/platform/default/subprocess.cc:208] Start cannot fork() child process: Cannot allocate memory
2020-05-05 16:20:35.997873: E tensorflow/core/platform/default/subprocess.cc:208] Start cannot fork() child process: Cannot allocate memory
2020-05-05 16:20:36.830135: E tensorflow/core/platform/default/subprocess.cc:208] Start cannot fork() child process: Cannot allocate memory
2020-05-05 16:20:37.651398: E tensorflow/core/platform/default/subprocess.cc:208] Start cannot fork() child process: Cannot allocate memory
2020-05-05 16:20:38.439289: E tensorflow/core/platform/default/subprocess.cc:208] Start cannot fork() child process: Cannot allocate memory
2020-05-05 16:20:39.271686: E tensorflow/core/platform/default/subprocess.cc:208] Start cannot fork() child process: Cannot allocate memory
2020-05-05 16:20:40.104561: E tensorflow/core/platform/default/subprocess.cc:208] Start cannot fork() child process: Cannot allocate memory
2020-05-05 16:20:40.910327: E tensorflow/core/platform/default/subprocess.cc:208] Start cannot fork() child process: Cannot allocate memory
2020-05-05 16:20:41.744203: E tensorflow/core/platform/default/subprocess.cc:208] Start cannot fork() child process: Cannot allocate memory
2020-05-05 16:20:42.579986: E tensorflow/core/platform/default/subprocess.cc:208] Start cannot fork() child process: Cannot allocate memory
2020-05-05 16:20:43.407608: E tensorflow/core/platform/default/subprocess.cc:208] Start cannot fork() child process: Cannot allocate memory
2020-05-05 16:20:44.253368: E tensorflow/core/platform/default/subprocess.cc:208] Start cannot fork() child process: Cannot allocate memory
2020-05-05 16:20:45.248578: E tensorflow/core/platform/default/subprocess.cc:208] Start cannot fork() child process: Cannot allocate memory
2020-05-05 16:20:46.120390: E tensorflow/core/platform/default/subprocess.cc:208] Start cannot fork() child process: Cannot allocate memory
2020-05-05 16:20:47.063982: E tensorflow/core/platform/default/subprocess.cc:208] Start cannot fork() child process: Cannot allocate memory
2020-05-05 16:20:47.886151: E tensorflow/core/platform/default/subprocess.cc:208] Start cannot fork() child process: Cannot allocate memory
2020-05-05 16:20:48.731101: E tensorflow/core/platform/default/subprocess.cc:208] Start cannot fork() child process: Cannot allocate memory
2020-05-05 16:20:49.568170: E tensorflow/core/platform/default/subprocess.cc:208] Start cannot fork() child process: Cannot allocate memory
2020-05-05 16:20:50.406252: E tensorflow/core/platform/default/subprocess.cc:208] Start cannot fork() child process: Cannot allocate memory
2020-05-05 16:20:51.241339: E tensorflow/core/platform/default/subprocess.cc:208] Start cannot fork() child process: Cannot allocate memory
2020-05-05 16:20:52.076369: E tensorflow/core/platform/default/subprocess.cc:208] Start cannot fork() child process: Cannot allocate memory
2020-05-05 16:20:52.920985: E tensorflow/core/platform/default/subprocess.cc:208] Start cannot fork() child process: Cannot allocate memory
2020-05-05 16:20:53.762892: E tensorflow/core/platform/default/subprocess.cc:208] Start cannot fork() child process: Cannot allocate memory
2020-05-05 16:20:54.587116: E tensorflow/core/platform/default/subprocess.cc:208] Start cannot fork() child process: Cannot allocate memory
2020-05-05 16:20:55.433855: E tensorflow/core/platform/default/subprocess.cc:208] Start cannot fork() child process: Cannot allocate memory
2020-05-05 16:20:56.254370: E tensorflow/core/platform/default/subprocess.cc:208] Start cannot fork() child process: Cannot allocate memory
2020-05-05 16:20:57.059462: E tensorflow/core/platform/default/subprocess.cc:208] Start cannot fork() child process: Cannot allocate memory
2020-05-05 16:20:57.904847: E tensorflow/core/platform/default/subprocess.cc:208] Start cannot fork() child process: Cannot allocate memory
2020-05-05 16:20:58.713901: E tensorflow/core/platform/default/subprocess.cc:208] Start cannot fork() child process: Cannot allocate memory
2020-05-05 16:20:59.565200: E tensorflow/core/platform/default/subprocess.cc:208] Start cannot fork() child process: Cannot allocate memory
2020-05-05 16:21:00.375169: E tensorflow/core/platform/default/subprocess.cc:208] Start cannot fork() child process: Cannot allocate memory
2020-05-05 16:21:01.215724: E tensorflow/core/platform/default/subprocess.cc:208] Start cannot fork() child process: Cannot allocate memory
2020-05-05 16:21:02.039127: E tensorflow/core/platform/default/subprocess.cc:208] Start cannot fork() child process: Cannot allocate memory
2020-05-05 16:21:02.842716: E tensorflow/core/platform/default/subprocess.cc:208] Start cannot fork() child process: Cannot allocate memory
2020-05-05 16:21:03.702505: E tensorflow/core/platform/default/subprocess.cc:208] Start cannot fork() child process: Cannot allocate memory
2020-05-05 16:21:04.534592: E tensorflow/core/platform/default/subprocess.cc:208] Start cannot fork() child process: Cannot allocate memory
2020-05-05 16:21:05.381784: E tensorflow/core/platform/default/subprocess.cc:208] Start cannot fork() child process: Cannot allocate memory
2020-05-05 16:21:06.213947: E tensorflow/core/platform/default/subprocess.cc:208] Start cannot fork() child process: Cannot allocate memory
2020-05-05 16:21:07.058548: E tensorflow/core/platform/default/subprocess.cc:208] Start cannot fork() child process: Cannot allocate memory
2020-05-05 16:21:07.883684: E tensorflow/core/platform/default/subprocess.cc:208] Start cannot fork() child process: Cannot allocate memory
2020-05-05 16:21:08.721520: E tensorflow/core/platform/default/subprocess.cc:208] Start cannot fork() child process: Cannot allocate memory
2020-05-05 16:21:09.544442: E tensorflow/core/platform/default/subprocess.cc:208] Start cannot fork() child process: Cannot allocate memory
2020-05-05 16:21:10.388853: E tensorflow/core/platform/default/subprocess.cc:208] Start cannot fork() child process: Cannot allocate memory
2020-05-05 16:21:11.241195: E tensorflow/core/platform/default/subprocess.cc:208] Start cannot fork() child process: Cannot allocate memory
2020-05-05 16:21:12.074204: E tensorflow/core/platform/default/subprocess.cc:208] Start cannot fork() child process: Cannot allocate memory
2020-05-05 16:21:12.903253: E tensorflow/core/platform/default/subprocess.cc:208] Start cannot fork() child process: Cannot allocate memory
2020-05-05 16:21:13.753571: E tensorflow/core/platform/default/subprocess.cc:208] Start cannot fork() child process: Cannot allocate memory
2020-05-05 16:21:14.632227: E tensorflow/core/platform/default/subprocess.cc:208] Start cannot fork() child process: Cannot allocate memory
2020-05-05 16:21:15.612766: E tensorflow/core/platform/default/subprocess.cc:208] Start cannot fork() child process: Cannot allocate memory
2020-05-05 16:21:16.471062: E tensorflow/core/platform/default/subprocess.cc:208] Start cannot fork() child process: Cannot allocate memory
2020-05-05 16:21:17.326775: E tensorflow/core/platform/default/subprocess.cc:208] Start cannot fork() child process: Cannot allocate memory
2020-05-05 16:21:18.161029: E tensorflow/core/platform/default/subprocess.cc:208] Start cannot fork() child process: Cannot allocate memory
2020-05-05 16:21:19.009131: E tensorflow/core/platform/default/subprocess.cc:208] Start cannot fork() child process: Cannot allocate memory
2020-05-05 16:21:19.849793: E tensorflow/core/platform/default/subprocess.cc:208] Start cannot fork() child process: Cannot allocate memory
2020-05-05 16:21:20.686816: E tensorflow/core/platform/default/subprocess.cc:208] Start cannot fork() child process: Cannot allocate memory
2020-05-05 16:21:21.530092: E tensorflow/core/platform/default/subprocess.cc:208] Start cannot fork() child process: Cannot allocate memory
2020-05-05 16:21:22.381882: E tensorflow/core/platform/default/subprocess.cc:208] Start cannot fork() child process: Cannot allocate memory
2020-05-05 16:21:23.226136: E tensorflow/core/platform/default/subprocess.cc:208] Start cannot fork() child process: Cannot allocate memory
2020-05-05 16:21:24.078225: E tensorflow/core/platform/default/subprocess.cc:208] Start cannot fork() child process: Cannot allocate memory
2020-05-05 16:21:24.899719: E tensorflow/core/platform/default/subprocess.cc:208] Start cannot fork() child process: Cannot allocate memory
2020-05-05 16:21:25.686152: E tensorflow/core/platform/default/subprocess.cc:208] Start cannot fork() child process: Cannot allocate memory
2020-05-05 16:21:26.560089: E tensorflow/core/platform/default/subprocess.cc:208] Start cannot fork() child process: Cannot allocate memory
2020-05-05 16:21:27.409355: E tensorflow/core/platform/default/subprocess.cc:208] Start cannot fork() child process: Cannot allocate memory
2020-05-05 16:21:28.277041: E tensorflow/core/platform/default/subprocess.cc:208] Start cannot fork() child process: Cannot allocate memory
2020-05-05 16:21:29.141561: E tensorflow/core/platform/default/subprocess.cc:208] Start cannot fork() child process: Cannot allocate memory
2020-05-05 16:21:29.992537: E tensorflow/core/platform/default/subprocess.cc:208] Start cannot fork() child process: Cannot allocate memory
2020-05-05 16:21:30.836442: E tensorflow/core/platform/default/subprocess.cc:208] Start cannot fork() child process: Cannot allocate memory
2020-05-05 16:21:31.681350: E tensorflow/core/platform/default/subprocess.cc:208] Start cannot fork() child process: Cannot allocate memory
2020-05-05 16:21:32.530632: E tensorflow/core/platform/default/subprocess.cc:208] Start cannot fork() child process: Cannot allocate memory
2020-05-05 16:21:33.374456: E tensorflow/core/platform/default/subprocess.cc:208] Start cannot fork() child process: Cannot allocate memory
2020-05-05 16:21:34.218050: E tensorflow/core/platform/default/subprocess.cc:208] Start cannot fork() child process: Cannot allocate memory
2020-05-05 16:21:35.054351: E tensorflow/core/platform/default/subprocess.cc:208] Start cannot fork() child process: Cannot allocate memory
2020-05-05 16:21:35.895754: E tensorflow/core/platform/default/subprocess.cc:208] Start cannot fork() child process: Cannot allocate memory
2020-05-05 16:21:36.731110: E tensorflow/core/platform/default/subprocess.cc:208] Start cannot fork() child process: Cannot allocate memory
2020-05-05 16:21:37.582658: E tensorflow/core/platform/default/subprocess.cc:208] Start cannot fork() child process: Cannot allocate memory
2020-05-05 16:21:38.424123: E tensorflow/core/platform/default/subprocess.cc:208] Start cannot fork() child process: Cannot allocate memory
2020-05-05 16:21:39.264193: E tensorflow/core/platform/default/subprocess.cc:208] Start cannot fork() child process: Cannot allocate memory
2020-05-05 16:21:40.103522: E tensorflow/core/platform/default/subprocess.cc:208] Start cannot fork() child process: Cannot allocate memory
2020-05-05 16:21:40.950898: E tensorflow/core/platform/default/subprocess.cc:208] Start cannot fork() child process: Cannot allocate memory
2020-05-05 16:21:41.795222: E tensorflow/core/platform/default/subprocess.cc:208] Start cannot fork() child process: Cannot allocate memory
2020-05-05 16:21:42.634618: E tensorflow/core/platform/default/subprocess.cc:208] Start cannot fork() child process: Cannot allocate memory
2020-05-05 16:21:43.490325: E tensorflow/core/platform/default/subprocess.cc:208] Start cannot fork() child process: Cannot allocate memory
2020-05-05 16:21:44.332424: E tensorflow/core/platform/default/subprocess.cc:208] Start cannot fork() child process: Cannot allocate memory
2020-05-05 16:21:45.591592: E tensorflow/core/platform/default/subprocess.cc:208] Start cannot fork() child process: Cannot allocate memory
2020-05-05 16:21:46.445542: E tensorflow/core/platform/default/subprocess.cc:208] Start cannot fork() child process: Cannot allocate memory
2020-05-05 16:21:47.290675: E tensorflow/core/platform/default/subprocess.cc:208] Start cannot fork() child process: Cannot allocate memory
2020-05-05 16:21:48.135595: E tensorflow/core/platform/default/subprocess.cc:208] Start cannot fork() child process: Cannot allocate memory
2020-05-05 16:21:48.975598: E tensorflow/core/platform/default/subprocess.cc:208] Start cannot fork() child process: Cannot allocate memory
2020-05-05 16:21:49.808744: E tensorflow/core/platform/default/subprocess.cc:208] Start cannot fork() child process: Cannot allocate memory
2020-05-05 16:21:50.652574: E tensorflow/core/platform/default/subprocess.cc:208] Start cannot fork() child process: Cannot allocate memory
2020-05-05 16:21:51.486452: E tensorflow/core/platform/default/subprocess.cc:208] Start cannot fork() child process: Cannot allocate memory
2020-05-05 16:21:52.326793: E tensorflow/core/platform/default/subprocess.cc:208] Start cannot fork() child process: Cannot allocate memory
2020-05-05 16:21:53.162438: E tensorflow/core/platform/default/subprocess.cc:208] Start cannot fork() child process: Cannot allocate memory
2020-05-05 16:21:54.002970: E tensorflow/core/platform/default/subprocess.cc:208] Start cannot fork() child process: Cannot allocate memory
2020-05-05 16:21:54.837671: E tensorflow/core/platform/default/subprocess.cc:208] Start cannot fork() child process: Cannot allocate memory
2020-05-05 16:21:55.692541: E tensorflow/core/platform/default/subprocess.cc:208] Start cannot fork() child process: Cannot allocate memory
2020-05-05 16:21:56.532597: E tensorflow/core/platform/default/subprocess.cc:208] Start cannot fork() child process: Cannot allocate memory
2020-05-05 16:21:57.385646: E tensorflow/core/platform/default/subprocess.cc:208] Start cannot fork() child process: Cannot allocate memory
2020-05-05 16:21:58.216618: E tensorflow/core/platform/default/subprocess.cc:208] Start cannot fork() child process: Cannot allocate memory
2020-05-05 16:21:59.049638: E tensorflow/core/platform/default/subprocess.cc:208] Start cannot fork() child process: Cannot allocate memory
2020-05-05 16:21:59.877951: E tensorflow/core/platform/default/subprocess.cc:208] Start cannot fork() child process: Cannot allocate memory
2020-05-05 16:22:00.711186: E tensorflow/core/platform/default/subprocess.cc:208] Start cannot fork() child process: Cannot allocate memory
2020-05-05 16:22:01.554586: E tensorflow/core/platform/default/subprocess.cc:208] Start cannot fork() child process: Cannot allocate memory
2020-05-05 16:22:02.398716: E tensorflow/core/platform/default/subprocess.cc:208] Start cannot fork() child process: Cannot allocate memory
2020-05-05 16:22:03.231792: E tensorflow/core/platform/default/subprocess.cc:208] Start cannot fork() child process: Cannot allocate memory
2020-05-05 16:22:04.060394: E tensorflow/core/platform/default/subprocess.cc:208] Start cannot fork() child process: Cannot allocate memory
2020-05-05 16:22:04.894872: E tensorflow/core/platform/default/subprocess.cc:208] Start cannot fork() child process: Cannot allocate memory
2020-05-05 16:22:05.740358: E tensorflow/core/platform/default/subprocess.cc:208] Start cannot fork() child process: Cannot allocate memory
2020-05-05 16:22:06.580445: E tensorflow/core/platform/default/subprocess.cc:208] Start cannot fork() child process: Cannot allocate memory
2020-05-05 16:22:07.427588: E tensorflow/core/platform/default/subprocess.cc:208] Start cannot fork() child process: Cannot allocate memory
2020-05-05 16:22:08.271484: E tensorflow/core/platform/default/subprocess.cc:208] Start cannot fork() child process: Cannot allocate memory
2020-05-05 16:22:09.105149: E tensorflow/core/platform/default/subprocess.cc:208] Start cannot fork() child process: Cannot allocate memory
2020-05-05 16:22:09.956381: E tensorflow/core/platform/default/subprocess.cc:208] Start cannot fork() child process: Cannot allocate memory
2020-05-05 16:22:10.793413: E tensorflow/core/platform/default/subprocess.cc:208] Start cannot fork() child process: Cannot allocate memory
2020-05-05 16:22:11.633692: E tensorflow/core/platform/default/subprocess.cc:208] Start cannot fork() child process: Cannot allocate memory
2020-05-05 16:22:12.471673: E tensorflow/core/platform/default/subprocess.cc:208] Start cannot fork() child process: Cannot allocate memory
2020-05-05 16:22:13.304866: E tensorflow/core/platform/default/subprocess.cc:208] Start cannot fork() child process: Cannot allocate memory
2020-05-05 16:22:14.141843: E tensorflow/core/platform/default/subprocess.cc:208] Start cannot fork() child process: Cannot allocate memory
2020-05-05 16:22:15.019178: E tensorflow/core/platform/default/subprocess.cc:208] Start cannot fork() child process: Cannot allocate memory
2020-05-05 16:22:15.958445: E tensorflow/core/platform/default/subprocess.cc:208] Start cannot fork() child process: Cannot allocate memory
2020-05-05 16:22:16.805140: E tensorflow/core/platform/default/subprocess.cc:208] Start cannot fork() child process: Cannot allocate memory
2020-05-05 16:22:17.650154: E tensorflow/core/platform/default/subprocess.cc:208] Start cannot fork() child process: Cannot allocate memory
2020-05-05 16:22:18.492577: E tensorflow/core/platform/default/subprocess.cc:208] Start cannot fork() child process: Cannot allocate memory
2020-05-05 16:22:19.324233: E tensorflow/core/platform/default/subprocess.cc:208] Start cannot fork() child process: Cannot allocate memory
2020-05-05 16:22:20.169734: E tensorflow/core/platform/default/subprocess.cc:208] Start cannot fork() child process: Cannot allocate memory
2020-05-05 16:22:30.998309: E tensorflow/core/platform/default/subprocess.cc:208] Start cannot fork() child process: Cannot allocate memory
2020-05-05 16:22:31.900293: E tensorflow/core/platform/default/subprocess.cc:208] Start cannot fork() child process: Cannot allocate memory
2020-05-05 16:22:32.801306: E tensorflow/core/platform/default/subprocess.cc:208] Start cannot fork() child process: Cannot allocate memory
2020-05-05 16:22:33.696980: E tensorflow/core/platform/default/subprocess.cc:208] Start cannot fork() child process: Cannot allocate memory
2020-05-05 16:22:34.590184: E tensorflow/core/platform/default/subprocess.cc:208] Start cannot fork() child process: Cannot allocate memory
2020-05-05 16:22:35.481597: E tensorflow/core/platform/default/subprocess.cc:208] Start cannot fork() child process: Cannot allocate memory
2020-05-05 16:22:36.470044: E tensorflow/core/platform/default/subprocess.cc:208] Start cannot fork() child process: Cannot allocate memory
2020-05-05 16:22:37.443519: E tensorflow/core/platform/default/subprocess.cc:208] Start cannot fork() child process: Cannot allocate memory
2020-05-05 16:22:38.354674: E tensorflow/core/platform/default/subprocess.cc:208] Start cannot fork() child process: Cannot allocate memory
2020-05-05 16:22:39.258585: E tensorflow/core/platform/default/subprocess.cc:208] Start cannot fork() child process: Cannot allocate memory
2020-05-05 16:22:40.165119: E tensorflow/core/platform/default/subprocess.cc:208] Start cannot fork() child process: Cannot allocate memory
2020-05-05 16:22:41.054519: E tensorflow/core/platform/default/subprocess.cc:208] Start cannot fork() child process: Cannot allocate memory
2020-05-05 16:22:41.946260: E tensorflow/core/platform/default/subprocess.cc:208] Start cannot fork() child process: Cannot allocate memory
2020-05-05 16:22:42.838272: E tensorflow/core/platform/default/subprocess.cc:208] Start cannot fork() child process: Cannot allocate memory
2020-05-05 16:22:43.734358: E tensorflow/core/platform/default/subprocess.cc:208] Start cannot fork() child process: Cannot allocate memory
2020-05-05 16:22:44.736907: E tensorflow/core/platform/default/subprocess.cc:208] Start cannot fork() child process: Cannot allocate memory
2020-05-05 16:22:45.724372: E tensorflow/core/platform/default/subprocess.cc:208] Start cannot fork() child process: Cannot allocate memory
2020-05-05 16:22:46.666404: E tensorflow/core/platform/default/subprocess.cc:208] Start cannot fork() child process: Cannot allocate memory
2020-05-05 16:22:47.571625: E tensorflow/core/platform/default/subprocess.cc:208] Start cannot fork() child process: Cannot allocate memory
2020-05-05 16:22:48.518484: E tensorflow/core/platform/default/subprocess.cc:208] Start cannot fork() child process: Cannot allocate memory
2020-05-05 16:22:49.421086: E tensorflow/core/platform/default/subprocess.cc:208] Start cannot fork() child process: Cannot allocate memory
2020-05-05 16:22:50.378688: E tensorflow/core/platform/default/subprocess.cc:208] Start cannot fork() child process: Cannot allocate memory
2020-05-05 16:22:51.331303: E tensorflow/core/platform/default/subprocess.cc:208] Start cannot fork() child process: Cannot allocate memory
2020-05-05 16:22:52.279158: E tensorflow/core/platform/default/subprocess.cc:208] Start cannot fork() child process: Cannot allocate memory
2020-05-05 16:22:53.236206: E tensorflow/core/platform/default/subprocess.cc:208] Start cannot fork() child process: Cannot allocate memory
2020-05-05 16:22:54.173060: E tensorflow/core/platform/default/subprocess.cc:208] Start cannot fork() child process: Cannot allocate memory
2020-05-05 16:22:55.128234: E tensorflow/core/platform/default/subprocess.cc:208] Start cannot fork() child process: Cannot allocate memory
2020-05-05 16:22:56.087712: E tensorflow/core/platform/default/subprocess.cc:208] Start cannot fork() child process: Cannot allocate memory
2020-05-05 16:22:57.046018: E tensorflow/core/platform/default/subprocess.cc:208] Start cannot fork() child process: Cannot allocate memory
2020-05-05 16:22:57.998708: E tensorflow/core/platform/default/subprocess.cc:208] Start cannot fork() child process: Cannot allocate memory
2020-05-05 16:22:58.947584: E tensorflow/core/platform/default/subprocess.cc:208] Start cannot fork() child process: Cannot allocate memory
2020-05-05 16:22:59.887300: E tensorflow/core/platform/default/subprocess.cc:208] Start cannot fork() child process: Cannot allocate memory
2020-05-05 16:23:00.836964: E tensorflow/core/platform/default/subprocess.cc:208] Start cannot fork() child process: Cannot allocate memory
2020-05-05 16:23:01.784067: E tensorflow/core/platform/default/subprocess.cc:208] Start cannot fork() child process: Cannot allocate memory
2020-05-05 16:23:02.725126: E tensorflow/core/platform/default/subprocess.cc:208] Start cannot fork() child process: Cannot allocate memory
2020-05-05 16:23:03.671189: E tensorflow/core/platform/default/subprocess.cc:208] Start cannot fork() child process: Cannot allocate memory
2020-05-05 16:23:04.620437: E tensorflow/core/platform/default/subprocess.cc:208] Start cannot fork() child process: Cannot allocate memory
2020-05-05 16:23:05.569945: E tensorflow/core/platform/default/subprocess.cc:208] Start cannot fork() child process: Cannot allocate memory
2020-05-05 16:23:06.529975: E tensorflow/core/platform/default/subprocess.cc:208] Start cannot fork() child process: Cannot allocate memory
2020-05-05 16:23:07.492108: E tensorflow/core/platform/default/subprocess.cc:208] Start cannot fork() child process: Cannot allocate memory
2020-05-05 16:23:08.444334: E tensorflow/core/platform/default/subprocess.cc:208] Start cannot fork() child process: Cannot allocate memory
2020-05-05 16:23:09.388908: E tensorflow/core/platform/default/subprocess.cc:208] Start cannot fork() child process: Cannot allocate memory
2020-05-05 16:23:10.342416: E tensorflow/core/platform/default/subprocess.cc:208] Start cannot fork() child process: Cannot allocate memory
2020-05-05 16:23:11.297363: E tensorflow/core/platform/default/subprocess.cc:208] Start cannot fork() child process: Cannot allocate memory
2020-05-05 16:23:12.254657: E tensorflow/core/platform/default/subprocess.cc:208] Start cannot fork() child process: Cannot allocate memory
2020-05-05 16:23:13.210883: E tensorflow/core/platform/default/subprocess.cc:208] Start cannot fork() child process: Cannot allocate memory
2020-05-05 16:23:14.183561: E tensorflow/core/platform/default/subprocess.cc:208] Start cannot fork() child process: Cannot allocate memory
2020-05-05 16:23:15.184389: E tensorflow/core/platform/default/subprocess.cc:208] Start cannot fork() child process: Cannot allocate memory
2020-05-05 16:23:16.226694: E tensorflow/core/platform/default/subprocess.cc:208] Start cannot fork() child process: Cannot allocate memory
2020-05-05 16:23:17.200463: E tensorflow/core/platform/default/subprocess.cc:208] Start cannot fork() child process: Cannot allocate memory
2020-05-05 16:23:18.162828: E tensorflow/core/platform/default/subprocess.cc:208] Start cannot fork() child process: Cannot allocate memory
2020-05-05 16:23:19.131787: E tensorflow/core/platform/default/subprocess.cc:208] Start cannot fork() child process: Cannot allocate memory
2020-05-05 16:23:20.081392: E tensorflow/core/platform/default/subprocess.cc:208] Start cannot fork() child process: Cannot allocate memory
2020-05-05 16:23:21.020517: E tensorflow/core/platform/default/subprocess.cc:208] Start cannot fork() child process: Cannot allocate memory
2020-05-05 16:23:21.952119: E tensorflow/core/platform/default/subprocess.cc:208] Start cannot fork() child process: Cannot allocate memory
2020-05-05 16:23:22.884024: E tensorflow/core/platform/default/subprocess.cc:208] Start cannot fork() child process: Cannot allocate memory
2020-05-05 16:23:23.808005: E tensorflow/core/platform/default/subprocess.cc:208] Start cannot fork() child process: Cannot allocate memory
2020-05-05 16:23:24.758510: E tensorflow/core/platform/default/subprocess.cc:208] Start cannot fork() child process: Cannot allocate memory
2020-05-05 16:23:25.723133: E tensorflow/core/platform/default/subprocess.cc:208] Start cannot fork() child process: Cannot allocate memory
2020-05-05 16:23:26.663419: E tensorflow/core/platform/default/subprocess.cc:208] Start cannot fork() child process: Cannot allocate memory
2020-05-05 16:23:27.595782: E tensorflow/core/platform/default/subprocess.cc:208] Start cannot fork() child process: Cannot allocate memory
2020-05-05 16:23:28.488307: E tensorflow/core/platform/default/subprocess.cc:208] Start cannot fork() child process: Cannot allocate memory
2020-05-05 16:23:29.430121: E tensorflow/core/platform/default/subprocess.cc:208] Start cannot fork() child process: Cannot allocate memory
2020-05-05 16:23:30.391031: E tensorflow/core/platform/default/subprocess.cc:208] Start cannot fork() child process: Cannot allocate memory
2020-05-05 16:23:31.313879: E tensorflow/core/platform/default/subprocess.cc:208] Start cannot fork() child process: Cannot allocate memory
2020-05-05 16:23:32.210924: E tensorflow/core/platform/default/subprocess.cc:208] Start cannot fork() child process: Cannot allocate memory
2020-05-05 16:23:33.154688: E tensorflow/core/platform/default/subprocess.cc:208] Start cannot fork() child process: Cannot allocate memory
2020-05-05 16:23:34.105661: E tensorflow/core/platform/default/subprocess.cc:208] Start cannot fork() child process: Cannot allocate memory
2020-05-05 16:23:35.019239: E tensorflow/core/platform/default/subprocess.cc:208] Start cannot fork() child process: Cannot allocate memory
2020-05-05 16:23:35.909132: E tensorflow/core/platform/default/subprocess.cc:208] Start cannot fork() child process: Cannot allocate memory
2020-05-05 16:23:36.856705: E tensorflow/core/platform/default/subprocess.cc:208] Start cannot fork() child process: Cannot allocate memory
2020-05-05 16:23:37.798538: E tensorflow/core/platform/default/subprocess.cc:208] Start cannot fork() child process: Cannot allocate memory
2020-05-05 16:23:38.742687: E tensorflow/core/platform/default/subprocess.cc:208] Start cannot fork() child process: Cannot allocate memory
2020-05-05 16:23:39.700043: E tensorflow/core/platform/default/subprocess.cc:208] Start cannot fork() child process: Cannot allocate memory
2020-05-05 16:23:40.673001: E tensorflow/core/platform/default/subprocess.cc:208] Start cannot fork() child process: Cannot allocate memory
2020-05-05 16:23:41.646786: E tensorflow/core/platform/default/subprocess.cc:208] Start cannot fork() child process: Cannot allocate memory
2020-05-05 16:23:42.608455: E tensorflow/core/platform/default/subprocess.cc:208] Start cannot fork() child process: Cannot allocate memory
2020-05-05 16:23:43.577614: E tensorflow/core/platform/default/subprocess.cc:208] Start cannot fork() child process: Cannot allocate memory
2020-05-05 16:23:44.534826: E tensorflow/core/platform/default/subprocess.cc:208] Start cannot fork() child process: Cannot allocate memory
2020-05-05 16:23:45.781988: E tensorflow/core/platform/default/subprocess.cc:208] Start cannot fork() child process: Cannot allocate memory
2020-05-05 16:23:46.730417: E tensorflow/core/platform/default/subprocess.cc:208] Start cannot fork() child process: Cannot allocate memory
2020-05-05 16:23:47.695677: E tensorflow/core/platform/default/subprocess.cc:208] Start cannot fork() child process: Cannot allocate memory
2020-05-05 16:23:48.637930: E tensorflow/core/platform/default/subprocess.cc:208] Start cannot fork() child process: Cannot allocate memory
2020-05-05 16:23:49.580974: E tensorflow/core/platform/default/subprocess.cc:208] Start cannot fork() child process: Cannot allocate memory
2020-05-05 16:23:50.537462: E tensorflow/core/platform/default/subprocess.cc:208] Start cannot fork() child process: Cannot allocate memory
2020-05-05 16:23:51.480261: E tensorflow/core/platform/default/subprocess.cc:208] Start cannot fork() child process: Cannot allocate memory
2020-05-05 16:23:52.417460: E tensorflow/core/platform/default/subprocess.cc:208] Start cannot fork() child process: Cannot allocate memory
2020-05-05 16:23:53.372105: E tensorflow/core/platform/default/subprocess.cc:208] Start cannot fork() child process: Cannot allocate memory
2020-05-05 16:23:54.318122: E tensorflow/core/platform/default/subprocess.cc:208] Start cannot fork() child process: Cannot allocate memory
2020-05-05 16:23:55.262197: E tensorflow/core/platform/default/subprocess.cc:208] Start cannot fork() child process: Cannot allocate memory
2020-05-05 16:23:56.201856: E tensorflow/core/platform/default/subprocess.cc:208] Start cannot fork() child process: Cannot allocate memory
2020-05-05 16:23:57.153828: E tensorflow/core/platform/default/subprocess.cc:208] Start cannot fork() child process: Cannot allocate memory
2020-05-05 16:23:58.109551: E tensorflow/core/platform/default/subprocess.cc:208] Start cannot fork() child process: Cannot allocate memory
2020-05-05 16:23:59.057824: E tensorflow/core/platform/default/subprocess.cc:208] Start cannot fork() child process: Cannot allocate memory
2020-05-05 16:23:59.999835: E tensorflow/core/platform/default/subprocess.cc:208] Start cannot fork() child process: Cannot allocate memory
2020-05-05 16:24:00.946078: E tensorflow/core/platform/default/subprocess.cc:208] Start cannot fork() child process: Cannot allocate memory
Processing Data...
Processing sequences of length: 1kk

Processing forward host data...
Processing prokaryote training data from ProkTr#ProkTr#1k_num1_seq12693_codefw.npy
Processing eukaryote training data from EukTr#EukTr#1k_num1_seq11439_codefw.npy
Processing reverse host data...
Processing prokaryote training data from ProkTr#ProkTr#1k_num1_seq12693_codebw.npy
Processing eukaryote training data from EukTr#EukTr#1k_num1_seq11439_codebw.npy
Processing plasmid data
Processing plasmid data - bw
Processing virus data...
Processing prokaryotevirus training data from ProkVirusTr#ProkVirusTr#1k_num1_seq13066_codefw.npy
Processin eukaryotevirus training data from EukVirusTr#EukVirusTr#1k_num1_seq12272_codefw.npy
Processing virus data...
Processing prokaryotevirus training data from ProkVirusTr#ProkVirusTr#1k_num1_seq13066_codebw.npy
Processin eukaryotevirus training data from EukVirusTr#EukVirusTr#1k_num1_seq12272_codebw.npy
Processing Validation Data...
Processing Validation Data - bw...
(62715, 997, 64)
(62715, 997, 64)
(62715, 5)
(6807, 997, 64)
(6807, 997, 64)
(6807, 5)
Model: "model"
__________________________________________________________________________________________________
Layer (type)                    Output Shape         Param #     Connected to                     
==================================================================================================
input_1 (InputLayer)            [(None, None, 64)]   0                                            
__________________________________________________________________________________________________
input_2 (InputLayer)            [(None, None, 64)]   0                                            
__________________________________________________________________________________________________
conv1d (Conv1D)                 (None, None, 64)     24640       input_1[0][0]                    
                                                                 input_2[0][0]                    
__________________________________________________________________________________________________
max_pooling1d (MaxPooling1D)    (None, None, 64)     0           conv1d[0][0]                     
                                                                 conv1d[1][0]                     
__________________________________________________________________________________________________
batch_normalization (BatchNorma (None, None, 64)     256         max_pooling1d[0][0]              
                                                                 max_pooling1d[1][0]              
__________________________________________________________________________________________________
conv1d_1 (Conv1D)               (None, None, 128)    24704       batch_normalization[0][0]        
                                                                 batch_normalization[1][0]        
__________________________________________________________________________________________________
max_pooling1d_1 (MaxPooling1D)  (None, None, 128)    0           conv1d_1[0][0]                   
                                                                 conv1d_1[1][0]                   
__________________________________________________________________________________________________
batch_normalization_1 (BatchNor (None, None, 128)    512         max_pooling1d_1[0][0]            
                                                                 max_pooling1d_1[1][0]            
__________________________________________________________________________________________________
conv1d_2 (Conv1D)               (None, None, 256)    65792       batch_normalization_1[0][0]      
                                                                 batch_normalization_1[1][0]      
__________________________________________________________________________________________________
global_max_pooling1d (GlobalMax (None, 256)          0           conv1d_2[0][0]                   
                                                                 conv1d_2[1][0]                   
__________________________________________________________________________________________________
dropout (Dropout)               (None, 256)          0           global_max_pooling1d[0][0]       
                                                                 global_max_pooling1d[1][0]       
__________________________________________________________________________________________________
flatten (Flatten)               (None, 256)          0           dropout[0][0]                    
                                                                 dropout[1][0]                    
__________________________________________________________________________________________________
dense (Dense)                   (None, 500)          128500      flatten[0][0]                    
                                                                 flatten[1][0]                    
__________________________________________________________________________________________________
dropout_1 (Dropout)             (None, 500)          0           dense[0][0]                      
                                                                 dense[1][0]                      
__________________________________________________________________________________________________
dense_1 (Dense)                 (None, 5)            2505        dropout_1[0][0]                  
                                                                 dropout_1[1][0]                  
__________________________________________________________________________________________________
average (Average)               (None, 5)            0           dense_1[0][0]                    
                                                                 dense_1[1][0]                    
==================================================================================================
Total params: 246,909
Trainable params: 246,525
Non-trainable params: 384
__________________________________________________________________________________________________
Epoch 1/60

Epoch 00001: val_loss improved from inf to 0.98171, saving model to ./models/model_DNA_codon.h5
628/628 - 259s - loss: 1.1130 - accuracy: 0.5518 - val_loss: 0.9817 - val_accuracy: 0.5917
Epoch 2/60

Epoch 00002: val_loss improved from 0.98171 to 0.95010, saving model to ./models/model_DNA_codon.h5
628/628 - 35s - loss: 0.8642 - accuracy: 0.6534 - val_loss: 0.9501 - val_accuracy: 0.6006
Epoch 3/60

Epoch 00003: val_loss improved from 0.95010 to 0.88815, saving model to ./models/model_DNA_codon.h5
628/628 - 35s - loss: 0.7845 - accuracy: 0.6873 - val_loss: 0.8882 - val_accuracy: 0.6430
Epoch 4/60

Epoch 00004: val_loss did not improve from 0.88815
628/628 - 29s - loss: 0.7342 - accuracy: 0.7084 - val_loss: 0.9205 - val_accuracy: 0.6326
Epoch 5/60

Epoch 00005: val_loss improved from 0.88815 to 0.87917, saving model to ./models/model_DNA_codon.h5
628/628 - 30s - loss: 0.6829 - accuracy: 0.7305 - val_loss: 0.8792 - val_accuracy: 0.6420
Epoch 6/60

Epoch 00006: val_loss improved from 0.87917 to 0.84987, saving model to ./models/model_DNA_codon.h5
628/628 - 30s - loss: 0.6129 - accuracy: 0.7605 - val_loss: 0.8499 - val_accuracy: 0.6599
Epoch 7/60

Epoch 00007: val_loss did not improve from 0.84987
628/628 - 32s - loss: 0.5505 - accuracy: 0.7882 - val_loss: 0.8558 - val_accuracy: 0.6652
Epoch 8/60

Epoch 00008: val_loss did not improve from 0.84987
628/628 - 29s - loss: 0.5179 - accuracy: 0.8004 - val_loss: 0.9011 - val_accuracy: 0.6565
Epoch 9/60

Epoch 00009: val_loss did not improve from 0.84987
628/628 - 36s - loss: 0.4856 - accuracy: 0.8149 - val_loss: 0.9336 - val_accuracy: 0.6533
Epoch 10/60

Epoch 00010: val_loss did not improve from 0.84987
628/628 - 31s - loss: 0.4577 - accuracy: 0.8246 - val_loss: 0.9405 - val_accuracy: 0.6645
Epoch 11/60

Epoch 00011: val_loss did not improve from 0.84987
628/628 - 30s - loss: 0.4260 - accuracy: 0.8377 - val_loss: 0.8782 - val_accuracy: 0.6781
Epoch 12/60

Epoch 00012: val_loss did not improve from 0.84987
628/628 - 31s - loss: 0.4078 - accuracy: 0.8455 - val_loss: 0.9667 - val_accuracy: 0.6752
Epoch 13/60

Epoch 00013: val_loss did not improve from 0.84987
628/628 - 33s - loss: 0.3877 - accuracy: 0.8540 - val_loss: 0.8949 - val_accuracy: 0.6623
Epoch 14/60

Epoch 00014: val_loss did not improve from 0.84987
628/628 - 32s - loss: 0.3720 - accuracy: 0.8598 - val_loss: 1.0265 - val_accuracy: 0.6542
Epoch 15/60

Epoch 00015: val_loss did not improve from 0.84987
628/628 - 32s - loss: 0.3602 - accuracy: 0.8648 - val_loss: 0.9791 - val_accuracy: 0.6770
Epoch 16/60

Epoch 00016: val_loss did not improve from 0.84987
628/628 - 33s - loss: 0.3444 - accuracy: 0.8733 - val_loss: 1.0042 - val_accuracy: 0.6714
Epoch 17/60

Epoch 00017: val_loss did not improve from 0.84987
628/628 - 35s - loss: 0.3310 - accuracy: 0.8768 - val_loss: 1.0683 - val_accuracy: 0.6656
Epoch 18/60

Epoch 00018: val_loss did not improve from 0.84987
628/628 - 34s - loss: 0.3250 - accuracy: 0.8806 - val_loss: 1.1133 - val_accuracy: 0.6580
Epoch 19/60

Epoch 00019: val_loss did not improve from 0.84987
628/628 - 34s - loss: 0.3186 - accuracy: 0.8821 - val_loss: 0.9719 - val_accuracy: 0.6734
Epoch 20/60

Epoch 00020: val_loss did not improve from 0.84987
628/628 - 34s - loss: 0.3011 - accuracy: 0.8892 - val_loss: 1.0609 - val_accuracy: 0.6772
Epoch 21/60

Epoch 00021: val_loss did not improve from 0.84987
628/628 - 33s - loss: 0.3013 - accuracy: 0.8897 - val_loss: 0.9989 - val_accuracy: 0.6733
Epoch 00021: early stopping
