---------- Begin SLURM Prolog ----------
Job ID:        7290198
Username:      siliangc
Accountname:   lc_fs3
Name:          batchrun.sh
Partition:     main
Nodelist:      hpc4628
TasksPerNode:  1
CPUsPerTask:   Default[1]
TMPDIR:        /tmp/7290198.main
SCRATCHDIR:    /staging/scratch/7290198
Cluster:       uschpc
HSDA Account:  false
---------- 2020-05-07 13:37:45 ---------
2020-05-07 13:51:49.843695: I tensorflow/stream_executor/platform/default/dso_loader.cc:44] Successfully opened dynamic library libcuda.so.1
2020-05-07 13:51:50.000213: I tensorflow/core/common_runtime/gpu/gpu_device.cc:1561] Found device 0 with properties: 
pciBusID: 0000:3b:00.0 name: Tesla V100-PCIE-32GB computeCapability: 7.0
coreClock: 1.38GHz coreCount: 80 deviceMemorySize: 31.72GiB deviceMemoryBandwidth: 836.37GiB/s
2020-05-07 13:51:50.004265: I tensorflow/core/common_runtime/gpu/gpu_device.cc:1561] Found device 1 with properties: 
pciBusID: 0000:d8:00.0 name: Tesla V100-PCIE-32GB computeCapability: 7.0
coreClock: 1.38GHz coreCount: 80 deviceMemorySize: 31.72GiB deviceMemoryBandwidth: 836.37GiB/s
2020-05-07 13:51:50.296359: I tensorflow/stream_executor/platform/default/dso_loader.cc:44] Successfully opened dynamic library libcudart.so.10.1
2020-05-07 13:51:57.139865: I tensorflow/stream_executor/platform/default/dso_loader.cc:44] Successfully opened dynamic library libcublas.so.10
2020-05-07 13:51:59.111514: I tensorflow/stream_executor/platform/default/dso_loader.cc:44] Successfully opened dynamic library libcufft.so.10
2020-05-07 13:52:04.912158: I tensorflow/stream_executor/platform/default/dso_loader.cc:44] Successfully opened dynamic library libcurand.so.10
2020-05-07 13:52:08.945949: I tensorflow/stream_executor/platform/default/dso_loader.cc:44] Successfully opened dynamic library libcusolver.so.10
2020-05-07 13:52:10.805917: I tensorflow/stream_executor/platform/default/dso_loader.cc:44] Successfully opened dynamic library libcusparse.so.10
2020-05-07 13:52:17.636966: I tensorflow/stream_executor/platform/default/dso_loader.cc:44] Successfully opened dynamic library libcudnn.so.7
2020-05-07 13:52:17.652047: I tensorflow/core/common_runtime/gpu/gpu_device.cc:1703] Adding visible gpu devices: 0, 1
2020-05-07 13:52:17.678286: I tensorflow/core/platform/cpu_feature_guard.cc:143] Your CPU supports instructions that this TensorFlow binary was not compiled to use: AVX2 AVX512F FMA
2020-05-07 13:52:17.960679: I tensorflow/core/platform/profile_utils/cpu_utils.cc:102] CPU Frequency: 2100000000 Hz
2020-05-07 13:52:17.966311: I tensorflow/compiler/xla/service/service.cc:168] XLA service 0x5618add8ada0 initialized for platform Host (this does not guarantee that XLA will be used). Devices:
2020-05-07 13:52:17.966387: I tensorflow/compiler/xla/service/service.cc:176]   StreamExecutor device (0): Host, Default Version
2020-05-07 13:52:18.446773: I tensorflow/compiler/xla/service/service.cc:168] XLA service 0x5618addf4e30 initialized for platform CUDA (this does not guarantee that XLA will be used). Devices:
2020-05-07 13:52:18.446855: I tensorflow/compiler/xla/service/service.cc:176]   StreamExecutor device (0): Tesla V100-PCIE-32GB, Compute Capability 7.0
2020-05-07 13:52:18.446884: I tensorflow/compiler/xla/service/service.cc:176]   StreamExecutor device (1): Tesla V100-PCIE-32GB, Compute Capability 7.0
2020-05-07 13:52:18.528285: I tensorflow/core/common_runtime/gpu/gpu_device.cc:1561] Found device 0 with properties: 
pciBusID: 0000:3b:00.0 name: Tesla V100-PCIE-32GB computeCapability: 7.0
coreClock: 1.38GHz coreCount: 80 deviceMemorySize: 31.72GiB deviceMemoryBandwidth: 836.37GiB/s
2020-05-07 13:52:18.531546: I tensorflow/core/common_runtime/gpu/gpu_device.cc:1561] Found device 1 with properties: 
pciBusID: 0000:d8:00.0 name: Tesla V100-PCIE-32GB computeCapability: 7.0
coreClock: 1.38GHz coreCount: 80 deviceMemorySize: 31.72GiB deviceMemoryBandwidth: 836.37GiB/s
2020-05-07 13:52:18.531628: I tensorflow/stream_executor/platform/default/dso_loader.cc:44] Successfully opened dynamic library libcudart.so.10.1
2020-05-07 13:52:18.531664: I tensorflow/stream_executor/platform/default/dso_loader.cc:44] Successfully opened dynamic library libcublas.so.10
2020-05-07 13:52:18.531704: I tensorflow/stream_executor/platform/default/dso_loader.cc:44] Successfully opened dynamic library libcufft.so.10
2020-05-07 13:52:18.531736: I tensorflow/stream_executor/platform/default/dso_loader.cc:44] Successfully opened dynamic library libcurand.so.10
2020-05-07 13:52:18.531766: I tensorflow/stream_executor/platform/default/dso_loader.cc:44] Successfully opened dynamic library libcusolver.so.10
2020-05-07 13:52:18.531796: I tensorflow/stream_executor/platform/default/dso_loader.cc:44] Successfully opened dynamic library libcusparse.so.10
2020-05-07 13:52:18.531827: I tensorflow/stream_executor/platform/default/dso_loader.cc:44] Successfully opened dynamic library libcudnn.so.7
2020-05-07 13:52:18.537956: I tensorflow/core/common_runtime/gpu/gpu_device.cc:1703] Adding visible gpu devices: 0, 1
2020-05-07 13:52:18.538004: I tensorflow/stream_executor/platform/default/dso_loader.cc:44] Successfully opened dynamic library libcudart.so.10.1
2020-05-07 13:52:18.541812: I tensorflow/core/common_runtime/gpu/gpu_device.cc:1102] Device interconnect StreamExecutor with strength 1 edge matrix:
2020-05-07 13:52:18.541836: I tensorflow/core/common_runtime/gpu/gpu_device.cc:1108]      0 1 
2020-05-07 13:52:18.541845: I tensorflow/core/common_runtime/gpu/gpu_device.cc:1121] 0:   N Y 
2020-05-07 13:52:18.541853: I tensorflow/core/common_runtime/gpu/gpu_device.cc:1121] 1:   Y N 
2020-05-07 13:52:18.547297: I tensorflow/core/common_runtime/gpu/gpu_device.cc:1247] Created TensorFlow device (/job:localhost/replica:0/task:0/device:GPU:0 with 30233 MB memory) -> physical GPU (device: 0, name: Tesla V100-PCIE-32GB, pci bus id: 0000:3b:00.0, compute capability: 7.0)
2020-05-07 13:52:18.549303: I tensorflow/core/common_runtime/gpu/gpu_device.cc:1247] Created TensorFlow device (/job:localhost/replica:0/task:0/device:GPU:1 with 30233 MB memory) -> physical GPU (device: 1, name: Tesla V100-PCIE-32GB, pci bus id: 0000:d8:00.0, compute capability: 7.0)
2020-05-07 13:52:40.862865: W tensorflow/core/framework/cpu_allocator_impl.cc:81] Allocation of 16633936000 exceeds 10% of free system memory.
2020-05-07 13:53:27.294290: W tensorflow/core/framework/cpu_allocator_impl.cc:81] Allocation of 16633936000 exceeds 10% of free system memory.
2020-05-07 13:53:48.310015: I tensorflow/stream_executor/platform/default/dso_loader.cc:44] Successfully opened dynamic library libcublas.so.10
2020-05-07 13:53:56.995153: I tensorflow/stream_executor/platform/default/dso_loader.cc:44] Successfully opened dynamic library libcudnn.so.7
2020-05-07 13:54:51.968066: E tensorflow/core/platform/default/subprocess.cc:208] Start cannot fork() child process: Cannot allocate memory
2020-05-07 13:54:51.968553: W tensorflow/stream_executor/gpu/asm_compiler.cc:73] Couldn't invoke ptxas --version
2020-05-07 13:54:52.627363: E tensorflow/core/platform/default/subprocess.cc:208] Start cannot fork() child process: Cannot allocate memory
2020-05-07 13:54:52.627568: W tensorflow/stream_executor/gpu/redzone_allocator.cc:314] Internal: Failed to launch ptxas
Relying on driver to perform ptx compilation. 
Modify $PATH to customize ptxas location.
This message will be only logged once.
2020-05-07 13:54:53.319614: E tensorflow/core/platform/default/subprocess.cc:208] Start cannot fork() child process: Cannot allocate memory
2020-05-07 13:54:53.989364: E tensorflow/core/platform/default/subprocess.cc:208] Start cannot fork() child process: Cannot allocate memory
2020-05-07 13:54:54.661925: E tensorflow/core/platform/default/subprocess.cc:208] Start cannot fork() child process: Cannot allocate memory
2020-05-07 13:54:55.339686: E tensorflow/core/platform/default/subprocess.cc:208] Start cannot fork() child process: Cannot allocate memory
2020-05-07 13:54:56.008931: E tensorflow/core/platform/default/subprocess.cc:208] Start cannot fork() child process: Cannot allocate memory
2020-05-07 13:54:56.675125: E tensorflow/core/platform/default/subprocess.cc:208] Start cannot fork() child process: Cannot allocate memory
2020-05-07 13:54:57.350973: E tensorflow/core/platform/default/subprocess.cc:208] Start cannot fork() child process: Cannot allocate memory
2020-05-07 13:54:58.017717: E tensorflow/core/platform/default/subprocess.cc:208] Start cannot fork() child process: Cannot allocate memory
2020-05-07 13:54:58.692456: E tensorflow/core/platform/default/subprocess.cc:208] Start cannot fork() child process: Cannot allocate memory
2020-05-07 13:54:59.368300: E tensorflow/core/platform/default/subprocess.cc:208] Start cannot fork() child process: Cannot allocate memory
2020-05-07 13:55:00.039874: E tensorflow/core/platform/default/subprocess.cc:208] Start cannot fork() child process: Cannot allocate memory
2020-05-07 13:55:00.721517: E tensorflow/core/platform/default/subprocess.cc:208] Start cannot fork() child process: Cannot allocate memory
2020-05-07 13:55:01.398340: E tensorflow/core/platform/default/subprocess.cc:208] Start cannot fork() child process: Cannot allocate memory
2020-05-07 13:55:02.077448: E tensorflow/core/platform/default/subprocess.cc:208] Start cannot fork() child process: Cannot allocate memory
2020-05-07 13:55:02.752933: E tensorflow/core/platform/default/subprocess.cc:208] Start cannot fork() child process: Cannot allocate memory
2020-05-07 13:55:03.435640: E tensorflow/core/platform/default/subprocess.cc:208] Start cannot fork() child process: Cannot allocate memory
2020-05-07 13:55:04.032433: E tensorflow/core/platform/default/subprocess.cc:208] Start cannot fork() child process: Cannot allocate memory
2020-05-07 13:55:04.608324: E tensorflow/core/platform/default/subprocess.cc:208] Start cannot fork() child process: Cannot allocate memory
2020-05-07 13:55:05.180045: E tensorflow/core/platform/default/subprocess.cc:208] Start cannot fork() child process: Cannot allocate memory
2020-05-07 13:55:05.748189: E tensorflow/core/platform/default/subprocess.cc:208] Start cannot fork() child process: Cannot allocate memory
2020-05-07 13:55:06.322627: E tensorflow/core/platform/default/subprocess.cc:208] Start cannot fork() child process: Cannot allocate memory
2020-05-07 13:55:06.892958: E tensorflow/core/platform/default/subprocess.cc:208] Start cannot fork() child process: Cannot allocate memory
2020-05-07 13:55:07.465269: E tensorflow/core/platform/default/subprocess.cc:208] Start cannot fork() child process: Cannot allocate memory
2020-05-07 13:55:08.045254: E tensorflow/core/platform/default/subprocess.cc:208] Start cannot fork() child process: Cannot allocate memory
2020-05-07 13:55:08.619938: E tensorflow/core/platform/default/subprocess.cc:208] Start cannot fork() child process: Cannot allocate memory
2020-05-07 13:55:09.196758: E tensorflow/core/platform/default/subprocess.cc:208] Start cannot fork() child process: Cannot allocate memory
2020-05-07 13:55:09.773907: E tensorflow/core/platform/default/subprocess.cc:208] Start cannot fork() child process: Cannot allocate memory
2020-05-07 13:55:10.345317: E tensorflow/core/platform/default/subprocess.cc:208] Start cannot fork() child process: Cannot allocate memory
2020-05-07 13:55:10.916110: E tensorflow/core/platform/default/subprocess.cc:208] Start cannot fork() child process: Cannot allocate memory
2020-05-07 13:55:11.496114: E tensorflow/core/platform/default/subprocess.cc:208] Start cannot fork() child process: Cannot allocate memory
2020-05-07 13:55:12.075411: E tensorflow/core/platform/default/subprocess.cc:208] Start cannot fork() child process: Cannot allocate memory
2020-05-07 13:55:12.648358: E tensorflow/core/platform/default/subprocess.cc:208] Start cannot fork() child process: Cannot allocate memory
2020-05-07 13:55:13.228048: E tensorflow/core/platform/default/subprocess.cc:208] Start cannot fork() child process: Cannot allocate memory
2020-05-07 13:55:13.799687: E tensorflow/core/platform/default/subprocess.cc:208] Start cannot fork() child process: Cannot allocate memory
2020-05-07 13:55:14.374002: E tensorflow/core/platform/default/subprocess.cc:208] Start cannot fork() child process: Cannot allocate memory
2020-05-07 13:55:14.963483: E tensorflow/core/platform/default/subprocess.cc:208] Start cannot fork() child process: Cannot allocate memory
2020-05-07 13:55:15.548659: E tensorflow/core/platform/default/subprocess.cc:208] Start cannot fork() child process: Cannot allocate memory
2020-05-07 13:55:16.154362: E tensorflow/core/platform/default/subprocess.cc:208] Start cannot fork() child process: Cannot allocate memory
2020-05-07 13:55:16.844576: E tensorflow/core/platform/default/subprocess.cc:208] Start cannot fork() child process: Cannot allocate memory
2020-05-07 13:55:17.424128: E tensorflow/core/platform/default/subprocess.cc:208] Start cannot fork() child process: Cannot allocate memory
2020-05-07 13:55:18.002940: E tensorflow/core/platform/default/subprocess.cc:208] Start cannot fork() child process: Cannot allocate memory
2020-05-07 13:55:18.576809: E tensorflow/core/platform/default/subprocess.cc:208] Start cannot fork() child process: Cannot allocate memory
2020-05-07 13:55:19.145945: E tensorflow/core/platform/default/subprocess.cc:208] Start cannot fork() child process: Cannot allocate memory
2020-05-07 13:55:19.721287: E tensorflow/core/platform/default/subprocess.cc:208] Start cannot fork() child process: Cannot allocate memory
2020-05-07 13:55:20.295570: E tensorflow/core/platform/default/subprocess.cc:208] Start cannot fork() child process: Cannot allocate memory
2020-05-07 13:55:20.879604: E tensorflow/core/platform/default/subprocess.cc:208] Start cannot fork() child process: Cannot allocate memory
2020-05-07 13:55:21.467926: E tensorflow/core/platform/default/subprocess.cc:208] Start cannot fork() child process: Cannot allocate memory
2020-05-07 13:55:22.042542: E tensorflow/core/platform/default/subprocess.cc:208] Start cannot fork() child process: Cannot allocate memory
2020-05-07 13:55:22.613082: E tensorflow/core/platform/default/subprocess.cc:208] Start cannot fork() child process: Cannot allocate memory
2020-05-07 13:55:23.187750: E tensorflow/core/platform/default/subprocess.cc:208] Start cannot fork() child process: Cannot allocate memory
2020-05-07 13:55:23.762103: E tensorflow/core/platform/default/subprocess.cc:208] Start cannot fork() child process: Cannot allocate memory
2020-05-07 13:55:24.334411: E tensorflow/core/platform/default/subprocess.cc:208] Start cannot fork() child process: Cannot allocate memory
2020-05-07 13:55:24.909966: E tensorflow/core/platform/default/subprocess.cc:208] Start cannot fork() child process: Cannot allocate memory
2020-05-07 13:55:25.481317: E tensorflow/core/platform/default/subprocess.cc:208] Start cannot fork() child process: Cannot allocate memory
2020-05-07 13:55:26.067403: E tensorflow/core/platform/default/subprocess.cc:208] Start cannot fork() child process: Cannot allocate memory
2020-05-07 13:55:26.645745: E tensorflow/core/platform/default/subprocess.cc:208] Start cannot fork() child process: Cannot allocate memory
2020-05-07 13:55:27.221104: E tensorflow/core/platform/default/subprocess.cc:208] Start cannot fork() child process: Cannot allocate memory
2020-05-07 13:55:27.794607: E tensorflow/core/platform/default/subprocess.cc:208] Start cannot fork() child process: Cannot allocate memory
2020-05-07 13:55:28.367427: E tensorflow/core/platform/default/subprocess.cc:208] Start cannot fork() child process: Cannot allocate memory
2020-05-07 13:55:28.948455: E tensorflow/core/platform/default/subprocess.cc:208] Start cannot fork() child process: Cannot allocate memory
2020-05-07 13:55:29.521569: E tensorflow/core/platform/default/subprocess.cc:208] Start cannot fork() child process: Cannot allocate memory
2020-05-07 13:55:30.093159: E tensorflow/core/platform/default/subprocess.cc:208] Start cannot fork() child process: Cannot allocate memory
2020-05-07 13:55:30.671432: E tensorflow/core/platform/default/subprocess.cc:208] Start cannot fork() child process: Cannot allocate memory
2020-05-07 13:55:31.358119: E tensorflow/core/platform/default/subprocess.cc:208] Start cannot fork() child process: Cannot allocate memory
2020-05-07 13:55:32.035912: E tensorflow/core/platform/default/subprocess.cc:208] Start cannot fork() child process: Cannot allocate memory
2020-05-07 13:55:32.716156: E tensorflow/core/platform/default/subprocess.cc:208] Start cannot fork() child process: Cannot allocate memory
2020-05-07 13:55:33.390576: E tensorflow/core/platform/default/subprocess.cc:208] Start cannot fork() child process: Cannot allocate memory
2020-05-07 13:55:34.068524: E tensorflow/core/platform/default/subprocess.cc:208] Start cannot fork() child process: Cannot allocate memory
2020-05-07 13:55:34.753329: E tensorflow/core/platform/default/subprocess.cc:208] Start cannot fork() child process: Cannot allocate memory
2020-05-07 13:55:35.444257: E tensorflow/core/platform/default/subprocess.cc:208] Start cannot fork() child process: Cannot allocate memory
2020-05-07 13:55:36.117113: E tensorflow/core/platform/default/subprocess.cc:208] Start cannot fork() child process: Cannot allocate memory
2020-05-07 13:55:36.807725: E tensorflow/core/platform/default/subprocess.cc:208] Start cannot fork() child process: Cannot allocate memory
2020-05-07 13:55:37.486699: E tensorflow/core/platform/default/subprocess.cc:208] Start cannot fork() child process: Cannot allocate memory
2020-05-07 13:55:38.163387: E tensorflow/core/platform/default/subprocess.cc:208] Start cannot fork() child process: Cannot allocate memory
2020-05-07 13:55:38.839742: E tensorflow/core/platform/default/subprocess.cc:208] Start cannot fork() child process: Cannot allocate memory
2020-05-07 13:55:39.518728: E tensorflow/core/platform/default/subprocess.cc:208] Start cannot fork() child process: Cannot allocate memory
2020-05-07 13:55:40.192369: E tensorflow/core/platform/default/subprocess.cc:208] Start cannot fork() child process: Cannot allocate memory
2020-05-07 13:55:40.868670: E tensorflow/core/platform/default/subprocess.cc:208] Start cannot fork() child process: Cannot allocate memory
2020-05-07 13:55:41.545966: E tensorflow/core/platform/default/subprocess.cc:208] Start cannot fork() child process: Cannot allocate memory
2020-05-07 13:55:42.230092: E tensorflow/core/platform/default/subprocess.cc:208] Start cannot fork() child process: Cannot allocate memory
2020-05-07 13:55:42.901857: E tensorflow/core/platform/default/subprocess.cc:208] Start cannot fork() child process: Cannot allocate memory
2020-05-07 13:55:43.575224: E tensorflow/core/platform/default/subprocess.cc:208] Start cannot fork() child process: Cannot allocate memory
2020-05-07 13:55:44.253862: E tensorflow/core/platform/default/subprocess.cc:208] Start cannot fork() child process: Cannot allocate memory
2020-05-07 13:55:44.923177: E tensorflow/core/platform/default/subprocess.cc:208] Start cannot fork() child process: Cannot allocate memory
2020-05-07 13:55:45.603047: E tensorflow/core/platform/default/subprocess.cc:208] Start cannot fork() child process: Cannot allocate memory
2020-05-07 13:55:46.310140: E tensorflow/core/platform/default/subprocess.cc:208] Start cannot fork() child process: Cannot allocate memory
2020-05-07 13:55:47.066373: E tensorflow/core/platform/default/subprocess.cc:208] Start cannot fork() child process: Cannot allocate memory
2020-05-07 13:55:47.748004: E tensorflow/core/platform/default/subprocess.cc:208] Start cannot fork() child process: Cannot allocate memory
2020-05-07 13:55:48.421672: E tensorflow/core/platform/default/subprocess.cc:208] Start cannot fork() child process: Cannot allocate memory
2020-05-07 13:55:49.097163: E tensorflow/core/platform/default/subprocess.cc:208] Start cannot fork() child process: Cannot allocate memory
2020-05-07 13:55:49.775336: E tensorflow/core/platform/default/subprocess.cc:208] Start cannot fork() child process: Cannot allocate memory
2020-05-07 13:55:50.454168: E tensorflow/core/platform/default/subprocess.cc:208] Start cannot fork() child process: Cannot allocate memory
2020-05-07 13:55:51.127187: E tensorflow/core/platform/default/subprocess.cc:208] Start cannot fork() child process: Cannot allocate memory
2020-05-07 13:55:51.804519: E tensorflow/core/platform/default/subprocess.cc:208] Start cannot fork() child process: Cannot allocate memory
2020-05-07 13:55:52.481326: E tensorflow/core/platform/default/subprocess.cc:208] Start cannot fork() child process: Cannot allocate memory
2020-05-07 13:55:53.154694: E tensorflow/core/platform/default/subprocess.cc:208] Start cannot fork() child process: Cannot allocate memory
2020-05-07 13:55:53.838636: E tensorflow/core/platform/default/subprocess.cc:208] Start cannot fork() child process: Cannot allocate memory
2020-05-07 13:55:54.527951: E tensorflow/core/platform/default/subprocess.cc:208] Start cannot fork() child process: Cannot allocate memory
2020-05-07 13:55:55.207855: E tensorflow/core/platform/default/subprocess.cc:208] Start cannot fork() child process: Cannot allocate memory
2020-05-07 13:55:55.886006: E tensorflow/core/platform/default/subprocess.cc:208] Start cannot fork() child process: Cannot allocate memory
2020-05-07 13:55:56.559847: E tensorflow/core/platform/default/subprocess.cc:208] Start cannot fork() child process: Cannot allocate memory
2020-05-07 13:55:57.242260: E tensorflow/core/platform/default/subprocess.cc:208] Start cannot fork() child process: Cannot allocate memory
2020-05-07 13:55:57.916242: E tensorflow/core/platform/default/subprocess.cc:208] Start cannot fork() child process: Cannot allocate memory
2020-05-07 13:55:58.594046: E tensorflow/core/platform/default/subprocess.cc:208] Start cannot fork() child process: Cannot allocate memory
2020-05-07 13:55:59.269924: E tensorflow/core/platform/default/subprocess.cc:208] Start cannot fork() child process: Cannot allocate memory
2020-05-07 13:55:59.940057: E tensorflow/core/platform/default/subprocess.cc:208] Start cannot fork() child process: Cannot allocate memory
2020-05-07 13:56:00.613336: E tensorflow/core/platform/default/subprocess.cc:208] Start cannot fork() child process: Cannot allocate memory
2020-05-07 13:56:01.287241: E tensorflow/core/platform/default/subprocess.cc:208] Start cannot fork() child process: Cannot allocate memory
2020-05-07 13:56:01.956885: E tensorflow/core/platform/default/subprocess.cc:208] Start cannot fork() child process: Cannot allocate memory
2020-05-07 13:56:02.637590: E tensorflow/core/platform/default/subprocess.cc:208] Start cannot fork() child process: Cannot allocate memory
2020-05-07 13:56:03.324696: E tensorflow/core/platform/default/subprocess.cc:208] Start cannot fork() child process: Cannot allocate memory
2020-05-07 13:56:04.003349: E tensorflow/core/platform/default/subprocess.cc:208] Start cannot fork() child process: Cannot allocate memory
2020-05-07 13:56:04.673124: E tensorflow/core/platform/default/subprocess.cc:208] Start cannot fork() child process: Cannot allocate memory
2020-05-07 13:56:05.355130: E tensorflow/core/platform/default/subprocess.cc:208] Start cannot fork() child process: Cannot allocate memory
2020-05-07 13:56:06.032668: E tensorflow/core/platform/default/subprocess.cc:208] Start cannot fork() child process: Cannot allocate memory
2020-05-07 13:56:06.736535: E tensorflow/core/platform/default/subprocess.cc:208] Start cannot fork() child process: Cannot allocate memory
2020-05-07 13:56:07.417240: E tensorflow/core/platform/default/subprocess.cc:208] Start cannot fork() child process: Cannot allocate memory
2020-05-07 13:56:08.094127: E tensorflow/core/platform/default/subprocess.cc:208] Start cannot fork() child process: Cannot allocate memory
2020-05-07 13:56:08.767020: E tensorflow/core/platform/default/subprocess.cc:208] Start cannot fork() child process: Cannot allocate memory
2020-05-07 13:56:09.441424: E tensorflow/core/platform/default/subprocess.cc:208] Start cannot fork() child process: Cannot allocate memory
2020-05-07 13:56:10.116046: E tensorflow/core/platform/default/subprocess.cc:208] Start cannot fork() child process: Cannot allocate memory
2020-05-07 13:56:10.791709: E tensorflow/core/platform/default/subprocess.cc:208] Start cannot fork() child process: Cannot allocate memory
2020-05-07 13:56:11.472368: E tensorflow/core/platform/default/subprocess.cc:208] Start cannot fork() child process: Cannot allocate memory
2020-05-07 13:56:12.153810: E tensorflow/core/platform/default/subprocess.cc:208] Start cannot fork() child process: Cannot allocate memory
2020-05-07 13:56:12.833473: E tensorflow/core/platform/default/subprocess.cc:208] Start cannot fork() child process: Cannot allocate memory
2020-05-07 13:56:13.520062: E tensorflow/core/platform/default/subprocess.cc:208] Start cannot fork() child process: Cannot allocate memory
2020-05-07 13:56:14.194813: E tensorflow/core/platform/default/subprocess.cc:208] Start cannot fork() child process: Cannot allocate memory
2020-05-07 13:56:14.870450: E tensorflow/core/platform/default/subprocess.cc:208] Start cannot fork() child process: Cannot allocate memory
2020-05-07 13:56:15.544781: E tensorflow/core/platform/default/subprocess.cc:208] Start cannot fork() child process: Cannot allocate memory
2020-05-07 13:56:16.251535: E tensorflow/core/platform/default/subprocess.cc:208] Start cannot fork() child process: Cannot allocate memory
2020-05-07 13:56:17.002488: E tensorflow/core/platform/default/subprocess.cc:208] Start cannot fork() child process: Cannot allocate memory
2020-05-07 13:56:17.686252: E tensorflow/core/platform/default/subprocess.cc:208] Start cannot fork() child process: Cannot allocate memory
2020-05-07 13:56:18.366326: E tensorflow/core/platform/default/subprocess.cc:208] Start cannot fork() child process: Cannot allocate memory
2020-05-07 13:56:19.053085: E tensorflow/core/platform/default/subprocess.cc:208] Start cannot fork() child process: Cannot allocate memory
2020-05-07 13:56:19.736233: E tensorflow/core/platform/default/subprocess.cc:208] Start cannot fork() child process: Cannot allocate memory
2020-05-07 13:56:20.410887: E tensorflow/core/platform/default/subprocess.cc:208] Start cannot fork() child process: Cannot allocate memory
2020-05-07 13:56:21.087165: E tensorflow/core/platform/default/subprocess.cc:208] Start cannot fork() child process: Cannot allocate memory
2020-05-07 13:56:21.761964: E tensorflow/core/platform/default/subprocess.cc:208] Start cannot fork() child process: Cannot allocate memory
2020-05-07 13:56:22.446758: E tensorflow/core/platform/default/subprocess.cc:208] Start cannot fork() child process: Cannot allocate memory
2020-05-07 13:56:23.123648: E tensorflow/core/platform/default/subprocess.cc:208] Start cannot fork() child process: Cannot allocate memory
2020-05-07 13:56:23.798155: E tensorflow/core/platform/default/subprocess.cc:208] Start cannot fork() child process: Cannot allocate memory
2020-05-07 13:56:24.476203: E tensorflow/core/platform/default/subprocess.cc:208] Start cannot fork() child process: Cannot allocate memory
2020-05-07 13:56:25.166872: E tensorflow/core/platform/default/subprocess.cc:208] Start cannot fork() child process: Cannot allocate memory
2020-05-07 13:56:25.847562: E tensorflow/core/platform/default/subprocess.cc:208] Start cannot fork() child process: Cannot allocate memory
2020-05-07 13:56:26.529346: E tensorflow/core/platform/default/subprocess.cc:208] Start cannot fork() child process: Cannot allocate memory
2020-05-07 13:56:27.208123: E tensorflow/core/platform/default/subprocess.cc:208] Start cannot fork() child process: Cannot allocate memory
2020-05-07 13:56:27.883132: E tensorflow/core/platform/default/subprocess.cc:208] Start cannot fork() child process: Cannot allocate memory
2020-05-07 13:59:37.334074: E tensorflow/core/platform/default/subprocess.cc:208] Start cannot fork() child process: Cannot allocate memory
2020-05-07 13:59:38.047161: E tensorflow/core/platform/default/subprocess.cc:208] Start cannot fork() child process: Cannot allocate memory
2020-05-07 13:59:38.765696: E tensorflow/core/platform/default/subprocess.cc:208] Start cannot fork() child process: Cannot allocate memory
2020-05-07 13:59:39.454594: E tensorflow/core/platform/default/subprocess.cc:208] Start cannot fork() child process: Cannot allocate memory
2020-05-07 13:59:40.165580: E tensorflow/core/platform/default/subprocess.cc:208] Start cannot fork() child process: Cannot allocate memory
2020-05-07 13:59:40.807109: E tensorflow/core/platform/default/subprocess.cc:208] Start cannot fork() child process: Cannot allocate memory
2020-05-07 13:59:41.508988: E tensorflow/core/platform/default/subprocess.cc:208] Start cannot fork() child process: Cannot allocate memory
2020-05-07 13:59:42.129658: E tensorflow/core/platform/default/subprocess.cc:208] Start cannot fork() child process: Cannot allocate memory
2020-05-07 13:59:42.832087: E tensorflow/core/platform/default/subprocess.cc:208] Start cannot fork() child process: Cannot allocate memory
2020-05-07 13:59:43.451625: E tensorflow/core/platform/default/subprocess.cc:208] Start cannot fork() child process: Cannot allocate memory
2020-05-07 13:59:44.146352: E tensorflow/core/platform/default/subprocess.cc:208] Start cannot fork() child process: Cannot allocate memory
2020-05-07 13:59:44.770898: E tensorflow/core/platform/default/subprocess.cc:208] Start cannot fork() child process: Cannot allocate memory
2020-05-07 13:59:45.473389: E tensorflow/core/platform/default/subprocess.cc:208] Start cannot fork() child process: Cannot allocate memory
2020-05-07 13:59:46.148636: E tensorflow/core/platform/default/subprocess.cc:208] Start cannot fork() child process: Cannot allocate memory
2020-05-07 13:59:46.962361: E tensorflow/core/platform/default/subprocess.cc:208] Start cannot fork() child process: Cannot allocate memory
2020-05-07 13:59:47.586664: E tensorflow/core/platform/default/subprocess.cc:208] Start cannot fork() child process: Cannot allocate memory
2020-05-07 13:59:48.184100: E tensorflow/core/platform/default/subprocess.cc:208] Start cannot fork() child process: Cannot allocate memory
2020-05-07 13:59:48.796031: E tensorflow/core/platform/default/subprocess.cc:208] Start cannot fork() child process: Cannot allocate memory
2020-05-07 13:59:49.400157: E tensorflow/core/platform/default/subprocess.cc:208] Start cannot fork() child process: Cannot allocate memory
2020-05-07 13:59:50.010629: E tensorflow/core/platform/default/subprocess.cc:208] Start cannot fork() child process: Cannot allocate memory
2020-05-07 13:59:50.614998: E tensorflow/core/platform/default/subprocess.cc:208] Start cannot fork() child process: Cannot allocate memory
2020-05-07 13:59:51.221480: E tensorflow/core/platform/default/subprocess.cc:208] Start cannot fork() child process: Cannot allocate memory
2020-05-07 13:59:51.826772: E tensorflow/core/platform/default/subprocess.cc:208] Start cannot fork() child process: Cannot allocate memory
2020-05-07 13:59:52.448688: E tensorflow/core/platform/default/subprocess.cc:208] Start cannot fork() child process: Cannot allocate memory
2020-05-07 13:59:53.076220: E tensorflow/core/platform/default/subprocess.cc:208] Start cannot fork() child process: Cannot allocate memory
2020-05-07 13:59:53.690472: E tensorflow/core/platform/default/subprocess.cc:208] Start cannot fork() child process: Cannot allocate memory
2020-05-07 13:59:54.303465: E tensorflow/core/platform/default/subprocess.cc:208] Start cannot fork() child process: Cannot allocate memory
2020-05-07 13:59:54.916036: E tensorflow/core/platform/default/subprocess.cc:208] Start cannot fork() child process: Cannot allocate memory
2020-05-07 13:59:55.523540: E tensorflow/core/platform/default/subprocess.cc:208] Start cannot fork() child process: Cannot allocate memory
2020-05-07 13:59:56.140459: E tensorflow/core/platform/default/subprocess.cc:208] Start cannot fork() child process: Cannot allocate memory
2020-05-07 13:59:56.752274: E tensorflow/core/platform/default/subprocess.cc:208] Start cannot fork() child process: Cannot allocate memory
2020-05-07 13:59:57.353941: E tensorflow/core/platform/default/subprocess.cc:208] Start cannot fork() child process: Cannot allocate memory
2020-05-07 13:59:57.955948: E tensorflow/core/platform/default/subprocess.cc:208] Start cannot fork() child process: Cannot allocate memory
2020-05-07 13:59:58.574665: E tensorflow/core/platform/default/subprocess.cc:208] Start cannot fork() child process: Cannot allocate memory
2020-05-07 13:59:59.189812: E tensorflow/core/platform/default/subprocess.cc:208] Start cannot fork() child process: Cannot allocate memory
2020-05-07 13:59:59.800473: E tensorflow/core/platform/default/subprocess.cc:208] Start cannot fork() child process: Cannot allocate memory
2020-05-07 14:00:00.405012: E tensorflow/core/platform/default/subprocess.cc:208] Start cannot fork() child process: Cannot allocate memory
2020-05-07 14:00:01.012223: E tensorflow/core/platform/default/subprocess.cc:208] Start cannot fork() child process: Cannot allocate memory
2020-05-07 14:00:01.617537: E tensorflow/core/platform/default/subprocess.cc:208] Start cannot fork() child process: Cannot allocate memory
2020-05-07 14:00:02.227175: E tensorflow/core/platform/default/subprocess.cc:208] Start cannot fork() child process: Cannot allocate memory
2020-05-07 14:00:02.840159: E tensorflow/core/platform/default/subprocess.cc:208] Start cannot fork() child process: Cannot allocate memory
2020-05-07 14:00:03.451351: E tensorflow/core/platform/default/subprocess.cc:208] Start cannot fork() child process: Cannot allocate memory
2020-05-07 14:00:04.065853: E tensorflow/core/platform/default/subprocess.cc:208] Start cannot fork() child process: Cannot allocate memory
2020-05-07 14:00:04.672699: E tensorflow/core/platform/default/subprocess.cc:208] Start cannot fork() child process: Cannot allocate memory
2020-05-07 14:00:05.283812: E tensorflow/core/platform/default/subprocess.cc:208] Start cannot fork() child process: Cannot allocate memory
2020-05-07 14:00:05.881012: E tensorflow/core/platform/default/subprocess.cc:208] Start cannot fork() child process: Cannot allocate memory
2020-05-07 14:00:06.483730: E tensorflow/core/platform/default/subprocess.cc:208] Start cannot fork() child process: Cannot allocate memory
2020-05-07 14:00:07.092480: E tensorflow/core/platform/default/subprocess.cc:208] Start cannot fork() child process: Cannot allocate memory
2020-05-07 14:00:07.698205: E tensorflow/core/platform/default/subprocess.cc:208] Start cannot fork() child process: Cannot allocate memory
2020-05-07 14:00:08.299748: E tensorflow/core/platform/default/subprocess.cc:208] Start cannot fork() child process: Cannot allocate memory
2020-05-07 14:00:08.917092: E tensorflow/core/platform/default/subprocess.cc:208] Start cannot fork() child process: Cannot allocate memory
2020-05-07 14:00:09.526665: E tensorflow/core/platform/default/subprocess.cc:208] Start cannot fork() child process: Cannot allocate memory
2020-05-07 14:00:10.127915: E tensorflow/core/platform/default/subprocess.cc:208] Start cannot fork() child process: Cannot allocate memory
2020-05-07 14:00:10.739751: E tensorflow/core/platform/default/subprocess.cc:208] Start cannot fork() child process: Cannot allocate memory
2020-05-07 14:00:11.354169: E tensorflow/core/platform/default/subprocess.cc:208] Start cannot fork() child process: Cannot allocate memory
2020-05-07 14:00:12.070626: E tensorflow/core/platform/default/subprocess.cc:208] Start cannot fork() child process: Cannot allocate memory
2020-05-07 14:00:12.777536: E tensorflow/core/platform/default/subprocess.cc:208] Start cannot fork() child process: Cannot allocate memory
2020-05-07 14:00:13.489412: E tensorflow/core/platform/default/subprocess.cc:208] Start cannot fork() child process: Cannot allocate memory
2020-05-07 14:00:14.182744: E tensorflow/core/platform/default/subprocess.cc:208] Start cannot fork() child process: Cannot allocate memory
2020-05-07 14:00:14.897724: E tensorflow/core/platform/default/subprocess.cc:208] Start cannot fork() child process: Cannot allocate memory
2020-05-07 14:00:15.598138: E tensorflow/core/platform/default/subprocess.cc:208] Start cannot fork() child process: Cannot allocate memory
2020-05-07 14:00:16.331810: E tensorflow/core/platform/default/subprocess.cc:208] Start cannot fork() child process: Cannot allocate memory
2020-05-07 14:00:17.123491: E tensorflow/core/platform/default/subprocess.cc:208] Start cannot fork() child process: Cannot allocate memory
2020-05-07 14:00:17.829001: E tensorflow/core/platform/default/subprocess.cc:208] Start cannot fork() child process: Cannot allocate memory
2020-05-07 14:00:18.539785: E tensorflow/core/platform/default/subprocess.cc:208] Start cannot fork() child process: Cannot allocate memory
2020-05-07 14:00:19.234999: E tensorflow/core/platform/default/subprocess.cc:208] Start cannot fork() child process: Cannot allocate memory
2020-05-07 14:00:19.933425: E tensorflow/core/platform/default/subprocess.cc:208] Start cannot fork() child process: Cannot allocate memory
2020-05-07 14:00:20.558366: E tensorflow/core/platform/default/subprocess.cc:208] Start cannot fork() child process: Cannot allocate memory
2020-05-07 14:00:21.254654: E tensorflow/core/platform/default/subprocess.cc:208] Start cannot fork() child process: Cannot allocate memory
2020-05-07 14:00:21.962569: E tensorflow/core/platform/default/subprocess.cc:208] Start cannot fork() child process: Cannot allocate memory
2020-05-07 14:00:22.580706: E tensorflow/core/platform/default/subprocess.cc:208] Start cannot fork() child process: Cannot allocate memory
2020-05-07 14:00:23.292937: E tensorflow/core/platform/default/subprocess.cc:208] Start cannot fork() child process: Cannot allocate memory
2020-05-07 14:00:23.914397: E tensorflow/core/platform/default/subprocess.cc:208] Start cannot fork() child process: Cannot allocate memory
2020-05-07 14:00:24.620578: E tensorflow/core/platform/default/subprocess.cc:208] Start cannot fork() child process: Cannot allocate memory
2020-05-07 14:00:25.252535: E tensorflow/core/platform/default/subprocess.cc:208] Start cannot fork() child process: Cannot allocate memory
2020-05-07 14:00:25.866715: E tensorflow/core/platform/default/subprocess.cc:208] Start cannot fork() child process: Cannot allocate memory
2020-05-07 14:00:26.481239: E tensorflow/core/platform/default/subprocess.cc:208] Start cannot fork() child process: Cannot allocate memory
2020-05-07 14:00:27.150971: E tensorflow/core/platform/default/subprocess.cc:208] Start cannot fork() child process: Cannot allocate memory
2020-05-07 14:00:27.780554: E tensorflow/core/platform/default/subprocess.cc:208] Start cannot fork() child process: Cannot allocate memory
2020-05-07 14:00:28.479299: E tensorflow/core/platform/default/subprocess.cc:208] Start cannot fork() child process: Cannot allocate memory
2020-05-07 14:00:29.118843: E tensorflow/core/platform/default/subprocess.cc:208] Start cannot fork() child process: Cannot allocate memory
2020-05-07 14:00:29.721824: E tensorflow/core/platform/default/subprocess.cc:208] Start cannot fork() child process: Cannot allocate memory
2020-05-07 14:00:30.333614: E tensorflow/core/platform/default/subprocess.cc:208] Start cannot fork() child process: Cannot allocate memory
2020-05-07 14:00:30.928780: E tensorflow/core/platform/default/subprocess.cc:208] Start cannot fork() child process: Cannot allocate memory
2020-05-07 14:00:31.537067: E tensorflow/core/platform/default/subprocess.cc:208] Start cannot fork() child process: Cannot allocate memory
2020-05-07 14:00:32.137560: E tensorflow/core/platform/default/subprocess.cc:208] Start cannot fork() child process: Cannot allocate memory
2020-05-07 14:00:32.749773: E tensorflow/core/platform/default/subprocess.cc:208] Start cannot fork() child process: Cannot allocate memory
2020-05-07 14:00:33.364474: E tensorflow/core/platform/default/subprocess.cc:208] Start cannot fork() child process: Cannot allocate memory
2020-05-07 14:00:33.966486: E tensorflow/core/platform/default/subprocess.cc:208] Start cannot fork() child process: Cannot allocate memory
2020-05-07 14:00:34.743051: E tensorflow/core/platform/default/subprocess.cc:208] Start cannot fork() child process: Cannot allocate memory
2020-05-07 14:00:35.494094: E tensorflow/core/platform/default/subprocess.cc:208] Start cannot fork() child process: Cannot allocate memory
2020-05-07 14:00:36.196057: E tensorflow/core/platform/default/subprocess.cc:208] Start cannot fork() child process: Cannot allocate memory
2020-05-07 14:00:36.816169: E tensorflow/core/platform/default/subprocess.cc:208] Start cannot fork() child process: Cannot allocate memory
2020-05-07 14:00:37.421454: E tensorflow/core/platform/default/subprocess.cc:208] Start cannot fork() child process: Cannot allocate memory
2020-05-07 14:00:38.119449: E tensorflow/core/platform/default/subprocess.cc:208] Start cannot fork() child process: Cannot allocate memory
2020-05-07 14:00:38.830331: E tensorflow/core/platform/default/subprocess.cc:208] Start cannot fork() child process: Cannot allocate memory
2020-05-07 14:00:39.462119: E tensorflow/core/platform/default/subprocess.cc:208] Start cannot fork() child process: Cannot allocate memory
2020-05-07 14:00:40.198213: E tensorflow/core/platform/default/subprocess.cc:208] Start cannot fork() child process: Cannot allocate memory
2020-05-07 14:00:40.926093: E tensorflow/core/platform/default/subprocess.cc:208] Start cannot fork() child process: Cannot allocate memory
2020-05-07 14:00:41.648364: E tensorflow/core/platform/default/subprocess.cc:208] Start cannot fork() child process: Cannot allocate memory
2020-05-07 14:00:42.343551: E tensorflow/core/platform/default/subprocess.cc:208] Start cannot fork() child process: Cannot allocate memory
2020-05-07 14:00:43.052330: E tensorflow/core/platform/default/subprocess.cc:208] Start cannot fork() child process: Cannot allocate memory
2020-05-07 14:00:43.765788: E tensorflow/core/platform/default/subprocess.cc:208] Start cannot fork() child process: Cannot allocate memory
2020-05-07 14:00:44.476458: E tensorflow/core/platform/default/subprocess.cc:208] Start cannot fork() child process: Cannot allocate memory
2020-05-07 14:00:45.174134: E tensorflow/core/platform/default/subprocess.cc:208] Start cannot fork() child process: Cannot allocate memory
2020-05-07 14:00:45.889853: E tensorflow/core/platform/default/subprocess.cc:208] Start cannot fork() child process: Cannot allocate memory
2020-05-07 14:00:46.659312: E tensorflow/core/platform/default/subprocess.cc:208] Start cannot fork() child process: Cannot allocate memory
2020-05-07 14:00:47.378369: E tensorflow/core/platform/default/subprocess.cc:208] Start cannot fork() child process: Cannot allocate memory
2020-05-07 14:00:48.083826: E tensorflow/core/platform/default/subprocess.cc:208] Start cannot fork() child process: Cannot allocate memory
2020-05-07 14:00:48.787144: E tensorflow/core/platform/default/subprocess.cc:208] Start cannot fork() child process: Cannot allocate memory
2020-05-07 14:00:49.480493: E tensorflow/core/platform/default/subprocess.cc:208] Start cannot fork() child process: Cannot allocate memory
2020-05-07 14:00:50.195130: E tensorflow/core/platform/default/subprocess.cc:208] Start cannot fork() child process: Cannot allocate memory
2020-05-07 14:00:50.825766: E tensorflow/core/platform/default/subprocess.cc:208] Start cannot fork() child process: Cannot allocate memory
2020-05-07 14:00:51.423166: E tensorflow/core/platform/default/subprocess.cc:208] Start cannot fork() child process: Cannot allocate memory
2020-05-07 14:00:52.032049: E tensorflow/core/platform/default/subprocess.cc:208] Start cannot fork() child process: Cannot allocate memory
2020-05-07 14:00:52.632107: E tensorflow/core/platform/default/subprocess.cc:208] Start cannot fork() child process: Cannot allocate memory
2020-05-07 14:00:53.236732: E tensorflow/core/platform/default/subprocess.cc:208] Start cannot fork() child process: Cannot allocate memory
2020-05-07 14:00:53.828611: E tensorflow/core/platform/default/subprocess.cc:208] Start cannot fork() child process: Cannot allocate memory
2020-05-07 14:00:54.430443: E tensorflow/core/platform/default/subprocess.cc:208] Start cannot fork() child process: Cannot allocate memory
2020-05-07 14:00:55.026095: E tensorflow/core/platform/default/subprocess.cc:208] Start cannot fork() child process: Cannot allocate memory
2020-05-07 14:00:55.627612: E tensorflow/core/platform/default/subprocess.cc:208] Start cannot fork() child process: Cannot allocate memory
2020-05-07 14:00:56.230778: E tensorflow/core/platform/default/subprocess.cc:208] Start cannot fork() child process: Cannot allocate memory
2020-05-07 14:00:56.834395: E tensorflow/core/platform/default/subprocess.cc:208] Start cannot fork() child process: Cannot allocate memory
2020-05-07 14:00:57.443557: E tensorflow/core/platform/default/subprocess.cc:208] Start cannot fork() child process: Cannot allocate memory
2020-05-07 14:00:58.038097: E tensorflow/core/platform/default/subprocess.cc:208] Start cannot fork() child process: Cannot allocate memory
2020-05-07 14:00:58.643457: E tensorflow/core/platform/default/subprocess.cc:208] Start cannot fork() child process: Cannot allocate memory
2020-05-07 14:00:59.250695: E tensorflow/core/platform/default/subprocess.cc:208] Start cannot fork() child process: Cannot allocate memory
2020-05-07 14:00:59.861211: E tensorflow/core/platform/default/subprocess.cc:208] Start cannot fork() child process: Cannot allocate memory
2020-05-07 14:01:00.468404: E tensorflow/core/platform/default/subprocess.cc:208] Start cannot fork() child process: Cannot allocate memory
2020-05-07 14:01:01.073573: E tensorflow/core/platform/default/subprocess.cc:208] Start cannot fork() child process: Cannot allocate memory
2020-05-07 14:01:01.679141: E tensorflow/core/platform/default/subprocess.cc:208] Start cannot fork() child process: Cannot allocate memory
2020-05-07 14:01:02.285060: E tensorflow/core/platform/default/subprocess.cc:208] Start cannot fork() child process: Cannot allocate memory
2020-05-07 14:01:02.881796: E tensorflow/core/platform/default/subprocess.cc:208] Start cannot fork() child process: Cannot allocate memory
2020-05-07 14:01:03.483953: E tensorflow/core/platform/default/subprocess.cc:208] Start cannot fork() child process: Cannot allocate memory
2020-05-07 14:01:04.090234: E tensorflow/core/platform/default/subprocess.cc:208] Start cannot fork() child process: Cannot allocate memory
2020-05-07 14:01:04.692676: E tensorflow/core/platform/default/subprocess.cc:208] Start cannot fork() child process: Cannot allocate memory
2020-05-07 14:01:05.302609: E tensorflow/core/platform/default/subprocess.cc:208] Start cannot fork() child process: Cannot allocate memory
2020-05-07 14:01:05.915970: E tensorflow/core/platform/default/subprocess.cc:208] Start cannot fork() child process: Cannot allocate memory
2020-05-07 14:01:06.529124: E tensorflow/core/platform/default/subprocess.cc:208] Start cannot fork() child process: Cannot allocate memory
2020-05-07 14:01:07.138846: E tensorflow/core/platform/default/subprocess.cc:208] Start cannot fork() child process: Cannot allocate memory
2020-05-07 14:01:07.748653: E tensorflow/core/platform/default/subprocess.cc:208] Start cannot fork() child process: Cannot allocate memory
2020-05-07 14:01:08.364473: E tensorflow/core/platform/default/subprocess.cc:208] Start cannot fork() child process: Cannot allocate memory
2020-05-07 14:01:08.974749: E tensorflow/core/platform/default/subprocess.cc:208] Start cannot fork() child process: Cannot allocate memory
2020-05-07 14:01:09.585489: E tensorflow/core/platform/default/subprocess.cc:208] Start cannot fork() child process: Cannot allocate memory
2020-05-07 14:01:10.200651: E tensorflow/core/platform/default/subprocess.cc:208] Start cannot fork() child process: Cannot allocate memory
2020-05-07 14:01:10.814359: E tensorflow/core/platform/default/subprocess.cc:208] Start cannot fork() child process: Cannot allocate memory
2020-05-07 14:01:11.425944: E tensorflow/core/platform/default/subprocess.cc:208] Start cannot fork() child process: Cannot allocate memory
2020-05-07 14:01:12.037235: E tensorflow/core/platform/default/subprocess.cc:208] Start cannot fork() child process: Cannot allocate memory
2020-05-07 14:01:12.650565: E tensorflow/core/platform/default/subprocess.cc:208] Start cannot fork() child process: Cannot allocate memory
2020-05-07 14:01:13.256644: E tensorflow/core/platform/default/subprocess.cc:208] Start cannot fork() child process: Cannot allocate memory
2020-05-07 14:01:13.872597: E tensorflow/core/platform/default/subprocess.cc:208] Start cannot fork() child process: Cannot allocate memory
2020-05-07 14:01:14.475809: E tensorflow/core/platform/default/subprocess.cc:208] Start cannot fork() child process: Cannot allocate memory
2020-05-07 14:01:15.093361: E tensorflow/core/platform/default/subprocess.cc:208] Start cannot fork() child process: Cannot allocate memory
2020-05-07 14:01:15.715817: E tensorflow/core/platform/default/subprocess.cc:208] Start cannot fork() child process: Cannot allocate memory
2020-05-07 14:01:16.365050: E tensorflow/core/platform/default/subprocess.cc:208] Start cannot fork() child process: Cannot allocate memory
2020-05-07 14:01:17.100973: E tensorflow/core/platform/default/subprocess.cc:208] Start cannot fork() child process: Cannot allocate memory
2020-05-07 14:01:17.711694: E tensorflow/core/platform/default/subprocess.cc:208] Start cannot fork() child process: Cannot allocate memory
2020-05-07 14:01:18.324047: E tensorflow/core/platform/default/subprocess.cc:208] Start cannot fork() child process: Cannot allocate memory
2020-05-07 14:01:18.941770: E tensorflow/core/platform/default/subprocess.cc:208] Start cannot fork() child process: Cannot allocate memory
2020-05-07 14:01:19.542997: E tensorflow/core/platform/default/subprocess.cc:208] Start cannot fork() child process: Cannot allocate memory
2020-05-07 14:01:20.150526: E tensorflow/core/platform/default/subprocess.cc:208] Start cannot fork() child process: Cannot allocate memory
2020-05-07 14:01:20.762848: E tensorflow/core/platform/default/subprocess.cc:208] Start cannot fork() child process: Cannot allocate memory
2020-05-07 14:01:21.421409: E tensorflow/core/platform/default/subprocess.cc:208] Start cannot fork() child process: Cannot allocate memory
2020-05-07 14:01:22.080127: E tensorflow/core/platform/default/subprocess.cc:208] Start cannot fork() child process: Cannot allocate memory
2020-05-07 14:01:22.701980: E tensorflow/core/platform/default/subprocess.cc:208] Start cannot fork() child process: Cannot allocate memory
2020-05-07 14:01:23.312740: E tensorflow/core/platform/default/subprocess.cc:208] Start cannot fork() child process: Cannot allocate memory
2020-05-07 14:01:24.233016: E tensorflow/core/platform/default/subprocess.cc:208] Start cannot fork() child process: Cannot allocate memory
2020-05-07 14:01:24.846863: E tensorflow/core/platform/default/subprocess.cc:208] Start cannot fork() child process: Cannot allocate memory
2020-05-07 14:01:25.557733: E tensorflow/core/platform/default/subprocess.cc:208] Start cannot fork() child process: Cannot allocate memory
2020-05-07 14:01:26.178819: E tensorflow/core/platform/default/subprocess.cc:208] Start cannot fork() child process: Cannot allocate memory
2020-05-07 14:01:26.786555: E tensorflow/core/platform/default/subprocess.cc:208] Start cannot fork() child process: Cannot allocate memory
2020-05-07 14:01:27.400608: E tensorflow/core/platform/default/subprocess.cc:208] Start cannot fork() child process: Cannot allocate memory
2020-05-07 14:01:28.003583: E tensorflow/core/platform/default/subprocess.cc:208] Start cannot fork() child process: Cannot allocate memory
2020-05-07 14:01:28.611040: E tensorflow/core/platform/default/subprocess.cc:208] Start cannot fork() child process: Cannot allocate memory
2020-05-07 14:01:29.218044: E tensorflow/core/platform/default/subprocess.cc:208] Start cannot fork() child process: Cannot allocate memory
2020-05-07 14:01:29.822570: E tensorflow/core/platform/default/subprocess.cc:208] Start cannot fork() child process: Cannot allocate memory
2020-05-07 14:01:30.429476: E tensorflow/core/platform/default/subprocess.cc:208] Start cannot fork() child process: Cannot allocate memory
2020-05-07 14:01:31.039074: E tensorflow/core/platform/default/subprocess.cc:208] Start cannot fork() child process: Cannot allocate memory
2020-05-07 14:01:31.646225: E tensorflow/core/platform/default/subprocess.cc:208] Start cannot fork() child process: Cannot allocate memory
2020-05-07 14:01:32.271048: E tensorflow/core/platform/default/subprocess.cc:208] Start cannot fork() child process: Cannot allocate memory
2020-05-07 14:01:32.987044: E tensorflow/core/platform/default/subprocess.cc:208] Start cannot fork() child process: Cannot allocate memory
2020-05-07 14:01:33.693085: E tensorflow/core/platform/default/subprocess.cc:208] Start cannot fork() child process: Cannot allocate memory
2020-05-07 14:01:34.317883: E tensorflow/core/platform/default/subprocess.cc:208] Start cannot fork() child process: Cannot allocate memory
2020-05-07 14:01:34.936965: E tensorflow/core/platform/default/subprocess.cc:208] Start cannot fork() child process: Cannot allocate memory
2020-05-07 14:01:35.538425: E tensorflow/core/platform/default/subprocess.cc:208] Start cannot fork() child process: Cannot allocate memory
2020-05-07 14:01:36.158168: E tensorflow/core/platform/default/subprocess.cc:208] Start cannot fork() child process: Cannot allocate memory
2020-05-07 14:01:36.778178: E tensorflow/core/platform/default/subprocess.cc:208] Start cannot fork() child process: Cannot allocate memory
2020-05-07 14:01:37.388312: E tensorflow/core/platform/default/subprocess.cc:208] Start cannot fork() child process: Cannot allocate memory
2020-05-07 14:01:37.995998: E tensorflow/core/platform/default/subprocess.cc:208] Start cannot fork() child process: Cannot allocate memory
2020-05-07 14:01:38.595706: E tensorflow/core/platform/default/subprocess.cc:208] Start cannot fork() child process: Cannot allocate memory
2020-05-07 14:01:39.208195: E tensorflow/core/platform/default/subprocess.cc:208] Start cannot fork() child process: Cannot allocate memory
2020-05-07 14:01:39.819081: E tensorflow/core/platform/default/subprocess.cc:208] Start cannot fork() child process: Cannot allocate memory
2020-05-07 14:01:40.430568: E tensorflow/core/platform/default/subprocess.cc:208] Start cannot fork() child process: Cannot allocate memory
2020-05-07 14:01:41.043303: E tensorflow/core/platform/default/subprocess.cc:208] Start cannot fork() child process: Cannot allocate memory
2020-05-07 14:01:41.654991: E tensorflow/core/platform/default/subprocess.cc:208] Start cannot fork() child process: Cannot allocate memory
2020-05-07 14:01:42.260275: E tensorflow/core/platform/default/subprocess.cc:208] Start cannot fork() child process: Cannot allocate memory
2020-05-07 14:01:42.858560: E tensorflow/core/platform/default/subprocess.cc:208] Start cannot fork() child process: Cannot allocate memory
2020-05-07 14:01:43.459739: E tensorflow/core/platform/default/subprocess.cc:208] Start cannot fork() child process: Cannot allocate memory
2020-05-07 14:01:44.064187: E tensorflow/core/platform/default/subprocess.cc:208] Start cannot fork() child process: Cannot allocate memory
2020-05-07 14:01:44.661299: E tensorflow/core/platform/default/subprocess.cc:208] Start cannot fork() child process: Cannot allocate memory
2020-05-07 14:01:45.269179: E tensorflow/core/platform/default/subprocess.cc:208] Start cannot fork() child process: Cannot allocate memory
2020-05-07 14:01:45.881034: E tensorflow/core/platform/default/subprocess.cc:208] Start cannot fork() child process: Cannot allocate memory
2020-05-07 14:01:46.817784: E tensorflow/core/platform/default/subprocess.cc:208] Start cannot fork() child process: Cannot allocate memory
2020-05-07 14:01:47.424703: E tensorflow/core/platform/default/subprocess.cc:208] Start cannot fork() child process: Cannot allocate memory
2020-05-07 14:01:48.036807: E tensorflow/core/platform/default/subprocess.cc:208] Start cannot fork() child process: Cannot allocate memory
2020-05-07 14:01:48.674649: E tensorflow/core/platform/default/subprocess.cc:208] Start cannot fork() child process: Cannot allocate memory
2020-05-07 14:01:49.286227: E tensorflow/core/platform/default/subprocess.cc:208] Start cannot fork() child process: Cannot allocate memory
2020-05-07 14:01:49.891169: E tensorflow/core/platform/default/subprocess.cc:208] Start cannot fork() child process: Cannot allocate memory
2020-05-07 14:01:50.500141: E tensorflow/core/platform/default/subprocess.cc:208] Start cannot fork() child process: Cannot allocate memory
2020-05-07 14:01:51.106893: E tensorflow/core/platform/default/subprocess.cc:208] Start cannot fork() child process: Cannot allocate memory
2020-05-07 14:01:51.720691: E tensorflow/core/platform/default/subprocess.cc:208] Start cannot fork() child process: Cannot allocate memory
2020-05-07 14:01:52.325258: E tensorflow/core/platform/default/subprocess.cc:208] Start cannot fork() child process: Cannot allocate memory
2020-05-07 14:02:08.284086: E tensorflow/core/platform/default/subprocess.cc:208] Start cannot fork() child process: Cannot allocate memory
2020-05-07 14:02:09.004141: E tensorflow/core/platform/default/subprocess.cc:208] Start cannot fork() child process: Cannot allocate memory
2020-05-07 14:02:09.746206: E tensorflow/core/platform/default/subprocess.cc:208] Start cannot fork() child process: Cannot allocate memory
2020-05-07 14:02:10.477241: E tensorflow/core/platform/default/subprocess.cc:208] Start cannot fork() child process: Cannot allocate memory
2020-05-07 14:02:11.213700: E tensorflow/core/platform/default/subprocess.cc:208] Start cannot fork() child process: Cannot allocate memory
2020-05-07 14:02:11.941671: E tensorflow/core/platform/default/subprocess.cc:208] Start cannot fork() child process: Cannot allocate memory
2020-05-07 14:02:12.676494: E tensorflow/core/platform/default/subprocess.cc:208] Start cannot fork() child process: Cannot allocate memory
2020-05-07 14:02:13.408301: E tensorflow/core/platform/default/subprocess.cc:208] Start cannot fork() child process: Cannot allocate memory
2020-05-07 14:02:14.142681: E tensorflow/core/platform/default/subprocess.cc:208] Start cannot fork() child process: Cannot allocate memory
2020-05-07 14:02:14.879875: E tensorflow/core/platform/default/subprocess.cc:208] Start cannot fork() child process: Cannot allocate memory
2020-05-07 14:02:15.607561: E tensorflow/core/platform/default/subprocess.cc:208] Start cannot fork() child process: Cannot allocate memory
2020-05-07 14:02:16.387184: E tensorflow/core/platform/default/subprocess.cc:208] Start cannot fork() child process: Cannot allocate memory
2020-05-07 14:02:17.240021: E tensorflow/core/platform/default/subprocess.cc:208] Start cannot fork() child process: Cannot allocate memory
2020-05-07 14:02:17.978023: E tensorflow/core/platform/default/subprocess.cc:208] Start cannot fork() child process: Cannot allocate memory
2020-05-07 14:02:18.735760: E tensorflow/core/platform/default/subprocess.cc:208] Start cannot fork() child process: Cannot allocate memory
2020-05-07 14:02:19.473975: E tensorflow/core/platform/default/subprocess.cc:208] Start cannot fork() child process: Cannot allocate memory
2020-05-07 14:02:20.196950: E tensorflow/core/platform/default/subprocess.cc:208] Start cannot fork() child process: Cannot allocate memory
2020-05-07 14:02:20.851152: E tensorflow/core/platform/default/subprocess.cc:208] Start cannot fork() child process: Cannot allocate memory
2020-05-07 14:02:21.596015: E tensorflow/core/platform/default/subprocess.cc:208] Start cannot fork() child process: Cannot allocate memory
2020-05-07 14:02:22.354958: E tensorflow/core/platform/default/subprocess.cc:208] Start cannot fork() child process: Cannot allocate memory
2020-05-07 14:02:23.030989: E tensorflow/core/platform/default/subprocess.cc:208] Start cannot fork() child process: Cannot allocate memory
2020-05-07 14:02:23.687665: E tensorflow/core/platform/default/subprocess.cc:208] Start cannot fork() child process: Cannot allocate memory
2020-05-07 14:02:24.415374: E tensorflow/core/platform/default/subprocess.cc:208] Start cannot fork() child process: Cannot allocate memory
2020-05-07 14:02:25.088655: E tensorflow/core/platform/default/subprocess.cc:208] Start cannot fork() child process: Cannot allocate memory
2020-05-07 14:02:25.780018: E tensorflow/core/platform/default/subprocess.cc:208] Start cannot fork() child process: Cannot allocate memory
2020-05-07 14:02:26.510906: E tensorflow/core/platform/default/subprocess.cc:208] Start cannot fork() child process: Cannot allocate memory
2020-05-07 14:02:27.199477: E tensorflow/core/platform/default/subprocess.cc:208] Start cannot fork() child process: Cannot allocate memory
2020-05-07 14:02:27.864252: E tensorflow/core/platform/default/subprocess.cc:208] Start cannot fork() child process: Cannot allocate memory
2020-05-07 14:02:28.535108: E tensorflow/core/platform/default/subprocess.cc:208] Start cannot fork() child process: Cannot allocate memory
2020-05-07 14:02:29.242674: E tensorflow/core/platform/default/subprocess.cc:208] Start cannot fork() child process: Cannot allocate memory
2020-05-07 14:02:29.926867: E tensorflow/core/platform/default/subprocess.cc:208] Start cannot fork() child process: Cannot allocate memory
2020-05-07 14:02:30.663008: E tensorflow/core/platform/default/subprocess.cc:208] Start cannot fork() child process: Cannot allocate memory
2020-05-07 14:02:31.389721: E tensorflow/core/platform/default/subprocess.cc:208] Start cannot fork() child process: Cannot allocate memory
2020-05-07 14:02:32.133078: E tensorflow/core/platform/default/subprocess.cc:208] Start cannot fork() child process: Cannot allocate memory
2020-05-07 14:02:32.863490: E tensorflow/core/platform/default/subprocess.cc:208] Start cannot fork() child process: Cannot allocate memory
2020-05-07 14:02:33.601758: E tensorflow/core/platform/default/subprocess.cc:208] Start cannot fork() child process: Cannot allocate memory
2020-05-07 14:02:34.335155: E tensorflow/core/platform/default/subprocess.cc:208] Start cannot fork() child process: Cannot allocate memory
2020-05-07 14:02:35.067907: E tensorflow/core/platform/default/subprocess.cc:208] Start cannot fork() child process: Cannot allocate memory
2020-05-07 14:02:35.799851: E tensorflow/core/platform/default/subprocess.cc:208] Start cannot fork() child process: Cannot allocate memory
2020-05-07 14:02:36.484316: E tensorflow/core/platform/default/subprocess.cc:208] Start cannot fork() child process: Cannot allocate memory
2020-05-07 14:02:37.204235: E tensorflow/core/platform/default/subprocess.cc:208] Start cannot fork() child process: Cannot allocate memory
2020-05-07 14:02:37.878794: E tensorflow/core/platform/default/subprocess.cc:208] Start cannot fork() child process: Cannot allocate memory
2020-05-07 14:02:38.537105: E tensorflow/core/platform/default/subprocess.cc:208] Start cannot fork() child process: Cannot allocate memory
2020-05-07 14:02:39.186412: E tensorflow/core/platform/default/subprocess.cc:208] Start cannot fork() child process: Cannot allocate memory
2020-05-07 14:02:39.847649: E tensorflow/core/platform/default/subprocess.cc:208] Start cannot fork() child process: Cannot allocate memory
2020-05-07 14:02:40.497028: E tensorflow/core/platform/default/subprocess.cc:208] Start cannot fork() child process: Cannot allocate memory
2020-05-07 14:02:41.157301: E tensorflow/core/platform/default/subprocess.cc:208] Start cannot fork() child process: Cannot allocate memory
2020-05-07 14:02:41.806549: E tensorflow/core/platform/default/subprocess.cc:208] Start cannot fork() child process: Cannot allocate memory
2020-05-07 14:02:42.468541: E tensorflow/core/platform/default/subprocess.cc:208] Start cannot fork() child process: Cannot allocate memory
2020-05-07 14:02:43.144773: E tensorflow/core/platform/default/subprocess.cc:208] Start cannot fork() child process: Cannot allocate memory
2020-05-07 14:02:43.817519: E tensorflow/core/platform/default/subprocess.cc:208] Start cannot fork() child process: Cannot allocate memory
2020-05-07 14:02:44.476891: E tensorflow/core/platform/default/subprocess.cc:208] Start cannot fork() child process: Cannot allocate memory
2020-05-07 14:02:45.125495: E tensorflow/core/platform/default/subprocess.cc:208] Start cannot fork() child process: Cannot allocate memory
2020-05-07 14:02:45.784140: E tensorflow/core/platform/default/subprocess.cc:208] Start cannot fork() child process: Cannot allocate memory
2020-05-07 14:02:46.521305: E tensorflow/core/platform/default/subprocess.cc:208] Start cannot fork() child process: Cannot allocate memory
2020-05-07 14:02:47.266149: E tensorflow/core/platform/default/subprocess.cc:208] Start cannot fork() child process: Cannot allocate memory
2020-05-07 14:02:47.922230: E tensorflow/core/platform/default/subprocess.cc:208] Start cannot fork() child process: Cannot allocate memory
2020-05-07 14:02:48.580436: E tensorflow/core/platform/default/subprocess.cc:208] Start cannot fork() child process: Cannot allocate memory
2020-05-07 14:02:49.238730: E tensorflow/core/platform/default/subprocess.cc:208] Start cannot fork() child process: Cannot allocate memory
2020-05-07 14:02:49.884113: E tensorflow/core/platform/default/subprocess.cc:208] Start cannot fork() child process: Cannot allocate memory
2020-05-07 14:02:50.545756: E tensorflow/core/platform/default/subprocess.cc:208] Start cannot fork() child process: Cannot allocate memory
2020-05-07 14:02:51.192758: E tensorflow/core/platform/default/subprocess.cc:208] Start cannot fork() child process: Cannot allocate memory
2020-05-07 14:02:51.856582: E tensorflow/core/platform/default/subprocess.cc:208] Start cannot fork() child process: Cannot allocate memory
2020-05-07 14:02:52.526654: E tensorflow/core/platform/default/subprocess.cc:208] Start cannot fork() child process: Cannot allocate memory
2020-05-07 14:02:53.192431: E tensorflow/core/platform/default/subprocess.cc:208] Start cannot fork() child process: Cannot allocate memory
2020-05-07 14:02:53.851205: E tensorflow/core/platform/default/subprocess.cc:208] Start cannot fork() child process: Cannot allocate memory
2020-05-07 14:02:54.506707: E tensorflow/core/platform/default/subprocess.cc:208] Start cannot fork() child process: Cannot allocate memory
2020-05-07 14:02:55.164310: E tensorflow/core/platform/default/subprocess.cc:208] Start cannot fork() child process: Cannot allocate memory
2020-05-07 14:02:55.817901: E tensorflow/core/platform/default/subprocess.cc:208] Start cannot fork() child process: Cannot allocate memory
2020-05-07 14:02:56.473072: E tensorflow/core/platform/default/subprocess.cc:208] Start cannot fork() child process: Cannot allocate memory
2020-05-07 14:02:57.189997: E tensorflow/core/platform/default/subprocess.cc:208] Start cannot fork() child process: Cannot allocate memory
2020-05-07 14:02:57.883921: E tensorflow/core/platform/default/subprocess.cc:208] Start cannot fork() child process: Cannot allocate memory
2020-05-07 14:02:58.629163: E tensorflow/core/platform/default/subprocess.cc:208] Start cannot fork() child process: Cannot allocate memory
2020-05-07 14:02:59.363354: E tensorflow/core/platform/default/subprocess.cc:208] Start cannot fork() child process: Cannot allocate memory
2020-05-07 14:03:00.047251: E tensorflow/core/platform/default/subprocess.cc:208] Start cannot fork() child process: Cannot allocate memory
2020-05-07 14:03:00.699257: E tensorflow/core/platform/default/subprocess.cc:208] Start cannot fork() child process: Cannot allocate memory
2020-05-07 14:03:01.433124: E tensorflow/core/platform/default/subprocess.cc:208] Start cannot fork() child process: Cannot allocate memory
2020-05-07 14:03:02.167954: E tensorflow/core/platform/default/subprocess.cc:208] Start cannot fork() child process: Cannot allocate memory
2020-05-07 14:03:02.910778: E tensorflow/core/platform/default/subprocess.cc:208] Start cannot fork() child process: Cannot allocate memory
2020-05-07 14:03:03.637001: E tensorflow/core/platform/default/subprocess.cc:208] Start cannot fork() child process: Cannot allocate memory
2020-05-07 14:03:04.366608: E tensorflow/core/platform/default/subprocess.cc:208] Start cannot fork() child process: Cannot allocate memory
2020-05-07 14:03:05.107334: E tensorflow/core/platform/default/subprocess.cc:208] Start cannot fork() child process: Cannot allocate memory
2020-05-07 14:03:05.832494: E tensorflow/core/platform/default/subprocess.cc:208] Start cannot fork() child process: Cannot allocate memory
2020-05-07 14:03:06.566207: E tensorflow/core/platform/default/subprocess.cc:208] Start cannot fork() child process: Cannot allocate memory
2020-05-07 14:03:07.294535: E tensorflow/core/platform/default/subprocess.cc:208] Start cannot fork() child process: Cannot allocate memory
2020-05-07 14:03:08.025134: E tensorflow/core/platform/default/subprocess.cc:208] Start cannot fork() child process: Cannot allocate memory
2020-05-07 14:03:08.767657: E tensorflow/core/platform/default/subprocess.cc:208] Start cannot fork() child process: Cannot allocate memory
2020-05-07 14:03:09.507124: E tensorflow/core/platform/default/subprocess.cc:208] Start cannot fork() child process: Cannot allocate memory
2020-05-07 14:03:10.250728: E tensorflow/core/platform/default/subprocess.cc:208] Start cannot fork() child process: Cannot allocate memory
2020-05-07 14:03:11.002946: E tensorflow/core/platform/default/subprocess.cc:208] Start cannot fork() child process: Cannot allocate memory
2020-05-07 14:03:11.734441: E tensorflow/core/platform/default/subprocess.cc:208] Start cannot fork() child process: Cannot allocate memory
2020-05-07 14:03:12.478278: E tensorflow/core/platform/default/subprocess.cc:208] Start cannot fork() child process: Cannot allocate memory
2020-05-07 14:03:13.228493: E tensorflow/core/platform/default/subprocess.cc:208] Start cannot fork() child process: Cannot allocate memory
2020-05-07 14:03:13.977617: E tensorflow/core/platform/default/subprocess.cc:208] Start cannot fork() child process: Cannot allocate memory
2020-05-07 14:03:14.723537: E tensorflow/core/platform/default/subprocess.cc:208] Start cannot fork() child process: Cannot allocate memory
2020-05-07 14:03:15.462181: E tensorflow/core/platform/default/subprocess.cc:208] Start cannot fork() child process: Cannot allocate memory
2020-05-07 14:03:16.247324: E tensorflow/core/platform/default/subprocess.cc:208] Start cannot fork() child process: Cannot allocate memory
2020-05-07 14:03:17.103274: E tensorflow/core/platform/default/subprocess.cc:208] Start cannot fork() child process: Cannot allocate memory
2020-05-07 14:03:17.840100: E tensorflow/core/platform/default/subprocess.cc:208] Start cannot fork() child process: Cannot allocate memory
2020-05-07 14:03:18.596721: E tensorflow/core/platform/default/subprocess.cc:208] Start cannot fork() child process: Cannot allocate memory
2020-05-07 14:03:19.334720: E tensorflow/core/platform/default/subprocess.cc:208] Start cannot fork() child process: Cannot allocate memory
2020-05-07 14:03:20.059262: E tensorflow/core/platform/default/subprocess.cc:208] Start cannot fork() child process: Cannot allocate memory
2020-05-07 14:03:20.797045: E tensorflow/core/platform/default/subprocess.cc:208] Start cannot fork() child process: Cannot allocate memory
2020-05-07 14:03:21.541865: E tensorflow/core/platform/default/subprocess.cc:208] Start cannot fork() child process: Cannot allocate memory
2020-05-07 14:03:22.275768: E tensorflow/core/platform/default/subprocess.cc:208] Start cannot fork() child process: Cannot allocate memory
2020-05-07 14:03:23.002177: E tensorflow/core/platform/default/subprocess.cc:208] Start cannot fork() child process: Cannot allocate memory
2020-05-07 14:03:23.757063: E tensorflow/core/platform/default/subprocess.cc:208] Start cannot fork() child process: Cannot allocate memory
2020-05-07 14:03:24.489091: E tensorflow/core/platform/default/subprocess.cc:208] Start cannot fork() child process: Cannot allocate memory
2020-05-07 14:03:25.241004: E tensorflow/core/platform/default/subprocess.cc:208] Start cannot fork() child process: Cannot allocate memory
2020-05-07 14:03:25.998032: E tensorflow/core/platform/default/subprocess.cc:208] Start cannot fork() child process: Cannot allocate memory
2020-05-07 14:03:26.725351: E tensorflow/core/platform/default/subprocess.cc:208] Start cannot fork() child process: Cannot allocate memory
2020-05-07 14:03:27.482819: E tensorflow/core/platform/default/subprocess.cc:208] Start cannot fork() child process: Cannot allocate memory
2020-05-07 14:03:28.221298: E tensorflow/core/platform/default/subprocess.cc:208] Start cannot fork() child process: Cannot allocate memory
2020-05-07 14:03:28.894297: E tensorflow/core/platform/default/subprocess.cc:208] Start cannot fork() child process: Cannot allocate memory
2020-05-07 14:03:29.545131: E tensorflow/core/platform/default/subprocess.cc:208] Start cannot fork() child process: Cannot allocate memory
2020-05-07 14:03:30.279891: E tensorflow/core/platform/default/subprocess.cc:208] Start cannot fork() child process: Cannot allocate memory
2020-05-07 14:03:30.967485: E tensorflow/core/platform/default/subprocess.cc:208] Start cannot fork() child process: Cannot allocate memory
2020-05-07 14:03:31.708235: E tensorflow/core/platform/default/subprocess.cc:208] Start cannot fork() child process: Cannot allocate memory
2020-05-07 14:03:32.385976: E tensorflow/core/platform/default/subprocess.cc:208] Start cannot fork() child process: Cannot allocate memory
2020-05-07 14:03:33.122122: E tensorflow/core/platform/default/subprocess.cc:208] Start cannot fork() child process: Cannot allocate memory
2020-05-07 14:03:33.807553: E tensorflow/core/platform/default/subprocess.cc:208] Start cannot fork() child process: Cannot allocate memory
2020-05-07 14:03:34.548366: E tensorflow/core/platform/default/subprocess.cc:208] Start cannot fork() child process: Cannot allocate memory
2020-05-07 14:03:35.279435: E tensorflow/core/platform/default/subprocess.cc:208] Start cannot fork() child process: Cannot allocate memory
2020-05-07 14:03:35.962016: E tensorflow/core/platform/default/subprocess.cc:208] Start cannot fork() child process: Cannot allocate memory
2020-05-07 14:03:36.614749: E tensorflow/core/platform/default/subprocess.cc:208] Start cannot fork() child process: Cannot allocate memory
2020-05-07 14:03:37.266825: E tensorflow/core/platform/default/subprocess.cc:208] Start cannot fork() child process: Cannot allocate memory
2020-05-07 14:03:37.922938: E tensorflow/core/platform/default/subprocess.cc:208] Start cannot fork() child process: Cannot allocate memory
2020-05-07 14:03:38.580292: E tensorflow/core/platform/default/subprocess.cc:208] Start cannot fork() child process: Cannot allocate memory
Processing Data...
Processing sequences of length: 1kk

Processing forward host data...
Processing prokaryote training data from ProkTr#ProkTr#1k_num1_seq202421_codefw.npy
Processing eukaryote training data from EukTr#EukTr#1k_num1_seq204706_codefw.npy
Processing reverse host data...
Processing prokaryote training data from ProkTr#ProkTr#1k_num1_seq202421_codebw.npy
Processing eukaryote training data from EukTr#EukTr#1k_num1_seq204706_codebw.npy
Processing plasmid data
Processing plasmid data - bw
Processing virus data...
Processing prokaryotevirus training data from ProkVirusTr#ProkVirusTr#1k_num1_seq204291_codefw.npy
Processin eukaryotevirus training data from EukVirusTr#EukVirusTr#1k_num1_seq214561_codefw.npy
Processing virus data...
Processing prokaryotevirus training data from ProkVirusTr#ProkVirusTr#1k_num1_seq204291_codebw.npy
Processin eukaryotevirus training data from EukVirusTr#EukVirusTr#1k_num1_seq214561_codebw.npy
Processing Validation Data...
Processing Validation Data - bw...
(1039621, 1000, 4)
(1039621, 1000, 4)
(1039621, 5)
(110425, 1000, 4)
(110425, 1000, 4)
(110425, 5)
Model: "model"
__________________________________________________________________________________________________
Layer (type)                    Output Shape         Param #     Connected to                     
==================================================================================================
input_1 (InputLayer)            [(None, None, 4)]    0                                            
__________________________________________________________________________________________________
input_2 (InputLayer)            [(None, None, 4)]    0                                            
__________________________________________________________________________________________________
conv1d (Conv1D)                 (None, None, 64)     2112        input_1[0][0]                    
                                                                 input_2[0][0]                    
__________________________________________________________________________________________________
max_pooling1d (MaxPooling1D)    (None, None, 64)     0           conv1d[0][0]                     
                                                                 conv1d[1][0]                     
__________________________________________________________________________________________________
conv1d_1 (Conv1D)               (None, None, 64)     24640       max_pooling1d[0][0]              
                                                                 max_pooling1d[1][0]              
__________________________________________________________________________________________________
max_pooling1d_1 (MaxPooling1D)  (None, None, 64)     0           conv1d_1[0][0]                   
                                                                 conv1d_1[1][0]                   
__________________________________________________________________________________________________
batch_normalization (BatchNorma (None, None, 64)     256         max_pooling1d_1[0][0]            
                                                                 max_pooling1d_1[1][0]            
__________________________________________________________________________________________________
conv1d_2 (Conv1D)               (None, None, 128)    24704       batch_normalization[0][0]        
                                                                 batch_normalization[1][0]        
__________________________________________________________________________________________________
max_pooling1d_2 (MaxPooling1D)  (None, None, 128)    0           conv1d_2[0][0]                   
                                                                 conv1d_2[1][0]                   
__________________________________________________________________________________________________
batch_normalization_1 (BatchNor (None, None, 128)    512         max_pooling1d_2[0][0]            
                                                                 max_pooling1d_2[1][0]            
__________________________________________________________________________________________________
conv1d_3 (Conv1D)               (None, None, 256)    65792       batch_normalization_1[0][0]      
                                                                 batch_normalization_1[1][0]      
__________________________________________________________________________________________________
global_max_pooling1d (GlobalMax (None, 256)          0           conv1d_3[0][0]                   
                                                                 conv1d_3[1][0]                   
__________________________________________________________________________________________________
dropout (Dropout)               (None, 256)          0           global_max_pooling1d[0][0]       
                                                                 global_max_pooling1d[1][0]       
__________________________________________________________________________________________________
flatten (Flatten)               (None, 256)          0           dropout[0][0]                    
                                                                 dropout[1][0]                    
__________________________________________________________________________________________________
dense (Dense)                   (None, 500)          128500      flatten[0][0]                    
                                                                 flatten[1][0]                    
__________________________________________________________________________________________________
dropout_1 (Dropout)             (None, 500)          0           dense[0][0]                      
                                                                 dense[1][0]                      
__________________________________________________________________________________________________
dense_1 (Dense)                 (None, 5)            2505        dropout_1[0][0]                  
                                                                 dropout_1[1][0]                  
__________________________________________________________________________________________________
average (Average)               (None, 5)            0           dense_1[0][0]                    
                                                                 dense_1[1][0]                    
==================================================================================================
Total params: 249,021
Trainable params: 248,637
Non-trainable params: 384
__________________________________________________________________________________________________
Epoch 1/60

Epoch 00001: val_loss improved from inf to 0.93466, saving model to ./models/model_DNA_one-hot_1000.h5
10397/10397 - 431s - loss: 0.8058 - accuracy: 0.6696 - val_loss: 0.9347 - val_accuracy: 0.6711
Epoch 2/60

Epoch 00002: val_loss improved from 0.93466 to 0.86537, saving model to ./models/model_DNA_one-hot_1000.h5
10397/10397 - 201s - loss: 0.6358 - accuracy: 0.7511 - val_loss: 0.8654 - val_accuracy: 0.7255
Epoch 3/60

Epoch 00003: val_loss did not improve from 0.86537
10397/10397 - 202s - loss: 0.5872 - accuracy: 0.7729 - val_loss: 0.8843 - val_accuracy: 0.7192
Epoch 4/60

Epoch 00004: val_loss improved from 0.86537 to 0.70794, saving model to ./models/model_DNA_one-hot_1000.h5
10397/10397 - 203s - loss: 0.5584 - accuracy: 0.7860 - val_loss: 0.7079 - val_accuracy: 0.7627
Epoch 5/60

Epoch 00005: val_loss did not improve from 0.70794
10397/10397 - 200s - loss: 0.5387 - accuracy: 0.7944 - val_loss: 0.7255 - val_accuracy: 0.7403
Epoch 6/60

Epoch 00006: val_loss improved from 0.70794 to 0.67969, saving model to ./models/model_DNA_one-hot_1000.h5
10397/10397 - 202s - loss: 0.5228 - accuracy: 0.8014 - val_loss: 0.6797 - val_accuracy: 0.7357
Epoch 7/60

Epoch 00007: val_loss did not improve from 0.67969
10397/10397 - 202s - loss: 0.5114 - accuracy: 0.8062 - val_loss: 0.6939 - val_accuracy: 0.7779
Epoch 8/60

Epoch 00008: val_loss improved from 0.67969 to 0.66683, saving model to ./models/model_DNA_one-hot_1000.h5
10397/10397 - 204s - loss: 0.5001 - accuracy: 0.8108 - val_loss: 0.6668 - val_accuracy: 0.7868
Epoch 9/60

Epoch 00009: val_loss did not improve from 0.66683
10397/10397 - 205s - loss: 0.4908 - accuracy: 0.8147 - val_loss: 0.6711 - val_accuracy: 0.7845
Epoch 10/60

Epoch 00010: val_loss improved from 0.66683 to 0.66432, saving model to ./models/model_DNA_one-hot_1000.h5
10397/10397 - 205s - loss: 0.4830 - accuracy: 0.8178 - val_loss: 0.6643 - val_accuracy: 0.7880
Epoch 11/60

Epoch 00011: val_loss improved from 0.66432 to 0.66237, saving model to ./models/model_DNA_one-hot_1000.h5
10397/10397 - 204s - loss: 0.4762 - accuracy: 0.8207 - val_loss: 0.6624 - val_accuracy: 0.7843
Epoch 12/60

Epoch 00012: val_loss did not improve from 0.66237
10397/10397 - 204s - loss: 0.4696 - accuracy: 0.8233 - val_loss: 0.7101 - val_accuracy: 0.7725
Epoch 13/60

Epoch 00013: val_loss did not improve from 0.66237
10397/10397 - 205s - loss: 0.4637 - accuracy: 0.8258 - val_loss: 0.6781 - val_accuracy: 0.7910
Epoch 14/60

Epoch 00014: val_loss did not improve from 0.66237
10397/10397 - 200s - loss: 0.4577 - accuracy: 0.8276 - val_loss: 0.7117 - val_accuracy: 0.7819
Epoch 15/60

Epoch 00015: val_loss improved from 0.66237 to 0.65177, saving model to ./models/model_DNA_one-hot_1000.h5
10397/10397 - 200s - loss: 0.4534 - accuracy: 0.8294 - val_loss: 0.6518 - val_accuracy: 0.7820
Epoch 16/60

Epoch 00016: val_loss did not improve from 0.65177
10397/10397 - 201s - loss: 0.4485 - accuracy: 0.8316 - val_loss: 0.7014 - val_accuracy: 0.7946
Epoch 17/60

Epoch 00017: val_loss did not improve from 0.65177
10397/10397 - 202s - loss: 0.4447 - accuracy: 0.8333 - val_loss: 0.6872 - val_accuracy: 0.7861
Epoch 18/60

Epoch 00018: val_loss did not improve from 0.65177
10397/10397 - 203s - loss: 0.4414 - accuracy: 0.8347 - val_loss: 0.6860 - val_accuracy: 0.7978
Epoch 19/60

Epoch 00019: val_loss did not improve from 0.65177
10397/10397 - 203s - loss: 0.4369 - accuracy: 0.8365 - val_loss: 0.7495 - val_accuracy: 0.7908
Epoch 20/60

Epoch 00020: val_loss improved from 0.65177 to 0.64697, saving model to ./models/model_DNA_one-hot_1000.h5
10397/10397 - 203s - loss: 0.4344 - accuracy: 0.8374 - val_loss: 0.6470 - val_accuracy: 0.7898
Epoch 21/60

Epoch 00021: val_loss did not improve from 0.64697
10397/10397 - 206s - loss: 0.4308 - accuracy: 0.8387 - val_loss: 0.6716 - val_accuracy: 0.7976
Epoch 22/60

Epoch 00022: val_loss did not improve from 0.64697
10397/10397 - 199s - loss: 0.4278 - accuracy: 0.8400 - val_loss: 0.7236 - val_accuracy: 0.7942
Epoch 23/60

Epoch 00023: val_loss did not improve from 0.64697
10397/10397 - 201s - loss: 0.4249 - accuracy: 0.8415 - val_loss: 0.7449 - val_accuracy: 0.8051
Epoch 24/60

Epoch 00024: val_loss did not improve from 0.64697
10397/10397 - 201s - loss: 0.4220 - accuracy: 0.8424 - val_loss: 0.7401 - val_accuracy: 0.7990
Epoch 25/60

Epoch 00025: val_loss did not improve from 0.64697
10397/10397 - 202s - loss: 0.4196 - accuracy: 0.8436 - val_loss: 0.7444 - val_accuracy: 0.8022
Epoch 26/60

Epoch 00026: val_loss did not improve from 0.64697
10397/10397 - 202s - loss: 0.4174 - accuracy: 0.8442 - val_loss: 0.7371 - val_accuracy: 0.7900
Epoch 27/60

Epoch 00027: val_loss did not improve from 0.64697
10397/10397 - 203s - loss: 0.4146 - accuracy: 0.8457 - val_loss: 0.7543 - val_accuracy: 0.7959
Epoch 28/60

Epoch 00028: val_loss improved from 0.64697 to 0.61278, saving model to ./models/model_DNA_one-hot_1000.h5
10397/10397 - 204s - loss: 0.4127 - accuracy: 0.8461 - val_loss: 0.6128 - val_accuracy: 0.8032
Epoch 29/60

Epoch 00029: val_loss did not improve from 0.61278
10397/10397 - 203s - loss: 0.4103 - accuracy: 0.8471 - val_loss: 0.7105 - val_accuracy: 0.8024
Epoch 30/60

Epoch 00030: val_loss did not improve from 0.61278
10397/10397 - 204s - loss: 0.4082 - accuracy: 0.8480 - val_loss: 0.6808 - val_accuracy: 0.7940
Epoch 31/60

Epoch 00031: val_loss did not improve from 0.61278
10397/10397 - 201s - loss: 0.4061 - accuracy: 0.8486 - val_loss: 0.6838 - val_accuracy: 0.7988
Epoch 32/60

Epoch 00032: val_loss did not improve from 0.61278
10397/10397 - 199s - loss: 0.4041 - accuracy: 0.8494 - val_loss: 0.6550 - val_accuracy: 0.8077
Epoch 33/60

Epoch 00033: val_loss did not improve from 0.61278
10397/10397 - 200s - loss: 0.4026 - accuracy: 0.8501 - val_loss: 0.7516 - val_accuracy: 0.7981
Epoch 34/60

Epoch 00034: val_loss did not improve from 0.61278
10397/10397 - 199s - loss: 0.4010 - accuracy: 0.8511 - val_loss: 0.7035 - val_accuracy: 0.8041
Epoch 35/60

Epoch 00035: val_loss did not improve from 0.61278
10397/10397 - 201s - loss: 0.3994 - accuracy: 0.8518 - val_loss: 0.7649 - val_accuracy: 0.8012
Epoch 36/60

Epoch 00036: val_loss did not improve from 0.61278
10397/10397 - 201s - loss: 0.3985 - accuracy: 0.8521 - val_loss: 0.6963 - val_accuracy: 0.8043
Epoch 37/60

Epoch 00037: val_loss did not improve from 0.61278
10397/10397 - 200s - loss: 0.3976 - accuracy: 0.8520 - val_loss: 0.7960 - val_accuracy: 0.7998
Epoch 38/60

Epoch 00038: val_loss did not improve from 0.61278
10397/10397 - 201s - loss: 0.3951 - accuracy: 0.8533 - val_loss: 0.6794 - val_accuracy: 0.8067
Epoch 39/60

Epoch 00039: val_loss did not improve from 0.61278
10397/10397 - 197s - loss: 0.3941 - accuracy: 0.8536 - val_loss: 0.7366 - val_accuracy: 0.8025
Epoch 40/60

Epoch 00040: val_loss did not improve from 0.61278
10397/10397 - 201s - loss: 0.3929 - accuracy: 0.8544 - val_loss: 0.7069 - val_accuracy: 0.8077
Epoch 41/60

Epoch 00041: val_loss did not improve from 0.61278
10397/10397 - 200s - loss: 0.3904 - accuracy: 0.8551 - val_loss: 0.8303 - val_accuracy: 0.8017
Epoch 42/60

Epoch 00042: val_loss did not improve from 0.61278
10397/10397 - 200s - loss: 0.3901 - accuracy: 0.8551 - val_loss: 0.7323 - val_accuracy: 0.8057
Epoch 00042: early stopping
