---------- Begin SLURM Prolog ----------
Job ID:        7322216
Username:      siliangc
Accountname:   lc_fs3
Name:          batchrun.sh
Partition:     main
Nodelist:      hpc4660
TasksPerNode:  1
CPUsPerTask:   Default[1]
TMPDIR:        /tmp/7322216.main
SCRATCHDIR:    /staging/scratch/7322216
Cluster:       uschpc
HSDA Account:  false
---------- 2020-05-13 22:09:04 ---------
2020-05-13 22:23:26.715801: I tensorflow/stream_executor/platform/default/dso_loader.cc:44] Successfully opened dynamic library libcuda.so.1
2020-05-13 22:23:26.830256: I tensorflow/core/common_runtime/gpu/gpu_device.cc:1561] Found device 0 with properties: 
pciBusID: 0000:3b:00.0 name: Tesla V100-PCIE-32GB computeCapability: 7.0
coreClock: 1.38GHz coreCount: 80 deviceMemorySize: 31.72GiB deviceMemoryBandwidth: 836.37GiB/s
2020-05-13 22:23:26.831506: I tensorflow/core/common_runtime/gpu/gpu_device.cc:1561] Found device 1 with properties: 
pciBusID: 0000:d8:00.0 name: Tesla V100-PCIE-32GB computeCapability: 7.0
coreClock: 1.38GHz coreCount: 80 deviceMemorySize: 31.72GiB deviceMemoryBandwidth: 836.37GiB/s
2020-05-13 22:23:26.847696: I tensorflow/stream_executor/platform/default/dso_loader.cc:44] Successfully opened dynamic library libcudart.so.10.1
2020-05-13 22:23:28.891335: I tensorflow/stream_executor/platform/default/dso_loader.cc:44] Successfully opened dynamic library libcublas.so.10
2020-05-13 22:23:29.614428: I tensorflow/stream_executor/platform/default/dso_loader.cc:44] Successfully opened dynamic library libcufft.so.10
2020-05-13 22:23:31.201846: I tensorflow/stream_executor/platform/default/dso_loader.cc:44] Successfully opened dynamic library libcurand.so.10
2020-05-13 22:23:32.210379: I tensorflow/stream_executor/platform/default/dso_loader.cc:44] Successfully opened dynamic library libcusolver.so.10
2020-05-13 22:23:32.841387: I tensorflow/stream_executor/platform/default/dso_loader.cc:44] Successfully opened dynamic library libcusparse.so.10
2020-05-13 22:23:33.874541: I tensorflow/stream_executor/platform/default/dso_loader.cc:44] Successfully opened dynamic library libcudnn.so.7
2020-05-13 22:23:33.884964: I tensorflow/core/common_runtime/gpu/gpu_device.cc:1703] Adding visible gpu devices: 0, 1
2020-05-13 22:23:33.885505: I tensorflow/core/platform/cpu_feature_guard.cc:143] Your CPU supports instructions that this TensorFlow binary was not compiled to use: AVX2 AVX512F FMA
2020-05-13 22:23:33.897034: I tensorflow/core/platform/profile_utils/cpu_utils.cc:102] CPU Frequency: 2100000000 Hz
2020-05-13 22:23:33.899463: I tensorflow/compiler/xla/service/service.cc:168] XLA service 0x562c46fe88a0 initialized for platform Host (this does not guarantee that XLA will be used). Devices:
2020-05-13 22:23:33.899492: I tensorflow/compiler/xla/service/service.cc:176]   StreamExecutor device (0): Host, Default Version
2020-05-13 22:23:34.279243: I tensorflow/compiler/xla/service/service.cc:168] XLA service 0x562c47052930 initialized for platform CUDA (this does not guarantee that XLA will be used). Devices:
2020-05-13 22:23:34.279319: I tensorflow/compiler/xla/service/service.cc:176]   StreamExecutor device (0): Tesla V100-PCIE-32GB, Compute Capability 7.0
2020-05-13 22:23:34.279348: I tensorflow/compiler/xla/service/service.cc:176]   StreamExecutor device (1): Tesla V100-PCIE-32GB, Compute Capability 7.0
2020-05-13 22:23:34.291167: I tensorflow/core/common_runtime/gpu/gpu_device.cc:1561] Found device 0 with properties: 
pciBusID: 0000:3b:00.0 name: Tesla V100-PCIE-32GB computeCapability: 7.0
coreClock: 1.38GHz coreCount: 80 deviceMemorySize: 31.72GiB deviceMemoryBandwidth: 836.37GiB/s
2020-05-13 22:23:34.297910: I tensorflow/core/common_runtime/gpu/gpu_device.cc:1561] Found device 1 with properties: 
pciBusID: 0000:d8:00.0 name: Tesla V100-PCIE-32GB computeCapability: 7.0
coreClock: 1.38GHz coreCount: 80 deviceMemorySize: 31.72GiB deviceMemoryBandwidth: 836.37GiB/s
2020-05-13 22:23:34.297958: I tensorflow/stream_executor/platform/default/dso_loader.cc:44] Successfully opened dynamic library libcudart.so.10.1
2020-05-13 22:23:34.297975: I tensorflow/stream_executor/platform/default/dso_loader.cc:44] Successfully opened dynamic library libcublas.so.10
2020-05-13 22:23:34.297994: I tensorflow/stream_executor/platform/default/dso_loader.cc:44] Successfully opened dynamic library libcufft.so.10
2020-05-13 22:23:34.298009: I tensorflow/stream_executor/platform/default/dso_loader.cc:44] Successfully opened dynamic library libcurand.so.10
2020-05-13 22:23:34.298023: I tensorflow/stream_executor/platform/default/dso_loader.cc:44] Successfully opened dynamic library libcusolver.so.10
2020-05-13 22:23:34.298037: I tensorflow/stream_executor/platform/default/dso_loader.cc:44] Successfully opened dynamic library libcusparse.so.10
2020-05-13 22:23:34.298051: I tensorflow/stream_executor/platform/default/dso_loader.cc:44] Successfully opened dynamic library libcudnn.so.7
2020-05-13 22:23:34.308361: I tensorflow/core/common_runtime/gpu/gpu_device.cc:1703] Adding visible gpu devices: 0, 1
2020-05-13 22:23:34.308456: I tensorflow/stream_executor/platform/default/dso_loader.cc:44] Successfully opened dynamic library libcudart.so.10.1
2020-05-13 22:23:34.311518: I tensorflow/core/common_runtime/gpu/gpu_device.cc:1102] Device interconnect StreamExecutor with strength 1 edge matrix:
2020-05-13 22:23:34.311534: I tensorflow/core/common_runtime/gpu/gpu_device.cc:1108]      0 1 
2020-05-13 22:23:34.311542: I tensorflow/core/common_runtime/gpu/gpu_device.cc:1121] 0:   N Y 
2020-05-13 22:23:34.311548: I tensorflow/core/common_runtime/gpu/gpu_device.cc:1121] 1:   Y N 
2020-05-13 22:23:34.316330: I tensorflow/core/common_runtime/gpu/gpu_device.cc:1247] Created TensorFlow device (/job:localhost/replica:0/task:0/device:GPU:0 with 30233 MB memory) -> physical GPU (device: 0, name: Tesla V100-PCIE-32GB, pci bus id: 0000:3b:00.0, compute capability: 7.0)
2020-05-13 22:23:34.318028: I tensorflow/core/common_runtime/gpu/gpu_device.cc:1247] Created TensorFlow device (/job:localhost/replica:0/task:0/device:GPU:1 with 30233 MB memory) -> physical GPU (device: 1, name: Tesla V100-PCIE-32GB, pci bus id: 0000:d8:00.0, compute capability: 7.0)
2020-05-13 22:23:51.822962: W tensorflow/core/framework/cpu_allocator_impl.cc:81] Allocation of 17329680000 exceeds 10% of free system memory.
2020-05-13 22:24:08.089602: W tensorflow/core/framework/cpu_allocator_impl.cc:81] Allocation of 17329680000 exceeds 10% of free system memory.
2020-05-13 22:24:16.365348: I tensorflow/stream_executor/platform/default/dso_loader.cc:44] Successfully opened dynamic library libcublas.so.10
2020-05-13 22:24:19.666163: I tensorflow/stream_executor/platform/default/dso_loader.cc:44] Successfully opened dynamic library libcudnn.so.7
2020-05-13 22:24:38.719564: E tensorflow/core/platform/default/subprocess.cc:208] Start cannot fork() child process: Cannot allocate memory
2020-05-13 22:24:38.719932: W tensorflow/stream_executor/gpu/asm_compiler.cc:73] Couldn't invoke ptxas --version
2020-05-13 22:24:38.938738: E tensorflow/core/platform/default/subprocess.cc:208] Start cannot fork() child process: Cannot allocate memory
2020-05-13 22:24:38.938914: W tensorflow/stream_executor/gpu/redzone_allocator.cc:314] Internal: Failed to launch ptxas
Relying on driver to perform ptx compilation. 
Modify $PATH to customize ptxas location.
This message will be only logged once.
2020-05-13 22:24:39.230458: E tensorflow/core/platform/default/subprocess.cc:208] Start cannot fork() child process: Cannot allocate memory
2020-05-13 22:24:39.465354: E tensorflow/core/platform/default/subprocess.cc:208] Start cannot fork() child process: Cannot allocate memory
2020-05-13 22:24:39.697957: E tensorflow/core/platform/default/subprocess.cc:208] Start cannot fork() child process: Cannot allocate memory
2020-05-13 22:24:39.930989: E tensorflow/core/platform/default/subprocess.cc:208] Start cannot fork() child process: Cannot allocate memory
2020-05-13 22:24:40.163159: E tensorflow/core/platform/default/subprocess.cc:208] Start cannot fork() child process: Cannot allocate memory
2020-05-13 22:24:40.391631: E tensorflow/core/platform/default/subprocess.cc:208] Start cannot fork() child process: Cannot allocate memory
2020-05-13 22:24:40.621876: E tensorflow/core/platform/default/subprocess.cc:208] Start cannot fork() child process: Cannot allocate memory
2020-05-13 22:24:40.856156: E tensorflow/core/platform/default/subprocess.cc:208] Start cannot fork() child process: Cannot allocate memory
2020-05-13 22:24:41.084348: E tensorflow/core/platform/default/subprocess.cc:208] Start cannot fork() child process: Cannot allocate memory
2020-05-13 22:24:41.320407: E tensorflow/core/platform/default/subprocess.cc:208] Start cannot fork() child process: Cannot allocate memory
2020-05-13 22:24:41.551828: E tensorflow/core/platform/default/subprocess.cc:208] Start cannot fork() child process: Cannot allocate memory
2020-05-13 22:24:41.783624: E tensorflow/core/platform/default/subprocess.cc:208] Start cannot fork() child process: Cannot allocate memory
2020-05-13 22:24:42.015734: E tensorflow/core/platform/default/subprocess.cc:208] Start cannot fork() child process: Cannot allocate memory
2020-05-13 22:24:42.247196: E tensorflow/core/platform/default/subprocess.cc:208] Start cannot fork() child process: Cannot allocate memory
2020-05-13 22:24:42.475638: E tensorflow/core/platform/default/subprocess.cc:208] Start cannot fork() child process: Cannot allocate memory
2020-05-13 22:24:42.707894: E tensorflow/core/platform/default/subprocess.cc:208] Start cannot fork() child process: Cannot allocate memory
2020-05-13 22:24:42.955104: E tensorflow/core/platform/default/subprocess.cc:208] Start cannot fork() child process: Cannot allocate memory
2020-05-13 22:24:43.192911: E tensorflow/core/platform/default/subprocess.cc:208] Start cannot fork() child process: Cannot allocate memory
2020-05-13 22:24:43.427071: E tensorflow/core/platform/default/subprocess.cc:208] Start cannot fork() child process: Cannot allocate memory
2020-05-13 22:24:43.658994: E tensorflow/core/platform/default/subprocess.cc:208] Start cannot fork() child process: Cannot allocate memory
2020-05-13 22:24:43.886664: E tensorflow/core/platform/default/subprocess.cc:208] Start cannot fork() child process: Cannot allocate memory
2020-05-13 22:24:44.123205: E tensorflow/core/platform/default/subprocess.cc:208] Start cannot fork() child process: Cannot allocate memory
2020-05-13 22:24:44.359487: E tensorflow/core/platform/default/subprocess.cc:208] Start cannot fork() child process: Cannot allocate memory
2020-05-13 22:24:44.597240: E tensorflow/core/platform/default/subprocess.cc:208] Start cannot fork() child process: Cannot allocate memory
2020-05-13 22:24:44.832839: E tensorflow/core/platform/default/subprocess.cc:208] Start cannot fork() child process: Cannot allocate memory
2020-05-13 22:24:45.070961: E tensorflow/core/platform/default/subprocess.cc:208] Start cannot fork() child process: Cannot allocate memory
2020-05-13 22:24:45.299992: E tensorflow/core/platform/default/subprocess.cc:208] Start cannot fork() child process: Cannot allocate memory
2020-05-13 22:24:45.539309: E tensorflow/core/platform/default/subprocess.cc:208] Start cannot fork() child process: Cannot allocate memory
2020-05-13 22:24:45.776774: E tensorflow/core/platform/default/subprocess.cc:208] Start cannot fork() child process: Cannot allocate memory
2020-05-13 22:24:46.008768: E tensorflow/core/platform/default/subprocess.cc:208] Start cannot fork() child process: Cannot allocate memory
2020-05-13 22:24:46.239912: E tensorflow/core/platform/default/subprocess.cc:208] Start cannot fork() child process: Cannot allocate memory
2020-05-13 22:24:46.468589: E tensorflow/core/platform/default/subprocess.cc:208] Start cannot fork() child process: Cannot allocate memory
2020-05-13 22:24:46.703478: E tensorflow/core/platform/default/subprocess.cc:208] Start cannot fork() child process: Cannot allocate memory
2020-05-13 22:24:46.936497: E tensorflow/core/platform/default/subprocess.cc:208] Start cannot fork() child process: Cannot allocate memory
2020-05-13 22:24:47.167455: E tensorflow/core/platform/default/subprocess.cc:208] Start cannot fork() child process: Cannot allocate memory
2020-05-13 22:24:47.400839: E tensorflow/core/platform/default/subprocess.cc:208] Start cannot fork() child process: Cannot allocate memory
2020-05-13 22:24:47.637145: E tensorflow/core/platform/default/subprocess.cc:208] Start cannot fork() child process: Cannot allocate memory
2020-05-13 22:24:47.869906: E tensorflow/core/platform/default/subprocess.cc:208] Start cannot fork() child process: Cannot allocate memory
2020-05-13 22:24:48.100384: E tensorflow/core/platform/default/subprocess.cc:208] Start cannot fork() child process: Cannot allocate memory
2020-05-13 22:24:48.339153: E tensorflow/core/platform/default/subprocess.cc:208] Start cannot fork() child process: Cannot allocate memory
2020-05-13 22:24:48.578054: E tensorflow/core/platform/default/subprocess.cc:208] Start cannot fork() child process: Cannot allocate memory
2020-05-13 22:24:48.808104: E tensorflow/core/platform/default/subprocess.cc:208] Start cannot fork() child process: Cannot allocate memory
2020-05-13 22:24:49.041859: E tensorflow/core/platform/default/subprocess.cc:208] Start cannot fork() child process: Cannot allocate memory
2020-05-13 22:24:49.280994: E tensorflow/core/platform/default/subprocess.cc:208] Start cannot fork() child process: Cannot allocate memory
2020-05-13 22:24:49.513862: E tensorflow/core/platform/default/subprocess.cc:208] Start cannot fork() child process: Cannot allocate memory
2020-05-13 22:24:49.750799: E tensorflow/core/platform/default/subprocess.cc:208] Start cannot fork() child process: Cannot allocate memory
2020-05-13 22:24:49.978270: E tensorflow/core/platform/default/subprocess.cc:208] Start cannot fork() child process: Cannot allocate memory
2020-05-13 22:24:50.223957: E tensorflow/core/platform/default/subprocess.cc:208] Start cannot fork() child process: Cannot allocate memory
2020-05-13 22:24:50.455254: E tensorflow/core/platform/default/subprocess.cc:208] Start cannot fork() child process: Cannot allocate memory
2020-05-13 22:24:50.689141: E tensorflow/core/platform/default/subprocess.cc:208] Start cannot fork() child process: Cannot allocate memory
2020-05-13 22:24:50.920466: E tensorflow/core/platform/default/subprocess.cc:208] Start cannot fork() child process: Cannot allocate memory
2020-05-13 22:24:51.154207: E tensorflow/core/platform/default/subprocess.cc:208] Start cannot fork() child process: Cannot allocate memory
2020-05-13 22:24:51.382634: E tensorflow/core/platform/default/subprocess.cc:208] Start cannot fork() child process: Cannot allocate memory
2020-05-13 22:24:51.614687: E tensorflow/core/platform/default/subprocess.cc:208] Start cannot fork() child process: Cannot allocate memory
2020-05-13 22:24:51.846742: E tensorflow/core/platform/default/subprocess.cc:208] Start cannot fork() child process: Cannot allocate memory
2020-05-13 22:24:52.079975: E tensorflow/core/platform/default/subprocess.cc:208] Start cannot fork() child process: Cannot allocate memory
2020-05-13 22:24:52.309823: E tensorflow/core/platform/default/subprocess.cc:208] Start cannot fork() child process: Cannot allocate memory
2020-05-13 22:24:52.541980: E tensorflow/core/platform/default/subprocess.cc:208] Start cannot fork() child process: Cannot allocate memory
2020-05-13 22:24:52.771579: E tensorflow/core/platform/default/subprocess.cc:208] Start cannot fork() child process: Cannot allocate memory
2020-05-13 22:24:53.006696: E tensorflow/core/platform/default/subprocess.cc:208] Start cannot fork() child process: Cannot allocate memory
2020-05-13 22:24:53.238949: E tensorflow/core/platform/default/subprocess.cc:208] Start cannot fork() child process: Cannot allocate memory
2020-05-13 22:24:53.471317: E tensorflow/core/platform/default/subprocess.cc:208] Start cannot fork() child process: Cannot allocate memory
2020-05-13 22:24:53.705954: E tensorflow/core/platform/default/subprocess.cc:208] Start cannot fork() child process: Cannot allocate memory
2020-05-13 22:24:53.937020: E tensorflow/core/platform/default/subprocess.cc:208] Start cannot fork() child process: Cannot allocate memory
2020-05-13 22:24:54.173268: E tensorflow/core/platform/default/subprocess.cc:208] Start cannot fork() child process: Cannot allocate memory
2020-05-13 22:24:54.403220: E tensorflow/core/platform/default/subprocess.cc:208] Start cannot fork() child process: Cannot allocate memory
2020-05-13 22:24:54.637327: E tensorflow/core/platform/default/subprocess.cc:208] Start cannot fork() child process: Cannot allocate memory
2020-05-13 22:24:54.873906: E tensorflow/core/platform/default/subprocess.cc:208] Start cannot fork() child process: Cannot allocate memory
2020-05-13 22:24:55.110070: E tensorflow/core/platform/default/subprocess.cc:208] Start cannot fork() child process: Cannot allocate memory
2020-05-13 22:24:55.341329: E tensorflow/core/platform/default/subprocess.cc:208] Start cannot fork() child process: Cannot allocate memory
2020-05-13 22:24:55.571514: E tensorflow/core/platform/default/subprocess.cc:208] Start cannot fork() child process: Cannot allocate memory
2020-05-13 22:24:55.802899: E tensorflow/core/platform/default/subprocess.cc:208] Start cannot fork() child process: Cannot allocate memory
2020-05-13 22:24:56.038360: E tensorflow/core/platform/default/subprocess.cc:208] Start cannot fork() child process: Cannot allocate memory
2020-05-13 22:24:56.272794: E tensorflow/core/platform/default/subprocess.cc:208] Start cannot fork() child process: Cannot allocate memory
2020-05-13 22:24:56.504448: E tensorflow/core/platform/default/subprocess.cc:208] Start cannot fork() child process: Cannot allocate memory
2020-05-13 22:24:56.735475: E tensorflow/core/platform/default/subprocess.cc:208] Start cannot fork() child process: Cannot allocate memory
2020-05-13 22:24:56.970718: E tensorflow/core/platform/default/subprocess.cc:208] Start cannot fork() child process: Cannot allocate memory
2020-05-13 22:24:57.208965: E tensorflow/core/platform/default/subprocess.cc:208] Start cannot fork() child process: Cannot allocate memory
2020-05-13 22:24:57.438441: E tensorflow/core/platform/default/subprocess.cc:208] Start cannot fork() child process: Cannot allocate memory
2020-05-13 22:24:57.673974: E tensorflow/core/platform/default/subprocess.cc:208] Start cannot fork() child process: Cannot allocate memory
2020-05-13 22:24:57.907907: E tensorflow/core/platform/default/subprocess.cc:208] Start cannot fork() child process: Cannot allocate memory
2020-05-13 22:24:58.138323: E tensorflow/core/platform/default/subprocess.cc:208] Start cannot fork() child process: Cannot allocate memory
2020-05-13 22:24:58.371899: E tensorflow/core/platform/default/subprocess.cc:208] Start cannot fork() child process: Cannot allocate memory
2020-05-13 22:24:58.610371: E tensorflow/core/platform/default/subprocess.cc:208] Start cannot fork() child process: Cannot allocate memory
2020-05-13 22:24:58.841906: E tensorflow/core/platform/default/subprocess.cc:208] Start cannot fork() child process: Cannot allocate memory
2020-05-13 22:24:59.079736: E tensorflow/core/platform/default/subprocess.cc:208] Start cannot fork() child process: Cannot allocate memory
2020-05-13 22:24:59.313962: E tensorflow/core/platform/default/subprocess.cc:208] Start cannot fork() child process: Cannot allocate memory
2020-05-13 22:24:59.546352: E tensorflow/core/platform/default/subprocess.cc:208] Start cannot fork() child process: Cannot allocate memory
2020-05-13 22:24:59.779977: E tensorflow/core/platform/default/subprocess.cc:208] Start cannot fork() child process: Cannot allocate memory
2020-05-13 22:25:00.011714: E tensorflow/core/platform/default/subprocess.cc:208] Start cannot fork() child process: Cannot allocate memory
2020-05-13 22:25:00.246114: E tensorflow/core/platform/default/subprocess.cc:208] Start cannot fork() child process: Cannot allocate memory
2020-05-13 22:25:00.487154: E tensorflow/core/platform/default/subprocess.cc:208] Start cannot fork() child process: Cannot allocate memory
2020-05-13 22:25:00.722204: E tensorflow/core/platform/default/subprocess.cc:208] Start cannot fork() child process: Cannot allocate memory
2020-05-13 22:25:00.957002: E tensorflow/core/platform/default/subprocess.cc:208] Start cannot fork() child process: Cannot allocate memory
2020-05-13 22:25:01.200017: E tensorflow/core/platform/default/subprocess.cc:208] Start cannot fork() child process: Cannot allocate memory
2020-05-13 22:25:01.441157: E tensorflow/core/platform/default/subprocess.cc:208] Start cannot fork() child process: Cannot allocate memory
2020-05-13 22:25:01.677877: E tensorflow/core/platform/default/subprocess.cc:208] Start cannot fork() child process: Cannot allocate memory
2020-05-13 22:25:01.910534: E tensorflow/core/platform/default/subprocess.cc:208] Start cannot fork() child process: Cannot allocate memory
2020-05-13 22:25:02.140993: E tensorflow/core/platform/default/subprocess.cc:208] Start cannot fork() child process: Cannot allocate memory
2020-05-13 22:25:02.368002: E tensorflow/core/platform/default/subprocess.cc:208] Start cannot fork() child process: Cannot allocate memory
2020-05-13 22:25:02.604133: E tensorflow/core/platform/default/subprocess.cc:208] Start cannot fork() child process: Cannot allocate memory
2020-05-13 22:25:02.836426: E tensorflow/core/platform/default/subprocess.cc:208] Start cannot fork() child process: Cannot allocate memory
2020-05-13 22:25:03.067788: E tensorflow/core/platform/default/subprocess.cc:208] Start cannot fork() child process: Cannot allocate memory
2020-05-13 22:25:03.303648: E tensorflow/core/platform/default/subprocess.cc:208] Start cannot fork() child process: Cannot allocate memory
2020-05-13 22:25:03.530000: E tensorflow/core/platform/default/subprocess.cc:208] Start cannot fork() child process: Cannot allocate memory
2020-05-13 22:25:03.765403: E tensorflow/core/platform/default/subprocess.cc:208] Start cannot fork() child process: Cannot allocate memory
2020-05-13 22:25:03.998513: E tensorflow/core/platform/default/subprocess.cc:208] Start cannot fork() child process: Cannot allocate memory
2020-05-13 22:30:25.991448: E tensorflow/core/platform/default/subprocess.cc:208] Start cannot fork() child process: Cannot allocate memory
2020-05-13 22:30:26.248280: E tensorflow/core/platform/default/subprocess.cc:208] Start cannot fork() child process: Cannot allocate memory
2020-05-13 22:30:26.516812: E tensorflow/core/platform/default/subprocess.cc:208] Start cannot fork() child process: Cannot allocate memory
2020-05-13 22:30:26.761002: E tensorflow/core/platform/default/subprocess.cc:208] Start cannot fork() child process: Cannot allocate memory
2020-05-13 22:30:27.005102: E tensorflow/core/platform/default/subprocess.cc:208] Start cannot fork() child process: Cannot allocate memory
2020-05-13 22:30:27.249190: E tensorflow/core/platform/default/subprocess.cc:208] Start cannot fork() child process: Cannot allocate memory
2020-05-13 22:30:27.500200: E tensorflow/core/platform/default/subprocess.cc:208] Start cannot fork() child process: Cannot allocate memory
2020-05-13 22:30:27.742099: E tensorflow/core/platform/default/subprocess.cc:208] Start cannot fork() child process: Cannot allocate memory
2020-05-13 22:30:28.002464: E tensorflow/core/platform/default/subprocess.cc:208] Start cannot fork() child process: Cannot allocate memory
2020-05-13 22:30:28.238199: E tensorflow/core/platform/default/subprocess.cc:208] Start cannot fork() child process: Cannot allocate memory
2020-05-13 22:30:28.479075: E tensorflow/core/platform/default/subprocess.cc:208] Start cannot fork() child process: Cannot allocate memory
2020-05-13 22:30:28.733231: E tensorflow/core/platform/default/subprocess.cc:208] Start cannot fork() child process: Cannot allocate memory
2020-05-13 22:30:28.965670: E tensorflow/core/platform/default/subprocess.cc:208] Start cannot fork() child process: Cannot allocate memory
2020-05-13 22:30:29.206132: E tensorflow/core/platform/default/subprocess.cc:208] Start cannot fork() child process: Cannot allocate memory
2020-05-13 22:30:29.447324: E tensorflow/core/platform/default/subprocess.cc:208] Start cannot fork() child process: Cannot allocate memory
2020-05-13 22:30:29.686050: E tensorflow/core/platform/default/subprocess.cc:208] Start cannot fork() child process: Cannot allocate memory
2020-05-13 22:30:29.921131: E tensorflow/core/platform/default/subprocess.cc:208] Start cannot fork() child process: Cannot allocate memory
2020-05-13 22:30:30.157304: E tensorflow/core/platform/default/subprocess.cc:208] Start cannot fork() child process: Cannot allocate memory
2020-05-13 22:30:30.397976: E tensorflow/core/platform/default/subprocess.cc:208] Start cannot fork() child process: Cannot allocate memory
2020-05-13 22:30:30.634023: E tensorflow/core/platform/default/subprocess.cc:208] Start cannot fork() child process: Cannot allocate memory
2020-05-13 22:30:30.869422: E tensorflow/core/platform/default/subprocess.cc:208] Start cannot fork() child process: Cannot allocate memory
2020-05-13 22:30:31.106262: E tensorflow/core/platform/default/subprocess.cc:208] Start cannot fork() child process: Cannot allocate memory
2020-05-13 22:30:31.346436: E tensorflow/core/platform/default/subprocess.cc:208] Start cannot fork() child process: Cannot allocate memory
2020-05-13 22:30:31.579623: E tensorflow/core/platform/default/subprocess.cc:208] Start cannot fork() child process: Cannot allocate memory
2020-05-13 22:30:31.826798: E tensorflow/core/platform/default/subprocess.cc:208] Start cannot fork() child process: Cannot allocate memory
2020-05-13 22:30:32.074194: E tensorflow/core/platform/default/subprocess.cc:208] Start cannot fork() child process: Cannot allocate memory
2020-05-13 22:30:32.307615: E tensorflow/core/platform/default/subprocess.cc:208] Start cannot fork() child process: Cannot allocate memory
2020-05-13 22:30:32.552346: E tensorflow/core/platform/default/subprocess.cc:208] Start cannot fork() child process: Cannot allocate memory
2020-05-13 22:30:32.787928: E tensorflow/core/platform/default/subprocess.cc:208] Start cannot fork() child process: Cannot allocate memory
2020-05-13 22:30:33.023159: E tensorflow/core/platform/default/subprocess.cc:208] Start cannot fork() child process: Cannot allocate memory
2020-05-13 22:30:33.257416: E tensorflow/core/platform/default/subprocess.cc:208] Start cannot fork() child process: Cannot allocate memory
2020-05-13 22:30:33.494420: E tensorflow/core/platform/default/subprocess.cc:208] Start cannot fork() child process: Cannot allocate memory
2020-05-13 22:30:33.741454: E tensorflow/core/platform/default/subprocess.cc:208] Start cannot fork() child process: Cannot allocate memory
2020-05-13 22:30:33.992754: E tensorflow/core/platform/default/subprocess.cc:208] Start cannot fork() child process: Cannot allocate memory
2020-05-13 22:30:34.233658: E tensorflow/core/platform/default/subprocess.cc:208] Start cannot fork() child process: Cannot allocate memory
2020-05-13 22:30:34.482339: E tensorflow/core/platform/default/subprocess.cc:208] Start cannot fork() child process: Cannot allocate memory
2020-05-13 22:30:34.721782: E tensorflow/core/platform/default/subprocess.cc:208] Start cannot fork() child process: Cannot allocate memory
2020-05-13 22:30:34.960015: E tensorflow/core/platform/default/subprocess.cc:208] Start cannot fork() child process: Cannot allocate memory
2020-05-13 22:30:35.193864: E tensorflow/core/platform/default/subprocess.cc:208] Start cannot fork() child process: Cannot allocate memory
2020-05-13 22:30:35.431429: E tensorflow/core/platform/default/subprocess.cc:208] Start cannot fork() child process: Cannot allocate memory
2020-05-13 22:30:35.665091: E tensorflow/core/platform/default/subprocess.cc:208] Start cannot fork() child process: Cannot allocate memory
2020-05-13 22:30:35.900179: E tensorflow/core/platform/default/subprocess.cc:208] Start cannot fork() child process: Cannot allocate memory
2020-05-13 22:30:36.136875: E tensorflow/core/platform/default/subprocess.cc:208] Start cannot fork() child process: Cannot allocate memory
2020-05-13 22:30:36.374766: E tensorflow/core/platform/default/subprocess.cc:208] Start cannot fork() child process: Cannot allocate memory
2020-05-13 22:30:36.609153: E tensorflow/core/platform/default/subprocess.cc:208] Start cannot fork() child process: Cannot allocate memory
2020-05-13 22:30:36.859014: E tensorflow/core/platform/default/subprocess.cc:208] Start cannot fork() child process: Cannot allocate memory
2020-05-13 22:30:37.099359: E tensorflow/core/platform/default/subprocess.cc:208] Start cannot fork() child process: Cannot allocate memory
2020-05-13 22:30:37.344100: E tensorflow/core/platform/default/subprocess.cc:208] Start cannot fork() child process: Cannot allocate memory
2020-05-13 22:30:37.578545: E tensorflow/core/platform/default/subprocess.cc:208] Start cannot fork() child process: Cannot allocate memory
2020-05-13 22:30:37.814021: E tensorflow/core/platform/default/subprocess.cc:208] Start cannot fork() child process: Cannot allocate memory
2020-05-13 22:30:38.048282: E tensorflow/core/platform/default/subprocess.cc:208] Start cannot fork() child process: Cannot allocate memory
2020-05-13 22:30:38.291319: E tensorflow/core/platform/default/subprocess.cc:208] Start cannot fork() child process: Cannot allocate memory
2020-05-13 22:30:38.533240: E tensorflow/core/platform/default/subprocess.cc:208] Start cannot fork() child process: Cannot allocate memory
2020-05-13 22:30:38.781356: E tensorflow/core/platform/default/subprocess.cc:208] Start cannot fork() child process: Cannot allocate memory
2020-05-13 22:30:39.029352: E tensorflow/core/platform/default/subprocess.cc:208] Start cannot fork() child process: Cannot allocate memory
2020-05-13 22:30:39.270459: E tensorflow/core/platform/default/subprocess.cc:208] Start cannot fork() child process: Cannot allocate memory
2020-05-13 22:30:39.510008: E tensorflow/core/platform/default/subprocess.cc:208] Start cannot fork() child process: Cannot allocate memory
2020-05-13 22:30:39.746009: E tensorflow/core/platform/default/subprocess.cc:208] Start cannot fork() child process: Cannot allocate memory
2020-05-13 22:30:39.987286: E tensorflow/core/platform/default/subprocess.cc:208] Start cannot fork() child process: Cannot allocate memory
2020-05-13 22:30:40.222407: E tensorflow/core/platform/default/subprocess.cc:208] Start cannot fork() child process: Cannot allocate memory
2020-05-13 22:30:40.458076: E tensorflow/core/platform/default/subprocess.cc:208] Start cannot fork() child process: Cannot allocate memory
2020-05-13 22:30:40.694407: E tensorflow/core/platform/default/subprocess.cc:208] Start cannot fork() child process: Cannot allocate memory
2020-05-13 22:30:40.944892: E tensorflow/core/platform/default/subprocess.cc:208] Start cannot fork() child process: Cannot allocate memory
2020-05-13 22:30:41.179802: E tensorflow/core/platform/default/subprocess.cc:208] Start cannot fork() child process: Cannot allocate memory
2020-05-13 22:30:41.423530: E tensorflow/core/platform/default/subprocess.cc:208] Start cannot fork() child process: Cannot allocate memory
2020-05-13 22:30:41.672668: E tensorflow/core/platform/default/subprocess.cc:208] Start cannot fork() child process: Cannot allocate memory
2020-05-13 22:30:41.917493: E tensorflow/core/platform/default/subprocess.cc:208] Start cannot fork() child process: Cannot allocate memory
2020-05-13 22:30:42.153344: E tensorflow/core/platform/default/subprocess.cc:208] Start cannot fork() child process: Cannot allocate memory
2020-05-13 22:30:42.395505: E tensorflow/core/platform/default/subprocess.cc:208] Start cannot fork() child process: Cannot allocate memory
2020-05-13 22:30:42.630808: E tensorflow/core/platform/default/subprocess.cc:208] Start cannot fork() child process: Cannot allocate memory
2020-05-13 22:30:42.867686: E tensorflow/core/platform/default/subprocess.cc:208] Start cannot fork() child process: Cannot allocate memory
2020-05-13 22:30:43.107729: E tensorflow/core/platform/default/subprocess.cc:208] Start cannot fork() child process: Cannot allocate memory
2020-05-13 22:30:43.348958: E tensorflow/core/platform/default/subprocess.cc:208] Start cannot fork() child process: Cannot allocate memory
2020-05-13 22:30:43.591709: E tensorflow/core/platform/default/subprocess.cc:208] Start cannot fork() child process: Cannot allocate memory
2020-05-13 22:30:43.824482: E tensorflow/core/platform/default/subprocess.cc:208] Start cannot fork() child process: Cannot allocate memory
2020-05-13 22:30:44.067158: E tensorflow/core/platform/default/subprocess.cc:208] Start cannot fork() child process: Cannot allocate memory
2020-05-13 22:30:44.303037: E tensorflow/core/platform/default/subprocess.cc:208] Start cannot fork() child process: Cannot allocate memory
2020-05-13 22:30:44.539436: E tensorflow/core/platform/default/subprocess.cc:208] Start cannot fork() child process: Cannot allocate memory
2020-05-13 22:30:44.776143: E tensorflow/core/platform/default/subprocess.cc:208] Start cannot fork() child process: Cannot allocate memory
2020-05-13 22:30:45.025873: E tensorflow/core/platform/default/subprocess.cc:208] Start cannot fork() child process: Cannot allocate memory
2020-05-13 22:30:45.261537: E tensorflow/core/platform/default/subprocess.cc:208] Start cannot fork() child process: Cannot allocate memory
2020-05-13 22:30:45.498277: E tensorflow/core/platform/default/subprocess.cc:208] Start cannot fork() child process: Cannot allocate memory
2020-05-13 22:30:45.733131: E tensorflow/core/platform/default/subprocess.cc:208] Start cannot fork() child process: Cannot allocate memory
2020-05-13 22:30:45.972247: E tensorflow/core/platform/default/subprocess.cc:208] Start cannot fork() child process: Cannot allocate memory
2020-05-13 22:30:46.207794: E tensorflow/core/platform/default/subprocess.cc:208] Start cannot fork() child process: Cannot allocate memory
2020-05-13 22:30:46.444244: E tensorflow/core/platform/default/subprocess.cc:208] Start cannot fork() child process: Cannot allocate memory
2020-05-13 22:30:46.691369: E tensorflow/core/platform/default/subprocess.cc:208] Start cannot fork() child process: Cannot allocate memory
2020-05-13 22:30:46.927038: E tensorflow/core/platform/default/subprocess.cc:208] Start cannot fork() child process: Cannot allocate memory
2020-05-13 22:30:47.168707: E tensorflow/core/platform/default/subprocess.cc:208] Start cannot fork() child process: Cannot allocate memory
2020-05-13 22:30:47.404376: E tensorflow/core/platform/default/subprocess.cc:208] Start cannot fork() child process: Cannot allocate memory
2020-05-13 22:30:47.648533: E tensorflow/core/platform/default/subprocess.cc:208] Start cannot fork() child process: Cannot allocate memory
2020-05-13 22:30:47.884269: E tensorflow/core/platform/default/subprocess.cc:208] Start cannot fork() child process: Cannot allocate memory
2020-05-13 22:30:48.131193: E tensorflow/core/platform/default/subprocess.cc:208] Start cannot fork() child process: Cannot allocate memory
2020-05-13 22:30:48.368552: E tensorflow/core/platform/default/subprocess.cc:208] Start cannot fork() child process: Cannot allocate memory
2020-05-13 22:30:48.604197: E tensorflow/core/platform/default/subprocess.cc:208] Start cannot fork() child process: Cannot allocate memory
2020-05-13 22:30:48.847478: E tensorflow/core/platform/default/subprocess.cc:208] Start cannot fork() child process: Cannot allocate memory
2020-05-13 22:30:49.090403: E tensorflow/core/platform/default/subprocess.cc:208] Start cannot fork() child process: Cannot allocate memory
2020-05-13 22:30:49.333517: E tensorflow/core/platform/default/subprocess.cc:208] Start cannot fork() child process: Cannot allocate memory
2020-05-13 22:30:49.576861: E tensorflow/core/platform/default/subprocess.cc:208] Start cannot fork() child process: Cannot allocate memory
2020-05-13 22:30:49.817615: E tensorflow/core/platform/default/subprocess.cc:208] Start cannot fork() child process: Cannot allocate memory
2020-05-13 22:30:50.058749: E tensorflow/core/platform/default/subprocess.cc:208] Start cannot fork() child process: Cannot allocate memory
2020-05-13 22:30:50.301414: E tensorflow/core/platform/default/subprocess.cc:208] Start cannot fork() child process: Cannot allocate memory
2020-05-13 22:30:50.542771: E tensorflow/core/platform/default/subprocess.cc:208] Start cannot fork() child process: Cannot allocate memory
2020-05-13 22:30:50.785886: E tensorflow/core/platform/default/subprocess.cc:208] Start cannot fork() child process: Cannot allocate memory
2020-05-13 22:30:51.028432: E tensorflow/core/platform/default/subprocess.cc:208] Start cannot fork() child process: Cannot allocate memory
2020-05-13 22:30:51.268550: E tensorflow/core/platform/default/subprocess.cc:208] Start cannot fork() child process: Cannot allocate memory
2020-05-13 22:30:51.511276: E tensorflow/core/platform/default/subprocess.cc:208] Start cannot fork() child process: Cannot allocate memory
2020-05-13 22:30:51.755839: E tensorflow/core/platform/default/subprocess.cc:208] Start cannot fork() child process: Cannot allocate memory
2020-05-13 22:30:52.002565: E tensorflow/core/platform/default/subprocess.cc:208] Start cannot fork() child process: Cannot allocate memory
2020-05-13 22:30:52.241063: E tensorflow/core/platform/default/subprocess.cc:208] Start cannot fork() child process: Cannot allocate memory
2020-05-13 22:30:52.486024: E tensorflow/core/platform/default/subprocess.cc:208] Start cannot fork() child process: Cannot allocate memory
2020-05-13 22:30:52.730480: E tensorflow/core/platform/default/subprocess.cc:208] Start cannot fork() child process: Cannot allocate memory
2020-05-13 22:30:52.974010: E tensorflow/core/platform/default/subprocess.cc:208] Start cannot fork() child process: Cannot allocate memory
2020-05-13 22:30:53.219420: E tensorflow/core/platform/default/subprocess.cc:208] Start cannot fork() child process: Cannot allocate memory
2020-05-13 22:30:53.466162: E tensorflow/core/platform/default/subprocess.cc:208] Start cannot fork() child process: Cannot allocate memory
2020-05-13 22:30:53.710691: E tensorflow/core/platform/default/subprocess.cc:208] Start cannot fork() child process: Cannot allocate memory
2020-05-13 22:30:53.957268: E tensorflow/core/platform/default/subprocess.cc:208] Start cannot fork() child process: Cannot allocate memory
2020-05-13 22:30:54.202143: E tensorflow/core/platform/default/subprocess.cc:208] Start cannot fork() child process: Cannot allocate memory
2020-05-13 22:30:54.445790: E tensorflow/core/platform/default/subprocess.cc:208] Start cannot fork() child process: Cannot allocate memory
2020-05-13 22:30:54.685839: E tensorflow/core/platform/default/subprocess.cc:208] Start cannot fork() child process: Cannot allocate memory
2020-05-13 22:30:54.933427: E tensorflow/core/platform/default/subprocess.cc:208] Start cannot fork() child process: Cannot allocate memory
2020-05-13 22:30:55.176804: E tensorflow/core/platform/default/subprocess.cc:208] Start cannot fork() child process: Cannot allocate memory
2020-05-13 22:30:55.416471: E tensorflow/core/platform/default/subprocess.cc:208] Start cannot fork() child process: Cannot allocate memory
2020-05-13 22:30:55.661268: E tensorflow/core/platform/default/subprocess.cc:208] Start cannot fork() child process: Cannot allocate memory
2020-05-13 22:30:55.901078: E tensorflow/core/platform/default/subprocess.cc:208] Start cannot fork() child process: Cannot allocate memory
2020-05-13 22:30:56.151266: E tensorflow/core/platform/default/subprocess.cc:208] Start cannot fork() child process: Cannot allocate memory
2020-05-13 22:30:56.406131: E tensorflow/core/platform/default/subprocess.cc:208] Start cannot fork() child process: Cannot allocate memory
2020-05-13 22:30:56.653105: E tensorflow/core/platform/default/subprocess.cc:208] Start cannot fork() child process: Cannot allocate memory
2020-05-13 22:30:56.899146: E tensorflow/core/platform/default/subprocess.cc:208] Start cannot fork() child process: Cannot allocate memory
2020-05-13 22:30:57.144611: E tensorflow/core/platform/default/subprocess.cc:208] Start cannot fork() child process: Cannot allocate memory
2020-05-13 22:30:57.386591: E tensorflow/core/platform/default/subprocess.cc:208] Start cannot fork() child process: Cannot allocate memory
2020-05-13 22:30:57.628140: E tensorflow/core/platform/default/subprocess.cc:208] Start cannot fork() child process: Cannot allocate memory
2020-05-13 22:30:57.866749: E tensorflow/core/platform/default/subprocess.cc:208] Start cannot fork() child process: Cannot allocate memory
2020-05-13 22:30:58.111104: E tensorflow/core/platform/default/subprocess.cc:208] Start cannot fork() child process: Cannot allocate memory
2020-05-13 22:30:58.355467: E tensorflow/core/platform/default/subprocess.cc:208] Start cannot fork() child process: Cannot allocate memory
2020-05-13 22:30:58.597250: E tensorflow/core/platform/default/subprocess.cc:208] Start cannot fork() child process: Cannot allocate memory
2020-05-13 22:30:58.841702: E tensorflow/core/platform/default/subprocess.cc:208] Start cannot fork() child process: Cannot allocate memory
2020-05-13 22:30:59.080604: E tensorflow/core/platform/default/subprocess.cc:208] Start cannot fork() child process: Cannot allocate memory
2020-05-13 22:30:59.326756: E tensorflow/core/platform/default/subprocess.cc:208] Start cannot fork() child process: Cannot allocate memory
2020-05-13 22:30:59.578129: E tensorflow/core/platform/default/subprocess.cc:208] Start cannot fork() child process: Cannot allocate memory
2020-05-13 22:30:59.819671: E tensorflow/core/platform/default/subprocess.cc:208] Start cannot fork() child process: Cannot allocate memory
2020-05-13 22:31:00.066192: E tensorflow/core/platform/default/subprocess.cc:208] Start cannot fork() child process: Cannot allocate memory
2020-05-13 22:31:00.309546: E tensorflow/core/platform/default/subprocess.cc:208] Start cannot fork() child process: Cannot allocate memory
2020-05-13 22:31:00.551179: E tensorflow/core/platform/default/subprocess.cc:208] Start cannot fork() child process: Cannot allocate memory
2020-05-13 22:31:00.792895: E tensorflow/core/platform/default/subprocess.cc:208] Start cannot fork() child process: Cannot allocate memory
2020-05-13 22:31:01.036225: E tensorflow/core/platform/default/subprocess.cc:208] Start cannot fork() child process: Cannot allocate memory
2020-05-13 22:31:01.276628: E tensorflow/core/platform/default/subprocess.cc:208] Start cannot fork() child process: Cannot allocate memory
2020-05-13 22:31:01.520111: E tensorflow/core/platform/default/subprocess.cc:208] Start cannot fork() child process: Cannot allocate memory
2020-05-13 22:31:01.759710: E tensorflow/core/platform/default/subprocess.cc:208] Start cannot fork() child process: Cannot allocate memory
2020-05-13 22:31:02.006423: E tensorflow/core/platform/default/subprocess.cc:208] Start cannot fork() child process: Cannot allocate memory
2020-05-13 22:31:02.253991: E tensorflow/core/platform/default/subprocess.cc:208] Start cannot fork() child process: Cannot allocate memory
2020-05-13 22:31:02.496591: E tensorflow/core/platform/default/subprocess.cc:208] Start cannot fork() child process: Cannot allocate memory
2020-05-13 22:31:02.741816: E tensorflow/core/platform/default/subprocess.cc:208] Start cannot fork() child process: Cannot allocate memory
2020-05-13 22:31:02.982372: E tensorflow/core/platform/default/subprocess.cc:208] Start cannot fork() child process: Cannot allocate memory
2020-05-13 22:31:03.222138: E tensorflow/core/platform/default/subprocess.cc:208] Start cannot fork() child process: Cannot allocate memory
2020-05-13 22:31:03.463677: E tensorflow/core/platform/default/subprocess.cc:208] Start cannot fork() child process: Cannot allocate memory
2020-05-13 22:31:23.524144: E tensorflow/core/platform/default/subprocess.cc:208] Start cannot fork() child process: Cannot allocate memory
2020-05-13 22:31:23.775832: E tensorflow/core/platform/default/subprocess.cc:208] Start cannot fork() child process: Cannot allocate memory
2020-05-13 22:31:24.032698: E tensorflow/core/platform/default/subprocess.cc:208] Start cannot fork() child process: Cannot allocate memory
2020-05-13 22:31:24.279297: E tensorflow/core/platform/default/subprocess.cc:208] Start cannot fork() child process: Cannot allocate memory
2020-05-13 22:31:24.547811: E tensorflow/core/platform/default/subprocess.cc:208] Start cannot fork() child process: Cannot allocate memory
2020-05-13 22:31:24.797553: E tensorflow/core/platform/default/subprocess.cc:208] Start cannot fork() child process: Cannot allocate memory
2020-05-13 22:31:25.059098: E tensorflow/core/platform/default/subprocess.cc:208] Start cannot fork() child process: Cannot allocate memory
2020-05-13 22:31:25.301980: E tensorflow/core/platform/default/subprocess.cc:208] Start cannot fork() child process: Cannot allocate memory
2020-05-13 22:31:25.553319: E tensorflow/core/platform/default/subprocess.cc:208] Start cannot fork() child process: Cannot allocate memory
2020-05-13 22:31:25.796277: E tensorflow/core/platform/default/subprocess.cc:208] Start cannot fork() child process: Cannot allocate memory
2020-05-13 22:31:26.047635: E tensorflow/core/platform/default/subprocess.cc:208] Start cannot fork() child process: Cannot allocate memory
2020-05-13 22:31:26.324394: E tensorflow/core/platform/default/subprocess.cc:208] Start cannot fork() child process: Cannot allocate memory
2020-05-13 22:31:26.587821: E tensorflow/core/platform/default/subprocess.cc:208] Start cannot fork() child process: Cannot allocate memory
2020-05-13 22:31:26.850155: E tensorflow/core/platform/default/subprocess.cc:208] Start cannot fork() child process: Cannot allocate memory
2020-05-13 22:31:27.122870: E tensorflow/core/platform/default/subprocess.cc:208] Start cannot fork() child process: Cannot allocate memory
2020-05-13 22:31:27.397580: E tensorflow/core/platform/default/subprocess.cc:208] Start cannot fork() child process: Cannot allocate memory
2020-05-13 22:31:27.666243: E tensorflow/core/platform/default/subprocess.cc:208] Start cannot fork() child process: Cannot allocate memory
2020-05-13 22:31:27.921116: E tensorflow/core/platform/default/subprocess.cc:208] Start cannot fork() child process: Cannot allocate memory
2020-05-13 22:31:28.180252: E tensorflow/core/platform/default/subprocess.cc:208] Start cannot fork() child process: Cannot allocate memory
2020-05-13 22:31:28.437038: E tensorflow/core/platform/default/subprocess.cc:208] Start cannot fork() child process: Cannot allocate memory
2020-05-13 22:31:28.687262: E tensorflow/core/platform/default/subprocess.cc:208] Start cannot fork() child process: Cannot allocate memory
2020-05-13 22:31:28.968679: E tensorflow/core/platform/default/subprocess.cc:208] Start cannot fork() child process: Cannot allocate memory
2020-05-13 22:31:29.230286: E tensorflow/core/platform/default/subprocess.cc:208] Start cannot fork() child process: Cannot allocate memory
2020-05-13 22:31:29.475214: E tensorflow/core/platform/default/subprocess.cc:208] Start cannot fork() child process: Cannot allocate memory
2020-05-13 22:31:29.725031: E tensorflow/core/platform/default/subprocess.cc:208] Start cannot fork() child process: Cannot allocate memory
2020-05-13 22:31:29.969362: E tensorflow/core/platform/default/subprocess.cc:208] Start cannot fork() child process: Cannot allocate memory
2020-05-13 22:31:30.222273: E tensorflow/core/platform/default/subprocess.cc:208] Start cannot fork() child process: Cannot allocate memory
2020-05-13 22:31:30.468707: E tensorflow/core/platform/default/subprocess.cc:208] Start cannot fork() child process: Cannot allocate memory
2020-05-13 22:31:30.713693: E tensorflow/core/platform/default/subprocess.cc:208] Start cannot fork() child process: Cannot allocate memory
2020-05-13 22:31:30.960991: E tensorflow/core/platform/default/subprocess.cc:208] Start cannot fork() child process: Cannot allocate memory
2020-05-13 22:31:31.213677: E tensorflow/core/platform/default/subprocess.cc:208] Start cannot fork() child process: Cannot allocate memory
2020-05-13 22:31:31.458201: E tensorflow/core/platform/default/subprocess.cc:208] Start cannot fork() child process: Cannot allocate memory
2020-05-13 22:31:31.712280: E tensorflow/core/platform/default/subprocess.cc:208] Start cannot fork() child process: Cannot allocate memory
2020-05-13 22:31:31.961429: E tensorflow/core/platform/default/subprocess.cc:208] Start cannot fork() child process: Cannot allocate memory
2020-05-13 22:31:32.213223: E tensorflow/core/platform/default/subprocess.cc:208] Start cannot fork() child process: Cannot allocate memory
2020-05-13 22:31:32.465071: E tensorflow/core/platform/default/subprocess.cc:208] Start cannot fork() child process: Cannot allocate memory
2020-05-13 22:31:32.703106: E tensorflow/core/platform/default/subprocess.cc:208] Start cannot fork() child process: Cannot allocate memory
2020-05-13 22:31:32.950768: E tensorflow/core/platform/default/subprocess.cc:208] Start cannot fork() child process: Cannot allocate memory
2020-05-13 22:31:33.193371: E tensorflow/core/platform/default/subprocess.cc:208] Start cannot fork() child process: Cannot allocate memory
2020-05-13 22:31:33.438073: E tensorflow/core/platform/default/subprocess.cc:208] Start cannot fork() child process: Cannot allocate memory
2020-05-13 22:31:33.681457: E tensorflow/core/platform/default/subprocess.cc:208] Start cannot fork() child process: Cannot allocate memory
2020-05-13 22:31:33.927466: E tensorflow/core/platform/default/subprocess.cc:208] Start cannot fork() child process: Cannot allocate memory
2020-05-13 22:31:34.170804: E tensorflow/core/platform/default/subprocess.cc:208] Start cannot fork() child process: Cannot allocate memory
2020-05-13 22:31:34.414048: E tensorflow/core/platform/default/subprocess.cc:208] Start cannot fork() child process: Cannot allocate memory
2020-05-13 22:31:34.655279: E tensorflow/core/platform/default/subprocess.cc:208] Start cannot fork() child process: Cannot allocate memory
2020-05-13 22:31:34.905972: E tensorflow/core/platform/default/subprocess.cc:208] Start cannot fork() child process: Cannot allocate memory
2020-05-13 22:31:35.158373: E tensorflow/core/platform/default/subprocess.cc:208] Start cannot fork() child process: Cannot allocate memory
2020-05-13 22:31:35.408737: E tensorflow/core/platform/default/subprocess.cc:208] Start cannot fork() child process: Cannot allocate memory
2020-05-13 22:31:35.653160: E tensorflow/core/platform/default/subprocess.cc:208] Start cannot fork() child process: Cannot allocate memory
2020-05-13 22:31:35.897245: E tensorflow/core/platform/default/subprocess.cc:208] Start cannot fork() child process: Cannot allocate memory
2020-05-13 22:31:36.149107: E tensorflow/core/platform/default/subprocess.cc:208] Start cannot fork() child process: Cannot allocate memory
2020-05-13 22:31:36.402158: E tensorflow/core/platform/default/subprocess.cc:208] Start cannot fork() child process: Cannot allocate memory
2020-05-13 22:31:36.650178: E tensorflow/core/platform/default/subprocess.cc:208] Start cannot fork() child process: Cannot allocate memory
2020-05-13 22:31:36.895411: E tensorflow/core/platform/default/subprocess.cc:208] Start cannot fork() child process: Cannot allocate memory
2020-05-13 22:31:37.139523: E tensorflow/core/platform/default/subprocess.cc:208] Start cannot fork() child process: Cannot allocate memory
2020-05-13 22:31:37.387730: E tensorflow/core/platform/default/subprocess.cc:208] Start cannot fork() child process: Cannot allocate memory
2020-05-13 22:31:37.633477: E tensorflow/core/platform/default/subprocess.cc:208] Start cannot fork() child process: Cannot allocate memory
2020-05-13 22:31:37.882584: E tensorflow/core/platform/default/subprocess.cc:208] Start cannot fork() child process: Cannot allocate memory
2020-05-13 22:31:38.124028: E tensorflow/core/platform/default/subprocess.cc:208] Start cannot fork() child process: Cannot allocate memory
2020-05-13 22:31:38.368085: E tensorflow/core/platform/default/subprocess.cc:208] Start cannot fork() child process: Cannot allocate memory
2020-05-13 22:31:38.626875: E tensorflow/core/platform/default/subprocess.cc:208] Start cannot fork() child process: Cannot allocate memory
2020-05-13 22:31:38.873728: E tensorflow/core/platform/default/subprocess.cc:208] Start cannot fork() child process: Cannot allocate memory
2020-05-13 22:31:39.125450: E tensorflow/core/platform/default/subprocess.cc:208] Start cannot fork() child process: Cannot allocate memory
2020-05-13 22:31:39.375844: E tensorflow/core/platform/default/subprocess.cc:208] Start cannot fork() child process: Cannot allocate memory
2020-05-13 22:31:39.632560: E tensorflow/core/platform/default/subprocess.cc:208] Start cannot fork() child process: Cannot allocate memory
2020-05-13 22:31:39.875336: E tensorflow/core/platform/default/subprocess.cc:208] Start cannot fork() child process: Cannot allocate memory
2020-05-13 22:31:40.128169: E tensorflow/core/platform/default/subprocess.cc:208] Start cannot fork() child process: Cannot allocate memory
2020-05-13 22:31:40.369804: E tensorflow/core/platform/default/subprocess.cc:208] Start cannot fork() child process: Cannot allocate memory
2020-05-13 22:31:40.613492: E tensorflow/core/platform/default/subprocess.cc:208] Start cannot fork() child process: Cannot allocate memory
2020-05-13 22:31:40.856017: E tensorflow/core/platform/default/subprocess.cc:208] Start cannot fork() child process: Cannot allocate memory
2020-05-13 22:31:41.105442: E tensorflow/core/platform/default/subprocess.cc:208] Start cannot fork() child process: Cannot allocate memory
2020-05-13 22:31:41.357312: E tensorflow/core/platform/default/subprocess.cc:208] Start cannot fork() child process: Cannot allocate memory
2020-05-13 22:31:41.614692: E tensorflow/core/platform/default/subprocess.cc:208] Start cannot fork() child process: Cannot allocate memory
2020-05-13 22:31:41.858258: E tensorflow/core/platform/default/subprocess.cc:208] Start cannot fork() child process: Cannot allocate memory
2020-05-13 22:31:42.112518: E tensorflow/core/platform/default/subprocess.cc:208] Start cannot fork() child process: Cannot allocate memory
2020-05-13 22:31:42.361384: E tensorflow/core/platform/default/subprocess.cc:208] Start cannot fork() child process: Cannot allocate memory
2020-05-13 22:31:42.613074: E tensorflow/core/platform/default/subprocess.cc:208] Start cannot fork() child process: Cannot allocate memory
2020-05-13 22:31:42.856193: E tensorflow/core/platform/default/subprocess.cc:208] Start cannot fork() child process: Cannot allocate memory
2020-05-13 22:31:43.105177: E tensorflow/core/platform/default/subprocess.cc:208] Start cannot fork() child process: Cannot allocate memory
2020-05-13 22:31:43.353023: E tensorflow/core/platform/default/subprocess.cc:208] Start cannot fork() child process: Cannot allocate memory
2020-05-13 22:31:43.598310: E tensorflow/core/platform/default/subprocess.cc:208] Start cannot fork() child process: Cannot allocate memory
2020-05-13 22:31:43.842639: E tensorflow/core/platform/default/subprocess.cc:208] Start cannot fork() child process: Cannot allocate memory
2020-05-13 22:31:44.093314: E tensorflow/core/platform/default/subprocess.cc:208] Start cannot fork() child process: Cannot allocate memory
2020-05-13 22:31:44.337363: E tensorflow/core/platform/default/subprocess.cc:208] Start cannot fork() child process: Cannot allocate memory
2020-05-13 22:31:44.578044: E tensorflow/core/platform/default/subprocess.cc:208] Start cannot fork() child process: Cannot allocate memory
2020-05-13 22:31:44.824259: E tensorflow/core/platform/default/subprocess.cc:208] Start cannot fork() child process: Cannot allocate memory
2020-05-13 22:31:45.080625: E tensorflow/core/platform/default/subprocess.cc:208] Start cannot fork() child process: Cannot allocate memory
2020-05-13 22:31:45.327027: E tensorflow/core/platform/default/subprocess.cc:208] Start cannot fork() child process: Cannot allocate memory
2020-05-13 22:31:45.573803: E tensorflow/core/platform/default/subprocess.cc:208] Start cannot fork() child process: Cannot allocate memory
2020-05-13 22:31:45.821837: E tensorflow/core/platform/default/subprocess.cc:208] Start cannot fork() child process: Cannot allocate memory
2020-05-13 22:31:46.075953: E tensorflow/core/platform/default/subprocess.cc:208] Start cannot fork() child process: Cannot allocate memory
2020-05-13 22:31:46.333931: E tensorflow/core/platform/default/subprocess.cc:208] Start cannot fork() child process: Cannot allocate memory
2020-05-13 22:31:46.572091: E tensorflow/core/platform/default/subprocess.cc:208] Start cannot fork() child process: Cannot allocate memory
2020-05-13 22:31:46.821631: E tensorflow/core/platform/default/subprocess.cc:208] Start cannot fork() child process: Cannot allocate memory
2020-05-13 22:31:47.067516: E tensorflow/core/platform/default/subprocess.cc:208] Start cannot fork() child process: Cannot allocate memory
2020-05-13 22:31:47.315909: E tensorflow/core/platform/default/subprocess.cc:208] Start cannot fork() child process: Cannot allocate memory
Processing Data...
Processing sequences of length: 0.5kk

Processing forward host data...
Processing prokaryote training data from ProkTr#ProkTr#0.5k_seq406097_codefw.npy
Processing eukaryote training data from EukTr#EukTr#0.5k_seq415526_codefw.npy
Processing reverse host data...
Processing prokaryote training data from ProkTr#ProkTr#0.5k_seq406097_codebw.npy
Processing eukaryote training data from EukTr#EukTr#0.5k_seq415526_codebw.npy
Processing plasmid data
Processing plasmid data - bw
Processing virus data...
Processing prokaryotevirus training data from ProkVirusTr#ProkVirusTr#0.5k_seq411309_codefw.npy
Processin eukaryotevirus training data from EukVirusTr#EukVirusTr#0.5k_seq504865_codefw.npy
Processing virus data...
Processing prokaryotevirus training data from ProkVirusTr#ProkVirusTr#0.5k_seq411309_codebw.npy
Processin eukaryotevirus training data from EukVirusTr#EukVirusTr#0.5k_seq504865_codebw.npy
Processing Validation Data...
Processing Validation Data - bw...
(2166210, 500, 4)
(2166210, 500, 4)
(2166210, 5)
(230004, 500, 4)
(230004, 500, 4)
(230004, 5)
Model: "model"
__________________________________________________________________________________________________
Layer (type)                    Output Shape         Param #     Connected to                     
==================================================================================================
input_1 (InputLayer)            [(None, None, 4)]    0                                            
__________________________________________________________________________________________________
input_2 (InputLayer)            [(None, None, 4)]    0                                            
__________________________________________________________________________________________________
conv1d (Conv1D)                 (None, None, 64)     1600        input_1[0][0]                    
                                                                 input_2[0][0]                    
__________________________________________________________________________________________________
max_pooling1d (MaxPooling1D)    (None, None, 64)     0           conv1d[0][0]                     
                                                                 conv1d[1][0]                     
__________________________________________________________________________________________________
batch_normalization (BatchNorma (None, None, 64)     256         max_pooling1d[0][0]              
                                                                 max_pooling1d[1][0]              
__________________________________________________________________________________________________
conv1d_1 (Conv1D)               (None, None, 128)    24704       batch_normalization[0][0]        
                                                                 batch_normalization[1][0]        
__________________________________________________________________________________________________
max_pooling1d_1 (MaxPooling1D)  (None, None, 128)    0           conv1d_1[0][0]                   
                                                                 conv1d_1[1][0]                   
__________________________________________________________________________________________________
batch_normalization_1 (BatchNor (None, None, 128)    512         max_pooling1d_1[0][0]            
                                                                 max_pooling1d_1[1][0]            
__________________________________________________________________________________________________
conv1d_2 (Conv1D)               (None, None, 256)    65792       batch_normalization_1[0][0]      
                                                                 batch_normalization_1[1][0]      
__________________________________________________________________________________________________
global_max_pooling1d (GlobalMax (None, 256)          0           conv1d_2[0][0]                   
                                                                 conv1d_2[1][0]                   
__________________________________________________________________________________________________
dropout (Dropout)               (None, 256)          0           global_max_pooling1d[0][0]       
                                                                 global_max_pooling1d[1][0]       
__________________________________________________________________________________________________
flatten (Flatten)               (None, 256)          0           dropout[0][0]                    
                                                                 dropout[1][0]                    
__________________________________________________________________________________________________
dense (Dense)                   (None, 500)          128500      flatten[0][0]                    
                                                                 flatten[1][0]                    
__________________________________________________________________________________________________
dropout_1 (Dropout)             (None, 500)          0           dense[0][0]                      
                                                                 dense[1][0]                      
__________________________________________________________________________________________________
dense_1 (Dense)                 (None, 5)            2505        dropout_1[0][0]                  
                                                                 dropout_1[1][0]                  
__________________________________________________________________________________________________
average (Average)               (None, 5)            0           dense_1[0][0]                    
                                                                 dense_1[1][0]                    
==================================================================================================
Total params: 223,869
Trainable params: 223,485
Non-trainable params: 384
__________________________________________________________________________________________________
Epoch 1/60

Epoch 00001: val_loss improved from inf to 0.86267, saving model to ./models/model_DNA_one-hot_500.h5
21663/21663 - 403s - loss: 0.8396 - accuracy: 0.6604 - val_loss: 0.8627 - val_accuracy: 0.6894
Epoch 2/60

Epoch 00002: val_loss improved from 0.86267 to 0.85163, saving model to ./models/model_DNA_one-hot_500.h5
21663/21663 - 341s - loss: 0.7144 - accuracy: 0.7199 - val_loss: 0.8516 - val_accuracy: 0.7164
Epoch 3/60

Epoch 00003: val_loss improved from 0.85163 to 0.82338, saving model to ./models/model_DNA_one-hot_500.h5
21663/21663 - 341s - loss: 0.6826 - accuracy: 0.7343 - val_loss: 0.8234 - val_accuracy: 0.7280
Epoch 4/60

Epoch 00004: val_loss did not improve from 0.82338
21663/21663 - 337s - loss: 0.6628 - accuracy: 0.7434 - val_loss: 0.8392 - val_accuracy: 0.7290
Epoch 5/60

Epoch 00005: val_loss improved from 0.82338 to 0.77170, saving model to ./models/model_DNA_one-hot_500.h5
21663/21663 - 340s - loss: 0.6486 - accuracy: 0.7497 - val_loss: 0.7717 - val_accuracy: 0.7317
Epoch 6/60

Epoch 00006: val_loss did not improve from 0.77170
21663/21663 - 340s - loss: 0.6382 - accuracy: 0.7546 - val_loss: 0.7926 - val_accuracy: 0.7374
Epoch 7/60

Epoch 00007: val_loss did not improve from 0.77170
21663/21663 - 340s - loss: 0.6302 - accuracy: 0.7578 - val_loss: 0.7951 - val_accuracy: 0.7421
Epoch 8/60

Epoch 00008: val_loss did not improve from 0.77170
21663/21663 - 340s - loss: 0.6231 - accuracy: 0.7607 - val_loss: 0.7911 - val_accuracy: 0.7429
Epoch 9/60

Epoch 00009: val_loss did not improve from 0.77170
21663/21663 - 340s - loss: 0.6176 - accuracy: 0.7630 - val_loss: 0.7867 - val_accuracy: 0.7433
Epoch 10/60

Epoch 00010: val_loss did not improve from 0.77170
21663/21663 - 341s - loss: 0.6134 - accuracy: 0.7652 - val_loss: 0.8113 - val_accuracy: 0.7459
Epoch 11/60

Epoch 00011: val_loss did not improve from 0.77170
21663/21663 - 341s - loss: 0.6088 - accuracy: 0.7669 - val_loss: 0.8060 - val_accuracy: 0.7490
Epoch 12/60

Epoch 00012: val_loss improved from 0.77170 to 0.76585, saving model to ./models/model_DNA_one-hot_500.h5
21663/21663 - 345s - loss: 0.6048 - accuracy: 0.7689 - val_loss: 0.7658 - val_accuracy: 0.7473
Epoch 13/60

Epoch 00013: val_loss did not improve from 0.76585
21663/21663 - 347s - loss: 0.6016 - accuracy: 0.7705 - val_loss: 0.7702 - val_accuracy: 0.7527
Epoch 14/60

Epoch 00014: val_loss did not improve from 0.76585
21663/21663 - 341s - loss: 0.5982 - accuracy: 0.7717 - val_loss: 0.7737 - val_accuracy: 0.7497
Epoch 15/60

Epoch 00015: val_loss did not improve from 0.76585
21663/21663 - 342s - loss: 0.5951 - accuracy: 0.7729 - val_loss: 0.8238 - val_accuracy: 0.7479
Epoch 16/60

Epoch 00016: val_loss did not improve from 0.76585
21663/21663 - 340s - loss: 0.5925 - accuracy: 0.7741 - val_loss: 0.7684 - val_accuracy: 0.7568
Epoch 17/60

Epoch 00017: val_loss improved from 0.76585 to 0.74093, saving model to ./models/model_DNA_one-hot_500.h5
21663/21663 - 341s - loss: 0.5901 - accuracy: 0.7750 - val_loss: 0.7409 - val_accuracy: 0.7542
Epoch 18/60

Epoch 00018: val_loss did not improve from 0.74093
21663/21663 - 342s - loss: 0.5881 - accuracy: 0.7757 - val_loss: 0.7465 - val_accuracy: 0.7521
Epoch 19/60

Epoch 00019: val_loss did not improve from 0.74093
21663/21663 - 341s - loss: 0.5862 - accuracy: 0.7769 - val_loss: 0.8483 - val_accuracy: 0.7513
Epoch 20/60

Epoch 00020: val_loss did not improve from 0.74093
21663/21663 - 340s - loss: 0.5841 - accuracy: 0.7778 - val_loss: 0.7646 - val_accuracy: 0.7589
Epoch 21/60

Epoch 00021: val_loss did not improve from 0.74093
21663/21663 - 340s - loss: 0.5827 - accuracy: 0.7785 - val_loss: 0.7451 - val_accuracy: 0.7490
Epoch 22/60

Epoch 00022: val_loss did not improve from 0.74093
21663/21663 - 344s - loss: 0.5813 - accuracy: 0.7793 - val_loss: 0.7778 - val_accuracy: 0.7537
Epoch 23/60

Epoch 00023: val_loss did not improve from 0.74093
21663/21663 - 341s - loss: 0.5798 - accuracy: 0.7796 - val_loss: 0.7511 - val_accuracy: 0.7511
Epoch 24/60

Epoch 00024: val_loss improved from 0.74093 to 0.72557, saving model to ./models/model_DNA_one-hot_500.h5
21663/21663 - 341s - loss: 0.5783 - accuracy: 0.7801 - val_loss: 0.7256 - val_accuracy: 0.7575
Epoch 25/60

Epoch 00025: val_loss did not improve from 0.72557
21663/21663 - 341s - loss: 0.5766 - accuracy: 0.7810 - val_loss: 0.7880 - val_accuracy: 0.7621
Epoch 26/60

Epoch 00026: val_loss did not improve from 0.72557
21663/21663 - 341s - loss: 0.5760 - accuracy: 0.7812 - val_loss: 0.7693 - val_accuracy: 0.7584
Epoch 27/60

Epoch 00027: val_loss did not improve from 0.72557
21663/21663 - 341s - loss: 0.5744 - accuracy: 0.7820 - val_loss: 0.8547 - val_accuracy: 0.7554
Epoch 28/60

Epoch 00028: val_loss improved from 0.72557 to 0.72476, saving model to ./models/model_DNA_one-hot_500.h5
21663/21663 - 341s - loss: 0.5736 - accuracy: 0.7821 - val_loss: 0.7248 - val_accuracy: 0.7578
Epoch 29/60

Epoch 00029: val_loss did not improve from 0.72476
21663/21663 - 341s - loss: 0.5719 - accuracy: 0.7831 - val_loss: 0.7639 - val_accuracy: 0.7621
Epoch 30/60

Epoch 00030: val_loss did not improve from 0.72476
21663/21663 - 339s - loss: 0.5710 - accuracy: 0.7834 - val_loss: 0.8032 - val_accuracy: 0.7571
Epoch 31/60

Epoch 00031: val_loss did not improve from 0.72476
21663/21663 - 345s - loss: 0.5705 - accuracy: 0.7838 - val_loss: 0.7750 - val_accuracy: 0.7625
Epoch 32/60

Epoch 00032: val_loss did not improve from 0.72476
21663/21663 - 342s - loss: 0.5693 - accuracy: 0.7839 - val_loss: 0.7470 - val_accuracy: 0.7527
Epoch 33/60

Epoch 00033: val_loss did not improve from 0.72476
21663/21663 - 342s - loss: 0.5678 - accuracy: 0.7848 - val_loss: 0.7661 - val_accuracy: 0.7572
Epoch 34/60

Epoch 00034: val_loss did not improve from 0.72476
21663/21663 - 340s - loss: 0.5675 - accuracy: 0.7849 - val_loss: 0.7461 - val_accuracy: 0.7593
Epoch 35/60

Epoch 00035: val_loss did not improve from 0.72476
21663/21663 - 341s - loss: 0.5660 - accuracy: 0.7856 - val_loss: 0.7716 - val_accuracy: 0.7628
Epoch 36/60

Epoch 00036: val_loss did not improve from 0.72476
21663/21663 - 340s - loss: 0.5657 - accuracy: 0.7857 - val_loss: 0.7950 - val_accuracy: 0.7614
Epoch 37/60

Epoch 00037: val_loss did not improve from 0.72476
21663/21663 - 345s - loss: 0.5646 - accuracy: 0.7861 - val_loss: 0.7571 - val_accuracy: 0.7644
Epoch 38/60

Epoch 00038: val_loss did not improve from 0.72476
21663/21663 - 344s - loss: 0.5634 - accuracy: 0.7866 - val_loss: 0.7940 - val_accuracy: 0.7597
Epoch 39/60

Epoch 00039: val_loss did not improve from 0.72476
21663/21663 - 342s - loss: 0.5624 - accuracy: 0.7871 - val_loss: 0.7640 - val_accuracy: 0.7590
Epoch 40/60

Epoch 00040: val_loss did not improve from 0.72476
21663/21663 - 342s - loss: 0.5618 - accuracy: 0.7874 - val_loss: 0.7517 - val_accuracy: 0.7619
Epoch 41/60

Epoch 00041: val_loss did not improve from 0.72476
21663/21663 - 342s - loss: 0.5613 - accuracy: 0.7875 - val_loss: 0.7422 - val_accuracy: 0.7551
Epoch 42/60

Epoch 00042: val_loss did not improve from 0.72476
21663/21663 - 342s - loss: 0.5603 - accuracy: 0.7879 - val_loss: 0.7707 - val_accuracy: 0.7553
Epoch 43/60

Epoch 00043: val_loss did not improve from 0.72476
21663/21663 - 340s - loss: 0.5601 - accuracy: 0.7880 - val_loss: 0.7558 - val_accuracy: 0.7581
Epoch 44/60

Epoch 00044: val_loss did not improve from 0.72476
21663/21663 - 344s - loss: 0.5585 - accuracy: 0.7882 - val_loss: 0.8415 - val_accuracy: 0.7549
Epoch 45/60

Epoch 00045: val_loss did not improve from 0.72476
21663/21663 - 342s - loss: 0.5581 - accuracy: 0.7886 - val_loss: 0.7479 - val_accuracy: 0.7631
Epoch 46/60

Epoch 00046: val_loss did not improve from 0.72476
21663/21663 - 341s - loss: 0.5578 - accuracy: 0.7890 - val_loss: 0.7554 - val_accuracy: 0.7615
Epoch 47/60

Epoch 00047: val_loss did not improve from 0.72476
21663/21663 - 340s - loss: 0.5573 - accuracy: 0.7894 - val_loss: 0.7377 - val_accuracy: 0.7569
Epoch 00047: early stopping
