---------- Begin SLURM Prolog ----------
Job ID:        7211151
Username:      siliangc
Accountname:   lc_fs3
Name:          batchrun_light_lstm.sh
Partition:     main
Nodelist:      hpc4342
TasksPerNode:  1
CPUsPerTask:   Default[1]
TMPDIR:        /tmp/7211151.main
SCRATCHDIR:    /staging/scratch/7211151
Cluster:       uschpc
HSDA Account:  false
---------- 2020-05-05 16:39:22 ---------
2020-05-05 16:39:35.718600: I tensorflow/stream_executor/platform/default/dso_loader.cc:44] Successfully opened dynamic library libcuda.so.1
2020-05-05 16:39:35.757848: I tensorflow/core/common_runtime/gpu/gpu_device.cc:1561] Found device 0 with properties: 
pciBusID: 0000:07:00.0 name: Tesla P100-PCIE-16GB computeCapability: 6.0
coreClock: 1.3285GHz coreCount: 56 deviceMemorySize: 15.90GiB deviceMemoryBandwidth: 681.88GiB/s
2020-05-05 16:39:35.758954: I tensorflow/core/common_runtime/gpu/gpu_device.cc:1561] Found device 1 with properties: 
pciBusID: 0000:81:00.0 name: Tesla P100-PCIE-16GB computeCapability: 6.0
coreClock: 1.3285GHz coreCount: 56 deviceMemorySize: 15.90GiB deviceMemoryBandwidth: 681.88GiB/s
2020-05-05 16:39:35.760506: I tensorflow/stream_executor/platform/default/dso_loader.cc:44] Successfully opened dynamic library libcudart.so.10.1
2020-05-05 16:39:35.764257: I tensorflow/stream_executor/platform/default/dso_loader.cc:44] Successfully opened dynamic library libcublas.so.10
2020-05-05 16:39:35.766821: I tensorflow/stream_executor/platform/default/dso_loader.cc:44] Successfully opened dynamic library libcufft.so.10
2020-05-05 16:39:35.768135: I tensorflow/stream_executor/platform/default/dso_loader.cc:44] Successfully opened dynamic library libcurand.so.10
2020-05-05 16:39:35.771233: I tensorflow/stream_executor/platform/default/dso_loader.cc:44] Successfully opened dynamic library libcusolver.so.10
2020-05-05 16:39:35.773843: I tensorflow/stream_executor/platform/default/dso_loader.cc:44] Successfully opened dynamic library libcusparse.so.10
2020-05-05 16:39:35.779487: I tensorflow/stream_executor/platform/default/dso_loader.cc:44] Successfully opened dynamic library libcudnn.so.7
2020-05-05 16:39:35.783620: I tensorflow/core/common_runtime/gpu/gpu_device.cc:1703] Adding visible gpu devices: 0, 1
2020-05-05 16:39:35.784032: I tensorflow/core/platform/cpu_feature_guard.cc:143] Your CPU supports instructions that this TensorFlow binary was not compiled to use: AVX2 FMA
2020-05-05 16:39:35.793399: I tensorflow/core/platform/profile_utils/cpu_utils.cc:102] CPU Frequency: 2394450000 Hz
2020-05-05 16:39:35.794511: I tensorflow/compiler/xla/service/service.cc:168] XLA service 0x55cc710e3090 initialized for platform Host (this does not guarantee that XLA will be used). Devices:
2020-05-05 16:39:35.794532: I tensorflow/compiler/xla/service/service.cc:176]   StreamExecutor device (0): Host, Default Version
2020-05-05 16:39:35.976478: I tensorflow/compiler/xla/service/service.cc:168] XLA service 0x55cc7114d0d0 initialized for platform CUDA (this does not guarantee that XLA will be used). Devices:
2020-05-05 16:39:35.976548: I tensorflow/compiler/xla/service/service.cc:176]   StreamExecutor device (0): Tesla P100-PCIE-16GB, Compute Capability 6.0
2020-05-05 16:39:35.976586: I tensorflow/compiler/xla/service/service.cc:176]   StreamExecutor device (1): Tesla P100-PCIE-16GB, Compute Capability 6.0
2020-05-05 16:39:35.978022: I tensorflow/core/common_runtime/gpu/gpu_device.cc:1561] Found device 0 with properties: 
pciBusID: 0000:07:00.0 name: Tesla P100-PCIE-16GB computeCapability: 6.0
coreClock: 1.3285GHz coreCount: 56 deviceMemorySize: 15.90GiB deviceMemoryBandwidth: 681.88GiB/s
2020-05-05 16:39:35.979045: I tensorflow/core/common_runtime/gpu/gpu_device.cc:1561] Found device 1 with properties: 
pciBusID: 0000:81:00.0 name: Tesla P100-PCIE-16GB computeCapability: 6.0
coreClock: 1.3285GHz coreCount: 56 deviceMemorySize: 15.90GiB deviceMemoryBandwidth: 681.88GiB/s
2020-05-05 16:39:35.979093: I tensorflow/stream_executor/platform/default/dso_loader.cc:44] Successfully opened dynamic library libcudart.so.10.1
2020-05-05 16:39:35.979112: I tensorflow/stream_executor/platform/default/dso_loader.cc:44] Successfully opened dynamic library libcublas.so.10
2020-05-05 16:39:35.979135: I tensorflow/stream_executor/platform/default/dso_loader.cc:44] Successfully opened dynamic library libcufft.so.10
2020-05-05 16:39:35.979153: I tensorflow/stream_executor/platform/default/dso_loader.cc:44] Successfully opened dynamic library libcurand.so.10
2020-05-05 16:39:35.979169: I tensorflow/stream_executor/platform/default/dso_loader.cc:44] Successfully opened dynamic library libcusolver.so.10
2020-05-05 16:39:35.979186: I tensorflow/stream_executor/platform/default/dso_loader.cc:44] Successfully opened dynamic library libcusparse.so.10
2020-05-05 16:39:35.979203: I tensorflow/stream_executor/platform/default/dso_loader.cc:44] Successfully opened dynamic library libcudnn.so.7
2020-05-05 16:39:35.983167: I tensorflow/core/common_runtime/gpu/gpu_device.cc:1703] Adding visible gpu devices: 0, 1
2020-05-05 16:39:35.983210: I tensorflow/stream_executor/platform/default/dso_loader.cc:44] Successfully opened dynamic library libcudart.so.10.1
2020-05-05 16:39:35.985789: I tensorflow/core/common_runtime/gpu/gpu_device.cc:1102] Device interconnect StreamExecutor with strength 1 edge matrix:
2020-05-05 16:39:35.985806: I tensorflow/core/common_runtime/gpu/gpu_device.cc:1108]      0 1 
2020-05-05 16:39:35.985814: I tensorflow/core/common_runtime/gpu/gpu_device.cc:1121] 0:   N N 
2020-05-05 16:39:35.985820: I tensorflow/core/common_runtime/gpu/gpu_device.cc:1121] 1:   N N 
2020-05-05 16:39:35.990050: I tensorflow/core/common_runtime/gpu/gpu_device.cc:1247] Created TensorFlow device (/job:localhost/replica:0/task:0/device:GPU:0 with 15056 MB memory) -> physical GPU (device: 0, name: Tesla P100-PCIE-16GB, pci bus id: 0000:07:00.0, compute capability: 6.0)
2020-05-05 16:39:35.991521: I tensorflow/core/common_runtime/gpu/gpu_device.cc:1247] Created TensorFlow device (/job:localhost/replica:0/task:0/device:GPU:1 with 15056 MB memory) -> physical GPU (device: 1, name: Tesla P100-PCIE-16GB, pci bus id: 0000:81:00.0, compute capability: 6.0)
2020-05-05 16:39:43.459491: I tensorflow/stream_executor/platform/default/dso_loader.cc:44] Successfully opened dynamic library libcublas.so.10
2020-05-05 16:39:43.682024: I tensorflow/stream_executor/platform/default/dso_loader.cc:44] Successfully opened dynamic library libcudnn.so.7
Processing Data...
Processing sequences of length: 1kk

Processing forward host data...
Processing prokaryote training data from ProkTr#ProkTr#1k_num1_seq12693_codefw.npy
Processing eukaryote training data from EukTr#EukTr#1k_num1_seq11439_codefw.npy
Processing reverse host data...
Processing prokaryote training data from ProkTr#ProkTr#1k_num1_seq12693_codebw.npy
Processing eukaryote training data from EukTr#EukTr#1k_num1_seq11439_codebw.npy
Processing plasmid data
Processing plasmid data - bw
Processing virus data...
Processing prokaryotevirus training data from ProkVirusTr#ProkVirusTr#1k_num1_seq13066_codefw.npy
Processin eukaryotevirus training data from EukVirusTr#EukVirusTr#1k_num1_seq12272_codefw.npy
Processing virus data...
Processing prokaryotevirus training data from ProkVirusTr#ProkVirusTr#1k_num1_seq13066_codebw.npy
Processin eukaryotevirus training data from EukVirusTr#EukVirusTr#1k_num1_seq12272_codebw.npy
Processing Validation Data...
Processing Validation Data - bw...
(62715, 1000, 4)
(62715, 1000, 4)
(62715, 5)
(6807, 1000, 4)
(6807, 1000, 4)
(6807, 5)
Model: "model"
__________________________________________________________________________________________________
Layer (type)                    Output Shape         Param #     Connected to                     
==================================================================================================
input_1 (InputLayer)            [(None, None, 4)]    0                                            
__________________________________________________________________________________________________
input_2 (InputLayer)            [(None, None, 4)]    0                                            
__________________________________________________________________________________________________
conv1d (Conv1D)                 (None, None, 64)     1600        input_1[0][0]                    
                                                                 input_2[0][0]                    
__________________________________________________________________________________________________
max_pooling1d (MaxPooling1D)    (None, None, 64)     0           conv1d[0][0]                     
                                                                 conv1d[1][0]                     
__________________________________________________________________________________________________
conv1d_1 (Conv1D)               (None, None, 128)    24704       max_pooling1d[0][0]              
                                                                 max_pooling1d[1][0]              
__________________________________________________________________________________________________
max_pooling1d_1 (MaxPooling1D)  (None, None, 128)    0           conv1d_1[0][0]                   
                                                                 conv1d_1[1][0]                   
__________________________________________________________________________________________________
bidirectional (Bidirectional)   (None, 128)          98816       max_pooling1d_1[0][0]            
                                                                 max_pooling1d_1[1][0]            
__________________________________________________________________________________________________
dropout (Dropout)               (None, 128)          0           bidirectional[0][0]              
                                                                 bidirectional[1][0]              
__________________________________________________________________________________________________
dense (Dense)                   (None, 500)          64500       dropout[0][0]                    
                                                                 dropout[1][0]                    
__________________________________________________________________________________________________
dropout_1 (Dropout)             (None, 500)          0           dense[0][0]                      
                                                                 dense[1][0]                      
__________________________________________________________________________________________________
dense_1 (Dense)                 (None, 5)            2505        dropout_1[0][0]                  
                                                                 dropout_1[1][0]                  
__________________________________________________________________________________________________
average (Average)               (None, 5)            0           dense_1[0][0]                    
                                                                 dense_1[1][0]                    
==================================================================================================
Total params: 192,125
Trainable params: 192,125
Non-trainable params: 0
__________________________________________________________________________________________________
Epoch 1/60

Epoch 00001: val_loss improved from inf to 1.26172, saving model to ./models/model_DNA_one-hot.h5
628/628 - 42s - loss: 1.3975 - accuracy: 0.3806 - val_loss: 1.2617 - val_accuracy: 0.4513
Epoch 2/60

Epoch 00002: val_loss improved from 1.26172 to 1.21851, saving model to ./models/model_DNA_one-hot.h5
628/628 - 41s - loss: 1.0729 - accuracy: 0.5326 - val_loss: 1.2185 - val_accuracy: 0.4952
Epoch 3/60

Epoch 00003: val_loss did not improve from 1.21851
628/628 - 41s - loss: 0.9928 - accuracy: 0.5731 - val_loss: 1.2253 - val_accuracy: 0.5112
Epoch 4/60

Epoch 00004: val_loss did not improve from 1.21851
628/628 - 41s - loss: 1.3485 - accuracy: 0.3975 - val_loss: 1.5842 - val_accuracy: 0.2259
Epoch 5/60

Epoch 00005: val_loss did not improve from 1.21851
628/628 - 41s - loss: 1.4539 - accuracy: 0.3371 - val_loss: 1.3521 - val_accuracy: 0.3815
Epoch 6/60

Epoch 00006: val_loss improved from 1.21851 to 1.10563, saving model to ./models/model_DNA_one-hot.h5
628/628 - 41s - loss: 1.1365 - accuracy: 0.4959 - val_loss: 1.1056 - val_accuracy: 0.5320
Epoch 7/60

Epoch 00007: val_loss improved from 1.10563 to 1.10070, saving model to ./models/model_DNA_one-hot.h5
628/628 - 41s - loss: 0.9983 - accuracy: 0.5655 - val_loss: 1.1007 - val_accuracy: 0.5333
Epoch 8/60

Epoch 00008: val_loss improved from 1.10070 to 1.09698, saving model to ./models/model_DNA_one-hot.h5
628/628 - 41s - loss: 0.9279 - accuracy: 0.6028 - val_loss: 1.0970 - val_accuracy: 0.5543
Epoch 9/60

Epoch 00009: val_loss improved from 1.09698 to 1.06115, saving model to ./models/model_DNA_one-hot.h5
628/628 - 41s - loss: 0.8865 - accuracy: 0.6252 - val_loss: 1.0611 - val_accuracy: 0.5565
Epoch 10/60

Epoch 00010: val_loss improved from 1.06115 to 1.04103, saving model to ./models/model_DNA_one-hot.h5
628/628 - 41s - loss: 0.8509 - accuracy: 0.6435 - val_loss: 1.0410 - val_accuracy: 0.5584
Epoch 11/60

Epoch 00011: val_loss improved from 1.04103 to 0.98522, saving model to ./models/model_DNA_one-hot.h5
628/628 - 41s - loss: 0.8185 - accuracy: 0.6620 - val_loss: 0.9852 - val_accuracy: 0.5847
Epoch 12/60

Epoch 00012: val_loss did not improve from 0.98522
628/628 - 41s - loss: 0.7982 - accuracy: 0.6744 - val_loss: 1.0209 - val_accuracy: 0.5840
Epoch 13/60

Epoch 00013: val_loss did not improve from 0.98522
628/628 - 41s - loss: 0.7684 - accuracy: 0.6839 - val_loss: 1.0346 - val_accuracy: 0.5897
Epoch 14/60

Epoch 00014: val_loss did not improve from 0.98522
628/628 - 41s - loss: 0.7506 - accuracy: 0.6953 - val_loss: 1.0091 - val_accuracy: 0.5900
Epoch 15/60

Epoch 00015: val_loss improved from 0.98522 to 0.98457, saving model to ./models/model_DNA_one-hot.h5
628/628 - 41s - loss: 0.7268 - accuracy: 0.7052 - val_loss: 0.9846 - val_accuracy: 0.6022
Epoch 16/60

Epoch 00016: val_loss did not improve from 0.98457
628/628 - 41s - loss: 0.7147 - accuracy: 0.7110 - val_loss: 0.9981 - val_accuracy: 0.6007
Epoch 17/60

Epoch 00017: val_loss did not improve from 0.98457
628/628 - 41s - loss: 0.7008 - accuracy: 0.7172 - val_loss: 0.9922 - val_accuracy: 0.5906
Epoch 18/60

Epoch 00018: val_loss improved from 0.98457 to 0.96545, saving model to ./models/model_DNA_one-hot.h5
628/628 - 41s - loss: 0.6915 - accuracy: 0.7211 - val_loss: 0.9654 - val_accuracy: 0.6155
Epoch 19/60

Epoch 00019: val_loss did not improve from 0.96545
628/628 - 41s - loss: 0.6703 - accuracy: 0.7314 - val_loss: 0.9888 - val_accuracy: 0.6114
Epoch 20/60

Epoch 00020: val_loss improved from 0.96545 to 0.88328, saving model to ./models/model_DNA_one-hot.h5
628/628 - 41s - loss: 0.6513 - accuracy: 0.7412 - val_loss: 0.8833 - val_accuracy: 0.6216
Epoch 21/60

Epoch 00021: val_loss did not improve from 0.88328
628/628 - 41s - loss: 0.6348 - accuracy: 0.7479 - val_loss: 0.9124 - val_accuracy: 0.6294
Epoch 22/60

Epoch 00022: val_loss did not improve from 0.88328
628/628 - 41s - loss: 0.6207 - accuracy: 0.7554 - val_loss: 0.9017 - val_accuracy: 0.6421
Epoch 23/60

Epoch 00023: val_loss did not improve from 0.88328
628/628 - 41s - loss: 0.6106 - accuracy: 0.7581 - val_loss: 0.9169 - val_accuracy: 0.6388
Epoch 24/60

Epoch 00024: val_loss did not improve from 0.88328
628/628 - 41s - loss: 0.6022 - accuracy: 0.7621 - val_loss: 0.9094 - val_accuracy: 0.6321
Epoch 25/60

Epoch 00025: val_loss did not improve from 0.88328
628/628 - 41s - loss: 0.5917 - accuracy: 0.7677 - val_loss: 0.9007 - val_accuracy: 0.6364
Epoch 26/60

Epoch 00026: val_loss improved from 0.88328 to 0.87674, saving model to ./models/model_DNA_one-hot.h5
628/628 - 41s - loss: 0.5768 - accuracy: 0.7740 - val_loss: 0.8767 - val_accuracy: 0.6530
Epoch 27/60

Epoch 00027: val_loss did not improve from 0.87674
628/628 - 41s - loss: 0.5641 - accuracy: 0.7794 - val_loss: 0.9141 - val_accuracy: 0.6329
Epoch 28/60

Epoch 00028: val_loss did not improve from 0.87674
628/628 - 41s - loss: 0.5520 - accuracy: 0.7831 - val_loss: 0.9538 - val_accuracy: 0.6310
Epoch 29/60

Epoch 00029: val_loss improved from 0.87674 to 0.86029, saving model to ./models/model_DNA_one-hot.h5
628/628 - 41s - loss: 0.5402 - accuracy: 0.7904 - val_loss: 0.8603 - val_accuracy: 0.6474
Epoch 30/60

Epoch 00030: val_loss improved from 0.86029 to 0.82415, saving model to ./models/model_DNA_one-hot.h5
628/628 - 41s - loss: 0.5360 - accuracy: 0.7910 - val_loss: 0.8242 - val_accuracy: 0.6737
Epoch 31/60

Epoch 00031: val_loss did not improve from 0.82415
628/628 - 41s - loss: 0.5280 - accuracy: 0.7963 - val_loss: 0.8690 - val_accuracy: 0.6678
Epoch 32/60

Epoch 00032: val_loss did not improve from 0.82415
628/628 - 41s - loss: 0.5137 - accuracy: 0.8007 - val_loss: 0.8901 - val_accuracy: 0.6743
Epoch 33/60

Epoch 00033: val_loss did not improve from 0.82415
628/628 - 41s - loss: 0.5012 - accuracy: 0.8062 - val_loss: 0.9255 - val_accuracy: 0.6540
Epoch 34/60

Epoch 00034: val_loss did not improve from 0.82415
628/628 - 41s - loss: 0.5000 - accuracy: 0.8059 - val_loss: 0.9173 - val_accuracy: 0.6665
Epoch 35/60

Epoch 00035: val_loss did not improve from 0.82415
628/628 - 41s - loss: 0.4867 - accuracy: 0.8131 - val_loss: 0.9220 - val_accuracy: 0.6592
Epoch 36/60

Epoch 00036: val_loss did not improve from 0.82415
628/628 - 41s - loss: 0.4794 - accuracy: 0.8154 - val_loss: 0.8550 - val_accuracy: 0.6856
Epoch 37/60

Epoch 00037: val_loss did not improve from 0.82415
628/628 - 41s - loss: 0.4690 - accuracy: 0.8197 - val_loss: 0.9203 - val_accuracy: 0.6532
Epoch 38/60

Epoch 00038: val_loss did not improve from 0.82415
628/628 - 41s - loss: 0.4590 - accuracy: 0.8227 - val_loss: 0.9864 - val_accuracy: 0.6471
Epoch 39/60

Epoch 00039: val_loss did not improve from 0.82415
628/628 - 41s - loss: 0.4530 - accuracy: 0.8259 - val_loss: 0.9293 - val_accuracy: 0.6765
Epoch 40/60

Epoch 00040: val_loss did not improve from 0.82415
628/628 - 41s - loss: 0.4449 - accuracy: 0.8277 - val_loss: 1.1026 - val_accuracy: 0.6418
Epoch 41/60

Epoch 00041: val_loss did not improve from 0.82415
628/628 - 41s - loss: 0.4403 - accuracy: 0.8316 - val_loss: 0.9807 - val_accuracy: 0.6696
Epoch 42/60

Epoch 00042: val_loss did not improve from 0.82415
628/628 - 41s - loss: 0.4275 - accuracy: 0.8350 - val_loss: 0.9627 - val_accuracy: 0.6737
Epoch 43/60

Epoch 00043: val_loss did not improve from 0.82415
628/628 - 41s - loss: 0.4191 - accuracy: 0.8395 - val_loss: 1.0446 - val_accuracy: 0.6614
Epoch 44/60

Epoch 00044: val_loss did not improve from 0.82415
628/628 - 41s - loss: 0.4204 - accuracy: 0.8391 - val_loss: 0.9964 - val_accuracy: 0.6758
Epoch 45/60

Epoch 00045: val_loss did not improve from 0.82415
628/628 - 41s - loss: 0.4062 - accuracy: 0.8436 - val_loss: 0.9701 - val_accuracy: 0.6724
Epoch 46/60

Epoch 00046: val_loss did not improve from 0.82415
628/628 - 41s - loss: 0.3963 - accuracy: 0.8484 - val_loss: 1.0621 - val_accuracy: 0.6673
Epoch 00046: early stopping
