---------- Begin SLURM Prolog ----------
Job ID:        7208148
Username:      siliangc
Accountname:   lc_fs3
Name:          batchrun_lstm.sh
Partition:     main
Nodelist:      hpc4658
TasksPerNode:  1
CPUsPerTask:   Default[1]
TMPDIR:        /tmp/7208148.main
SCRATCHDIR:    /staging/scratch/7208148
Cluster:       uschpc
HSDA Account:  false
---------- 2020-05-05 13:47:53 ---------
2020-05-05 14:02:05.658397: I tensorflow/stream_executor/platform/default/dso_loader.cc:44] Successfully opened dynamic library libcuda.so.1
2020-05-05 14:02:05.842379: I tensorflow/core/common_runtime/gpu/gpu_device.cc:1561] Found device 0 with properties: 
pciBusID: 0000:3b:00.0 name: Tesla V100-PCIE-32GB computeCapability: 7.0
coreClock: 1.38GHz coreCount: 80 deviceMemorySize: 31.72GiB deviceMemoryBandwidth: 836.37GiB/s
2020-05-05 14:02:05.846340: I tensorflow/core/common_runtime/gpu/gpu_device.cc:1561] Found device 1 with properties: 
pciBusID: 0000:d8:00.0 name: Tesla V100-PCIE-32GB computeCapability: 7.0
coreClock: 1.38GHz coreCount: 80 deviceMemorySize: 31.72GiB deviceMemoryBandwidth: 836.37GiB/s
2020-05-05 14:02:05.856048: I tensorflow/stream_executor/platform/default/dso_loader.cc:44] Successfully opened dynamic library libcudart.so.10.1
2020-05-05 14:02:06.288212: I tensorflow/stream_executor/platform/default/dso_loader.cc:44] Successfully opened dynamic library libcublas.so.10
2020-05-05 14:02:06.413542: I tensorflow/stream_executor/platform/default/dso_loader.cc:44] Successfully opened dynamic library libcufft.so.10
2020-05-05 14:02:06.743846: I tensorflow/stream_executor/platform/default/dso_loader.cc:44] Successfully opened dynamic library libcurand.so.10
2020-05-05 14:02:07.024506: I tensorflow/stream_executor/platform/default/dso_loader.cc:44] Successfully opened dynamic library libcusolver.so.10
2020-05-05 14:02:07.151052: I tensorflow/stream_executor/platform/default/dso_loader.cc:44] Successfully opened dynamic library libcusparse.so.10
2020-05-05 14:02:07.623586: I tensorflow/stream_executor/platform/default/dso_loader.cc:44] Successfully opened dynamic library libcudnn.so.7
2020-05-05 14:02:07.634882: I tensorflow/core/common_runtime/gpu/gpu_device.cc:1703] Adding visible gpu devices: 0, 1
2020-05-05 14:02:07.639452: I tensorflow/core/platform/cpu_feature_guard.cc:143] Your CPU supports instructions that this TensorFlow binary was not compiled to use: AVX2 AVX512F FMA
2020-05-05 14:02:07.909286: I tensorflow/core/platform/profile_utils/cpu_utils.cc:102] CPU Frequency: 2100000000 Hz
2020-05-05 14:02:07.913092: I tensorflow/compiler/xla/service/service.cc:168] XLA service 0x55f5a33bdb70 initialized for platform Host (this does not guarantee that XLA will be used). Devices:
2020-05-05 14:02:07.913158: I tensorflow/compiler/xla/service/service.cc:176]   StreamExecutor device (0): Host, Default Version
2020-05-05 14:02:08.411720: I tensorflow/compiler/xla/service/service.cc:168] XLA service 0x55f5a3427c00 initialized for platform CUDA (this does not guarantee that XLA will be used). Devices:
2020-05-05 14:02:08.411802: I tensorflow/compiler/xla/service/service.cc:176]   StreamExecutor device (0): Tesla V100-PCIE-32GB, Compute Capability 7.0
2020-05-05 14:02:08.411830: I tensorflow/compiler/xla/service/service.cc:176]   StreamExecutor device (1): Tesla V100-PCIE-32GB, Compute Capability 7.0
2020-05-05 14:02:08.499772: I tensorflow/core/common_runtime/gpu/gpu_device.cc:1561] Found device 0 with properties: 
pciBusID: 0000:3b:00.0 name: Tesla V100-PCIE-32GB computeCapability: 7.0
coreClock: 1.38GHz coreCount: 80 deviceMemorySize: 31.72GiB deviceMemoryBandwidth: 836.37GiB/s
2020-05-05 14:02:08.501557: I tensorflow/core/common_runtime/gpu/gpu_device.cc:1561] Found device 1 with properties: 
pciBusID: 0000:d8:00.0 name: Tesla V100-PCIE-32GB computeCapability: 7.0
coreClock: 1.38GHz coreCount: 80 deviceMemorySize: 31.72GiB deviceMemoryBandwidth: 836.37GiB/s
2020-05-05 14:02:08.501628: I tensorflow/stream_executor/platform/default/dso_loader.cc:44] Successfully opened dynamic library libcudart.so.10.1
2020-05-05 14:02:08.501648: I tensorflow/stream_executor/platform/default/dso_loader.cc:44] Successfully opened dynamic library libcublas.so.10
2020-05-05 14:02:08.501671: I tensorflow/stream_executor/platform/default/dso_loader.cc:44] Successfully opened dynamic library libcufft.so.10
2020-05-05 14:02:08.501688: I tensorflow/stream_executor/platform/default/dso_loader.cc:44] Successfully opened dynamic library libcurand.so.10
2020-05-05 14:02:08.501705: I tensorflow/stream_executor/platform/default/dso_loader.cc:44] Successfully opened dynamic library libcusolver.so.10
2020-05-05 14:02:08.501721: I tensorflow/stream_executor/platform/default/dso_loader.cc:44] Successfully opened dynamic library libcusparse.so.10
2020-05-05 14:02:08.501738: I tensorflow/stream_executor/platform/default/dso_loader.cc:44] Successfully opened dynamic library libcudnn.so.7
2020-05-05 14:02:08.508653: I tensorflow/core/common_runtime/gpu/gpu_device.cc:1703] Adding visible gpu devices: 0, 1
2020-05-05 14:02:08.508710: I tensorflow/stream_executor/platform/default/dso_loader.cc:44] Successfully opened dynamic library libcudart.so.10.1
2020-05-05 14:02:08.511730: I tensorflow/core/common_runtime/gpu/gpu_device.cc:1102] Device interconnect StreamExecutor with strength 1 edge matrix:
2020-05-05 14:02:08.511749: I tensorflow/core/common_runtime/gpu/gpu_device.cc:1108]      0 1 
2020-05-05 14:02:08.511757: I tensorflow/core/common_runtime/gpu/gpu_device.cc:1121] 0:   N Y 
2020-05-05 14:02:08.511763: I tensorflow/core/common_runtime/gpu/gpu_device.cc:1121] 1:   Y N 
2020-05-05 14:02:08.516753: I tensorflow/core/common_runtime/gpu/gpu_device.cc:1247] Created TensorFlow device (/job:localhost/replica:0/task:0/device:GPU:0 with 30233 MB memory) -> physical GPU (device: 0, name: Tesla V100-PCIE-32GB, pci bus id: 0000:3b:00.0, compute capability: 7.0)
2020-05-05 14:02:08.518497: I tensorflow/core/common_runtime/gpu/gpu_device.cc:1247] Created TensorFlow device (/job:localhost/replica:0/task:0/device:GPU:1 with 30233 MB memory) -> physical GPU (device: 1, name: Tesla V100-PCIE-32GB, pci bus id: 0000:d8:00.0, compute capability: 7.0)
2020-05-05 14:02:24.986934: W tensorflow/core/framework/cpu_allocator_impl.cc:81] Allocation of 16633936000 exceeds 10% of free system memory.
2020-05-05 14:02:51.885297: W tensorflow/core/framework/cpu_allocator_impl.cc:81] Allocation of 16633936000 exceeds 10% of free system memory.
2020-05-05 14:03:08.963297: I tensorflow/stream_executor/platform/default/dso_loader.cc:44] Successfully opened dynamic library libcublas.so.10
2020-05-05 14:03:09.819261: I tensorflow/stream_executor/platform/default/dso_loader.cc:44] Successfully opened dynamic library libcudnn.so.7
2020-05-05 14:03:15.162775: E tensorflow/core/platform/default/subprocess.cc:208] Start cannot fork() child process: Cannot allocate memory
2020-05-05 14:03:15.163161: W tensorflow/stream_executor/gpu/asm_compiler.cc:73] Couldn't invoke ptxas --version
2020-05-05 14:03:15.903562: E tensorflow/core/platform/default/subprocess.cc:208] Start cannot fork() child process: Cannot allocate memory
2020-05-05 14:03:15.903734: W tensorflow/stream_executor/gpu/redzone_allocator.cc:314] Internal: Failed to launch ptxas
Relying on driver to perform ptx compilation. 
Modify $PATH to customize ptxas location.
This message will be only logged once.
2020-05-05 14:03:16.658551: E tensorflow/core/platform/default/subprocess.cc:208] Start cannot fork() child process: Cannot allocate memory
2020-05-05 14:03:17.392105: E tensorflow/core/platform/default/subprocess.cc:208] Start cannot fork() child process: Cannot allocate memory
2020-05-05 14:03:18.141071: E tensorflow/core/platform/default/subprocess.cc:208] Start cannot fork() child process: Cannot allocate memory
2020-05-05 14:03:18.884822: E tensorflow/core/platform/default/subprocess.cc:208] Start cannot fork() child process: Cannot allocate memory
2020-05-05 14:03:19.613777: E tensorflow/core/platform/default/subprocess.cc:208] Start cannot fork() child process: Cannot allocate memory
2020-05-05 14:03:20.347248: E tensorflow/core/platform/default/subprocess.cc:208] Start cannot fork() child process: Cannot allocate memory
2020-05-05 14:03:21.080254: E tensorflow/core/platform/default/subprocess.cc:208] Start cannot fork() child process: Cannot allocate memory
2020-05-05 14:03:21.814732: E tensorflow/core/platform/default/subprocess.cc:208] Start cannot fork() child process: Cannot allocate memory
2020-05-05 14:03:22.563145: E tensorflow/core/platform/default/subprocess.cc:208] Start cannot fork() child process: Cannot allocate memory
2020-05-05 14:03:23.329135: E tensorflow/core/platform/default/subprocess.cc:208] Start cannot fork() child process: Cannot allocate memory
2020-05-05 14:03:24.209814: E tensorflow/core/platform/default/subprocess.cc:208] Start cannot fork() child process: Cannot allocate memory
2020-05-05 14:03:24.923153: E tensorflow/core/platform/default/subprocess.cc:208] Start cannot fork() child process: Cannot allocate memory
2020-05-05 14:03:25.636475: E tensorflow/core/platform/default/subprocess.cc:208] Start cannot fork() child process: Cannot allocate memory
2020-05-05 14:03:26.346060: E tensorflow/core/platform/default/subprocess.cc:208] Start cannot fork() child process: Cannot allocate memory
2020-05-05 14:03:27.061961: E tensorflow/core/platform/default/subprocess.cc:208] Start cannot fork() child process: Cannot allocate memory
2020-05-05 14:03:27.776750: E tensorflow/core/platform/default/subprocess.cc:208] Start cannot fork() child process: Cannot allocate memory
2020-05-05 14:03:28.493165: E tensorflow/core/platform/default/subprocess.cc:208] Start cannot fork() child process: Cannot allocate memory
2020-05-05 14:03:29.200337: E tensorflow/core/platform/default/subprocess.cc:208] Start cannot fork() child process: Cannot allocate memory
2020-05-05 14:03:29.909280: E tensorflow/core/platform/default/subprocess.cc:208] Start cannot fork() child process: Cannot allocate memory
2020-05-05 14:03:30.615703: E tensorflow/core/platform/default/subprocess.cc:208] Start cannot fork() child process: Cannot allocate memory
2020-05-05 14:03:31.322876: E tensorflow/core/platform/default/subprocess.cc:208] Start cannot fork() child process: Cannot allocate memory
2020-05-05 14:03:32.034907: E tensorflow/core/platform/default/subprocess.cc:208] Start cannot fork() child process: Cannot allocate memory
2020-05-05 14:03:32.741303: E tensorflow/core/platform/default/subprocess.cc:208] Start cannot fork() child process: Cannot allocate memory
2020-05-05 14:03:33.449548: E tensorflow/core/platform/default/subprocess.cc:208] Start cannot fork() child process: Cannot allocate memory
2020-05-05 14:03:34.157062: E tensorflow/core/platform/default/subprocess.cc:208] Start cannot fork() child process: Cannot allocate memory
2020-05-05 14:03:34.871233: E tensorflow/core/platform/default/subprocess.cc:208] Start cannot fork() child process: Cannot allocate memory
2020-05-05 14:03:35.586545: E tensorflow/core/platform/default/subprocess.cc:208] Start cannot fork() child process: Cannot allocate memory
2020-05-05 14:03:36.306182: E tensorflow/core/platform/default/subprocess.cc:208] Start cannot fork() child process: Cannot allocate memory
2020-05-05 14:03:37.020672: E tensorflow/core/platform/default/subprocess.cc:208] Start cannot fork() child process: Cannot allocate memory
2020-05-05 14:03:37.745269: E tensorflow/core/platform/default/subprocess.cc:208] Start cannot fork() child process: Cannot allocate memory
2020-05-05 14:03:38.463986: E tensorflow/core/platform/default/subprocess.cc:208] Start cannot fork() child process: Cannot allocate memory
2020-05-05 14:03:39.380708: E tensorflow/core/platform/default/subprocess.cc:208] Start cannot fork() child process: Cannot allocate memory
2020-05-05 14:03:40.111820: E tensorflow/core/platform/default/subprocess.cc:208] Start cannot fork() child process: Cannot allocate memory
2020-05-05 14:03:40.827806: E tensorflow/core/platform/default/subprocess.cc:208] Start cannot fork() child process: Cannot allocate memory
2020-05-05 14:03:41.538087: E tensorflow/core/platform/default/subprocess.cc:208] Start cannot fork() child process: Cannot allocate memory
2020-05-05 14:03:42.253556: E tensorflow/core/platform/default/subprocess.cc:208] Start cannot fork() child process: Cannot allocate memory
2020-05-05 14:03:42.978549: E tensorflow/core/platform/default/subprocess.cc:208] Start cannot fork() child process: Cannot allocate memory
2020-05-05 14:03:43.713616: E tensorflow/core/platform/default/subprocess.cc:208] Start cannot fork() child process: Cannot allocate memory
2020-05-05 14:03:44.444758: E tensorflow/core/platform/default/subprocess.cc:208] Start cannot fork() child process: Cannot allocate memory
2020-05-05 14:03:45.201865: E tensorflow/core/platform/default/subprocess.cc:208] Start cannot fork() child process: Cannot allocate memory
2020-05-05 14:03:45.956572: E tensorflow/core/platform/default/subprocess.cc:208] Start cannot fork() child process: Cannot allocate memory
2020-05-05 14:03:46.718536: E tensorflow/core/platform/default/subprocess.cc:208] Start cannot fork() child process: Cannot allocate memory
2020-05-05 14:03:47.455766: E tensorflow/core/platform/default/subprocess.cc:208] Start cannot fork() child process: Cannot allocate memory
2020-05-05 14:03:48.193730: E tensorflow/core/platform/default/subprocess.cc:208] Start cannot fork() child process: Cannot allocate memory
2020-05-05 14:03:48.916501: E tensorflow/core/platform/default/subprocess.cc:208] Start cannot fork() child process: Cannot allocate memory
2020-05-05 14:03:49.671344: E tensorflow/core/platform/default/subprocess.cc:208] Start cannot fork() child process: Cannot allocate memory
2020-05-05 14:03:50.412710: E tensorflow/core/platform/default/subprocess.cc:208] Start cannot fork() child process: Cannot allocate memory
2020-05-05 14:03:51.153068: E tensorflow/core/platform/default/subprocess.cc:208] Start cannot fork() child process: Cannot allocate memory
2020-05-05 14:03:51.882617: E tensorflow/core/platform/default/subprocess.cc:208] Start cannot fork() child process: Cannot allocate memory
2020-05-05 14:03:52.622299: E tensorflow/core/platform/default/subprocess.cc:208] Start cannot fork() child process: Cannot allocate memory
2020-05-05 14:03:53.372245: E tensorflow/core/platform/default/subprocess.cc:208] Start cannot fork() child process: Cannot allocate memory
2020-05-05 14:03:54.204826: E tensorflow/core/platform/default/subprocess.cc:208] Start cannot fork() child process: Cannot allocate memory
2020-05-05 14:03:54.948649: E tensorflow/core/platform/default/subprocess.cc:208] Start cannot fork() child process: Cannot allocate memory
2020-05-05 14:03:55.678022: E tensorflow/core/platform/default/subprocess.cc:208] Start cannot fork() child process: Cannot allocate memory
2020-05-05 14:03:56.403303: E tensorflow/core/platform/default/subprocess.cc:208] Start cannot fork() child process: Cannot allocate memory
2020-05-05 14:03:57.136911: E tensorflow/core/platform/default/subprocess.cc:208] Start cannot fork() child process: Cannot allocate memory
2020-05-05 14:03:57.861828: E tensorflow/core/platform/default/subprocess.cc:208] Start cannot fork() child process: Cannot allocate memory
2020-05-05 14:03:58.590203: E tensorflow/core/platform/default/subprocess.cc:208] Start cannot fork() child process: Cannot allocate memory
2020-05-05 14:03:59.303228: E tensorflow/core/platform/default/subprocess.cc:208] Start cannot fork() child process: Cannot allocate memory
2020-05-05 14:04:00.034825: E tensorflow/core/platform/default/subprocess.cc:208] Start cannot fork() child process: Cannot allocate memory
2020-05-05 14:04:00.748724: E tensorflow/core/platform/default/subprocess.cc:208] Start cannot fork() child process: Cannot allocate memory
2020-05-05 14:04:01.461111: E tensorflow/core/platform/default/subprocess.cc:208] Start cannot fork() child process: Cannot allocate memory
2020-05-05 14:04:02.196798: E tensorflow/core/platform/default/subprocess.cc:208] Start cannot fork() child process: Cannot allocate memory
2020-05-05 14:04:02.915839: E tensorflow/core/platform/default/subprocess.cc:208] Start cannot fork() child process: Cannot allocate memory
2020-05-05 14:04:03.630387: E tensorflow/core/platform/default/subprocess.cc:208] Start cannot fork() child process: Cannot allocate memory
2020-05-05 14:04:04.356074: E tensorflow/core/platform/default/subprocess.cc:208] Start cannot fork() child process: Cannot allocate memory
2020-05-05 14:04:05.085013: E tensorflow/core/platform/default/subprocess.cc:208] Start cannot fork() child process: Cannot allocate memory
2020-05-05 14:04:05.794641: E tensorflow/core/platform/default/subprocess.cc:208] Start cannot fork() child process: Cannot allocate memory
2020-05-05 14:04:06.521536: E tensorflow/core/platform/default/subprocess.cc:208] Start cannot fork() child process: Cannot allocate memory
2020-05-05 14:04:07.279316: E tensorflow/core/platform/default/subprocess.cc:208] Start cannot fork() child process: Cannot allocate memory
2020-05-05 14:04:08.001421: E tensorflow/core/platform/default/subprocess.cc:208] Start cannot fork() child process: Cannot allocate memory
2020-05-05 14:04:08.730528: E tensorflow/core/platform/default/subprocess.cc:208] Start cannot fork() child process: Cannot allocate memory
2020-05-05 14:04:09.463557: E tensorflow/core/platform/default/subprocess.cc:208] Start cannot fork() child process: Cannot allocate memory
2020-05-05 14:04:10.177774: E tensorflow/core/platform/default/subprocess.cc:208] Start cannot fork() child process: Cannot allocate memory
2020-05-05 14:04:10.886938: E tensorflow/core/platform/default/subprocess.cc:208] Start cannot fork() child process: Cannot allocate memory
2020-05-05 14:04:11.631424: E tensorflow/core/platform/default/subprocess.cc:208] Start cannot fork() child process: Cannot allocate memory
2020-05-05 14:04:12.374598: E tensorflow/core/platform/default/subprocess.cc:208] Start cannot fork() child process: Cannot allocate memory
2020-05-05 14:04:13.139588: E tensorflow/core/platform/default/subprocess.cc:208] Start cannot fork() child process: Cannot allocate memory
2020-05-05 14:04:13.908167: E tensorflow/core/platform/default/subprocess.cc:208] Start cannot fork() child process: Cannot allocate memory
2020-05-05 14:04:14.654889: E tensorflow/core/platform/default/subprocess.cc:208] Start cannot fork() child process: Cannot allocate memory
2020-05-05 14:04:15.410716: E tensorflow/core/platform/default/subprocess.cc:208] Start cannot fork() child process: Cannot allocate memory
2020-05-05 14:04:16.168984: E tensorflow/core/platform/default/subprocess.cc:208] Start cannot fork() child process: Cannot allocate memory
2020-05-05 14:04:16.919260: E tensorflow/core/platform/default/subprocess.cc:208] Start cannot fork() child process: Cannot allocate memory
2020-05-05 14:04:17.669669: E tensorflow/core/platform/default/subprocess.cc:208] Start cannot fork() child process: Cannot allocate memory
2020-05-05 14:04:18.432174: E tensorflow/core/platform/default/subprocess.cc:208] Start cannot fork() child process: Cannot allocate memory
2020-05-05 14:04:19.185545: E tensorflow/core/platform/default/subprocess.cc:208] Start cannot fork() child process: Cannot allocate memory
2020-05-05 14:04:19.956285: E tensorflow/core/platform/default/subprocess.cc:208] Start cannot fork() child process: Cannot allocate memory
2020-05-05 14:04:20.706963: E tensorflow/core/platform/default/subprocess.cc:208] Start cannot fork() child process: Cannot allocate memory
2020-05-05 14:04:21.460001: E tensorflow/core/platform/default/subprocess.cc:208] Start cannot fork() child process: Cannot allocate memory
2020-05-05 14:04:22.210654: E tensorflow/core/platform/default/subprocess.cc:208] Start cannot fork() child process: Cannot allocate memory
2020-05-05 14:04:22.959908: E tensorflow/core/platform/default/subprocess.cc:208] Start cannot fork() child process: Cannot allocate memory
2020-05-05 14:17:52.118936: E tensorflow/core/platform/default/subprocess.cc:208] Start cannot fork() child process: Cannot allocate memory
2020-05-05 14:17:52.967389: E tensorflow/core/platform/default/subprocess.cc:208] Start cannot fork() child process: Cannot allocate memory
2020-05-05 14:17:53.799043: E tensorflow/core/platform/default/subprocess.cc:208] Start cannot fork() child process: Cannot allocate memory
2020-05-05 14:17:54.693911: E tensorflow/core/platform/default/subprocess.cc:208] Start cannot fork() child process: Cannot allocate memory
2020-05-05 14:17:55.494905: E tensorflow/core/platform/default/subprocess.cc:208] Start cannot fork() child process: Cannot allocate memory
2020-05-05 14:17:56.292621: E tensorflow/core/platform/default/subprocess.cc:208] Start cannot fork() child process: Cannot allocate memory
2020-05-05 14:17:57.088397: E tensorflow/core/platform/default/subprocess.cc:208] Start cannot fork() child process: Cannot allocate memory
2020-05-05 14:17:57.888993: E tensorflow/core/platform/default/subprocess.cc:208] Start cannot fork() child process: Cannot allocate memory
2020-05-05 14:17:58.688397: E tensorflow/core/platform/default/subprocess.cc:208] Start cannot fork() child process: Cannot allocate memory
2020-05-05 14:17:59.486132: E tensorflow/core/platform/default/subprocess.cc:208] Start cannot fork() child process: Cannot allocate memory
2020-05-05 14:18:00.280029: E tensorflow/core/platform/default/subprocess.cc:208] Start cannot fork() child process: Cannot allocate memory
2020-05-05 14:18:01.076579: E tensorflow/core/platform/default/subprocess.cc:208] Start cannot fork() child process: Cannot allocate memory
2020-05-05 14:18:01.874869: E tensorflow/core/platform/default/subprocess.cc:208] Start cannot fork() child process: Cannot allocate memory
2020-05-05 14:18:02.673155: E tensorflow/core/platform/default/subprocess.cc:208] Start cannot fork() child process: Cannot allocate memory
2020-05-05 14:18:03.474669: E tensorflow/core/platform/default/subprocess.cc:208] Start cannot fork() child process: Cannot allocate memory
2020-05-05 14:18:04.273833: E tensorflow/core/platform/default/subprocess.cc:208] Start cannot fork() child process: Cannot allocate memory
2020-05-05 14:18:05.071145: E tensorflow/core/platform/default/subprocess.cc:208] Start cannot fork() child process: Cannot allocate memory
2020-05-05 14:18:05.868189: E tensorflow/core/platform/default/subprocess.cc:208] Start cannot fork() child process: Cannot allocate memory
2020-05-05 14:18:06.668377: E tensorflow/core/platform/default/subprocess.cc:208] Start cannot fork() child process: Cannot allocate memory
2020-05-05 14:18:07.464161: E tensorflow/core/platform/default/subprocess.cc:208] Start cannot fork() child process: Cannot allocate memory
2020-05-05 14:18:08.261861: E tensorflow/core/platform/default/subprocess.cc:208] Start cannot fork() child process: Cannot allocate memory
2020-05-05 14:18:09.066629: E tensorflow/core/platform/default/subprocess.cc:208] Start cannot fork() child process: Cannot allocate memory
2020-05-05 14:18:09.864606: E tensorflow/core/platform/default/subprocess.cc:208] Start cannot fork() child process: Cannot allocate memory
2020-05-05 14:18:10.660209: E tensorflow/core/platform/default/subprocess.cc:208] Start cannot fork() child process: Cannot allocate memory
2020-05-05 14:18:11.458025: E tensorflow/core/platform/default/subprocess.cc:208] Start cannot fork() child process: Cannot allocate memory
2020-05-05 14:18:12.255686: E tensorflow/core/platform/default/subprocess.cc:208] Start cannot fork() child process: Cannot allocate memory
2020-05-05 14:18:13.052071: E tensorflow/core/platform/default/subprocess.cc:208] Start cannot fork() child process: Cannot allocate memory
2020-05-05 14:18:13.850598: E tensorflow/core/platform/default/subprocess.cc:208] Start cannot fork() child process: Cannot allocate memory
2020-05-05 14:18:14.657481: E tensorflow/core/platform/default/subprocess.cc:208] Start cannot fork() child process: Cannot allocate memory
2020-05-05 14:18:15.453002: E tensorflow/core/platform/default/subprocess.cc:208] Start cannot fork() child process: Cannot allocate memory
2020-05-05 14:18:16.248660: E tensorflow/core/platform/default/subprocess.cc:208] Start cannot fork() child process: Cannot allocate memory
2020-05-05 14:18:17.042510: E tensorflow/core/platform/default/subprocess.cc:208] Start cannot fork() child process: Cannot allocate memory
2020-05-05 14:18:17.911916: E tensorflow/core/platform/default/subprocess.cc:208] Start cannot fork() child process: Cannot allocate memory
2020-05-05 14:18:18.702261: E tensorflow/core/platform/default/subprocess.cc:208] Start cannot fork() child process: Cannot allocate memory
2020-05-05 14:18:19.524250: E tensorflow/core/platform/default/subprocess.cc:208] Start cannot fork() child process: Cannot allocate memory
2020-05-05 14:18:20.319376: E tensorflow/core/platform/default/subprocess.cc:208] Start cannot fork() child process: Cannot allocate memory
2020-05-05 14:18:21.127212: E tensorflow/core/platform/default/subprocess.cc:208] Start cannot fork() child process: Cannot allocate memory
2020-05-05 14:18:21.909896: E tensorflow/core/platform/default/subprocess.cc:208] Start cannot fork() child process: Cannot allocate memory
2020-05-05 14:18:22.698998: E tensorflow/core/platform/default/subprocess.cc:208] Start cannot fork() child process: Cannot allocate memory
2020-05-05 14:18:23.481893: E tensorflow/core/platform/default/subprocess.cc:208] Start cannot fork() child process: Cannot allocate memory
2020-05-05 14:18:24.636487: E tensorflow/core/platform/default/subprocess.cc:208] Start cannot fork() child process: Cannot allocate memory
2020-05-05 14:18:25.454135: E tensorflow/core/platform/default/subprocess.cc:208] Start cannot fork() child process: Cannot allocate memory
2020-05-05 14:18:26.272494: E tensorflow/core/platform/default/subprocess.cc:208] Start cannot fork() child process: Cannot allocate memory
2020-05-05 14:18:27.089724: E tensorflow/core/platform/default/subprocess.cc:208] Start cannot fork() child process: Cannot allocate memory
2020-05-05 14:18:27.898638: E tensorflow/core/platform/default/subprocess.cc:208] Start cannot fork() child process: Cannot allocate memory
2020-05-05 14:18:28.689475: E tensorflow/core/platform/default/subprocess.cc:208] Start cannot fork() child process: Cannot allocate memory
2020-05-05 14:18:29.495034: E tensorflow/core/platform/default/subprocess.cc:208] Start cannot fork() child process: Cannot allocate memory
2020-05-05 14:18:30.309269: E tensorflow/core/platform/default/subprocess.cc:208] Start cannot fork() child process: Cannot allocate memory
2020-05-05 14:18:31.099509: E tensorflow/core/platform/default/subprocess.cc:208] Start cannot fork() child process: Cannot allocate memory
2020-05-05 14:18:31.913941: E tensorflow/core/platform/default/subprocess.cc:208] Start cannot fork() child process: Cannot allocate memory
2020-05-05 14:18:32.709911: E tensorflow/core/platform/default/subprocess.cc:208] Start cannot fork() child process: Cannot allocate memory
2020-05-05 14:18:33.533729: E tensorflow/core/platform/default/subprocess.cc:208] Start cannot fork() child process: Cannot allocate memory
2020-05-05 14:18:34.349133: E tensorflow/core/platform/default/subprocess.cc:208] Start cannot fork() child process: Cannot allocate memory
2020-05-05 14:18:35.151655: E tensorflow/core/platform/default/subprocess.cc:208] Start cannot fork() child process: Cannot allocate memory
2020-05-05 14:18:35.971157: E tensorflow/core/platform/default/subprocess.cc:208] Start cannot fork() child process: Cannot allocate memory
2020-05-05 14:18:36.777751: E tensorflow/core/platform/default/subprocess.cc:208] Start cannot fork() child process: Cannot allocate memory
2020-05-05 14:18:37.564165: E tensorflow/core/platform/default/subprocess.cc:208] Start cannot fork() child process: Cannot allocate memory
2020-05-05 14:18:38.373774: E tensorflow/core/platform/default/subprocess.cc:208] Start cannot fork() child process: Cannot allocate memory
2020-05-05 14:18:39.182995: E tensorflow/core/platform/default/subprocess.cc:208] Start cannot fork() child process: Cannot allocate memory
2020-05-05 14:18:39.992705: E tensorflow/core/platform/default/subprocess.cc:208] Start cannot fork() child process: Cannot allocate memory
2020-05-05 14:18:40.801516: E tensorflow/core/platform/default/subprocess.cc:208] Start cannot fork() child process: Cannot allocate memory
2020-05-05 14:18:41.632387: E tensorflow/core/platform/default/subprocess.cc:208] Start cannot fork() child process: Cannot allocate memory
2020-05-05 14:18:42.448340: E tensorflow/core/platform/default/subprocess.cc:208] Start cannot fork() child process: Cannot allocate memory
2020-05-05 14:18:43.268104: E tensorflow/core/platform/default/subprocess.cc:208] Start cannot fork() child process: Cannot allocate memory
2020-05-05 14:18:44.071394: E tensorflow/core/platform/default/subprocess.cc:208] Start cannot fork() child process: Cannot allocate memory
2020-05-05 14:18:44.874286: E tensorflow/core/platform/default/subprocess.cc:208] Start cannot fork() child process: Cannot allocate memory
2020-05-05 14:18:45.691553: E tensorflow/core/platform/default/subprocess.cc:208] Start cannot fork() child process: Cannot allocate memory
2020-05-05 14:18:46.487308: E tensorflow/core/platform/default/subprocess.cc:208] Start cannot fork() child process: Cannot allocate memory
2020-05-05 14:18:47.305492: E tensorflow/core/platform/default/subprocess.cc:208] Start cannot fork() child process: Cannot allocate memory
2020-05-05 14:18:48.100835: E tensorflow/core/platform/default/subprocess.cc:208] Start cannot fork() child process: Cannot allocate memory
2020-05-05 14:18:48.904790: E tensorflow/core/platform/default/subprocess.cc:208] Start cannot fork() child process: Cannot allocate memory
2020-05-05 14:18:49.705868: E tensorflow/core/platform/default/subprocess.cc:208] Start cannot fork() child process: Cannot allocate memory
2020-05-05 14:18:50.506603: E tensorflow/core/platform/default/subprocess.cc:208] Start cannot fork() child process: Cannot allocate memory
2020-05-05 14:18:51.313009: E tensorflow/core/platform/default/subprocess.cc:208] Start cannot fork() child process: Cannot allocate memory
2020-05-05 14:18:52.119953: E tensorflow/core/platform/default/subprocess.cc:208] Start cannot fork() child process: Cannot allocate memory
2020-05-05 14:18:52.926438: E tensorflow/core/platform/default/subprocess.cc:208] Start cannot fork() child process: Cannot allocate memory
2020-05-05 14:18:53.768047: E tensorflow/core/platform/default/subprocess.cc:208] Start cannot fork() child process: Cannot allocate memory
2020-05-05 14:18:54.650254: E tensorflow/core/platform/default/subprocess.cc:208] Start cannot fork() child process: Cannot allocate memory
2020-05-05 14:18:55.459764: E tensorflow/core/platform/default/subprocess.cc:208] Start cannot fork() child process: Cannot allocate memory
2020-05-05 14:18:56.265664: E tensorflow/core/platform/default/subprocess.cc:208] Start cannot fork() child process: Cannot allocate memory
2020-05-05 14:18:57.072031: E tensorflow/core/platform/default/subprocess.cc:208] Start cannot fork() child process: Cannot allocate memory
2020-05-05 14:18:57.867270: E tensorflow/core/platform/default/subprocess.cc:208] Start cannot fork() child process: Cannot allocate memory
2020-05-05 14:18:58.687286: E tensorflow/core/platform/default/subprocess.cc:208] Start cannot fork() child process: Cannot allocate memory
2020-05-05 14:18:59.487003: E tensorflow/core/platform/default/subprocess.cc:208] Start cannot fork() child process: Cannot allocate memory
2020-05-05 14:19:00.299826: E tensorflow/core/platform/default/subprocess.cc:208] Start cannot fork() child process: Cannot allocate memory
2020-05-05 14:19:01.114341: E tensorflow/core/platform/default/subprocess.cc:208] Start cannot fork() child process: Cannot allocate memory
2020-05-05 14:19:01.915361: E tensorflow/core/platform/default/subprocess.cc:208] Start cannot fork() child process: Cannot allocate memory
2020-05-05 14:19:02.709867: E tensorflow/core/platform/default/subprocess.cc:208] Start cannot fork() child process: Cannot allocate memory
2020-05-05 14:19:03.519511: E tensorflow/core/platform/default/subprocess.cc:208] Start cannot fork() child process: Cannot allocate memory
2020-05-05 14:19:04.323000: E tensorflow/core/platform/default/subprocess.cc:208] Start cannot fork() child process: Cannot allocate memory
2020-05-05 14:19:05.132217: E tensorflow/core/platform/default/subprocess.cc:208] Start cannot fork() child process: Cannot allocate memory
2020-05-05 14:19:05.947517: E tensorflow/core/platform/default/subprocess.cc:208] Start cannot fork() child process: Cannot allocate memory
2020-05-05 14:19:06.744924: E tensorflow/core/platform/default/subprocess.cc:208] Start cannot fork() child process: Cannot allocate memory
2020-05-05 14:19:07.540088: E tensorflow/core/platform/default/subprocess.cc:208] Start cannot fork() child process: Cannot allocate memory
2020-05-05 14:19:08.336028: E tensorflow/core/platform/default/subprocess.cc:208] Start cannot fork() child process: Cannot allocate memory
2020-05-05 14:19:09.152336: E tensorflow/core/platform/default/subprocess.cc:208] Start cannot fork() child process: Cannot allocate memory
2020-05-05 14:19:09.973635: E tensorflow/core/platform/default/subprocess.cc:208] Start cannot fork() child process: Cannot allocate memory
2020-05-05 14:19:10.773977: E tensorflow/core/platform/default/subprocess.cc:208] Start cannot fork() child process: Cannot allocate memory
2020-05-05 14:19:11.569113: E tensorflow/core/platform/default/subprocess.cc:208] Start cannot fork() child process: Cannot allocate memory
2020-05-05 14:19:12.357826: E tensorflow/core/platform/default/subprocess.cc:208] Start cannot fork() child process: Cannot allocate memory
2020-05-05 14:19:13.153787: E tensorflow/core/platform/default/subprocess.cc:208] Start cannot fork() child process: Cannot allocate memory
2020-05-05 14:19:13.959168: E tensorflow/core/platform/default/subprocess.cc:208] Start cannot fork() child process: Cannot allocate memory
2020-05-05 14:19:14.986395: E tensorflow/core/platform/default/subprocess.cc:208] Start cannot fork() child process: Cannot allocate memory
2020-05-05 14:19:15.784396: E tensorflow/core/platform/default/subprocess.cc:208] Start cannot fork() child process: Cannot allocate memory
2020-05-05 14:20:08.711035: E tensorflow/core/platform/default/subprocess.cc:208] Start cannot fork() child process: Cannot allocate memory
2020-05-05 14:20:09.590291: E tensorflow/core/platform/default/subprocess.cc:208] Start cannot fork() child process: Cannot allocate memory
2020-05-05 14:20:10.501444: E tensorflow/core/platform/default/subprocess.cc:208] Start cannot fork() child process: Cannot allocate memory
2020-05-05 14:20:11.365048: E tensorflow/core/platform/default/subprocess.cc:208] Start cannot fork() child process: Cannot allocate memory
2020-05-05 14:20:12.212165: E tensorflow/core/platform/default/subprocess.cc:208] Start cannot fork() child process: Cannot allocate memory
2020-05-05 14:20:13.026995: E tensorflow/core/platform/default/subprocess.cc:208] Start cannot fork() child process: Cannot allocate memory
2020-05-05 14:20:13.829900: E tensorflow/core/platform/default/subprocess.cc:208] Start cannot fork() child process: Cannot allocate memory
2020-05-05 14:20:14.692865: E tensorflow/core/platform/default/subprocess.cc:208] Start cannot fork() child process: Cannot allocate memory
2020-05-05 14:20:15.523090: E tensorflow/core/platform/default/subprocess.cc:208] Start cannot fork() child process: Cannot allocate memory
2020-05-05 14:20:16.381680: E tensorflow/core/platform/default/subprocess.cc:208] Start cannot fork() child process: Cannot allocate memory
2020-05-05 14:20:17.221474: E tensorflow/core/platform/default/subprocess.cc:208] Start cannot fork() child process: Cannot allocate memory
2020-05-05 14:20:18.110195: E tensorflow/core/platform/default/subprocess.cc:208] Start cannot fork() child process: Cannot allocate memory
2020-05-05 14:20:18.930154: E tensorflow/core/platform/default/subprocess.cc:208] Start cannot fork() child process: Cannot allocate memory
2020-05-05 14:20:19.741762: E tensorflow/core/platform/default/subprocess.cc:208] Start cannot fork() child process: Cannot allocate memory
2020-05-05 14:20:20.617085: E tensorflow/core/platform/default/subprocess.cc:208] Start cannot fork() child process: Cannot allocate memory
2020-05-05 14:20:21.506506: E tensorflow/core/platform/default/subprocess.cc:208] Start cannot fork() child process: Cannot allocate memory
2020-05-05 14:20:22.335087: E tensorflow/core/platform/default/subprocess.cc:208] Start cannot fork() child process: Cannot allocate memory
2020-05-05 14:20:23.141734: E tensorflow/core/platform/default/subprocess.cc:208] Start cannot fork() child process: Cannot allocate memory
2020-05-05 14:20:24.066636: E tensorflow/core/platform/default/subprocess.cc:208] Start cannot fork() child process: Cannot allocate memory
2020-05-05 14:20:24.990469: E tensorflow/core/platform/default/subprocess.cc:208] Start cannot fork() child process: Cannot allocate memory
2020-05-05 14:20:25.859834: E tensorflow/core/platform/default/subprocess.cc:208] Start cannot fork() child process: Cannot allocate memory
2020-05-05 14:20:26.685175: E tensorflow/core/platform/default/subprocess.cc:208] Start cannot fork() child process: Cannot allocate memory
2020-05-05 14:20:27.546887: E tensorflow/core/platform/default/subprocess.cc:208] Start cannot fork() child process: Cannot allocate memory
2020-05-05 14:20:28.461505: E tensorflow/core/platform/default/subprocess.cc:208] Start cannot fork() child process: Cannot allocate memory
2020-05-05 14:20:29.278271: E tensorflow/core/platform/default/subprocess.cc:208] Start cannot fork() child process: Cannot allocate memory
2020-05-05 14:20:30.087794: E tensorflow/core/platform/default/subprocess.cc:208] Start cannot fork() child process: Cannot allocate memory
2020-05-05 14:20:30.958275: E tensorflow/core/platform/default/subprocess.cc:208] Start cannot fork() child process: Cannot allocate memory
2020-05-05 14:20:31.846909: E tensorflow/core/platform/default/subprocess.cc:208] Start cannot fork() child process: Cannot allocate memory
2020-05-05 14:20:32.743952: E tensorflow/core/platform/default/subprocess.cc:208] Start cannot fork() child process: Cannot allocate memory
2020-05-05 14:20:33.581313: E tensorflow/core/platform/default/subprocess.cc:208] Start cannot fork() child process: Cannot allocate memory
2020-05-05 14:20:34.416864: E tensorflow/core/platform/default/subprocess.cc:208] Start cannot fork() child process: Cannot allocate memory
2020-05-05 14:20:35.234766: E tensorflow/core/platform/default/subprocess.cc:208] Start cannot fork() child process: Cannot allocate memory
2020-05-05 14:20:36.064285: E tensorflow/core/platform/default/subprocess.cc:208] Start cannot fork() child process: Cannot allocate memory
2020-05-05 14:20:36.881763: E tensorflow/core/platform/default/subprocess.cc:208] Start cannot fork() child process: Cannot allocate memory
2020-05-05 14:20:37.697490: E tensorflow/core/platform/default/subprocess.cc:208] Start cannot fork() child process: Cannot allocate memory
2020-05-05 14:20:38.535021: E tensorflow/core/platform/default/subprocess.cc:208] Start cannot fork() child process: Cannot allocate memory
2020-05-05 14:20:39.353604: E tensorflow/core/platform/default/subprocess.cc:208] Start cannot fork() child process: Cannot allocate memory
2020-05-05 14:20:40.157271: E tensorflow/core/platform/default/subprocess.cc:208] Start cannot fork() child process: Cannot allocate memory
2020-05-05 14:20:40.981602: E tensorflow/core/platform/default/subprocess.cc:208] Start cannot fork() child process: Cannot allocate memory
2020-05-05 14:20:41.798351: E tensorflow/core/platform/default/subprocess.cc:208] Start cannot fork() child process: Cannot allocate memory
2020-05-05 14:20:42.634261: E tensorflow/core/platform/default/subprocess.cc:208] Start cannot fork() child process: Cannot allocate memory
2020-05-05 14:20:43.448583: E tensorflow/core/platform/default/subprocess.cc:208] Start cannot fork() child process: Cannot allocate memory
2020-05-05 14:20:44.399822: E tensorflow/core/platform/default/subprocess.cc:208] Start cannot fork() child process: Cannot allocate memory
2020-05-05 14:20:45.288086: E tensorflow/core/platform/default/subprocess.cc:208] Start cannot fork() child process: Cannot allocate memory
2020-05-05 14:20:46.182096: E tensorflow/core/platform/default/subprocess.cc:208] Start cannot fork() child process: Cannot allocate memory
2020-05-05 14:20:47.096775: E tensorflow/core/platform/default/subprocess.cc:208] Start cannot fork() child process: Cannot allocate memory
2020-05-05 14:20:47.966683: E tensorflow/core/platform/default/subprocess.cc:208] Start cannot fork() child process: Cannot allocate memory
2020-05-05 14:20:48.856040: E tensorflow/core/platform/default/subprocess.cc:208] Start cannot fork() child process: Cannot allocate memory
2020-05-05 14:20:49.703012: E tensorflow/core/platform/default/subprocess.cc:208] Start cannot fork() child process: Cannot allocate memory
2020-05-05 14:20:50.525634: E tensorflow/core/platform/default/subprocess.cc:208] Start cannot fork() child process: Cannot allocate memory
2020-05-05 14:20:51.329669: E tensorflow/core/platform/default/subprocess.cc:208] Start cannot fork() child process: Cannot allocate memory
2020-05-05 14:20:52.153770: E tensorflow/core/platform/default/subprocess.cc:208] Start cannot fork() child process: Cannot allocate memory
2020-05-05 14:20:52.964378: E tensorflow/core/platform/default/subprocess.cc:208] Start cannot fork() child process: Cannot allocate memory
2020-05-05 14:20:53.848729: E tensorflow/core/platform/default/subprocess.cc:208] Start cannot fork() child process: Cannot allocate memory
2020-05-05 14:20:54.760932: E tensorflow/core/platform/default/subprocess.cc:208] Start cannot fork() child process: Cannot allocate memory
2020-05-05 14:20:55.592915: E tensorflow/core/platform/default/subprocess.cc:208] Start cannot fork() child process: Cannot allocate memory
2020-05-05 14:20:56.409768: E tensorflow/core/platform/default/subprocess.cc:208] Start cannot fork() child process: Cannot allocate memory
2020-05-05 14:20:57.241594: E tensorflow/core/platform/default/subprocess.cc:208] Start cannot fork() child process: Cannot allocate memory
2020-05-05 14:20:58.062873: E tensorflow/core/platform/default/subprocess.cc:208] Start cannot fork() child process: Cannot allocate memory
2020-05-05 14:20:58.898375: E tensorflow/core/platform/default/subprocess.cc:208] Start cannot fork() child process: Cannot allocate memory
2020-05-05 14:20:59.720657: E tensorflow/core/platform/default/subprocess.cc:208] Start cannot fork() child process: Cannot allocate memory
2020-05-05 14:21:00.586087: E tensorflow/core/platform/default/subprocess.cc:208] Start cannot fork() child process: Cannot allocate memory
2020-05-05 14:21:01.418923: E tensorflow/core/platform/default/subprocess.cc:208] Start cannot fork() child process: Cannot allocate memory
2020-05-05 14:21:02.301840: E tensorflow/core/platform/default/subprocess.cc:208] Start cannot fork() child process: Cannot allocate memory
Processing Data...
Processing sequences of length: 1kk

Processing forward host data...
Processing prokaryote training data from ProkTr#ProkTr#1k_num1_seq202421_codefw.npy
Processing eukaryote training data from EukTr#EukTr#1k_num1_seq204706_codefw.npy
Processing reverse host data...
Processing prokaryote training data from ProkTr#ProkTr#1k_num1_seq202421_codebw.npy
Processing eukaryote training data from EukTr#EukTr#1k_num1_seq204706_codebw.npy
Processing plasmid data
Processing plasmid data - bw
Processing virus data...
Processing prokaryotevirus training data from ProkVirusTr#ProkVirusTr#1k_num1_seq204291_codefw.npy
Processin eukaryotevirus training data from EukVirusTr#EukVirusTr#1k_num1_seq214561_codefw.npy
Processing virus data...
Processing prokaryotevirus training data from ProkVirusTr#ProkVirusTr#1k_num1_seq204291_codebw.npy
Processin eukaryotevirus training data from EukVirusTr#EukVirusTr#1k_num1_seq214561_codebw.npy
Processing Validation Data...
Processing Validation Data - bw...
(1039621, 1000, 4)
(1039621, 1000, 4)
(1039621, 5)
(110425, 1000, 4)
(110425, 1000, 4)
(110425, 5)
Model: "model"
__________________________________________________________________________________________________
Layer (type)                    Output Shape         Param #     Connected to                     
==================================================================================================
input_1 (InputLayer)            [(None, None, 4)]    0                                            
__________________________________________________________________________________________________
input_2 (InputLayer)            [(None, None, 4)]    0                                            
__________________________________________________________________________________________________
conv1d (Conv1D)                 (None, None, 64)     1600        input_1[0][0]                    
                                                                 input_2[0][0]                    
__________________________________________________________________________________________________
max_pooling1d (MaxPooling1D)    (None, None, 64)     0           conv1d[0][0]                     
                                                                 conv1d[1][0]                     
__________________________________________________________________________________________________
conv1d_1 (Conv1D)               (None, None, 128)    24704       max_pooling1d[0][0]              
                                                                 max_pooling1d[1][0]              
__________________________________________________________________________________________________
max_pooling1d_1 (MaxPooling1D)  (None, None, 128)    0           conv1d_1[0][0]                   
                                                                 conv1d_1[1][0]                   
__________________________________________________________________________________________________
bidirectional (Bidirectional)   (None, 128)          98816       max_pooling1d_1[0][0]            
                                                                 max_pooling1d_1[1][0]            
__________________________________________________________________________________________________
dropout (Dropout)               (None, 128)          0           bidirectional[0][0]              
                                                                 bidirectional[1][0]              
__________________________________________________________________________________________________
dense (Dense)                   (None, 500)          64500       dropout[0][0]                    
                                                                 dropout[1][0]                    
__________________________________________________________________________________________________
dropout_1 (Dropout)             (None, 500)          0           dense[0][0]                      
                                                                 dense[1][0]                      
__________________________________________________________________________________________________
dense_1 (Dense)                 (None, 5)            2505        dropout_1[0][0]                  
                                                                 dropout_1[1][0]                  
__________________________________________________________________________________________________
average (Average)               (None, 5)            0           dense_1[0][0]                    
                                                                 dense_1[1][0]                    
==================================================================================================
Total params: 192,125
Trainable params: 192,125
Non-trainable params: 0
__________________________________________________________________________________________________
Epoch 1/60

Epoch 00001: val_loss improved from inf to 0.96943, saving model to ./models/model_DNA_one-hot.h5
10397/10397 - 1000s - loss: 1.0762 - accuracy: 0.5365 - val_loss: 0.9694 - val_accuracy: 0.6202
Epoch 2/60

Epoch 00002: val_loss improved from 0.96943 to 0.77467, saving model to ./models/model_DNA_one-hot.h5
10397/10397 - 860s - loss: 0.7544 - accuracy: 0.6916 - val_loss: 0.7747 - val_accuracy: 0.7197
Epoch 3/60

Epoch 00003: val_loss improved from 0.77467 to 0.74639, saving model to ./models/model_DNA_one-hot.h5
10397/10397 - 858s - loss: 0.6251 - accuracy: 0.7553 - val_loss: 0.7464 - val_accuracy: 0.7446
Epoch 4/60

Epoch 00004: val_loss improved from 0.74639 to 0.68246, saving model to ./models/model_DNA_one-hot.h5
10397/10397 - 859s - loss: 0.5515 - accuracy: 0.7890 - val_loss: 0.6825 - val_accuracy: 0.7747
Epoch 5/60

Epoch 00005: val_loss improved from 0.68246 to 0.60534, saving model to ./models/model_DNA_one-hot.h5
10397/10397 - 860s - loss: 0.5070 - accuracy: 0.8078 - val_loss: 0.6053 - val_accuracy: 0.7854
Epoch 6/60

Epoch 00006: val_loss improved from 0.60534 to 0.58158, saving model to ./models/model_DNA_one-hot.h5
10397/10397 - 859s - loss: 0.4772 - accuracy: 0.8204 - val_loss: 0.5816 - val_accuracy: 0.7895
Epoch 7/60

Epoch 00007: val_loss did not improve from 0.58158
10397/10397 - 861s - loss: 0.4563 - accuracy: 0.8290 - val_loss: 0.6119 - val_accuracy: 0.7977
Epoch 8/60

Epoch 00008: val_loss did not improve from 0.58158
10397/10397 - 860s - loss: 0.4397 - accuracy: 0.8360 - val_loss: 0.6536 - val_accuracy: 0.7950
Epoch 9/60

Epoch 00009: val_loss did not improve from 0.58158
10397/10397 - 861s - loss: 0.4262 - accuracy: 0.8411 - val_loss: 0.6014 - val_accuracy: 0.8038
Epoch 10/60

Epoch 00010: val_loss did not improve from 0.58158
10397/10397 - 864s - loss: 0.4147 - accuracy: 0.8460 - val_loss: 0.5996 - val_accuracy: 0.8070
Epoch 11/60

Epoch 00011: val_loss improved from 0.58158 to 0.57067, saving model to ./models/model_DNA_one-hot.h5
10397/10397 - 859s - loss: 0.4063 - accuracy: 0.8488 - val_loss: 0.5707 - val_accuracy: 0.8060
Epoch 12/60

Epoch 00012: val_loss did not improve from 0.57067
10397/10397 - 860s - loss: 0.3983 - accuracy: 0.8522 - val_loss: 0.6362 - val_accuracy: 0.8098
Epoch 13/60

Epoch 00013: val_loss did not improve from 0.57067
10397/10397 - 862s - loss: 0.3916 - accuracy: 0.8548 - val_loss: 0.5877 - val_accuracy: 0.8097
Epoch 14/60

Epoch 00014: val_loss did not improve from 0.57067
10397/10397 - 862s - loss: 0.3859 - accuracy: 0.8573 - val_loss: 0.6184 - val_accuracy: 0.8061
Epoch 15/60

Epoch 00015: val_loss did not improve from 0.57067
10397/10397 - 862s - loss: 0.3808 - accuracy: 0.8590 - val_loss: 0.5854 - val_accuracy: 0.8102
Epoch 16/60

Epoch 00016: val_loss did not improve from 0.57067
10397/10397 - 864s - loss: 0.3760 - accuracy: 0.8614 - val_loss: 0.6055 - val_accuracy: 0.8082
Epoch 17/60

Epoch 00017: val_loss improved from 0.57067 to 0.54318, saving model to ./models/model_DNA_one-hot.h5
10397/10397 - 865s - loss: 0.3714 - accuracy: 0.8628 - val_loss: 0.5432 - val_accuracy: 0.8157
Epoch 18/60

Epoch 00018: val_loss did not improve from 0.54318
10397/10397 - 866s - loss: 0.3673 - accuracy: 0.8643 - val_loss: 0.6007 - val_accuracy: 0.8129
Epoch 19/60

Epoch 00019: val_loss did not improve from 0.54318
10397/10397 - 864s - loss: 0.3635 - accuracy: 0.8655 - val_loss: 0.5970 - val_accuracy: 0.8151
Epoch 20/60

Epoch 00020: val_loss did not improve from 0.54318
10397/10397 - 862s - loss: 0.3606 - accuracy: 0.8669 - val_loss: 0.6322 - val_accuracy: 0.8093
Epoch 21/60

Epoch 00021: val_loss did not improve from 0.54318
10397/10397 - 861s - loss: 0.3571 - accuracy: 0.8683 - val_loss: 0.6287 - val_accuracy: 0.8146
Epoch 22/60

Epoch 00022: val_loss did not improve from 0.54318
10397/10397 - 862s - loss: 0.3535 - accuracy: 0.8695 - val_loss: 0.5836 - val_accuracy: 0.8143
Epoch 23/60

Epoch 00023: val_loss did not improve from 0.54318
10397/10397 - 863s - loss: 0.3507 - accuracy: 0.8704 - val_loss: 0.5800 - val_accuracy: 0.8174
Epoch 24/60

Epoch 00024: val_loss did not improve from 0.54318
10397/10397 - 863s - loss: 0.3491 - accuracy: 0.8708 - val_loss: 0.5706 - val_accuracy: 0.8136
Epoch 25/60

Epoch 00025: val_loss improved from 0.54318 to 0.52885, saving model to ./models/model_DNA_one-hot.h5
10397/10397 - 863s - loss: 0.3469 - accuracy: 0.8719 - val_loss: 0.5289 - val_accuracy: 0.8216
Epoch 26/60

Epoch 00026: val_loss did not improve from 0.52885
10397/10397 - 863s - loss: 0.3445 - accuracy: 0.8727 - val_loss: 0.6090 - val_accuracy: 0.8133
Epoch 27/60

Epoch 00027: val_loss did not improve from 0.52885
10397/10397 - 867s - loss: 0.3428 - accuracy: 0.8733 - val_loss: 0.5589 - val_accuracy: 0.8217
Epoch 28/60

Epoch 00028: val_loss did not improve from 0.52885
10397/10397 - 860s - loss: 0.3404 - accuracy: 0.8742 - val_loss: 0.5656 - val_accuracy: 0.8197
Epoch 29/60

Epoch 00029: val_loss did not improve from 0.52885
10397/10397 - 858s - loss: 0.3388 - accuracy: 0.8750 - val_loss: 0.6406 - val_accuracy: 0.8152
Epoch 30/60

Epoch 00030: val_loss did not improve from 0.52885
10397/10397 - 862s - loss: 0.3369 - accuracy: 0.8751 - val_loss: 0.6204 - val_accuracy: 0.8167
Epoch 31/60

Epoch 00031: val_loss did not improve from 0.52885
10397/10397 - 862s - loss: 0.3358 - accuracy: 0.8756 - val_loss: 0.5675 - val_accuracy: 0.8161
Epoch 32/60

Epoch 00032: val_loss did not improve from 0.52885
10397/10397 - 864s - loss: 0.3335 - accuracy: 0.8770 - val_loss: 0.6002 - val_accuracy: 0.8158
Epoch 33/60

Epoch 00033: val_loss did not improve from 0.52885
10397/10397 - 862s - loss: 0.3323 - accuracy: 0.8773 - val_loss: 0.5683 - val_accuracy: 0.8199
Epoch 34/60

Epoch 00034: val_loss did not improve from 0.52885
10397/10397 - 864s - loss: 0.3313 - accuracy: 0.8776 - val_loss: 0.5933 - val_accuracy: 0.8106
Epoch 35/60

Epoch 00035: val_loss did not improve from 0.52885
10397/10397 - 866s - loss: 0.3302 - accuracy: 0.8777 - val_loss: 0.5972 - val_accuracy: 0.8183
Epoch 00035: early stopping
