---------- Begin SLURM Prolog ----------
Job ID:        7208299
Username:      siliangc
Accountname:   lc_fs3
Name:          batchrun_lstm.sh
Partition:     main
Nodelist:      hpc4631
TasksPerNode:  1
CPUsPerTask:   Default[1]
TMPDIR:        /tmp/7208299.main
SCRATCHDIR:    /staging/scratch/7208299
Cluster:       uschpc
HSDA Account:  false
---------- 2020-05-05 16:17:12 ---------
2020-05-05 16:30:32.838342: I tensorflow/stream_executor/platform/default/dso_loader.cc:44] Successfully opened dynamic library libcuda.so.1
2020-05-05 16:30:33.002375: I tensorflow/core/common_runtime/gpu/gpu_device.cc:1561] Found device 0 with properties: 
pciBusID: 0000:3b:00.0 name: Tesla V100-PCIE-32GB computeCapability: 7.0
coreClock: 1.38GHz coreCount: 80 deviceMemorySize: 31.72GiB deviceMemoryBandwidth: 836.37GiB/s
2020-05-05 16:30:33.006390: I tensorflow/core/common_runtime/gpu/gpu_device.cc:1561] Found device 1 with properties: 
pciBusID: 0000:d8:00.0 name: Tesla V100-PCIE-32GB computeCapability: 7.0
coreClock: 1.38GHz coreCount: 80 deviceMemorySize: 31.72GiB deviceMemoryBandwidth: 836.37GiB/s
2020-05-05 16:30:33.185199: I tensorflow/stream_executor/platform/default/dso_loader.cc:44] Successfully opened dynamic library libcudart.so.10.1
2020-05-05 16:30:40.932746: I tensorflow/stream_executor/platform/default/dso_loader.cc:44] Successfully opened dynamic library libcublas.so.10
2020-05-05 16:30:42.736328: I tensorflow/stream_executor/platform/default/dso_loader.cc:44] Successfully opened dynamic library libcufft.so.10
2020-05-05 16:30:48.401520: I tensorflow/stream_executor/platform/default/dso_loader.cc:44] Successfully opened dynamic library libcurand.so.10
2020-05-05 16:30:52.027806: I tensorflow/stream_executor/platform/default/dso_loader.cc:44] Successfully opened dynamic library libcusolver.so.10
2020-05-05 16:30:52.745560: I tensorflow/stream_executor/platform/default/dso_loader.cc:44] Successfully opened dynamic library libcusparse.so.10
2020-05-05 16:30:55.721913: I tensorflow/stream_executor/platform/default/dso_loader.cc:44] Successfully opened dynamic library libcudnn.so.7
2020-05-05 16:30:55.733223: I tensorflow/core/common_runtime/gpu/gpu_device.cc:1703] Adding visible gpu devices: 0, 1
2020-05-05 16:30:55.756387: I tensorflow/core/platform/cpu_feature_guard.cc:143] Your CPU supports instructions that this TensorFlow binary was not compiled to use: AVX2 AVX512F FMA
2020-05-05 16:30:56.070884: I tensorflow/core/platform/profile_utils/cpu_utils.cc:102] CPU Frequency: 2100000000 Hz
2020-05-05 16:30:56.075144: I tensorflow/compiler/xla/service/service.cc:168] XLA service 0x5596ee96b5d0 initialized for platform Host (this does not guarantee that XLA will be used). Devices:
2020-05-05 16:30:56.075209: I tensorflow/compiler/xla/service/service.cc:176]   StreamExecutor device (0): Host, Default Version
2020-05-05 16:30:56.497648: I tensorflow/compiler/xla/service/service.cc:168] XLA service 0x5596ee9d57c0 initialized for platform CUDA (this does not guarantee that XLA will be used). Devices:
2020-05-05 16:30:56.497729: I tensorflow/compiler/xla/service/service.cc:176]   StreamExecutor device (0): Tesla V100-PCIE-32GB, Compute Capability 7.0
2020-05-05 16:30:56.497758: I tensorflow/compiler/xla/service/service.cc:176]   StreamExecutor device (1): Tesla V100-PCIE-32GB, Compute Capability 7.0
2020-05-05 16:30:56.548338: I tensorflow/core/common_runtime/gpu/gpu_device.cc:1561] Found device 0 with properties: 
pciBusID: 0000:3b:00.0 name: Tesla V100-PCIE-32GB computeCapability: 7.0
coreClock: 1.38GHz coreCount: 80 deviceMemorySize: 31.72GiB deviceMemoryBandwidth: 836.37GiB/s
2020-05-05 16:30:56.552063: I tensorflow/core/common_runtime/gpu/gpu_device.cc:1561] Found device 1 with properties: 
pciBusID: 0000:d8:00.0 name: Tesla V100-PCIE-32GB computeCapability: 7.0
coreClock: 1.38GHz coreCount: 80 deviceMemorySize: 31.72GiB deviceMemoryBandwidth: 836.37GiB/s
2020-05-05 16:30:56.552169: I tensorflow/stream_executor/platform/default/dso_loader.cc:44] Successfully opened dynamic library libcudart.so.10.1
2020-05-05 16:30:56.552215: I tensorflow/stream_executor/platform/default/dso_loader.cc:44] Successfully opened dynamic library libcublas.so.10
2020-05-05 16:30:56.552235: I tensorflow/stream_executor/platform/default/dso_loader.cc:44] Successfully opened dynamic library libcufft.so.10
2020-05-05 16:30:56.552250: I tensorflow/stream_executor/platform/default/dso_loader.cc:44] Successfully opened dynamic library libcurand.so.10
2020-05-05 16:30:56.552264: I tensorflow/stream_executor/platform/default/dso_loader.cc:44] Successfully opened dynamic library libcusolver.so.10
2020-05-05 16:30:56.552279: I tensorflow/stream_executor/platform/default/dso_loader.cc:44] Successfully opened dynamic library libcusparse.so.10
2020-05-05 16:30:56.552294: I tensorflow/stream_executor/platform/default/dso_loader.cc:44] Successfully opened dynamic library libcudnn.so.7
2020-05-05 16:30:56.562339: I tensorflow/core/common_runtime/gpu/gpu_device.cc:1703] Adding visible gpu devices: 0, 1
2020-05-05 16:30:56.562387: I tensorflow/stream_executor/platform/default/dso_loader.cc:44] Successfully opened dynamic library libcudart.so.10.1
2020-05-05 16:30:56.565367: I tensorflow/core/common_runtime/gpu/gpu_device.cc:1102] Device interconnect StreamExecutor with strength 1 edge matrix:
2020-05-05 16:30:56.565384: I tensorflow/core/common_runtime/gpu/gpu_device.cc:1108]      0 1 
2020-05-05 16:30:56.565392: I tensorflow/core/common_runtime/gpu/gpu_device.cc:1121] 0:   N Y 
2020-05-05 16:30:56.565398: I tensorflow/core/common_runtime/gpu/gpu_device.cc:1121] 1:   Y N 
2020-05-05 16:30:56.570299: I tensorflow/core/common_runtime/gpu/gpu_device.cc:1247] Created TensorFlow device (/job:localhost/replica:0/task:0/device:GPU:0 with 30233 MB memory) -> physical GPU (device: 0, name: Tesla V100-PCIE-32GB, pci bus id: 0000:3b:00.0, compute capability: 7.0)
2020-05-05 16:30:56.572451: I tensorflow/core/common_runtime/gpu/gpu_device.cc:1247] Created TensorFlow device (/job:localhost/replica:0/task:0/device:GPU:1 with 30233 MB memory) -> physical GPU (device: 1, name: Tesla V100-PCIE-32GB, pci bus id: 0000:d8:00.0, compute capability: 7.0)
2020-05-05 16:31:15.675569: W tensorflow/core/framework/cpu_allocator_impl.cc:81] Allocation of 16006874880 exceeds 10% of free system memory.
2020-05-05 16:31:42.900607: W tensorflow/core/framework/cpu_allocator_impl.cc:81] Allocation of 16006874880 exceeds 10% of free system memory.
2020-05-05 16:32:03.693886: I tensorflow/stream_executor/platform/default/dso_loader.cc:44] Successfully opened dynamic library libcublas.so.10
2020-05-05 16:32:04.521998: I tensorflow/stream_executor/platform/default/dso_loader.cc:44] Successfully opened dynamic library libcudnn.so.7
2020-05-05 16:32:09.559780: E tensorflow/core/platform/default/subprocess.cc:208] Start cannot fork() child process: Cannot allocate memory
2020-05-05 16:32:09.559930: W tensorflow/stream_executor/gpu/asm_compiler.cc:73] Couldn't invoke ptxas --version
2020-05-05 16:32:09.925026: E tensorflow/core/platform/default/subprocess.cc:208] Start cannot fork() child process: Cannot allocate memory
2020-05-05 16:32:09.925215: W tensorflow/stream_executor/gpu/redzone_allocator.cc:314] Internal: Failed to launch ptxas
Relying on driver to perform ptx compilation. 
Modify $PATH to customize ptxas location.
This message will be only logged once.
2020-05-05 16:32:10.302901: E tensorflow/core/platform/default/subprocess.cc:208] Start cannot fork() child process: Cannot allocate memory
2020-05-05 16:32:10.689459: E tensorflow/core/platform/default/subprocess.cc:208] Start cannot fork() child process: Cannot allocate memory
2020-05-05 16:32:11.059089: E tensorflow/core/platform/default/subprocess.cc:208] Start cannot fork() child process: Cannot allocate memory
2020-05-05 16:32:11.435708: E tensorflow/core/platform/default/subprocess.cc:208] Start cannot fork() child process: Cannot allocate memory
2020-05-05 16:32:11.809543: E tensorflow/core/platform/default/subprocess.cc:208] Start cannot fork() child process: Cannot allocate memory
2020-05-05 16:32:12.190941: E tensorflow/core/platform/default/subprocess.cc:208] Start cannot fork() child process: Cannot allocate memory
2020-05-05 16:32:12.574012: E tensorflow/core/platform/default/subprocess.cc:208] Start cannot fork() child process: Cannot allocate memory
2020-05-05 16:32:12.949870: E tensorflow/core/platform/default/subprocess.cc:208] Start cannot fork() child process: Cannot allocate memory
2020-05-05 16:32:13.554289: E tensorflow/core/platform/default/subprocess.cc:208] Start cannot fork() child process: Cannot allocate memory
2020-05-05 16:32:13.896878: E tensorflow/core/platform/default/subprocess.cc:208] Start cannot fork() child process: Cannot allocate memory
2020-05-05 16:32:14.238706: E tensorflow/core/platform/default/subprocess.cc:208] Start cannot fork() child process: Cannot allocate memory
2020-05-05 16:32:14.605902: E tensorflow/core/platform/default/subprocess.cc:208] Start cannot fork() child process: Cannot allocate memory
2020-05-05 16:32:14.983521: E tensorflow/core/platform/default/subprocess.cc:208] Start cannot fork() child process: Cannot allocate memory
2020-05-05 16:32:15.329247: E tensorflow/core/platform/default/subprocess.cc:208] Start cannot fork() child process: Cannot allocate memory
2020-05-05 16:32:15.666114: E tensorflow/core/platform/default/subprocess.cc:208] Start cannot fork() child process: Cannot allocate memory
2020-05-05 16:32:16.053177: E tensorflow/core/platform/default/subprocess.cc:208] Start cannot fork() child process: Cannot allocate memory
2020-05-05 16:32:16.425467: E tensorflow/core/platform/default/subprocess.cc:208] Start cannot fork() child process: Cannot allocate memory
2020-05-05 16:32:16.809814: E tensorflow/core/platform/default/subprocess.cc:208] Start cannot fork() child process: Cannot allocate memory
2020-05-05 16:32:17.194203: E tensorflow/core/platform/default/subprocess.cc:208] Start cannot fork() child process: Cannot allocate memory
2020-05-05 16:32:17.589089: E tensorflow/core/platform/default/subprocess.cc:208] Start cannot fork() child process: Cannot allocate memory
2020-05-05 16:32:17.972008: E tensorflow/core/platform/default/subprocess.cc:208] Start cannot fork() child process: Cannot allocate memory
2020-05-05 16:32:18.351715: E tensorflow/core/platform/default/subprocess.cc:208] Start cannot fork() child process: Cannot allocate memory
2020-05-05 16:32:18.721665: E tensorflow/core/platform/default/subprocess.cc:208] Start cannot fork() child process: Cannot allocate memory
2020-05-05 16:32:19.095422: E tensorflow/core/platform/default/subprocess.cc:208] Start cannot fork() child process: Cannot allocate memory
2020-05-05 16:32:19.480523: E tensorflow/core/platform/default/subprocess.cc:208] Start cannot fork() child process: Cannot allocate memory
2020-05-05 16:32:19.857242: E tensorflow/core/platform/default/subprocess.cc:208] Start cannot fork() child process: Cannot allocate memory
2020-05-05 16:32:20.231390: E tensorflow/core/platform/default/subprocess.cc:208] Start cannot fork() child process: Cannot allocate memory
2020-05-05 16:32:20.604572: E tensorflow/core/platform/default/subprocess.cc:208] Start cannot fork() child process: Cannot allocate memory
2020-05-05 16:32:20.976367: E tensorflow/core/platform/default/subprocess.cc:208] Start cannot fork() child process: Cannot allocate memory
2020-05-05 16:32:21.315930: E tensorflow/core/platform/default/subprocess.cc:208] Start cannot fork() child process: Cannot allocate memory
2020-05-05 16:32:21.657779: E tensorflow/core/platform/default/subprocess.cc:208] Start cannot fork() child process: Cannot allocate memory
2020-05-05 16:32:22.042159: E tensorflow/core/platform/default/subprocess.cc:208] Start cannot fork() child process: Cannot allocate memory
2020-05-05 16:32:22.387650: E tensorflow/core/platform/default/subprocess.cc:208] Start cannot fork() child process: Cannot allocate memory
2020-05-05 16:32:22.768821: E tensorflow/core/platform/default/subprocess.cc:208] Start cannot fork() child process: Cannot allocate memory
2020-05-05 16:32:23.112654: E tensorflow/core/platform/default/subprocess.cc:208] Start cannot fork() child process: Cannot allocate memory
2020-05-05 16:32:23.463944: E tensorflow/core/platform/default/subprocess.cc:208] Start cannot fork() child process: Cannot allocate memory
2020-05-05 16:32:23.837731: E tensorflow/core/platform/default/subprocess.cc:208] Start cannot fork() child process: Cannot allocate memory
2020-05-05 16:32:24.214892: E tensorflow/core/platform/default/subprocess.cc:208] Start cannot fork() child process: Cannot allocate memory
2020-05-05 16:32:24.584442: E tensorflow/core/platform/default/subprocess.cc:208] Start cannot fork() child process: Cannot allocate memory
2020-05-05 16:32:24.966757: E tensorflow/core/platform/default/subprocess.cc:208] Start cannot fork() child process: Cannot allocate memory
2020-05-05 16:32:25.377630: E tensorflow/core/platform/default/subprocess.cc:208] Start cannot fork() child process: Cannot allocate memory
2020-05-05 16:32:25.745334: E tensorflow/core/platform/default/subprocess.cc:208] Start cannot fork() child process: Cannot allocate memory
2020-05-05 16:32:26.103238: E tensorflow/core/platform/default/subprocess.cc:208] Start cannot fork() child process: Cannot allocate memory
2020-05-05 16:32:26.443165: E tensorflow/core/platform/default/subprocess.cc:208] Start cannot fork() child process: Cannot allocate memory
2020-05-05 16:32:26.781963: E tensorflow/core/platform/default/subprocess.cc:208] Start cannot fork() child process: Cannot allocate memory
2020-05-05 16:32:27.127623: E tensorflow/core/platform/default/subprocess.cc:208] Start cannot fork() child process: Cannot allocate memory
2020-05-05 16:32:27.477082: E tensorflow/core/platform/default/subprocess.cc:208] Start cannot fork() child process: Cannot allocate memory
2020-05-05 16:32:27.810295: E tensorflow/core/platform/default/subprocess.cc:208] Start cannot fork() child process: Cannot allocate memory
2020-05-05 16:32:28.153088: E tensorflow/core/platform/default/subprocess.cc:208] Start cannot fork() child process: Cannot allocate memory
2020-05-05 16:32:28.506274: E tensorflow/core/platform/default/subprocess.cc:208] Start cannot fork() child process: Cannot allocate memory
2020-05-05 16:32:28.854451: E tensorflow/core/platform/default/subprocess.cc:208] Start cannot fork() child process: Cannot allocate memory
2020-05-05 16:32:29.191411: E tensorflow/core/platform/default/subprocess.cc:208] Start cannot fork() child process: Cannot allocate memory
2020-05-05 16:32:29.534728: E tensorflow/core/platform/default/subprocess.cc:208] Start cannot fork() child process: Cannot allocate memory
2020-05-05 16:32:29.884901: E tensorflow/core/platform/default/subprocess.cc:208] Start cannot fork() child process: Cannot allocate memory
2020-05-05 16:32:30.223293: E tensorflow/core/platform/default/subprocess.cc:208] Start cannot fork() child process: Cannot allocate memory
2020-05-05 16:32:30.565292: E tensorflow/core/platform/default/subprocess.cc:208] Start cannot fork() child process: Cannot allocate memory
2020-05-05 16:32:30.906667: E tensorflow/core/platform/default/subprocess.cc:208] Start cannot fork() child process: Cannot allocate memory
2020-05-05 16:32:31.254370: E tensorflow/core/platform/default/subprocess.cc:208] Start cannot fork() child process: Cannot allocate memory
2020-05-05 16:32:31.599103: E tensorflow/core/platform/default/subprocess.cc:208] Start cannot fork() child process: Cannot allocate memory
2020-05-05 16:32:31.957402: E tensorflow/core/platform/default/subprocess.cc:208] Start cannot fork() child process: Cannot allocate memory
2020-05-05 16:32:32.297401: E tensorflow/core/platform/default/subprocess.cc:208] Start cannot fork() child process: Cannot allocate memory
2020-05-05 16:32:32.645861: E tensorflow/core/platform/default/subprocess.cc:208] Start cannot fork() child process: Cannot allocate memory
2020-05-05 16:32:32.985156: E tensorflow/core/platform/default/subprocess.cc:208] Start cannot fork() child process: Cannot allocate memory
2020-05-05 16:32:33.520627: E tensorflow/core/platform/default/subprocess.cc:208] Start cannot fork() child process: Cannot allocate memory
2020-05-05 16:32:33.898023: E tensorflow/core/platform/default/subprocess.cc:208] Start cannot fork() child process: Cannot allocate memory
2020-05-05 16:32:34.274050: E tensorflow/core/platform/default/subprocess.cc:208] Start cannot fork() child process: Cannot allocate memory
2020-05-05 16:32:34.650100: E tensorflow/core/platform/default/subprocess.cc:208] Start cannot fork() child process: Cannot allocate memory
2020-05-05 16:32:35.025818: E tensorflow/core/platform/default/subprocess.cc:208] Start cannot fork() child process: Cannot allocate memory
2020-05-05 16:32:35.403790: E tensorflow/core/platform/default/subprocess.cc:208] Start cannot fork() child process: Cannot allocate memory
2020-05-05 16:32:35.976171: E tensorflow/core/platform/default/subprocess.cc:208] Start cannot fork() child process: Cannot allocate memory
2020-05-05 16:32:36.354955: E tensorflow/core/platform/default/subprocess.cc:208] Start cannot fork() child process: Cannot allocate memory
2020-05-05 16:32:36.711453: E tensorflow/core/platform/default/subprocess.cc:208] Start cannot fork() child process: Cannot allocate memory
2020-05-05 16:32:37.060359: E tensorflow/core/platform/default/subprocess.cc:208] Start cannot fork() child process: Cannot allocate memory
2020-05-05 16:32:37.417167: E tensorflow/core/platform/default/subprocess.cc:208] Start cannot fork() child process: Cannot allocate memory
2020-05-05 16:32:37.766307: E tensorflow/core/platform/default/subprocess.cc:208] Start cannot fork() child process: Cannot allocate memory
2020-05-05 16:32:38.152848: E tensorflow/core/platform/default/subprocess.cc:208] Start cannot fork() child process: Cannot allocate memory
2020-05-05 16:32:38.530903: E tensorflow/core/platform/default/subprocess.cc:208] Start cannot fork() child process: Cannot allocate memory
2020-05-05 16:32:38.927612: E tensorflow/core/platform/default/subprocess.cc:208] Start cannot fork() child process: Cannot allocate memory
2020-05-05 16:32:39.307480: E tensorflow/core/platform/default/subprocess.cc:208] Start cannot fork() child process: Cannot allocate memory
2020-05-05 16:32:39.654477: E tensorflow/core/platform/default/subprocess.cc:208] Start cannot fork() child process: Cannot allocate memory
2020-05-05 16:32:40.032394: E tensorflow/core/platform/default/subprocess.cc:208] Start cannot fork() child process: Cannot allocate memory
2020-05-05 16:32:40.370432: E tensorflow/core/platform/default/subprocess.cc:208] Start cannot fork() child process: Cannot allocate memory
2020-05-05 16:32:40.719398: E tensorflow/core/platform/default/subprocess.cc:208] Start cannot fork() child process: Cannot allocate memory
2020-05-05 16:32:41.085041: E tensorflow/core/platform/default/subprocess.cc:208] Start cannot fork() child process: Cannot allocate memory
2020-05-05 16:32:41.448712: E tensorflow/core/platform/default/subprocess.cc:208] Start cannot fork() child process: Cannot allocate memory
2020-05-05 16:32:41.815956: E tensorflow/core/platform/default/subprocess.cc:208] Start cannot fork() child process: Cannot allocate memory
2020-05-05 16:32:42.173101: E tensorflow/core/platform/default/subprocess.cc:208] Start cannot fork() child process: Cannot allocate memory
2020-05-05 16:32:42.515624: E tensorflow/core/platform/default/subprocess.cc:208] Start cannot fork() child process: Cannot allocate memory
2020-05-05 16:32:42.882255: E tensorflow/core/platform/default/subprocess.cc:208] Start cannot fork() child process: Cannot allocate memory
2020-05-05 16:32:43.310200: E tensorflow/core/platform/default/subprocess.cc:208] Start cannot fork() child process: Cannot allocate memory
2020-05-05 16:32:43.761217: E tensorflow/core/platform/default/subprocess.cc:208] Start cannot fork() child process: Cannot allocate memory
2020-05-05 16:32:44.156078: E tensorflow/core/platform/default/subprocess.cc:208] Start cannot fork() child process: Cannot allocate memory
2020-05-05 16:32:44.523969: E tensorflow/core/platform/default/subprocess.cc:208] Start cannot fork() child process: Cannot allocate memory
2020-05-05 16:32:44.901101: E tensorflow/core/platform/default/subprocess.cc:208] Start cannot fork() child process: Cannot allocate memory
2020-05-05 16:32:45.279170: E tensorflow/core/platform/default/subprocess.cc:208] Start cannot fork() child process: Cannot allocate memory
2020-05-05 16:32:45.662961: E tensorflow/core/platform/default/subprocess.cc:208] Start cannot fork() child process: Cannot allocate memory
2020-05-05 16:32:46.042462: E tensorflow/core/platform/default/subprocess.cc:208] Start cannot fork() child process: Cannot allocate memory
2020-05-05 16:32:46.424532: E tensorflow/core/platform/default/subprocess.cc:208] Start cannot fork() child process: Cannot allocate memory
2020-05-05 16:32:46.797353: E tensorflow/core/platform/default/subprocess.cc:208] Start cannot fork() child process: Cannot allocate memory
2020-05-05 16:32:47.180079: E tensorflow/core/platform/default/subprocess.cc:208] Start cannot fork() child process: Cannot allocate memory
2020-05-05 16:32:47.548141: E tensorflow/core/platform/default/subprocess.cc:208] Start cannot fork() child process: Cannot allocate memory
2020-05-05 16:32:47.936022: E tensorflow/core/platform/default/subprocess.cc:208] Start cannot fork() child process: Cannot allocate memory
2020-05-05 16:32:48.309250: E tensorflow/core/platform/default/subprocess.cc:208] Start cannot fork() child process: Cannot allocate memory
2020-05-05 16:32:48.691320: E tensorflow/core/platform/default/subprocess.cc:208] Start cannot fork() child process: Cannot allocate memory
2020-05-05 16:32:49.065781: E tensorflow/core/platform/default/subprocess.cc:208] Start cannot fork() child process: Cannot allocate memory
2020-05-05 16:32:49.451568: E tensorflow/core/platform/default/subprocess.cc:208] Start cannot fork() child process: Cannot allocate memory
2020-05-05 16:32:49.790776: E tensorflow/core/platform/default/subprocess.cc:208] Start cannot fork() child process: Cannot allocate memory
2020-05-05 16:32:50.168244: E tensorflow/core/platform/default/subprocess.cc:208] Start cannot fork() child process: Cannot allocate memory
2020-05-05 16:32:50.552262: E tensorflow/core/platform/default/subprocess.cc:208] Start cannot fork() child process: Cannot allocate memory
2020-05-05 16:32:50.930161: E tensorflow/core/platform/default/subprocess.cc:208] Start cannot fork() child process: Cannot allocate memory
2020-05-05 16:32:51.303266: E tensorflow/core/platform/default/subprocess.cc:208] Start cannot fork() child process: Cannot allocate memory
2020-05-05 16:32:51.681067: E tensorflow/core/platform/default/subprocess.cc:208] Start cannot fork() child process: Cannot allocate memory
2020-05-05 16:32:52.046868: E tensorflow/core/platform/default/subprocess.cc:208] Start cannot fork() child process: Cannot allocate memory
2020-05-05 16:32:52.419607: E tensorflow/core/platform/default/subprocess.cc:208] Start cannot fork() child process: Cannot allocate memory
2020-05-05 16:32:52.806611: E tensorflow/core/platform/default/subprocess.cc:208] Start cannot fork() child process: Cannot allocate memory
2020-05-05 16:32:53.191876: E tensorflow/core/platform/default/subprocess.cc:208] Start cannot fork() child process: Cannot allocate memory
2020-05-05 16:32:53.565389: E tensorflow/core/platform/default/subprocess.cc:208] Start cannot fork() child process: Cannot allocate memory
2020-05-05 16:32:53.919060: E tensorflow/core/platform/default/subprocess.cc:208] Start cannot fork() child process: Cannot allocate memory
2020-05-05 16:32:54.303650: E tensorflow/core/platform/default/subprocess.cc:208] Start cannot fork() child process: Cannot allocate memory
2020-05-05 16:32:54.682177: E tensorflow/core/platform/default/subprocess.cc:208] Start cannot fork() child process: Cannot allocate memory
2020-05-05 16:32:55.057003: E tensorflow/core/platform/default/subprocess.cc:208] Start cannot fork() child process: Cannot allocate memory
2020-05-05 16:32:55.432141: E tensorflow/core/platform/default/subprocess.cc:208] Start cannot fork() child process: Cannot allocate memory
2020-05-05 16:32:55.812729: E tensorflow/core/platform/default/subprocess.cc:208] Start cannot fork() child process: Cannot allocate memory
2020-05-05 16:33:51.056760: E tensorflow/core/platform/default/subprocess.cc:208] Start cannot fork() child process: Cannot allocate memory
2020-05-05 16:33:51.444354: E tensorflow/core/platform/default/subprocess.cc:208] Start cannot fork() child process: Cannot allocate memory
2020-05-05 16:33:51.847020: E tensorflow/core/platform/default/subprocess.cc:208] Start cannot fork() child process: Cannot allocate memory
2020-05-05 16:33:52.231018: E tensorflow/core/platform/default/subprocess.cc:208] Start cannot fork() child process: Cannot allocate memory
2020-05-05 16:33:52.618036: E tensorflow/core/platform/default/subprocess.cc:208] Start cannot fork() child process: Cannot allocate memory
2020-05-05 16:33:53.006619: E tensorflow/core/platform/default/subprocess.cc:208] Start cannot fork() child process: Cannot allocate memory
2020-05-05 16:33:53.394439: E tensorflow/core/platform/default/subprocess.cc:208] Start cannot fork() child process: Cannot allocate memory
2020-05-05 16:33:53.780293: E tensorflow/core/platform/default/subprocess.cc:208] Start cannot fork() child process: Cannot allocate memory
2020-05-05 16:33:54.157891: E tensorflow/core/platform/default/subprocess.cc:208] Start cannot fork() child process: Cannot allocate memory
2020-05-05 16:33:54.543353: E tensorflow/core/platform/default/subprocess.cc:208] Start cannot fork() child process: Cannot allocate memory
2020-05-05 16:33:54.965809: E tensorflow/core/platform/default/subprocess.cc:208] Start cannot fork() child process: Cannot allocate memory
2020-05-05 16:33:55.358695: E tensorflow/core/platform/default/subprocess.cc:208] Start cannot fork() child process: Cannot allocate memory
2020-05-05 16:33:55.784426: E tensorflow/core/platform/default/subprocess.cc:208] Start cannot fork() child process: Cannot allocate memory
2020-05-05 16:33:56.172436: E tensorflow/core/platform/default/subprocess.cc:208] Start cannot fork() child process: Cannot allocate memory
2020-05-05 16:33:56.592483: E tensorflow/core/platform/default/subprocess.cc:208] Start cannot fork() child process: Cannot allocate memory
2020-05-05 16:33:56.993026: E tensorflow/core/platform/default/subprocess.cc:208] Start cannot fork() child process: Cannot allocate memory
2020-05-05 16:33:57.422235: E tensorflow/core/platform/default/subprocess.cc:208] Start cannot fork() child process: Cannot allocate memory
2020-05-05 16:33:57.841390: E tensorflow/core/platform/default/subprocess.cc:208] Start cannot fork() child process: Cannot allocate memory
2020-05-05 16:33:58.268189: E tensorflow/core/platform/default/subprocess.cc:208] Start cannot fork() child process: Cannot allocate memory
2020-05-05 16:33:58.682033: E tensorflow/core/platform/default/subprocess.cc:208] Start cannot fork() child process: Cannot allocate memory
2020-05-05 16:33:59.105199: E tensorflow/core/platform/default/subprocess.cc:208] Start cannot fork() child process: Cannot allocate memory
2020-05-05 16:33:59.523191: E tensorflow/core/platform/default/subprocess.cc:208] Start cannot fork() child process: Cannot allocate memory
2020-05-05 16:33:59.950117: E tensorflow/core/platform/default/subprocess.cc:208] Start cannot fork() child process: Cannot allocate memory
2020-05-05 16:34:00.368077: E tensorflow/core/platform/default/subprocess.cc:208] Start cannot fork() child process: Cannot allocate memory
2020-05-05 16:34:00.787353: E tensorflow/core/platform/default/subprocess.cc:208] Start cannot fork() child process: Cannot allocate memory
2020-05-05 16:34:01.209769: E tensorflow/core/platform/default/subprocess.cc:208] Start cannot fork() child process: Cannot allocate memory
2020-05-05 16:34:01.635643: E tensorflow/core/platform/default/subprocess.cc:208] Start cannot fork() child process: Cannot allocate memory
2020-05-05 16:34:02.048756: E tensorflow/core/platform/default/subprocess.cc:208] Start cannot fork() child process: Cannot allocate memory
2020-05-05 16:34:02.436140: E tensorflow/core/platform/default/subprocess.cc:208] Start cannot fork() child process: Cannot allocate memory
2020-05-05 16:34:02.862637: E tensorflow/core/platform/default/subprocess.cc:208] Start cannot fork() child process: Cannot allocate memory
2020-05-05 16:34:03.259804: E tensorflow/core/platform/default/subprocess.cc:208] Start cannot fork() child process: Cannot allocate memory
2020-05-05 16:34:03.674338: E tensorflow/core/platform/default/subprocess.cc:208] Start cannot fork() child process: Cannot allocate memory
2020-05-05 16:34:04.097254: E tensorflow/core/platform/default/subprocess.cc:208] Start cannot fork() child process: Cannot allocate memory
2020-05-05 16:34:04.484801: E tensorflow/core/platform/default/subprocess.cc:208] Start cannot fork() child process: Cannot allocate memory
2020-05-05 16:34:04.912938: E tensorflow/core/platform/default/subprocess.cc:208] Start cannot fork() child process: Cannot allocate memory
2020-05-05 16:34:05.294087: E tensorflow/core/platform/default/subprocess.cc:208] Start cannot fork() child process: Cannot allocate memory
2020-05-05 16:34:05.680902: E tensorflow/core/platform/default/subprocess.cc:208] Start cannot fork() child process: Cannot allocate memory
2020-05-05 16:34:06.100579: E tensorflow/core/platform/default/subprocess.cc:208] Start cannot fork() child process: Cannot allocate memory
2020-05-05 16:34:06.501498: E tensorflow/core/platform/default/subprocess.cc:208] Start cannot fork() child process: Cannot allocate memory
2020-05-05 16:34:06.876541: E tensorflow/core/platform/default/subprocess.cc:208] Start cannot fork() child process: Cannot allocate memory
2020-05-05 16:34:07.257995: E tensorflow/core/platform/default/subprocess.cc:208] Start cannot fork() child process: Cannot allocate memory
2020-05-05 16:34:07.668408: E tensorflow/core/platform/default/subprocess.cc:208] Start cannot fork() child process: Cannot allocate memory
2020-05-05 16:34:08.064925: E tensorflow/core/platform/default/subprocess.cc:208] Start cannot fork() child process: Cannot allocate memory
2020-05-05 16:34:08.486611: E tensorflow/core/platform/default/subprocess.cc:208] Start cannot fork() child process: Cannot allocate memory
2020-05-05 16:34:08.912624: E tensorflow/core/platform/default/subprocess.cc:208] Start cannot fork() child process: Cannot allocate memory
2020-05-05 16:34:09.331355: E tensorflow/core/platform/default/subprocess.cc:208] Start cannot fork() child process: Cannot allocate memory
2020-05-05 16:34:09.747626: E tensorflow/core/platform/default/subprocess.cc:208] Start cannot fork() child process: Cannot allocate memory
2020-05-05 16:34:10.166372: E tensorflow/core/platform/default/subprocess.cc:208] Start cannot fork() child process: Cannot allocate memory
2020-05-05 16:34:10.598483: E tensorflow/core/platform/default/subprocess.cc:208] Start cannot fork() child process: Cannot allocate memory
2020-05-05 16:34:10.989567: E tensorflow/core/platform/default/subprocess.cc:208] Start cannot fork() child process: Cannot allocate memory
2020-05-05 16:34:11.414279: E tensorflow/core/platform/default/subprocess.cc:208] Start cannot fork() child process: Cannot allocate memory
2020-05-05 16:34:11.797265: E tensorflow/core/platform/default/subprocess.cc:208] Start cannot fork() child process: Cannot allocate memory
2020-05-05 16:34:12.222013: E tensorflow/core/platform/default/subprocess.cc:208] Start cannot fork() child process: Cannot allocate memory
2020-05-05 16:34:12.612940: E tensorflow/core/platform/default/subprocess.cc:208] Start cannot fork() child process: Cannot allocate memory
2020-05-05 16:34:13.055489: E tensorflow/core/platform/default/subprocess.cc:208] Start cannot fork() child process: Cannot allocate memory
2020-05-05 16:34:13.629757: E tensorflow/core/platform/default/subprocess.cc:208] Start cannot fork() child process: Cannot allocate memory
2020-05-05 16:34:14.063736: E tensorflow/core/platform/default/subprocess.cc:208] Start cannot fork() child process: Cannot allocate memory
2020-05-05 16:34:14.445256: E tensorflow/core/platform/default/subprocess.cc:208] Start cannot fork() child process: Cannot allocate memory
2020-05-05 16:34:14.870419: E tensorflow/core/platform/default/subprocess.cc:208] Start cannot fork() child process: Cannot allocate memory
2020-05-05 16:34:15.256085: E tensorflow/core/platform/default/subprocess.cc:208] Start cannot fork() child process: Cannot allocate memory
2020-05-05 16:34:15.682238: E tensorflow/core/platform/default/subprocess.cc:208] Start cannot fork() child process: Cannot allocate memory
2020-05-05 16:34:16.076044: E tensorflow/core/platform/default/subprocess.cc:208] Start cannot fork() child process: Cannot allocate memory
2020-05-05 16:34:16.503155: E tensorflow/core/platform/default/subprocess.cc:208] Start cannot fork() child process: Cannot allocate memory
2020-05-05 16:34:16.907183: E tensorflow/core/platform/default/subprocess.cc:208] Start cannot fork() child process: Cannot allocate memory
2020-05-05 16:34:17.367666: E tensorflow/core/platform/default/subprocess.cc:208] Start cannot fork() child process: Cannot allocate memory
2020-05-05 16:34:17.753353: E tensorflow/core/platform/default/subprocess.cc:208] Start cannot fork() child process: Cannot allocate memory
2020-05-05 16:34:18.141042: E tensorflow/core/platform/default/subprocess.cc:208] Start cannot fork() child process: Cannot allocate memory
2020-05-05 16:34:18.519827: E tensorflow/core/platform/default/subprocess.cc:208] Start cannot fork() child process: Cannot allocate memory
2020-05-05 16:34:18.902141: E tensorflow/core/platform/default/subprocess.cc:208] Start cannot fork() child process: Cannot allocate memory
2020-05-05 16:34:19.278794: E tensorflow/core/platform/default/subprocess.cc:208] Start cannot fork() child process: Cannot allocate memory
2020-05-05 16:34:19.670588: E tensorflow/core/platform/default/subprocess.cc:208] Start cannot fork() child process: Cannot allocate memory
2020-05-05 16:34:20.061748: E tensorflow/core/platform/default/subprocess.cc:208] Start cannot fork() child process: Cannot allocate memory
2020-05-05 16:34:20.456227: E tensorflow/core/platform/default/subprocess.cc:208] Start cannot fork() child process: Cannot allocate memory
2020-05-05 16:34:20.837453: E tensorflow/core/platform/default/subprocess.cc:208] Start cannot fork() child process: Cannot allocate memory
2020-05-05 16:34:21.213885: E tensorflow/core/platform/default/subprocess.cc:208] Start cannot fork() child process: Cannot allocate memory
2020-05-05 16:34:21.593500: E tensorflow/core/platform/default/subprocess.cc:208] Start cannot fork() child process: Cannot allocate memory
2020-05-05 16:34:21.991390: E tensorflow/core/platform/default/subprocess.cc:208] Start cannot fork() child process: Cannot allocate memory
2020-05-05 16:34:22.370497: E tensorflow/core/platform/default/subprocess.cc:208] Start cannot fork() child process: Cannot allocate memory
2020-05-05 16:34:22.760162: E tensorflow/core/platform/default/subprocess.cc:208] Start cannot fork() child process: Cannot allocate memory
2020-05-05 16:34:23.142559: E tensorflow/core/platform/default/subprocess.cc:208] Start cannot fork() child process: Cannot allocate memory
2020-05-05 16:34:23.524224: E tensorflow/core/platform/default/subprocess.cc:208] Start cannot fork() child process: Cannot allocate memory
2020-05-05 16:34:23.902822: E tensorflow/core/platform/default/subprocess.cc:208] Start cannot fork() child process: Cannot allocate memory
2020-05-05 16:34:24.274686: E tensorflow/core/platform/default/subprocess.cc:208] Start cannot fork() child process: Cannot allocate memory
2020-05-05 16:34:24.656823: E tensorflow/core/platform/default/subprocess.cc:208] Start cannot fork() child process: Cannot allocate memory
2020-05-05 16:34:25.036867: E tensorflow/core/platform/default/subprocess.cc:208] Start cannot fork() child process: Cannot allocate memory
2020-05-05 16:34:25.408748: E tensorflow/core/platform/default/subprocess.cc:208] Start cannot fork() child process: Cannot allocate memory
2020-05-05 16:34:25.788767: E tensorflow/core/platform/default/subprocess.cc:208] Start cannot fork() child process: Cannot allocate memory
2020-05-05 16:34:26.168309: E tensorflow/core/platform/default/subprocess.cc:208] Start cannot fork() child process: Cannot allocate memory
2020-05-05 16:34:26.561299: E tensorflow/core/platform/default/subprocess.cc:208] Start cannot fork() child process: Cannot allocate memory
2020-05-05 16:34:26.948980: E tensorflow/core/platform/default/subprocess.cc:208] Start cannot fork() child process: Cannot allocate memory
2020-05-05 16:34:27.319245: E tensorflow/core/platform/default/subprocess.cc:208] Start cannot fork() child process: Cannot allocate memory
2020-05-05 16:34:27.757317: E tensorflow/core/platform/default/subprocess.cc:208] Start cannot fork() child process: Cannot allocate memory
2020-05-05 16:34:28.134300: E tensorflow/core/platform/default/subprocess.cc:208] Start cannot fork() child process: Cannot allocate memory
2020-05-05 16:34:28.515652: E tensorflow/core/platform/default/subprocess.cc:208] Start cannot fork() child process: Cannot allocate memory
2020-05-05 16:34:28.936975: E tensorflow/core/platform/default/subprocess.cc:208] Start cannot fork() child process: Cannot allocate memory
2020-05-05 16:34:29.359759: E tensorflow/core/platform/default/subprocess.cc:208] Start cannot fork() child process: Cannot allocate memory
2020-05-05 16:34:29.736799: E tensorflow/core/platform/default/subprocess.cc:208] Start cannot fork() child process: Cannot allocate memory
2020-05-05 16:34:30.113036: E tensorflow/core/platform/default/subprocess.cc:208] Start cannot fork() child process: Cannot allocate memory
2020-05-05 16:34:30.531632: E tensorflow/core/platform/default/subprocess.cc:208] Start cannot fork() child process: Cannot allocate memory
2020-05-05 16:34:30.953842: E tensorflow/core/platform/default/subprocess.cc:208] Start cannot fork() child process: Cannot allocate memory
2020-05-05 16:34:31.382174: E tensorflow/core/platform/default/subprocess.cc:208] Start cannot fork() child process: Cannot allocate memory
2020-05-05 16:34:31.804578: E tensorflow/core/platform/default/subprocess.cc:208] Start cannot fork() child process: Cannot allocate memory
2020-05-05 16:34:32.233130: E tensorflow/core/platform/default/subprocess.cc:208] Start cannot fork() child process: Cannot allocate memory
2020-05-05 16:34:32.657126: E tensorflow/core/platform/default/subprocess.cc:208] Start cannot fork() child process: Cannot allocate memory
2020-05-05 16:34:33.089813: E tensorflow/core/platform/default/subprocess.cc:208] Start cannot fork() child process: Cannot allocate memory
2020-05-05 16:34:33.518576: E tensorflow/core/platform/default/subprocess.cc:208] Start cannot fork() child process: Cannot allocate memory
2020-05-05 16:34:33.945608: E tensorflow/core/platform/default/subprocess.cc:208] Start cannot fork() child process: Cannot allocate memory
2020-05-05 16:34:34.369037: E tensorflow/core/platform/default/subprocess.cc:208] Start cannot fork() child process: Cannot allocate memory
2020-05-05 16:34:34.792655: E tensorflow/core/platform/default/subprocess.cc:208] Start cannot fork() child process: Cannot allocate memory
2020-05-05 16:34:35.223830: E tensorflow/core/platform/default/subprocess.cc:208] Start cannot fork() child process: Cannot allocate memory
2020-05-05 16:34:35.651146: E tensorflow/core/platform/default/subprocess.cc:208] Start cannot fork() child process: Cannot allocate memory
2020-05-05 16:34:36.078318: E tensorflow/core/platform/default/subprocess.cc:208] Start cannot fork() child process: Cannot allocate memory
2020-05-05 16:34:36.520718: E tensorflow/core/platform/default/subprocess.cc:208] Start cannot fork() child process: Cannot allocate memory
2020-05-05 16:34:36.948447: E tensorflow/core/platform/default/subprocess.cc:208] Start cannot fork() child process: Cannot allocate memory
2020-05-05 16:34:37.386688: E tensorflow/core/platform/default/subprocess.cc:208] Start cannot fork() child process: Cannot allocate memory
2020-05-05 16:34:37.816851: E tensorflow/core/platform/default/subprocess.cc:208] Start cannot fork() child process: Cannot allocate memory
2020-05-05 16:34:38.244165: E tensorflow/core/platform/default/subprocess.cc:208] Start cannot fork() child process: Cannot allocate memory
2020-05-05 16:34:38.678710: E tensorflow/core/platform/default/subprocess.cc:208] Start cannot fork() child process: Cannot allocate memory
2020-05-05 16:34:39.107267: E tensorflow/core/platform/default/subprocess.cc:208] Start cannot fork() child process: Cannot allocate memory
2020-05-05 16:34:39.536557: E tensorflow/core/platform/default/subprocess.cc:208] Start cannot fork() child process: Cannot allocate memory
2020-05-05 16:34:39.966369: E tensorflow/core/platform/default/subprocess.cc:208] Start cannot fork() child process: Cannot allocate memory
2020-05-05 16:34:40.391367: E tensorflow/core/platform/default/subprocess.cc:208] Start cannot fork() child process: Cannot allocate memory
2020-05-05 16:34:40.826467: E tensorflow/core/platform/default/subprocess.cc:208] Start cannot fork() child process: Cannot allocate memory
2020-05-05 16:34:41.261458: E tensorflow/core/platform/default/subprocess.cc:208] Start cannot fork() child process: Cannot allocate memory
2020-05-05 16:34:41.701565: E tensorflow/core/platform/default/subprocess.cc:208] Start cannot fork() child process: Cannot allocate memory
2020-05-05 16:34:42.148011: E tensorflow/core/platform/default/subprocess.cc:208] Start cannot fork() child process: Cannot allocate memory
2020-05-05 16:34:42.574056: E tensorflow/core/platform/default/subprocess.cc:208] Start cannot fork() child process: Cannot allocate memory
2020-05-05 16:34:43.012776: E tensorflow/core/platform/default/subprocess.cc:208] Start cannot fork() child process: Cannot allocate memory
2020-05-05 16:34:43.628155: E tensorflow/core/platform/default/subprocess.cc:208] Start cannot fork() child process: Cannot allocate memory
2020-05-05 16:34:44.073623: E tensorflow/core/platform/default/subprocess.cc:208] Start cannot fork() child process: Cannot allocate memory
2020-05-05 16:34:44.461717: E tensorflow/core/platform/default/subprocess.cc:208] Start cannot fork() child process: Cannot allocate memory
2020-05-05 16:34:44.880553: E tensorflow/core/platform/default/subprocess.cc:208] Start cannot fork() child process: Cannot allocate memory
2020-05-05 16:34:45.273483: E tensorflow/core/platform/default/subprocess.cc:208] Start cannot fork() child process: Cannot allocate memory
2020-05-05 16:34:45.698214: E tensorflow/core/platform/default/subprocess.cc:208] Start cannot fork() child process: Cannot allocate memory
2020-05-05 16:34:46.129329: E tensorflow/core/platform/default/subprocess.cc:208] Start cannot fork() child process: Cannot allocate memory
2020-05-05 16:34:46.565484: E tensorflow/core/platform/default/subprocess.cc:208] Start cannot fork() child process: Cannot allocate memory
2020-05-05 16:34:59.076313: E tensorflow/core/platform/default/subprocess.cc:208] Start cannot fork() child process: Cannot allocate memory
2020-05-05 16:34:59.545086: E tensorflow/core/platform/default/subprocess.cc:208] Start cannot fork() child process: Cannot allocate memory
2020-05-05 16:35:00.036552: E tensorflow/core/platform/default/subprocess.cc:208] Start cannot fork() child process: Cannot allocate memory
2020-05-05 16:35:00.493476: E tensorflow/core/platform/default/subprocess.cc:208] Start cannot fork() child process: Cannot allocate memory
2020-05-05 16:35:00.938623: E tensorflow/core/platform/default/subprocess.cc:208] Start cannot fork() child process: Cannot allocate memory
2020-05-05 16:35:01.464060: E tensorflow/core/platform/default/subprocess.cc:208] Start cannot fork() child process: Cannot allocate memory
2020-05-05 16:35:01.940620: E tensorflow/core/platform/default/subprocess.cc:208] Start cannot fork() child process: Cannot allocate memory
2020-05-05 16:35:02.476305: E tensorflow/core/platform/default/subprocess.cc:208] Start cannot fork() child process: Cannot allocate memory
2020-05-05 16:35:03.013408: E tensorflow/core/platform/default/subprocess.cc:208] Start cannot fork() child process: Cannot allocate memory
2020-05-05 16:35:03.538485: E tensorflow/core/platform/default/subprocess.cc:208] Start cannot fork() child process: Cannot allocate memory
2020-05-05 16:35:04.074070: E tensorflow/core/platform/default/subprocess.cc:208] Start cannot fork() child process: Cannot allocate memory
2020-05-05 16:35:04.611148: E tensorflow/core/platform/default/subprocess.cc:208] Start cannot fork() child process: Cannot allocate memory
2020-05-05 16:35:05.153403: E tensorflow/core/platform/default/subprocess.cc:208] Start cannot fork() child process: Cannot allocate memory
2020-05-05 16:35:05.695197: E tensorflow/core/platform/default/subprocess.cc:208] Start cannot fork() child process: Cannot allocate memory
2020-05-05 16:35:06.229536: E tensorflow/core/platform/default/subprocess.cc:208] Start cannot fork() child process: Cannot allocate memory
2020-05-05 16:35:06.761975: E tensorflow/core/platform/default/subprocess.cc:208] Start cannot fork() child process: Cannot allocate memory
2020-05-05 16:35:07.286449: E tensorflow/core/platform/default/subprocess.cc:208] Start cannot fork() child process: Cannot allocate memory
2020-05-05 16:35:07.817388: E tensorflow/core/platform/default/subprocess.cc:208] Start cannot fork() child process: Cannot allocate memory
2020-05-05 16:35:08.344875: E tensorflow/core/platform/default/subprocess.cc:208] Start cannot fork() child process: Cannot allocate memory
2020-05-05 16:35:08.878192: E tensorflow/core/platform/default/subprocess.cc:208] Start cannot fork() child process: Cannot allocate memory
2020-05-05 16:35:09.414138: E tensorflow/core/platform/default/subprocess.cc:208] Start cannot fork() child process: Cannot allocate memory
2020-05-05 16:35:09.951608: E tensorflow/core/platform/default/subprocess.cc:208] Start cannot fork() child process: Cannot allocate memory
2020-05-05 16:35:10.485195: E tensorflow/core/platform/default/subprocess.cc:208] Start cannot fork() child process: Cannot allocate memory
2020-05-05 16:35:11.023222: E tensorflow/core/platform/default/subprocess.cc:208] Start cannot fork() child process: Cannot allocate memory
2020-05-05 16:35:11.566650: E tensorflow/core/platform/default/subprocess.cc:208] Start cannot fork() child process: Cannot allocate memory
2020-05-05 16:35:12.111280: E tensorflow/core/platform/default/subprocess.cc:208] Start cannot fork() child process: Cannot allocate memory
2020-05-05 16:35:12.654476: E tensorflow/core/platform/default/subprocess.cc:208] Start cannot fork() child process: Cannot allocate memory
2020-05-05 16:35:13.196049: E tensorflow/core/platform/default/subprocess.cc:208] Start cannot fork() child process: Cannot allocate memory
2020-05-05 16:35:13.896981: E tensorflow/core/platform/default/subprocess.cc:208] Start cannot fork() child process: Cannot allocate memory
2020-05-05 16:35:14.437519: E tensorflow/core/platform/default/subprocess.cc:208] Start cannot fork() child process: Cannot allocate memory
2020-05-05 16:35:14.974385: E tensorflow/core/platform/default/subprocess.cc:208] Start cannot fork() child process: Cannot allocate memory
2020-05-05 16:35:15.515744: E tensorflow/core/platform/default/subprocess.cc:208] Start cannot fork() child process: Cannot allocate memory
2020-05-05 16:35:16.049849: E tensorflow/core/platform/default/subprocess.cc:208] Start cannot fork() child process: Cannot allocate memory
2020-05-05 16:35:16.585227: E tensorflow/core/platform/default/subprocess.cc:208] Start cannot fork() child process: Cannot allocate memory
2020-05-05 16:35:17.125151: E tensorflow/core/platform/default/subprocess.cc:208] Start cannot fork() child process: Cannot allocate memory
2020-05-05 16:35:17.663687: E tensorflow/core/platform/default/subprocess.cc:208] Start cannot fork() child process: Cannot allocate memory
2020-05-05 16:35:18.202552: E tensorflow/core/platform/default/subprocess.cc:208] Start cannot fork() child process: Cannot allocate memory
2020-05-05 16:35:18.736163: E tensorflow/core/platform/default/subprocess.cc:208] Start cannot fork() child process: Cannot allocate memory
2020-05-05 16:35:19.272222: E tensorflow/core/platform/default/subprocess.cc:208] Start cannot fork() child process: Cannot allocate memory
2020-05-05 16:35:19.808271: E tensorflow/core/platform/default/subprocess.cc:208] Start cannot fork() child process: Cannot allocate memory
2020-05-05 16:35:20.338598: E tensorflow/core/platform/default/subprocess.cc:208] Start cannot fork() child process: Cannot allocate memory
2020-05-05 16:35:20.887981: E tensorflow/core/platform/default/subprocess.cc:208] Start cannot fork() child process: Cannot allocate memory
2020-05-05 16:35:21.425735: E tensorflow/core/platform/default/subprocess.cc:208] Start cannot fork() child process: Cannot allocate memory
2020-05-05 16:35:21.970555: E tensorflow/core/platform/default/subprocess.cc:208] Start cannot fork() child process: Cannot allocate memory
2020-05-05 16:35:22.491871: E tensorflow/core/platform/default/subprocess.cc:208] Start cannot fork() child process: Cannot allocate memory
2020-05-05 16:35:22.998513: E tensorflow/core/platform/default/subprocess.cc:208] Start cannot fork() child process: Cannot allocate memory
2020-05-05 16:35:23.531869: E tensorflow/core/platform/default/subprocess.cc:208] Start cannot fork() child process: Cannot allocate memory
2020-05-05 16:35:24.004560: E tensorflow/core/platform/default/subprocess.cc:208] Start cannot fork() child process: Cannot allocate memory
2020-05-05 16:35:24.541776: E tensorflow/core/platform/default/subprocess.cc:208] Start cannot fork() child process: Cannot allocate memory
2020-05-05 16:35:25.024678: E tensorflow/core/platform/default/subprocess.cc:208] Start cannot fork() child process: Cannot allocate memory
2020-05-05 16:35:25.569875: E tensorflow/core/platform/default/subprocess.cc:208] Start cannot fork() child process: Cannot allocate memory
2020-05-05 16:35:26.042111: E tensorflow/core/platform/default/subprocess.cc:208] Start cannot fork() child process: Cannot allocate memory
2020-05-05 16:35:26.507047: E tensorflow/core/platform/default/subprocess.cc:208] Start cannot fork() child process: Cannot allocate memory
2020-05-05 16:35:26.962888: E tensorflow/core/platform/default/subprocess.cc:208] Start cannot fork() child process: Cannot allocate memory
2020-05-05 16:35:27.427762: E tensorflow/core/platform/default/subprocess.cc:208] Start cannot fork() child process: Cannot allocate memory
2020-05-05 16:35:27.893199: E tensorflow/core/platform/default/subprocess.cc:208] Start cannot fork() child process: Cannot allocate memory
2020-05-05 16:35:28.375637: E tensorflow/core/platform/default/subprocess.cc:208] Start cannot fork() child process: Cannot allocate memory
2020-05-05 16:35:28.824471: E tensorflow/core/platform/default/subprocess.cc:208] Start cannot fork() child process: Cannot allocate memory
2020-05-05 16:35:29.292715: E tensorflow/core/platform/default/subprocess.cc:208] Start cannot fork() child process: Cannot allocate memory
2020-05-05 16:35:29.742549: E tensorflow/core/platform/default/subprocess.cc:208] Start cannot fork() child process: Cannot allocate memory
2020-05-05 16:35:30.214040: E tensorflow/core/platform/default/subprocess.cc:208] Start cannot fork() child process: Cannot allocate memory
2020-05-05 16:35:30.679329: E tensorflow/core/platform/default/subprocess.cc:208] Start cannot fork() child process: Cannot allocate memory
2020-05-05 16:35:31.141792: E tensorflow/core/platform/default/subprocess.cc:208] Start cannot fork() child process: Cannot allocate memory
2020-05-05 16:35:31.613197: E tensorflow/core/platform/default/subprocess.cc:208] Start cannot fork() child process: Cannot allocate memory
Processing Data...
Processing sequences of length: 1kk

Processing forward host data...
Processing prokaryote training data from ProkTr#ProkTr#1k_num1_seq12693_codefw.npy
Processing eukaryote training data from EukTr#EukTr#1k_num1_seq11439_codefw.npy
Processing reverse host data...
Processing prokaryote training data from ProkTr#ProkTr#1k_num1_seq12693_codebw.npy
Processing eukaryote training data from EukTr#EukTr#1k_num1_seq11439_codebw.npy
Processing plasmid data
Processing plasmid data - bw
Processing virus data...
Processing prokaryotevirus training data from ProkVirusTr#ProkVirusTr#1k_num1_seq13066_codefw.npy
Processin eukaryotevirus training data from EukVirusTr#EukVirusTr#1k_num1_seq12272_codefw.npy
Processing virus data...
Processing prokaryotevirus training data from ProkVirusTr#ProkVirusTr#1k_num1_seq13066_codebw.npy
Processin eukaryotevirus training data from EukVirusTr#EukVirusTr#1k_num1_seq12272_codebw.npy
Processing Validation Data...
Processing Validation Data - bw...
(62715, 997, 64)
(62715, 997, 64)
(62715, 5)
(6807, 997, 64)
(6807, 997, 64)
(6807, 5)
Model: "model"
__________________________________________________________________________________________________
Layer (type)                    Output Shape         Param #     Connected to                     
==================================================================================================
input_1 (InputLayer)            [(None, None, 64)]   0                                            
__________________________________________________________________________________________________
input_2 (InputLayer)            [(None, None, 64)]   0                                            
__________________________________________________________________________________________________
conv1d (Conv1D)                 (None, None, 64)     24640       input_1[0][0]                    
                                                                 input_2[0][0]                    
__________________________________________________________________________________________________
max_pooling1d (MaxPooling1D)    (None, None, 64)     0           conv1d[0][0]                     
                                                                 conv1d[1][0]                     
__________________________________________________________________________________________________
conv1d_1 (Conv1D)               (None, None, 128)    24704       max_pooling1d[0][0]              
                                                                 max_pooling1d[1][0]              
__________________________________________________________________________________________________
max_pooling1d_1 (MaxPooling1D)  (None, None, 128)    0           conv1d_1[0][0]                   
                                                                 conv1d_1[1][0]                   
__________________________________________________________________________________________________
bidirectional (Bidirectional)   (None, 128)          98816       max_pooling1d_1[0][0]            
                                                                 max_pooling1d_1[1][0]            
__________________________________________________________________________________________________
dropout (Dropout)               (None, 128)          0           bidirectional[0][0]              
                                                                 bidirectional[1][0]              
__________________________________________________________________________________________________
dense (Dense)                   (None, 500)          64500       dropout[0][0]                    
                                                                 dropout[1][0]                    
__________________________________________________________________________________________________
dropout_1 (Dropout)             (None, 500)          0           dense[0][0]                      
                                                                 dense[1][0]                      
__________________________________________________________________________________________________
dense_1 (Dense)                 (None, 5)            2505        dropout_1[0][0]                  
                                                                 dropout_1[1][0]                  
__________________________________________________________________________________________________
average (Average)               (None, 5)            0           dense_1[0][0]                    
                                                                 dense_1[1][0]                    
==================================================================================================
Total params: 215,165
Trainable params: 215,165
Non-trainable params: 0
__________________________________________________________________________________________________
Epoch 1/60

Epoch 00001: val_loss improved from inf to 1.12942, saving model to ./models/model_DNA_codon.h5
628/628 - 156s - loss: 1.2120 - accuracy: 0.4542 - val_loss: 1.1294 - val_accuracy: 0.5228
Epoch 2/60

Epoch 00002: val_loss improved from 1.12942 to 0.98229, saving model to ./models/model_DNA_codon.h5
628/628 - 65s - loss: 0.9730 - accuracy: 0.5937 - val_loss: 0.9823 - val_accuracy: 0.5970
Epoch 3/60

Epoch 00003: val_loss did not improve from 0.98229
628/628 - 67s - loss: 0.8996 - accuracy: 0.6239 - val_loss: 1.0284 - val_accuracy: 0.5697
Epoch 4/60

Epoch 00004: val_loss improved from 0.98229 to 0.96966, saving model to ./models/model_DNA_codon.h5
628/628 - 63s - loss: 0.8408 - accuracy: 0.6514 - val_loss: 0.9697 - val_accuracy: 0.6041
Epoch 5/60

Epoch 00005: val_loss did not improve from 0.96966
628/628 - 68s - loss: 0.8020 - accuracy: 0.6712 - val_loss: 0.9934 - val_accuracy: 0.6082
Epoch 6/60

Epoch 00006: val_loss improved from 0.96966 to 0.94196, saving model to ./models/model_DNA_codon.h5
628/628 - 67s - loss: 0.7963 - accuracy: 0.6742 - val_loss: 0.9420 - val_accuracy: 0.6210
Epoch 7/60

Epoch 00007: val_loss did not improve from 0.94196
628/628 - 67s - loss: 0.7704 - accuracy: 0.6913 - val_loss: 1.0245 - val_accuracy: 0.5831
Epoch 8/60

Epoch 00008: val_loss did not improve from 0.94196
628/628 - 67s - loss: 0.7174 - accuracy: 0.7157 - val_loss: 0.9997 - val_accuracy: 0.6045
Epoch 9/60

Epoch 00009: val_loss did not improve from 0.94196
628/628 - 65s - loss: 0.7700 - accuracy: 0.6899 - val_loss: 0.9614 - val_accuracy: 0.6321
Epoch 10/60

Epoch 00010: val_loss improved from 0.94196 to 0.94165, saving model to ./models/model_DNA_codon.h5
628/628 - 66s - loss: 0.7214 - accuracy: 0.7134 - val_loss: 0.9417 - val_accuracy: 0.6377
Epoch 11/60

Epoch 00011: val_loss did not improve from 0.94165
628/628 - 63s - loss: 0.7050 - accuracy: 0.7225 - val_loss: 1.1126 - val_accuracy: 0.5713
Epoch 12/60

Epoch 00012: val_loss did not improve from 0.94165
628/628 - 63s - loss: 0.7312 - accuracy: 0.7114 - val_loss: 1.0230 - val_accuracy: 0.6076
Epoch 13/60

Epoch 00013: val_loss did not improve from 0.94165
628/628 - 65s - loss: 0.6625 - accuracy: 0.7397 - val_loss: 0.9805 - val_accuracy: 0.6392
Epoch 14/60

Epoch 00014: val_loss did not improve from 0.94165
628/628 - 66s - loss: 0.6351 - accuracy: 0.7499 - val_loss: 1.1183 - val_accuracy: 0.6092
Epoch 15/60

Epoch 00015: val_loss improved from 0.94165 to 0.91276, saving model to ./models/model_DNA_codon.h5
628/628 - 65s - loss: 0.6349 - accuracy: 0.7520 - val_loss: 0.9128 - val_accuracy: 0.6433
Epoch 16/60

Epoch 00016: val_loss did not improve from 0.91276
628/628 - 67s - loss: 0.5998 - accuracy: 0.7658 - val_loss: 0.9366 - val_accuracy: 0.6445
Epoch 17/60

Epoch 00017: val_loss improved from 0.91276 to 0.90326, saving model to ./models/model_DNA_codon.h5
628/628 - 67s - loss: 0.5885 - accuracy: 0.7683 - val_loss: 0.9033 - val_accuracy: 0.6390
Epoch 18/60

Epoch 00018: val_loss improved from 0.90326 to 0.83940, saving model to ./models/model_DNA_codon.h5
628/628 - 67s - loss: 0.5835 - accuracy: 0.7694 - val_loss: 0.8394 - val_accuracy: 0.6618
Epoch 19/60

Epoch 00019: val_loss did not improve from 0.83940
628/628 - 69s - loss: 0.5659 - accuracy: 0.7778 - val_loss: 0.8844 - val_accuracy: 0.6623
Epoch 20/60

Epoch 00020: val_loss improved from 0.83940 to 0.83454, saving model to ./models/model_DNA_codon.h5
628/628 - 63s - loss: 0.5490 - accuracy: 0.7842 - val_loss: 0.8345 - val_accuracy: 0.6778
Epoch 21/60

Epoch 00021: val_loss improved from 0.83454 to 0.82256, saving model to ./models/model_DNA_codon.h5
628/628 - 66s - loss: 0.5446 - accuracy: 0.7858 - val_loss: 0.8226 - val_accuracy: 0.6814
Epoch 22/60

Epoch 00022: val_loss did not improve from 0.82256
628/628 - 69s - loss: 0.5302 - accuracy: 0.7901 - val_loss: 0.8736 - val_accuracy: 0.6783
Epoch 23/60

Epoch 00023: val_loss did not improve from 0.82256
628/628 - 67s - loss: 0.5074 - accuracy: 0.8014 - val_loss: 0.8742 - val_accuracy: 0.6811
Epoch 24/60

Epoch 00024: val_loss did not improve from 0.82256
628/628 - 64s - loss: 0.4993 - accuracy: 0.8039 - val_loss: 0.9343 - val_accuracy: 0.6599
Epoch 25/60

Epoch 00025: val_loss did not improve from 0.82256
628/628 - 66s - loss: 0.4941 - accuracy: 0.8067 - val_loss: 0.9149 - val_accuracy: 0.6336
Epoch 26/60

Epoch 00026: val_loss did not improve from 0.82256
628/628 - 65s - loss: 0.4974 - accuracy: 0.8072 - val_loss: 1.0672 - val_accuracy: 0.6461
Epoch 27/60

Epoch 00027: val_loss did not improve from 0.82256
628/628 - 67s - loss: 0.4656 - accuracy: 0.8184 - val_loss: 1.1973 - val_accuracy: 0.6120
Epoch 28/60

Epoch 00028: val_loss did not improve from 0.82256
628/628 - 68s - loss: 0.4747 - accuracy: 0.8138 - val_loss: 0.9584 - val_accuracy: 0.6628
Epoch 29/60

Epoch 00029: val_loss did not improve from 0.82256
628/628 - 63s - loss: 0.4456 - accuracy: 0.8240 - val_loss: 0.9510 - val_accuracy: 0.6645
Epoch 30/60

Epoch 00030: val_loss did not improve from 0.82256
628/628 - 66s - loss: 0.4469 - accuracy: 0.8242 - val_loss: 1.1070 - val_accuracy: 0.6323
Epoch 31/60

Epoch 00031: val_loss did not improve from 0.82256
628/628 - 67s - loss: 0.4464 - accuracy: 0.8264 - val_loss: 0.9860 - val_accuracy: 0.6524
Epoch 00031: early stopping
