---------- Begin SLURM Prolog ----------
Job ID:        7286825
Username:      siliangc
Accountname:   lc_fs3
Name:          batchrun.sh
Partition:     main
Nodelist:      hpc4571
TasksPerNode:  1
CPUsPerTask:   Default[1]
TMPDIR:        /tmp/7286825.main
SCRATCHDIR:    /staging/scratch/7286825
Cluster:       uschpc
HSDA Account:  false
---------- 2020-05-07 12:08:16 ---------
2020-05-07 12:22:26.553297: I tensorflow/stream_executor/platform/default/dso_loader.cc:44] Successfully opened dynamic library libcuda.so.1
2020-05-07 12:22:26.723773: I tensorflow/core/common_runtime/gpu/gpu_device.cc:1561] Found device 0 with properties: 
pciBusID: 0000:3b:00.0 name: Tesla V100-PCIE-32GB computeCapability: 7.0
coreClock: 1.38GHz coreCount: 80 deviceMemorySize: 31.72GiB deviceMemoryBandwidth: 836.37GiB/s
2020-05-07 12:22:26.727668: I tensorflow/core/common_runtime/gpu/gpu_device.cc:1561] Found device 1 with properties: 
pciBusID: 0000:d8:00.0 name: Tesla V100-PCIE-32GB computeCapability: 7.0
coreClock: 1.38GHz coreCount: 80 deviceMemorySize: 31.72GiB deviceMemoryBandwidth: 836.37GiB/s
2020-05-07 12:22:27.040659: I tensorflow/stream_executor/platform/default/dso_loader.cc:44] Successfully opened dynamic library libcudart.so.10.1
2020-05-07 12:22:35.661825: I tensorflow/stream_executor/platform/default/dso_loader.cc:44] Successfully opened dynamic library libcublas.so.10
2020-05-07 12:22:38.395703: I tensorflow/stream_executor/platform/default/dso_loader.cc:44] Successfully opened dynamic library libcufft.so.10
2020-05-07 12:22:45.533139: I tensorflow/stream_executor/platform/default/dso_loader.cc:44] Successfully opened dynamic library libcurand.so.10
2020-05-07 12:22:51.212986: I tensorflow/stream_executor/platform/default/dso_loader.cc:44] Successfully opened dynamic library libcusolver.so.10
2020-05-07 12:22:54.061392: I tensorflow/stream_executor/platform/default/dso_loader.cc:44] Successfully opened dynamic library libcusparse.so.10
2020-05-07 12:23:04.106485: I tensorflow/stream_executor/platform/default/dso_loader.cc:44] Successfully opened dynamic library libcudnn.so.7
2020-05-07 12:23:04.117946: I tensorflow/core/common_runtime/gpu/gpu_device.cc:1703] Adding visible gpu devices: 0, 1
2020-05-07 12:23:04.142354: I tensorflow/core/platform/cpu_feature_guard.cc:143] Your CPU supports instructions that this TensorFlow binary was not compiled to use: AVX2 AVX512F FMA
2020-05-07 12:23:04.515951: I tensorflow/core/platform/profile_utils/cpu_utils.cc:102] CPU Frequency: 2100000000 Hz
2020-05-07 12:23:04.520469: I tensorflow/compiler/xla/service/service.cc:168] XLA service 0x55f6b3bd6890 initialized for platform Host (this does not guarantee that XLA will be used). Devices:
2020-05-07 12:23:04.520533: I tensorflow/compiler/xla/service/service.cc:176]   StreamExecutor device (0): Host, Default Version
2020-05-07 12:23:04.967197: I tensorflow/compiler/xla/service/service.cc:168] XLA service 0x55f6b3c40a50 initialized for platform CUDA (this does not guarantee that XLA will be used). Devices:
2020-05-07 12:23:04.967248: I tensorflow/compiler/xla/service/service.cc:176]   StreamExecutor device (0): Tesla V100-PCIE-32GB, Compute Capability 7.0
2020-05-07 12:23:04.967264: I tensorflow/compiler/xla/service/service.cc:176]   StreamExecutor device (1): Tesla V100-PCIE-32GB, Compute Capability 7.0
2020-05-07 12:23:05.104823: I tensorflow/core/common_runtime/gpu/gpu_device.cc:1561] Found device 0 with properties: 
pciBusID: 0000:3b:00.0 name: Tesla V100-PCIE-32GB computeCapability: 7.0
coreClock: 1.38GHz coreCount: 80 deviceMemorySize: 31.72GiB deviceMemoryBandwidth: 836.37GiB/s
2020-05-07 12:23:05.106736: I tensorflow/core/common_runtime/gpu/gpu_device.cc:1561] Found device 1 with properties: 
pciBusID: 0000:d8:00.0 name: Tesla V100-PCIE-32GB computeCapability: 7.0
coreClock: 1.38GHz coreCount: 80 deviceMemorySize: 31.72GiB deviceMemoryBandwidth: 836.37GiB/s
2020-05-07 12:23:05.106819: I tensorflow/stream_executor/platform/default/dso_loader.cc:44] Successfully opened dynamic library libcudart.so.10.1
2020-05-07 12:23:05.106842: I tensorflow/stream_executor/platform/default/dso_loader.cc:44] Successfully opened dynamic library libcublas.so.10
2020-05-07 12:23:05.106864: I tensorflow/stream_executor/platform/default/dso_loader.cc:44] Successfully opened dynamic library libcufft.so.10
2020-05-07 12:23:05.106882: I tensorflow/stream_executor/platform/default/dso_loader.cc:44] Successfully opened dynamic library libcurand.so.10
2020-05-07 12:23:05.106900: I tensorflow/stream_executor/platform/default/dso_loader.cc:44] Successfully opened dynamic library libcusolver.so.10
2020-05-07 12:23:05.106917: I tensorflow/stream_executor/platform/default/dso_loader.cc:44] Successfully opened dynamic library libcusparse.so.10
2020-05-07 12:23:05.106935: I tensorflow/stream_executor/platform/default/dso_loader.cc:44] Successfully opened dynamic library libcudnn.so.7
2020-05-07 12:23:05.114118: I tensorflow/core/common_runtime/gpu/gpu_device.cc:1703] Adding visible gpu devices: 0, 1
2020-05-07 12:23:05.114181: I tensorflow/stream_executor/platform/default/dso_loader.cc:44] Successfully opened dynamic library libcudart.so.10.1
2020-05-07 12:23:05.117358: I tensorflow/core/common_runtime/gpu/gpu_device.cc:1102] Device interconnect StreamExecutor with strength 1 edge matrix:
2020-05-07 12:23:05.117380: I tensorflow/core/common_runtime/gpu/gpu_device.cc:1108]      0 1 
2020-05-07 12:23:05.117389: I tensorflow/core/common_runtime/gpu/gpu_device.cc:1121] 0:   N Y 
2020-05-07 12:23:05.117394: I tensorflow/core/common_runtime/gpu/gpu_device.cc:1121] 1:   Y N 
2020-05-07 12:23:05.122466: I tensorflow/core/common_runtime/gpu/gpu_device.cc:1247] Created TensorFlow device (/job:localhost/replica:0/task:0/device:GPU:0 with 30233 MB memory) -> physical GPU (device: 0, name: Tesla V100-PCIE-32GB, pci bus id: 0000:3b:00.0, compute capability: 7.0)
2020-05-07 12:23:05.124528: I tensorflow/core/common_runtime/gpu/gpu_device.cc:1247] Created TensorFlow device (/job:localhost/replica:0/task:0/device:GPU:1 with 30233 MB memory) -> physical GPU (device: 1, name: Tesla V100-PCIE-32GB, pci bus id: 0000:d8:00.0, compute capability: 7.0)
2020-05-07 12:23:23.923950: W tensorflow/core/framework/cpu_allocator_impl.cc:81] Allocation of 17000780192 exceeds 10% of free system memory.
2020-05-07 12:24:00.093936: W tensorflow/core/framework/cpu_allocator_impl.cc:81] Allocation of 17000780192 exceeds 10% of free system memory.
2020-05-07 12:24:13.147561: I tensorflow/stream_executor/platform/default/dso_loader.cc:44] Successfully opened dynamic library libcublas.so.10
2020-05-07 12:24:22.945242: I tensorflow/stream_executor/platform/default/dso_loader.cc:44] Successfully opened dynamic library libcudnn.so.7
2020-05-07 12:25:28.189382: E tensorflow/core/platform/default/subprocess.cc:208] Start cannot fork() child process: Cannot allocate memory
2020-05-07 12:25:28.189934: W tensorflow/stream_executor/gpu/asm_compiler.cc:73] Couldn't invoke ptxas --version
2020-05-07 12:25:28.993218: E tensorflow/core/platform/default/subprocess.cc:208] Start cannot fork() child process: Cannot allocate memory
2020-05-07 12:25:28.993411: W tensorflow/stream_executor/gpu/redzone_allocator.cc:314] Internal: Failed to launch ptxas
Relying on driver to perform ptx compilation. 
Modify $PATH to customize ptxas location.
This message will be only logged once.
2020-05-07 12:25:29.860529: E tensorflow/core/platform/default/subprocess.cc:208] Start cannot fork() child process: Cannot allocate memory
2020-05-07 12:25:30.676184: E tensorflow/core/platform/default/subprocess.cc:208] Start cannot fork() child process: Cannot allocate memory
2020-05-07 12:25:31.488145: E tensorflow/core/platform/default/subprocess.cc:208] Start cannot fork() child process: Cannot allocate memory
2020-05-07 12:25:32.305949: E tensorflow/core/platform/default/subprocess.cc:208] Start cannot fork() child process: Cannot allocate memory
2020-05-07 12:25:33.117418: E tensorflow/core/platform/default/subprocess.cc:208] Start cannot fork() child process: Cannot allocate memory
2020-05-07 12:25:33.927307: E tensorflow/core/platform/default/subprocess.cc:208] Start cannot fork() child process: Cannot allocate memory
2020-05-07 12:25:34.764923: E tensorflow/core/platform/default/subprocess.cc:208] Start cannot fork() child process: Cannot allocate memory
2020-05-07 12:25:35.580171: E tensorflow/core/platform/default/subprocess.cc:208] Start cannot fork() child process: Cannot allocate memory
2020-05-07 12:25:36.395895: E tensorflow/core/platform/default/subprocess.cc:208] Start cannot fork() child process: Cannot allocate memory
2020-05-07 12:25:37.211032: E tensorflow/core/platform/default/subprocess.cc:208] Start cannot fork() child process: Cannot allocate memory
2020-05-07 12:25:38.026908: E tensorflow/core/platform/default/subprocess.cc:208] Start cannot fork() child process: Cannot allocate memory
2020-05-07 12:25:38.835914: E tensorflow/core/platform/default/subprocess.cc:208] Start cannot fork() child process: Cannot allocate memory
2020-05-07 12:25:39.642800: E tensorflow/core/platform/default/subprocess.cc:208] Start cannot fork() child process: Cannot allocate memory
2020-05-07 12:25:40.455630: E tensorflow/core/platform/default/subprocess.cc:208] Start cannot fork() child process: Cannot allocate memory
2020-05-07 12:25:41.264806: E tensorflow/core/platform/default/subprocess.cc:208] Start cannot fork() child process: Cannot allocate memory
2020-05-07 12:25:42.083821: E tensorflow/core/platform/default/subprocess.cc:208] Start cannot fork() child process: Cannot allocate memory
2020-05-07 12:25:42.892538: E tensorflow/core/platform/default/subprocess.cc:208] Start cannot fork() child process: Cannot allocate memory
2020-05-07 12:25:43.707627: E tensorflow/core/platform/default/subprocess.cc:208] Start cannot fork() child process: Cannot allocate memory
2020-05-07 12:25:44.518151: E tensorflow/core/platform/default/subprocess.cc:208] Start cannot fork() child process: Cannot allocate memory
2020-05-07 12:25:45.329860: E tensorflow/core/platform/default/subprocess.cc:208] Start cannot fork() child process: Cannot allocate memory
2020-05-07 12:25:46.131082: E tensorflow/core/platform/default/subprocess.cc:208] Start cannot fork() child process: Cannot allocate memory
2020-05-07 12:25:46.950600: E tensorflow/core/platform/default/subprocess.cc:208] Start cannot fork() child process: Cannot allocate memory
2020-05-07 12:25:48.031524: E tensorflow/core/platform/default/subprocess.cc:208] Start cannot fork() child process: Cannot allocate memory
2020-05-07 12:25:48.836488: E tensorflow/core/platform/default/subprocess.cc:208] Start cannot fork() child process: Cannot allocate memory
2020-05-07 12:25:49.642766: E tensorflow/core/platform/default/subprocess.cc:208] Start cannot fork() child process: Cannot allocate memory
2020-05-07 12:25:50.464781: E tensorflow/core/platform/default/subprocess.cc:208] Start cannot fork() child process: Cannot allocate memory
2020-05-07 12:25:51.276763: E tensorflow/core/platform/default/subprocess.cc:208] Start cannot fork() child process: Cannot allocate memory
2020-05-07 12:25:52.091195: E tensorflow/core/platform/default/subprocess.cc:208] Start cannot fork() child process: Cannot allocate memory
2020-05-07 12:25:52.920049: E tensorflow/core/platform/default/subprocess.cc:208] Start cannot fork() child process: Cannot allocate memory
2020-05-07 12:25:53.733511: E tensorflow/core/platform/default/subprocess.cc:208] Start cannot fork() child process: Cannot allocate memory
2020-05-07 12:25:54.546425: E tensorflow/core/platform/default/subprocess.cc:208] Start cannot fork() child process: Cannot allocate memory
2020-05-07 12:25:55.372822: E tensorflow/core/platform/default/subprocess.cc:208] Start cannot fork() child process: Cannot allocate memory
2020-05-07 12:25:56.190846: E tensorflow/core/platform/default/subprocess.cc:208] Start cannot fork() child process: Cannot allocate memory
2020-05-07 12:25:57.004762: E tensorflow/core/platform/default/subprocess.cc:208] Start cannot fork() child process: Cannot allocate memory
2020-05-07 12:25:57.817799: E tensorflow/core/platform/default/subprocess.cc:208] Start cannot fork() child process: Cannot allocate memory
2020-05-07 12:25:58.631892: E tensorflow/core/platform/default/subprocess.cc:208] Start cannot fork() child process: Cannot allocate memory
2020-05-07 12:25:59.442859: E tensorflow/core/platform/default/subprocess.cc:208] Start cannot fork() child process: Cannot allocate memory
2020-05-07 12:26:00.255924: E tensorflow/core/platform/default/subprocess.cc:208] Start cannot fork() child process: Cannot allocate memory
2020-05-07 12:26:01.082673: E tensorflow/core/platform/default/subprocess.cc:208] Start cannot fork() child process: Cannot allocate memory
2020-05-07 12:26:01.915921: E tensorflow/core/platform/default/subprocess.cc:208] Start cannot fork() child process: Cannot allocate memory
2020-05-07 12:26:02.712023: E tensorflow/core/platform/default/subprocess.cc:208] Start cannot fork() child process: Cannot allocate memory
2020-05-07 12:26:03.485475: E tensorflow/core/platform/default/subprocess.cc:208] Start cannot fork() child process: Cannot allocate memory
2020-05-07 12:26:04.257692: E tensorflow/core/platform/default/subprocess.cc:208] Start cannot fork() child process: Cannot allocate memory
2020-05-07 12:26:05.037173: E tensorflow/core/platform/default/subprocess.cc:208] Start cannot fork() child process: Cannot allocate memory
2020-05-07 12:26:05.814979: E tensorflow/core/platform/default/subprocess.cc:208] Start cannot fork() child process: Cannot allocate memory
2020-05-07 12:26:06.592588: E tensorflow/core/platform/default/subprocess.cc:208] Start cannot fork() child process: Cannot allocate memory
2020-05-07 12:26:07.364571: E tensorflow/core/platform/default/subprocess.cc:208] Start cannot fork() child process: Cannot allocate memory
2020-05-07 12:26:08.156983: E tensorflow/core/platform/default/subprocess.cc:208] Start cannot fork() child process: Cannot allocate memory
2020-05-07 12:26:08.960733: E tensorflow/core/platform/default/subprocess.cc:208] Start cannot fork() child process: Cannot allocate memory
2020-05-07 12:26:09.761558: E tensorflow/core/platform/default/subprocess.cc:208] Start cannot fork() child process: Cannot allocate memory
2020-05-07 12:26:10.534305: E tensorflow/core/platform/default/subprocess.cc:208] Start cannot fork() child process: Cannot allocate memory
2020-05-07 12:26:11.316374: E tensorflow/core/platform/default/subprocess.cc:208] Start cannot fork() child process: Cannot allocate memory
2020-05-07 12:26:12.098111: E tensorflow/core/platform/default/subprocess.cc:208] Start cannot fork() child process: Cannot allocate memory
2020-05-07 12:26:12.904039: E tensorflow/core/platform/default/subprocess.cc:208] Start cannot fork() child process: Cannot allocate memory
2020-05-07 12:26:13.701844: E tensorflow/core/platform/default/subprocess.cc:208] Start cannot fork() child process: Cannot allocate memory
2020-05-07 12:26:14.488441: E tensorflow/core/platform/default/subprocess.cc:208] Start cannot fork() child process: Cannot allocate memory
2020-05-07 12:26:15.307256: E tensorflow/core/platform/default/subprocess.cc:208] Start cannot fork() child process: Cannot allocate memory
2020-05-07 12:26:16.119444: E tensorflow/core/platform/default/subprocess.cc:208] Start cannot fork() child process: Cannot allocate memory
2020-05-07 12:26:16.950576: E tensorflow/core/platform/default/subprocess.cc:208] Start cannot fork() child process: Cannot allocate memory
2020-05-07 12:26:17.980836: E tensorflow/core/platform/default/subprocess.cc:208] Start cannot fork() child process: Cannot allocate memory
2020-05-07 12:26:18.759585: E tensorflow/core/platform/default/subprocess.cc:208] Start cannot fork() child process: Cannot allocate memory
2020-05-07 12:26:19.542377: E tensorflow/core/platform/default/subprocess.cc:208] Start cannot fork() child process: Cannot allocate memory
2020-05-07 12:26:20.326803: E tensorflow/core/platform/default/subprocess.cc:208] Start cannot fork() child process: Cannot allocate memory
2020-05-07 12:26:21.126730: E tensorflow/core/platform/default/subprocess.cc:208] Start cannot fork() child process: Cannot allocate memory
2020-05-07 12:26:21.927189: E tensorflow/core/platform/default/subprocess.cc:208] Start cannot fork() child process: Cannot allocate memory
2020-05-07 12:26:22.740407: E tensorflow/core/platform/default/subprocess.cc:208] Start cannot fork() child process: Cannot allocate memory
2020-05-07 12:26:23.523867: E tensorflow/core/platform/default/subprocess.cc:208] Start cannot fork() child process: Cannot allocate memory
2020-05-07 12:26:24.315882: E tensorflow/core/platform/default/subprocess.cc:208] Start cannot fork() child process: Cannot allocate memory
2020-05-07 12:26:25.119349: E tensorflow/core/platform/default/subprocess.cc:208] Start cannot fork() child process: Cannot allocate memory
2020-05-07 12:26:25.929747: E tensorflow/core/platform/default/subprocess.cc:208] Start cannot fork() child process: Cannot allocate memory
2020-05-07 12:26:26.710606: E tensorflow/core/platform/default/subprocess.cc:208] Start cannot fork() child process: Cannot allocate memory
2020-05-07 12:26:27.485560: E tensorflow/core/platform/default/subprocess.cc:208] Start cannot fork() child process: Cannot allocate memory
2020-05-07 12:26:28.280271: E tensorflow/core/platform/default/subprocess.cc:208] Start cannot fork() child process: Cannot allocate memory
2020-05-07 12:26:29.070500: E tensorflow/core/platform/default/subprocess.cc:208] Start cannot fork() child process: Cannot allocate memory
2020-05-07 12:26:29.863123: E tensorflow/core/platform/default/subprocess.cc:208] Start cannot fork() child process: Cannot allocate memory
2020-05-07 12:26:30.641833: E tensorflow/core/platform/default/subprocess.cc:208] Start cannot fork() child process: Cannot allocate memory
2020-05-07 12:26:31.426901: E tensorflow/core/platform/default/subprocess.cc:208] Start cannot fork() child process: Cannot allocate memory
2020-05-07 12:26:32.206210: E tensorflow/core/platform/default/subprocess.cc:208] Start cannot fork() child process: Cannot allocate memory
2020-05-07 12:26:32.997568: E tensorflow/core/platform/default/subprocess.cc:208] Start cannot fork() child process: Cannot allocate memory
2020-05-07 12:26:33.792794: E tensorflow/core/platform/default/subprocess.cc:208] Start cannot fork() child process: Cannot allocate memory
2020-05-07 12:26:34.580092: E tensorflow/core/platform/default/subprocess.cc:208] Start cannot fork() child process: Cannot allocate memory
2020-05-07 12:26:35.389563: E tensorflow/core/platform/default/subprocess.cc:208] Start cannot fork() child process: Cannot allocate memory
2020-05-07 12:26:36.179340: E tensorflow/core/platform/default/subprocess.cc:208] Start cannot fork() child process: Cannot allocate memory
2020-05-07 12:26:36.968367: E tensorflow/core/platform/default/subprocess.cc:208] Start cannot fork() child process: Cannot allocate memory
2020-05-07 12:26:37.771007: E tensorflow/core/platform/default/subprocess.cc:208] Start cannot fork() child process: Cannot allocate memory
2020-05-07 12:26:38.556729: E tensorflow/core/platform/default/subprocess.cc:208] Start cannot fork() child process: Cannot allocate memory
2020-05-07 12:26:39.338728: E tensorflow/core/platform/default/subprocess.cc:208] Start cannot fork() child process: Cannot allocate memory
2020-05-07 12:26:40.125441: E tensorflow/core/platform/default/subprocess.cc:208] Start cannot fork() child process: Cannot allocate memory
2020-05-07 12:26:40.923178: E tensorflow/core/platform/default/subprocess.cc:208] Start cannot fork() child process: Cannot allocate memory
2020-05-07 12:26:41.721534: E tensorflow/core/platform/default/subprocess.cc:208] Start cannot fork() child process: Cannot allocate memory
2020-05-07 12:26:42.499355: E tensorflow/core/platform/default/subprocess.cc:208] Start cannot fork() child process: Cannot allocate memory
2020-05-07 12:26:43.278981: E tensorflow/core/platform/default/subprocess.cc:208] Start cannot fork() child process: Cannot allocate memory
2020-05-07 12:26:44.066505: E tensorflow/core/platform/default/subprocess.cc:208] Start cannot fork() child process: Cannot allocate memory
2020-05-07 12:26:44.854834: E tensorflow/core/platform/default/subprocess.cc:208] Start cannot fork() child process: Cannot allocate memory
2020-05-07 12:26:45.680788: E tensorflow/core/platform/default/subprocess.cc:208] Start cannot fork() child process: Cannot allocate memory
2020-05-07 12:26:46.469504: E tensorflow/core/platform/default/subprocess.cc:208] Start cannot fork() child process: Cannot allocate memory
2020-05-07 12:26:47.316671: E tensorflow/core/platform/default/subprocess.cc:208] Start cannot fork() child process: Cannot allocate memory
2020-05-07 12:26:48.122357: E tensorflow/core/platform/default/subprocess.cc:208] Start cannot fork() child process: Cannot allocate memory
2020-05-07 12:26:48.922298: E tensorflow/core/platform/default/subprocess.cc:208] Start cannot fork() child process: Cannot allocate memory
2020-05-07 12:26:49.711490: E tensorflow/core/platform/default/subprocess.cc:208] Start cannot fork() child process: Cannot allocate memory
2020-05-07 12:26:50.486607: E tensorflow/core/platform/default/subprocess.cc:208] Start cannot fork() child process: Cannot allocate memory
2020-05-07 12:26:51.271152: E tensorflow/core/platform/default/subprocess.cc:208] Start cannot fork() child process: Cannot allocate memory
2020-05-07 12:26:52.055966: E tensorflow/core/platform/default/subprocess.cc:208] Start cannot fork() child process: Cannot allocate memory
2020-05-07 12:26:52.855736: E tensorflow/core/platform/default/subprocess.cc:208] Start cannot fork() child process: Cannot allocate memory
2020-05-07 12:26:53.667799: E tensorflow/core/platform/default/subprocess.cc:208] Start cannot fork() child process: Cannot allocate memory
2020-05-07 12:26:54.467524: E tensorflow/core/platform/default/subprocess.cc:208] Start cannot fork() child process: Cannot allocate memory
2020-05-07 12:26:55.269478: E tensorflow/core/platform/default/subprocess.cc:208] Start cannot fork() child process: Cannot allocate memory
2020-05-07 12:27:47.290923: E tensorflow/core/platform/default/subprocess.cc:208] Start cannot fork() child process: Cannot allocate memory
2020-05-07 12:27:48.191581: E tensorflow/core/platform/default/subprocess.cc:208] Start cannot fork() child process: Cannot allocate memory
2020-05-07 12:27:49.108115: E tensorflow/core/platform/default/subprocess.cc:208] Start cannot fork() child process: Cannot allocate memory
2020-05-07 12:27:50.016453: E tensorflow/core/platform/default/subprocess.cc:208] Start cannot fork() child process: Cannot allocate memory
2020-05-07 12:27:50.923477: E tensorflow/core/platform/default/subprocess.cc:208] Start cannot fork() child process: Cannot allocate memory
2020-05-07 12:27:51.816025: E tensorflow/core/platform/default/subprocess.cc:208] Start cannot fork() child process: Cannot allocate memory
2020-05-07 12:27:52.708969: E tensorflow/core/platform/default/subprocess.cc:208] Start cannot fork() child process: Cannot allocate memory
2020-05-07 12:27:53.592136: E tensorflow/core/platform/default/subprocess.cc:208] Start cannot fork() child process: Cannot allocate memory
2020-05-07 12:27:54.472230: E tensorflow/core/platform/default/subprocess.cc:208] Start cannot fork() child process: Cannot allocate memory
2020-05-07 12:27:55.332410: E tensorflow/core/platform/default/subprocess.cc:208] Start cannot fork() child process: Cannot allocate memory
2020-05-07 12:27:56.216770: E tensorflow/core/platform/default/subprocess.cc:208] Start cannot fork() child process: Cannot allocate memory
2020-05-07 12:27:57.118429: E tensorflow/core/platform/default/subprocess.cc:208] Start cannot fork() child process: Cannot allocate memory
2020-05-07 12:27:58.015492: E tensorflow/core/platform/default/subprocess.cc:208] Start cannot fork() child process: Cannot allocate memory
2020-05-07 12:27:58.913073: E tensorflow/core/platform/default/subprocess.cc:208] Start cannot fork() child process: Cannot allocate memory
2020-05-07 12:27:59.820846: E tensorflow/core/platform/default/subprocess.cc:208] Start cannot fork() child process: Cannot allocate memory
2020-05-07 12:28:00.701818: E tensorflow/core/platform/default/subprocess.cc:208] Start cannot fork() child process: Cannot allocate memory
2020-05-07 12:28:01.609927: E tensorflow/core/platform/default/subprocess.cc:208] Start cannot fork() child process: Cannot allocate memory
2020-05-07 12:28:02.500581: E tensorflow/core/platform/default/subprocess.cc:208] Start cannot fork() child process: Cannot allocate memory
2020-05-07 12:28:03.378813: E tensorflow/core/platform/default/subprocess.cc:208] Start cannot fork() child process: Cannot allocate memory
2020-05-07 12:28:04.259361: E tensorflow/core/platform/default/subprocess.cc:208] Start cannot fork() child process: Cannot allocate memory
2020-05-07 12:28:05.155863: E tensorflow/core/platform/default/subprocess.cc:208] Start cannot fork() child process: Cannot allocate memory
2020-05-07 12:28:06.045702: E tensorflow/core/platform/default/subprocess.cc:208] Start cannot fork() child process: Cannot allocate memory
2020-05-07 12:28:06.944603: E tensorflow/core/platform/default/subprocess.cc:208] Start cannot fork() child process: Cannot allocate memory
2020-05-07 12:28:07.848187: E tensorflow/core/platform/default/subprocess.cc:208] Start cannot fork() child process: Cannot allocate memory
2020-05-07 12:28:08.766614: E tensorflow/core/platform/default/subprocess.cc:208] Start cannot fork() child process: Cannot allocate memory
2020-05-07 12:28:09.649277: E tensorflow/core/platform/default/subprocess.cc:208] Start cannot fork() child process: Cannot allocate memory
2020-05-07 12:28:10.549431: E tensorflow/core/platform/default/subprocess.cc:208] Start cannot fork() child process: Cannot allocate memory
2020-05-07 12:28:11.472332: E tensorflow/core/platform/default/subprocess.cc:208] Start cannot fork() child process: Cannot allocate memory
2020-05-07 12:28:12.398223: E tensorflow/core/platform/default/subprocess.cc:208] Start cannot fork() child process: Cannot allocate memory
2020-05-07 12:28:13.288661: E tensorflow/core/platform/default/subprocess.cc:208] Start cannot fork() child process: Cannot allocate memory
2020-05-07 12:28:14.192198: E tensorflow/core/platform/default/subprocess.cc:208] Start cannot fork() child process: Cannot allocate memory
2020-05-07 12:28:15.080077: E tensorflow/core/platform/default/subprocess.cc:208] Start cannot fork() child process: Cannot allocate memory
2020-05-07 12:28:15.967946: E tensorflow/core/platform/default/subprocess.cc:208] Start cannot fork() child process: Cannot allocate memory
2020-05-07 12:28:16.857776: E tensorflow/core/platform/default/subprocess.cc:208] Start cannot fork() child process: Cannot allocate memory
2020-05-07 12:28:17.774763: E tensorflow/core/platform/default/subprocess.cc:208] Start cannot fork() child process: Cannot allocate memory
2020-05-07 12:28:18.674107: E tensorflow/core/platform/default/subprocess.cc:208] Start cannot fork() child process: Cannot allocate memory
2020-05-07 12:28:19.570764: E tensorflow/core/platform/default/subprocess.cc:208] Start cannot fork() child process: Cannot allocate memory
2020-05-07 12:28:20.469086: E tensorflow/core/platform/default/subprocess.cc:208] Start cannot fork() child process: Cannot allocate memory
2020-05-07 12:28:21.360931: E tensorflow/core/platform/default/subprocess.cc:208] Start cannot fork() child process: Cannot allocate memory
2020-05-07 12:28:22.252907: E tensorflow/core/platform/default/subprocess.cc:208] Start cannot fork() child process: Cannot allocate memory
2020-05-07 12:28:23.146096: E tensorflow/core/platform/default/subprocess.cc:208] Start cannot fork() child process: Cannot allocate memory
2020-05-07 12:28:24.032606: E tensorflow/core/platform/default/subprocess.cc:208] Start cannot fork() child process: Cannot allocate memory
2020-05-07 12:28:24.927768: E tensorflow/core/platform/default/subprocess.cc:208] Start cannot fork() child process: Cannot allocate memory
2020-05-07 12:28:25.838684: E tensorflow/core/platform/default/subprocess.cc:208] Start cannot fork() child process: Cannot allocate memory
2020-05-07 12:28:26.739648: E tensorflow/core/platform/default/subprocess.cc:208] Start cannot fork() child process: Cannot allocate memory
2020-05-07 12:28:27.621152: E tensorflow/core/platform/default/subprocess.cc:208] Start cannot fork() child process: Cannot allocate memory
2020-05-07 12:28:28.483312: E tensorflow/core/platform/default/subprocess.cc:208] Start cannot fork() child process: Cannot allocate memory
2020-05-07 12:28:29.368995: E tensorflow/core/platform/default/subprocess.cc:208] Start cannot fork() child process: Cannot allocate memory
2020-05-07 12:28:30.259071: E tensorflow/core/platform/default/subprocess.cc:208] Start cannot fork() child process: Cannot allocate memory
2020-05-07 12:28:31.120002: E tensorflow/core/platform/default/subprocess.cc:208] Start cannot fork() child process: Cannot allocate memory
2020-05-07 12:28:32.024543: E tensorflow/core/platform/default/subprocess.cc:208] Start cannot fork() child process: Cannot allocate memory
2020-05-07 12:28:32.897673: E tensorflow/core/platform/default/subprocess.cc:208] Start cannot fork() child process: Cannot allocate memory
2020-05-07 12:28:33.812875: E tensorflow/core/platform/default/subprocess.cc:208] Start cannot fork() child process: Cannot allocate memory
2020-05-07 12:28:34.723200: E tensorflow/core/platform/default/subprocess.cc:208] Start cannot fork() child process: Cannot allocate memory
2020-05-07 12:28:35.587082: E tensorflow/core/platform/default/subprocess.cc:208] Start cannot fork() child process: Cannot allocate memory
2020-05-07 12:28:36.452737: E tensorflow/core/platform/default/subprocess.cc:208] Start cannot fork() child process: Cannot allocate memory
2020-05-07 12:28:37.341344: E tensorflow/core/platform/default/subprocess.cc:208] Start cannot fork() child process: Cannot allocate memory
2020-05-07 12:28:38.226237: E tensorflow/core/platform/default/subprocess.cc:208] Start cannot fork() child process: Cannot allocate memory
2020-05-07 12:28:39.083490: E tensorflow/core/platform/default/subprocess.cc:208] Start cannot fork() child process: Cannot allocate memory
2020-05-07 12:28:39.947502: E tensorflow/core/platform/default/subprocess.cc:208] Start cannot fork() child process: Cannot allocate memory
2020-05-07 12:28:40.838548: E tensorflow/core/platform/default/subprocess.cc:208] Start cannot fork() child process: Cannot allocate memory
2020-05-07 12:28:41.719414: E tensorflow/core/platform/default/subprocess.cc:208] Start cannot fork() child process: Cannot allocate memory
2020-05-07 12:28:42.609027: E tensorflow/core/platform/default/subprocess.cc:208] Start cannot fork() child process: Cannot allocate memory
2020-05-07 12:28:43.507880: E tensorflow/core/platform/default/subprocess.cc:208] Start cannot fork() child process: Cannot allocate memory
2020-05-07 12:28:44.378737: E tensorflow/core/platform/default/subprocess.cc:208] Start cannot fork() child process: Cannot allocate memory
2020-05-07 12:28:45.272332: E tensorflow/core/platform/default/subprocess.cc:208] Start cannot fork() child process: Cannot allocate memory
2020-05-07 12:28:46.153207: E tensorflow/core/platform/default/subprocess.cc:208] Start cannot fork() child process: Cannot allocate memory
2020-05-07 12:28:47.060295: E tensorflow/core/platform/default/subprocess.cc:208] Start cannot fork() child process: Cannot allocate memory
2020-05-07 12:28:48.169536: E tensorflow/core/platform/default/subprocess.cc:208] Start cannot fork() child process: Cannot allocate memory
2020-05-07 12:28:49.053563: E tensorflow/core/platform/default/subprocess.cc:208] Start cannot fork() child process: Cannot allocate memory
2020-05-07 12:28:49.934915: E tensorflow/core/platform/default/subprocess.cc:208] Start cannot fork() child process: Cannot allocate memory
2020-05-07 12:28:50.815732: E tensorflow/core/platform/default/subprocess.cc:208] Start cannot fork() child process: Cannot allocate memory
2020-05-07 12:28:51.710268: E tensorflow/core/platform/default/subprocess.cc:208] Start cannot fork() child process: Cannot allocate memory
2020-05-07 12:28:52.603343: E tensorflow/core/platform/default/subprocess.cc:208] Start cannot fork() child process: Cannot allocate memory
2020-05-07 12:28:53.501984: E tensorflow/core/platform/default/subprocess.cc:208] Start cannot fork() child process: Cannot allocate memory
2020-05-07 12:28:54.412708: E tensorflow/core/platform/default/subprocess.cc:208] Start cannot fork() child process: Cannot allocate memory
2020-05-07 12:28:55.303841: E tensorflow/core/platform/default/subprocess.cc:208] Start cannot fork() child process: Cannot allocate memory
2020-05-07 12:28:56.186833: E tensorflow/core/platform/default/subprocess.cc:208] Start cannot fork() child process: Cannot allocate memory
2020-05-07 12:28:57.106626: E tensorflow/core/platform/default/subprocess.cc:208] Start cannot fork() child process: Cannot allocate memory
2020-05-07 12:28:58.002113: E tensorflow/core/platform/default/subprocess.cc:208] Start cannot fork() child process: Cannot allocate memory
2020-05-07 12:28:58.897881: E tensorflow/core/platform/default/subprocess.cc:208] Start cannot fork() child process: Cannot allocate memory
2020-05-07 12:28:59.801367: E tensorflow/core/platform/default/subprocess.cc:208] Start cannot fork() child process: Cannot allocate memory
2020-05-07 12:29:00.684000: E tensorflow/core/platform/default/subprocess.cc:208] Start cannot fork() child process: Cannot allocate memory
2020-05-07 12:29:01.586355: E tensorflow/core/platform/default/subprocess.cc:208] Start cannot fork() child process: Cannot allocate memory
2020-05-07 12:29:02.480549: E tensorflow/core/platform/default/subprocess.cc:208] Start cannot fork() child process: Cannot allocate memory
2020-05-07 12:29:03.379591: E tensorflow/core/platform/default/subprocess.cc:208] Start cannot fork() child process: Cannot allocate memory
2020-05-07 12:29:04.275835: E tensorflow/core/platform/default/subprocess.cc:208] Start cannot fork() child process: Cannot allocate memory
2020-05-07 12:29:05.178119: E tensorflow/core/platform/default/subprocess.cc:208] Start cannot fork() child process: Cannot allocate memory
2020-05-07 12:29:06.058133: E tensorflow/core/platform/default/subprocess.cc:208] Start cannot fork() child process: Cannot allocate memory
2020-05-07 12:29:06.946461: E tensorflow/core/platform/default/subprocess.cc:208] Start cannot fork() child process: Cannot allocate memory
2020-05-07 12:29:07.825555: E tensorflow/core/platform/default/subprocess.cc:208] Start cannot fork() child process: Cannot allocate memory
2020-05-07 12:29:08.704194: E tensorflow/core/platform/default/subprocess.cc:208] Start cannot fork() child process: Cannot allocate memory
2020-05-07 12:29:09.594382: E tensorflow/core/platform/default/subprocess.cc:208] Start cannot fork() child process: Cannot allocate memory
2020-05-07 12:29:10.483748: E tensorflow/core/platform/default/subprocess.cc:208] Start cannot fork() child process: Cannot allocate memory
2020-05-07 12:29:11.384120: E tensorflow/core/platform/default/subprocess.cc:208] Start cannot fork() child process: Cannot allocate memory
2020-05-07 12:29:12.289140: E tensorflow/core/platform/default/subprocess.cc:208] Start cannot fork() child process: Cannot allocate memory
2020-05-07 12:29:13.201214: E tensorflow/core/platform/default/subprocess.cc:208] Start cannot fork() child process: Cannot allocate memory
2020-05-07 12:29:14.090471: E tensorflow/core/platform/default/subprocess.cc:208] Start cannot fork() child process: Cannot allocate memory
2020-05-07 12:29:14.979339: E tensorflow/core/platform/default/subprocess.cc:208] Start cannot fork() child process: Cannot allocate memory
2020-05-07 12:29:15.868810: E tensorflow/core/platform/default/subprocess.cc:208] Start cannot fork() child process: Cannot allocate memory
2020-05-07 12:29:16.760532: E tensorflow/core/platform/default/subprocess.cc:208] Start cannot fork() child process: Cannot allocate memory
2020-05-07 12:29:17.788190: E tensorflow/core/platform/default/subprocess.cc:208] Start cannot fork() child process: Cannot allocate memory
2020-05-07 12:29:18.716053: E tensorflow/core/platform/default/subprocess.cc:208] Start cannot fork() child process: Cannot allocate memory
2020-05-07 12:29:19.606025: E tensorflow/core/platform/default/subprocess.cc:208] Start cannot fork() child process: Cannot allocate memory
2020-05-07 12:29:20.493440: E tensorflow/core/platform/default/subprocess.cc:208] Start cannot fork() child process: Cannot allocate memory
2020-05-07 12:29:21.391458: E tensorflow/core/platform/default/subprocess.cc:208] Start cannot fork() child process: Cannot allocate memory
2020-05-07 12:29:22.286319: E tensorflow/core/platform/default/subprocess.cc:208] Start cannot fork() child process: Cannot allocate memory
2020-05-07 12:29:23.170696: E tensorflow/core/platform/default/subprocess.cc:208] Start cannot fork() child process: Cannot allocate memory
2020-05-07 12:29:24.058316: E tensorflow/core/platform/default/subprocess.cc:208] Start cannot fork() child process: Cannot allocate memory
2020-05-07 12:29:24.938389: E tensorflow/core/platform/default/subprocess.cc:208] Start cannot fork() child process: Cannot allocate memory
2020-05-07 12:29:25.819987: E tensorflow/core/platform/default/subprocess.cc:208] Start cannot fork() child process: Cannot allocate memory
2020-05-07 12:29:26.697258: E tensorflow/core/platform/default/subprocess.cc:208] Start cannot fork() child process: Cannot allocate memory
2020-05-07 12:29:27.563042: E tensorflow/core/platform/default/subprocess.cc:208] Start cannot fork() child process: Cannot allocate memory
2020-05-07 12:29:28.430769: E tensorflow/core/platform/default/subprocess.cc:208] Start cannot fork() child process: Cannot allocate memory
2020-05-07 12:29:29.306007: E tensorflow/core/platform/default/subprocess.cc:208] Start cannot fork() child process: Cannot allocate memory
2020-05-07 12:29:30.182208: E tensorflow/core/platform/default/subprocess.cc:208] Start cannot fork() child process: Cannot allocate memory
2020-05-07 12:29:31.069416: E tensorflow/core/platform/default/subprocess.cc:208] Start cannot fork() child process: Cannot allocate memory
2020-05-07 12:29:31.944716: E tensorflow/core/platform/default/subprocess.cc:208] Start cannot fork() child process: Cannot allocate memory
2020-05-07 12:29:32.828507: E tensorflow/core/platform/default/subprocess.cc:208] Start cannot fork() child process: Cannot allocate memory
2020-05-07 12:29:33.729640: E tensorflow/core/platform/default/subprocess.cc:208] Start cannot fork() child process: Cannot allocate memory
2020-05-07 12:29:34.608374: E tensorflow/core/platform/default/subprocess.cc:208] Start cannot fork() child process: Cannot allocate memory
2020-05-07 12:29:35.475249: E tensorflow/core/platform/default/subprocess.cc:208] Start cannot fork() child process: Cannot allocate memory
2020-05-07 12:29:36.340182: E tensorflow/core/platform/default/subprocess.cc:208] Start cannot fork() child process: Cannot allocate memory
2020-05-07 12:29:37.239470: E tensorflow/core/platform/default/subprocess.cc:208] Start cannot fork() child process: Cannot allocate memory
2020-05-07 12:29:38.120324: E tensorflow/core/platform/default/subprocess.cc:208] Start cannot fork() child process: Cannot allocate memory
2020-05-07 12:29:38.985439: E tensorflow/core/platform/default/subprocess.cc:208] Start cannot fork() child process: Cannot allocate memory
2020-05-07 12:29:39.863360: E tensorflow/core/platform/default/subprocess.cc:208] Start cannot fork() child process: Cannot allocate memory
2020-05-07 12:29:40.752738: E tensorflow/core/platform/default/subprocess.cc:208] Start cannot fork() child process: Cannot allocate memory
2020-05-07 12:29:41.627485: E tensorflow/core/platform/default/subprocess.cc:208] Start cannot fork() child process: Cannot allocate memory
2020-05-07 12:29:42.488357: E tensorflow/core/platform/default/subprocess.cc:208] Start cannot fork() child process: Cannot allocate memory
2020-05-07 12:29:43.352577: E tensorflow/core/platform/default/subprocess.cc:208] Start cannot fork() child process: Cannot allocate memory
2020-05-07 12:29:44.216979: E tensorflow/core/platform/default/subprocess.cc:208] Start cannot fork() child process: Cannot allocate memory
2020-05-07 12:29:45.098457: E tensorflow/core/platform/default/subprocess.cc:208] Start cannot fork() child process: Cannot allocate memory
2020-05-07 12:29:45.972885: E tensorflow/core/platform/default/subprocess.cc:208] Start cannot fork() child process: Cannot allocate memory
2020-05-07 12:29:46.849190: E tensorflow/core/platform/default/subprocess.cc:208] Start cannot fork() child process: Cannot allocate memory
2020-05-07 12:29:47.774365: E tensorflow/core/platform/default/subprocess.cc:208] Start cannot fork() child process: Cannot allocate memory
2020-05-07 12:29:48.653538: E tensorflow/core/platform/default/subprocess.cc:208] Start cannot fork() child process: Cannot allocate memory
2020-05-07 12:29:49.534361: E tensorflow/core/platform/default/subprocess.cc:208] Start cannot fork() child process: Cannot allocate memory
2020-05-07 12:29:50.412501: E tensorflow/core/platform/default/subprocess.cc:208] Start cannot fork() child process: Cannot allocate memory
2020-05-07 12:29:51.286677: E tensorflow/core/platform/default/subprocess.cc:208] Start cannot fork() child process: Cannot allocate memory
2020-05-07 12:29:52.166771: E tensorflow/core/platform/default/subprocess.cc:208] Start cannot fork() child process: Cannot allocate memory
2020-05-07 12:29:53.059664: E tensorflow/core/platform/default/subprocess.cc:208] Start cannot fork() child process: Cannot allocate memory
2020-05-07 12:29:53.928880: E tensorflow/core/platform/default/subprocess.cc:208] Start cannot fork() child process: Cannot allocate memory
2020-05-07 12:29:54.805112: E tensorflow/core/platform/default/subprocess.cc:208] Start cannot fork() child process: Cannot allocate memory
2020-05-07 12:29:55.691096: E tensorflow/core/platform/default/subprocess.cc:208] Start cannot fork() child process: Cannot allocate memory
2020-05-07 12:29:56.569102: E tensorflow/core/platform/default/subprocess.cc:208] Start cannot fork() child process: Cannot allocate memory
2020-05-07 12:29:57.445409: E tensorflow/core/platform/default/subprocess.cc:208] Start cannot fork() child process: Cannot allocate memory
2020-05-07 12:29:58.340314: E tensorflow/core/platform/default/subprocess.cc:208] Start cannot fork() child process: Cannot allocate memory
2020-05-07 12:29:59.229350: E tensorflow/core/platform/default/subprocess.cc:208] Start cannot fork() child process: Cannot allocate memory
2020-05-07 12:30:00.123172: E tensorflow/core/platform/default/subprocess.cc:208] Start cannot fork() child process: Cannot allocate memory
2020-05-07 12:30:01.023814: E tensorflow/core/platform/default/subprocess.cc:208] Start cannot fork() child process: Cannot allocate memory
2020-05-07 12:30:01.904142: E tensorflow/core/platform/default/subprocess.cc:208] Start cannot fork() child process: Cannot allocate memory
2020-05-07 12:30:02.796323: E tensorflow/core/platform/default/subprocess.cc:208] Start cannot fork() child process: Cannot allocate memory
2020-05-07 12:30:03.718591: E tensorflow/core/platform/default/subprocess.cc:208] Start cannot fork() child process: Cannot allocate memory
2020-05-07 12:30:04.626694: E tensorflow/core/platform/default/subprocess.cc:208] Start cannot fork() child process: Cannot allocate memory
2020-05-07 12:30:05.524368: E tensorflow/core/platform/default/subprocess.cc:208] Start cannot fork() child process: Cannot allocate memory
2020-05-07 12:30:14.192219: E tensorflow/core/platform/default/subprocess.cc:208] Start cannot fork() child process: Cannot allocate memory
2020-05-07 12:30:15.118730: E tensorflow/core/platform/default/subprocess.cc:208] Start cannot fork() child process: Cannot allocate memory
2020-05-07 12:30:16.020913: E tensorflow/core/platform/default/subprocess.cc:208] Start cannot fork() child process: Cannot allocate memory
2020-05-07 12:30:16.922714: E tensorflow/core/platform/default/subprocess.cc:208] Start cannot fork() child process: Cannot allocate memory
2020-05-07 12:30:18.158540: E tensorflow/core/platform/default/subprocess.cc:208] Start cannot fork() child process: Cannot allocate memory
2020-05-07 12:30:19.079315: E tensorflow/core/platform/default/subprocess.cc:208] Start cannot fork() child process: Cannot allocate memory
2020-05-07 12:30:19.965637: E tensorflow/core/platform/default/subprocess.cc:208] Start cannot fork() child process: Cannot allocate memory
2020-05-07 12:30:20.860058: E tensorflow/core/platform/default/subprocess.cc:208] Start cannot fork() child process: Cannot allocate memory
2020-05-07 12:30:21.747054: E tensorflow/core/platform/default/subprocess.cc:208] Start cannot fork() child process: Cannot allocate memory
2020-05-07 12:30:22.642582: E tensorflow/core/platform/default/subprocess.cc:208] Start cannot fork() child process: Cannot allocate memory
2020-05-07 12:30:23.545848: E tensorflow/core/platform/default/subprocess.cc:208] Start cannot fork() child process: Cannot allocate memory
2020-05-07 12:30:24.432049: E tensorflow/core/platform/default/subprocess.cc:208] Start cannot fork() child process: Cannot allocate memory
2020-05-07 12:30:25.361446: E tensorflow/core/platform/default/subprocess.cc:208] Start cannot fork() child process: Cannot allocate memory
2020-05-07 12:30:26.260465: E tensorflow/core/platform/default/subprocess.cc:208] Start cannot fork() child process: Cannot allocate memory
2020-05-07 12:30:27.161969: E tensorflow/core/platform/default/subprocess.cc:208] Start cannot fork() child process: Cannot allocate memory
2020-05-07 12:30:28.039723: E tensorflow/core/platform/default/subprocess.cc:208] Start cannot fork() child process: Cannot allocate memory
2020-05-07 12:30:28.929867: E tensorflow/core/platform/default/subprocess.cc:208] Start cannot fork() child process: Cannot allocate memory
2020-05-07 12:30:29.836168: E tensorflow/core/platform/default/subprocess.cc:208] Start cannot fork() child process: Cannot allocate memory
2020-05-07 12:30:30.729136: E tensorflow/core/platform/default/subprocess.cc:208] Start cannot fork() child process: Cannot allocate memory
2020-05-07 12:30:31.613300: E tensorflow/core/platform/default/subprocess.cc:208] Start cannot fork() child process: Cannot allocate memory
2020-05-07 12:30:32.491470: E tensorflow/core/platform/default/subprocess.cc:208] Start cannot fork() child process: Cannot allocate memory
2020-05-07 12:30:33.378111: E tensorflow/core/platform/default/subprocess.cc:208] Start cannot fork() child process: Cannot allocate memory
2020-05-07 12:30:34.275029: E tensorflow/core/platform/default/subprocess.cc:208] Start cannot fork() child process: Cannot allocate memory
2020-05-07 12:30:35.452541: E tensorflow/core/platform/default/subprocess.cc:208] Start cannot fork() child process: Cannot allocate memory
2020-05-07 12:30:36.338666: E tensorflow/core/platform/default/subprocess.cc:208] Start cannot fork() child process: Cannot allocate memory
2020-05-07 12:30:37.228972: E tensorflow/core/platform/default/subprocess.cc:208] Start cannot fork() child process: Cannot allocate memory
2020-05-07 12:30:38.142058: E tensorflow/core/platform/default/subprocess.cc:208] Start cannot fork() child process: Cannot allocate memory
2020-05-07 12:30:39.035041: E tensorflow/core/platform/default/subprocess.cc:208] Start cannot fork() child process: Cannot allocate memory
2020-05-07 12:30:39.937174: E tensorflow/core/platform/default/subprocess.cc:208] Start cannot fork() child process: Cannot allocate memory
2020-05-07 12:30:40.834307: E tensorflow/core/platform/default/subprocess.cc:208] Start cannot fork() child process: Cannot allocate memory
2020-05-07 12:30:41.730624: E tensorflow/core/platform/default/subprocess.cc:208] Start cannot fork() child process: Cannot allocate memory
2020-05-07 12:30:42.618166: E tensorflow/core/platform/default/subprocess.cc:208] Start cannot fork() child process: Cannot allocate memory
2020-05-07 12:30:43.516961: E tensorflow/core/platform/default/subprocess.cc:208] Start cannot fork() child process: Cannot allocate memory
2020-05-07 12:30:44.397745: E tensorflow/core/platform/default/subprocess.cc:208] Start cannot fork() child process: Cannot allocate memory
2020-05-07 12:30:45.302176: E tensorflow/core/platform/default/subprocess.cc:208] Start cannot fork() child process: Cannot allocate memory
2020-05-07 12:30:46.219718: E tensorflow/core/platform/default/subprocess.cc:208] Start cannot fork() child process: Cannot allocate memory
2020-05-07 12:30:47.170228: E tensorflow/core/platform/default/subprocess.cc:208] Start cannot fork() child process: Cannot allocate memory
2020-05-07 12:30:48.159357: E tensorflow/core/platform/default/subprocess.cc:208] Start cannot fork() child process: Cannot allocate memory
2020-05-07 12:30:49.049208: E tensorflow/core/platform/default/subprocess.cc:208] Start cannot fork() child process: Cannot allocate memory
2020-05-07 12:30:49.956569: E tensorflow/core/platform/default/subprocess.cc:208] Start cannot fork() child process: Cannot allocate memory
2020-05-07 12:30:50.858725: E tensorflow/core/platform/default/subprocess.cc:208] Start cannot fork() child process: Cannot allocate memory
2020-05-07 12:30:51.729465: E tensorflow/core/platform/default/subprocess.cc:208] Start cannot fork() child process: Cannot allocate memory
2020-05-07 12:30:52.626818: E tensorflow/core/platform/default/subprocess.cc:208] Start cannot fork() child process: Cannot allocate memory
2020-05-07 12:30:53.504964: E tensorflow/core/platform/default/subprocess.cc:208] Start cannot fork() child process: Cannot allocate memory
2020-05-07 12:30:54.438098: E tensorflow/core/platform/default/subprocess.cc:208] Start cannot fork() child process: Cannot allocate memory
2020-05-07 12:30:55.330956: E tensorflow/core/platform/default/subprocess.cc:208] Start cannot fork() child process: Cannot allocate memory
2020-05-07 12:30:56.216311: E tensorflow/core/platform/default/subprocess.cc:208] Start cannot fork() child process: Cannot allocate memory
2020-05-07 12:30:57.138751: E tensorflow/core/platform/default/subprocess.cc:208] Start cannot fork() child process: Cannot allocate memory
2020-05-07 12:30:58.044881: E tensorflow/core/platform/default/subprocess.cc:208] Start cannot fork() child process: Cannot allocate memory
2020-05-07 12:30:58.962854: E tensorflow/core/platform/default/subprocess.cc:208] Start cannot fork() child process: Cannot allocate memory
2020-05-07 12:30:59.852628: E tensorflow/core/platform/default/subprocess.cc:208] Start cannot fork() child process: Cannot allocate memory
2020-05-07 12:31:00.790679: E tensorflow/core/platform/default/subprocess.cc:208] Start cannot fork() child process: Cannot allocate memory
2020-05-07 12:31:01.689995: E tensorflow/core/platform/default/subprocess.cc:208] Start cannot fork() child process: Cannot allocate memory
2020-05-07 12:31:02.616884: E tensorflow/core/platform/default/subprocess.cc:208] Start cannot fork() child process: Cannot allocate memory
2020-05-07 12:31:03.505588: E tensorflow/core/platform/default/subprocess.cc:208] Start cannot fork() child process: Cannot allocate memory
2020-05-07 12:31:04.405005: E tensorflow/core/platform/default/subprocess.cc:208] Start cannot fork() child process: Cannot allocate memory
2020-05-07 12:31:05.318266: E tensorflow/core/platform/default/subprocess.cc:208] Start cannot fork() child process: Cannot allocate memory
2020-05-07 12:31:06.243583: E tensorflow/core/platform/default/subprocess.cc:208] Start cannot fork() child process: Cannot allocate memory
2020-05-07 12:31:07.150865: E tensorflow/core/platform/default/subprocess.cc:208] Start cannot fork() child process: Cannot allocate memory
2020-05-07 12:31:08.057832: E tensorflow/core/platform/default/subprocess.cc:208] Start cannot fork() child process: Cannot allocate memory
2020-05-07 12:31:08.960883: E tensorflow/core/platform/default/subprocess.cc:208] Start cannot fork() child process: Cannot allocate memory
2020-05-07 12:31:09.856063: E tensorflow/core/platform/default/subprocess.cc:208] Start cannot fork() child process: Cannot allocate memory
2020-05-07 12:31:10.774425: E tensorflow/core/platform/default/subprocess.cc:208] Start cannot fork() child process: Cannot allocate memory
2020-05-07 12:31:11.649443: E tensorflow/core/platform/default/subprocess.cc:208] Start cannot fork() child process: Cannot allocate memory
2020-05-07 12:31:12.566075: E tensorflow/core/platform/default/subprocess.cc:208] Start cannot fork() child process: Cannot allocate memory
2020-05-07 12:31:13.465600: E tensorflow/core/platform/default/subprocess.cc:208] Start cannot fork() child process: Cannot allocate memory
2020-05-07 12:31:14.392556: E tensorflow/core/platform/default/subprocess.cc:208] Start cannot fork() child process: Cannot allocate memory
2020-05-07 12:31:15.294846: E tensorflow/core/platform/default/subprocess.cc:208] Start cannot fork() child process: Cannot allocate memory
2020-05-07 12:31:16.193856: E tensorflow/core/platform/default/subprocess.cc:208] Start cannot fork() child process: Cannot allocate memory
2020-05-07 12:31:17.129476: E tensorflow/core/platform/default/subprocess.cc:208] Start cannot fork() child process: Cannot allocate memory
2020-05-07 12:31:18.155051: E tensorflow/core/platform/default/subprocess.cc:208] Start cannot fork() child process: Cannot allocate memory
2020-05-07 12:31:19.057114: E tensorflow/core/platform/default/subprocess.cc:208] Start cannot fork() child process: Cannot allocate memory
2020-05-07 12:31:19.938325: E tensorflow/core/platform/default/subprocess.cc:208] Start cannot fork() child process: Cannot allocate memory
2020-05-07 12:31:20.848620: E tensorflow/core/platform/default/subprocess.cc:208] Start cannot fork() child process: Cannot allocate memory
2020-05-07 12:31:21.805245: E tensorflow/core/platform/default/subprocess.cc:208] Start cannot fork() child process: Cannot allocate memory
2020-05-07 12:31:22.944533: E tensorflow/core/platform/default/subprocess.cc:208] Start cannot fork() child process: Cannot allocate memory
2020-05-07 12:31:23.849680: E tensorflow/core/platform/default/subprocess.cc:208] Start cannot fork() child process: Cannot allocate memory
2020-05-07 12:31:24.725945: E tensorflow/core/platform/default/subprocess.cc:208] Start cannot fork() child process: Cannot allocate memory
2020-05-07 12:31:25.630630: E tensorflow/core/platform/default/subprocess.cc:208] Start cannot fork() child process: Cannot allocate memory
2020-05-07 12:31:26.535074: E tensorflow/core/platform/default/subprocess.cc:208] Start cannot fork() child process: Cannot allocate memory
2020-05-07 12:31:27.435812: E tensorflow/core/platform/default/subprocess.cc:208] Start cannot fork() child process: Cannot allocate memory
2020-05-07 12:31:28.328323: E tensorflow/core/platform/default/subprocess.cc:208] Start cannot fork() child process: Cannot allocate memory
2020-05-07 12:31:29.225254: E tensorflow/core/platform/default/subprocess.cc:208] Start cannot fork() child process: Cannot allocate memory
2020-05-07 12:31:30.116443: E tensorflow/core/platform/default/subprocess.cc:208] Start cannot fork() child process: Cannot allocate memory
2020-05-07 12:31:31.039249: E tensorflow/core/platform/default/subprocess.cc:208] Start cannot fork() child process: Cannot allocate memory
2020-05-07 12:31:31.924057: E tensorflow/core/platform/default/subprocess.cc:208] Start cannot fork() child process: Cannot allocate memory
2020-05-07 12:31:32.843694: E tensorflow/core/platform/default/subprocess.cc:208] Start cannot fork() child process: Cannot allocate memory
2020-05-07 12:31:33.758837: E tensorflow/core/platform/default/subprocess.cc:208] Start cannot fork() child process: Cannot allocate memory
2020-05-07 12:31:34.645628: E tensorflow/core/platform/default/subprocess.cc:208] Start cannot fork() child process: Cannot allocate memory
2020-05-07 12:31:35.531775: E tensorflow/core/platform/default/subprocess.cc:208] Start cannot fork() child process: Cannot allocate memory
2020-05-07 12:31:36.432365: E tensorflow/core/platform/default/subprocess.cc:208] Start cannot fork() child process: Cannot allocate memory
2020-05-07 12:31:37.349068: E tensorflow/core/platform/default/subprocess.cc:208] Start cannot fork() child process: Cannot allocate memory
2020-05-07 12:31:38.254196: E tensorflow/core/platform/default/subprocess.cc:208] Start cannot fork() child process: Cannot allocate memory
2020-05-07 12:31:39.157655: E tensorflow/core/platform/default/subprocess.cc:208] Start cannot fork() child process: Cannot allocate memory
2020-05-07 12:31:40.038179: E tensorflow/core/platform/default/subprocess.cc:208] Start cannot fork() child process: Cannot allocate memory
2020-05-07 12:31:40.921396: E tensorflow/core/platform/default/subprocess.cc:208] Start cannot fork() child process: Cannot allocate memory
Processing Data...
Processing sequences of length: 1kk

Processing forward host data...
Processing prokaryote training data from ProkTr#ProkTr#1k_num1_seq39668_codefw.npy
Processing eukaryote training data from EukTr#EukTr#1k_num1_seq36199_codefw.npy
Processing reverse host data...
Processing prokaryote training data from ProkTr#ProkTr#1k_num1_seq39668_codebw.npy
Processing eukaryote training data from EukTr#EukTr#1k_num1_seq36199_codebw.npy
Processing plasmid data
Processing plasmid data - bw
Processing virus data...
Processing prokaryotevirus training data from ProkVirusTr#ProkVirusTr#1k_num1_seq39523_codefw.npy
Processin eukaryotevirus training data from EukVirusTr#EukVirusTr#1k_num1_seq37968_codefw.npy
Processing virus data...
Processing prokaryotevirus training data from ProkVirusTr#ProkVirusTr#1k_num1_seq39523_codebw.npy
Processin eukaryotevirus training data from EukVirusTr#EukVirusTr#1k_num1_seq37968_codebw.npy
Processing Validation Data...
Processing Validation Data - bw...
(193772, 997, 22)
(193772, 997, 22)
(193772, 5)
(20262, 997, 22)
(20262, 997, 22)
(20262, 5)
Model: "model"
__________________________________________________________________________________________________
Layer (type)                    Output Shape         Param #     Connected to                     
==================================================================================================
input_1 (InputLayer)            [(None, None, 22)]   0                                            
__________________________________________________________________________________________________
input_2 (InputLayer)            [(None, None, 22)]   0                                            
__________________________________________________________________________________________________
conv1d (Conv1D)                 (None, None, 64)     8512        input_1[0][0]                    
                                                                 input_2[0][0]                    
__________________________________________________________________________________________________
max_pooling1d (MaxPooling1D)    (None, None, 64)     0           conv1d[0][0]                     
                                                                 conv1d[1][0]                     
__________________________________________________________________________________________________
batch_normalization (BatchNorma (None, None, 64)     256         max_pooling1d[0][0]              
                                                                 max_pooling1d[1][0]              
__________________________________________________________________________________________________
conv1d_1 (Conv1D)               (None, None, 128)    24704       batch_normalization[0][0]        
                                                                 batch_normalization[1][0]        
__________________________________________________________________________________________________
max_pooling1d_1 (MaxPooling1D)  (None, None, 128)    0           conv1d_1[0][0]                   
                                                                 conv1d_1[1][0]                   
__________________________________________________________________________________________________
batch_normalization_1 (BatchNor (None, None, 128)    512         max_pooling1d_1[0][0]            
                                                                 max_pooling1d_1[1][0]            
__________________________________________________________________________________________________
conv1d_2 (Conv1D)               (None, None, 256)    65792       batch_normalization_1[0][0]      
                                                                 batch_normalization_1[1][0]      
__________________________________________________________________________________________________
global_max_pooling1d (GlobalMax (None, 256)          0           conv1d_2[0][0]                   
                                                                 conv1d_2[1][0]                   
__________________________________________________________________________________________________
dropout (Dropout)               (None, 256)          0           global_max_pooling1d[0][0]       
                                                                 global_max_pooling1d[1][0]       
__________________________________________________________________________________________________
flatten (Flatten)               (None, 256)          0           dropout[0][0]                    
                                                                 dropout[1][0]                    
__________________________________________________________________________________________________
dense (Dense)                   (None, 500)          128500      flatten[0][0]                    
                                                                 flatten[1][0]                    
__________________________________________________________________________________________________
dropout_1 (Dropout)             (None, 500)          0           dense[0][0]                      
                                                                 dense[1][0]                      
__________________________________________________________________________________________________
dense_1 (Dense)                 (None, 5)            2505        dropout_1[0][0]                  
                                                                 dropout_1[1][0]                  
__________________________________________________________________________________________________
average (Average)               (None, 5)            0           dense_1[0][0]                    
                                                                 dense_1[1][0]                    
==================================================================================================
Total params: 230,781
Trainable params: 230,397
Non-trainable params: 384
__________________________________________________________________________________________________
Epoch 1/60

Epoch 00001: val_loss improved from inf to 0.92618, saving model to ./models/model_DNA_codon_1000.h5
1938/1938 - 286s - loss: 0.9491 - accuracy: 0.6247 - val_loss: 0.9262 - val_accuracy: 0.5652
Epoch 2/60

Epoch 00002: val_loss improved from 0.92618 to 0.87962, saving model to ./models/model_DNA_codon_1000.h5
1938/1938 - 58s - loss: 0.7169 - accuracy: 0.7171 - val_loss: 0.8796 - val_accuracy: 0.6067
Epoch 3/60

Epoch 00003: val_loss did not improve from 0.87962
1938/1938 - 58s - loss: 0.6148 - accuracy: 0.7614 - val_loss: 0.8975 - val_accuracy: 0.6374
Epoch 4/60

Epoch 00004: val_loss improved from 0.87962 to 0.83469, saving model to ./models/model_DNA_codon_1000.h5
1938/1938 - 57s - loss: 0.5637 - accuracy: 0.7843 - val_loss: 0.8347 - val_accuracy: 0.6517
Epoch 5/60

Epoch 00005: val_loss improved from 0.83469 to 0.71983, saving model to ./models/model_DNA_codon_1000.h5
1938/1938 - 60s - loss: 0.5299 - accuracy: 0.7977 - val_loss: 0.7198 - val_accuracy: 0.7113
Epoch 6/60

Epoch 00006: val_loss did not improve from 0.71983
1938/1938 - 61s - loss: 0.5038 - accuracy: 0.8095 - val_loss: 0.7550 - val_accuracy: 0.6974
Epoch 7/60

Epoch 00007: val_loss improved from 0.71983 to 0.71116, saving model to ./models/model_DNA_codon_1000.h5
1938/1938 - 62s - loss: 0.4829 - accuracy: 0.8176 - val_loss: 0.7112 - val_accuracy: 0.7011
Epoch 8/60

Epoch 00008: val_loss did not improve from 0.71116
1938/1938 - 59s - loss: 0.4626 - accuracy: 0.8269 - val_loss: 0.7591 - val_accuracy: 0.7031
Epoch 9/60

Epoch 00009: val_loss did not improve from 0.71116
1938/1938 - 59s - loss: 0.4476 - accuracy: 0.8329 - val_loss: 0.7518 - val_accuracy: 0.7095
Epoch 10/60

Epoch 00010: val_loss did not improve from 0.71116
1938/1938 - 59s - loss: 0.4346 - accuracy: 0.8378 - val_loss: 0.8376 - val_accuracy: 0.6753
Epoch 11/60

Epoch 00011: val_loss did not improve from 0.71116
1938/1938 - 59s - loss: 0.4221 - accuracy: 0.8424 - val_loss: 0.7251 - val_accuracy: 0.7206
Epoch 12/60

Epoch 00012: val_loss did not improve from 0.71116
1938/1938 - 58s - loss: 0.4120 - accuracy: 0.8463 - val_loss: 0.7433 - val_accuracy: 0.6975
Epoch 13/60

Epoch 00013: val_loss did not improve from 0.71116
1938/1938 - 60s - loss: 0.4050 - accuracy: 0.8501 - val_loss: 0.7544 - val_accuracy: 0.7225
Epoch 14/60

Epoch 00014: val_loss did not improve from 0.71116
1938/1938 - 62s - loss: 0.3954 - accuracy: 0.8535 - val_loss: 0.7581 - val_accuracy: 0.7035
Epoch 15/60

Epoch 00015: val_loss did not improve from 0.71116
1938/1938 - 63s - loss: 0.3862 - accuracy: 0.8568 - val_loss: 0.8167 - val_accuracy: 0.7038
Epoch 16/60

Epoch 00016: val_loss did not improve from 0.71116
1938/1938 - 55s - loss: 0.3805 - accuracy: 0.8596 - val_loss: 0.7232 - val_accuracy: 0.7099
Epoch 17/60

Epoch 00017: val_loss did not improve from 0.71116
1938/1938 - 58s - loss: 0.3712 - accuracy: 0.8630 - val_loss: 0.7769 - val_accuracy: 0.7083
Epoch 18/60

Epoch 00018: val_loss did not improve from 0.71116
1938/1938 - 58s - loss: 0.3669 - accuracy: 0.8644 - val_loss: 0.7495 - val_accuracy: 0.7255
Epoch 19/60

Epoch 00019: val_loss did not improve from 0.71116
1938/1938 - 57s - loss: 0.3592 - accuracy: 0.8679 - val_loss: 0.7521 - val_accuracy: 0.7218
Epoch 20/60

Epoch 00020: val_loss did not improve from 0.71116
1938/1938 - 59s - loss: 0.3578 - accuracy: 0.8683 - val_loss: 0.7756 - val_accuracy: 0.7077
Epoch 21/60

Epoch 00021: val_loss did not improve from 0.71116
1938/1938 - 60s - loss: 0.3505 - accuracy: 0.8716 - val_loss: 0.7675 - val_accuracy: 0.7152
Epoch 22/60

Epoch 00022: val_loss did not improve from 0.71116
1938/1938 - 59s - loss: 0.3455 - accuracy: 0.8738 - val_loss: 0.7496 - val_accuracy: 0.7216
Epoch 23/60

Epoch 00023: val_loss did not improve from 0.71116
1938/1938 - 60s - loss: 0.3390 - accuracy: 0.8759 - val_loss: 0.8219 - val_accuracy: 0.7032
Epoch 24/60

Epoch 00024: val_loss did not improve from 0.71116
1938/1938 - 61s - loss: 0.3361 - accuracy: 0.8776 - val_loss: 0.7403 - val_accuracy: 0.7266
Epoch 25/60

Epoch 00025: val_loss did not improve from 0.71116
1938/1938 - 55s - loss: 0.3290 - accuracy: 0.8796 - val_loss: 0.8229 - val_accuracy: 0.7106
Epoch 26/60

Epoch 00026: val_loss did not improve from 0.71116
1938/1938 - 58s - loss: 0.3288 - accuracy: 0.8798 - val_loss: 0.7919 - val_accuracy: 0.7233
Epoch 27/60

Epoch 00027: val_loss did not improve from 0.71116
1938/1938 - 55s - loss: 0.3247 - accuracy: 0.8813 - val_loss: 0.8513 - val_accuracy: 0.6895
Epoch 28/60

Epoch 00028: val_loss did not improve from 0.71116
1938/1938 - 58s - loss: 0.3180 - accuracy: 0.8839 - val_loss: 0.7674 - val_accuracy: 0.7234
Epoch 29/60

Epoch 00029: val_loss did not improve from 0.71116
1938/1938 - 58s - loss: 0.3151 - accuracy: 0.8851 - val_loss: 0.8070 - val_accuracy: 0.7334
Epoch 30/60

Epoch 00030: val_loss did not improve from 0.71116
1938/1938 - 57s - loss: 0.3141 - accuracy: 0.8852 - val_loss: 0.8979 - val_accuracy: 0.6977
Epoch 31/60

Epoch 00031: val_loss did not improve from 0.71116
1938/1938 - 59s - loss: 0.3104 - accuracy: 0.8871 - val_loss: 0.8307 - val_accuracy: 0.7095
Epoch 32/60

Epoch 00032: val_loss did not improve from 0.71116
1938/1938 - 59s - loss: 0.3073 - accuracy: 0.8883 - val_loss: 0.8436 - val_accuracy: 0.7143
Epoch 33/60

Epoch 00033: val_loss did not improve from 0.71116
1938/1938 - 60s - loss: 0.3034 - accuracy: 0.8905 - val_loss: 0.7497 - val_accuracy: 0.7419
Epoch 34/60

Epoch 00034: val_loss did not improve from 0.71116
1938/1938 - 57s - loss: 0.3014 - accuracy: 0.8906 - val_loss: 0.8414 - val_accuracy: 0.7097
Epoch 35/60

Epoch 00035: val_loss did not improve from 0.71116
1938/1938 - 57s - loss: 0.2986 - accuracy: 0.8917 - val_loss: 0.7838 - val_accuracy: 0.7371
Epoch 36/60

Epoch 00036: val_loss did not improve from 0.71116
1938/1938 - 57s - loss: 0.2963 - accuracy: 0.8924 - val_loss: 0.8237 - val_accuracy: 0.7209
Epoch 37/60

Epoch 00037: val_loss did not improve from 0.71116
1938/1938 - 58s - loss: 0.2927 - accuracy: 0.8934 - val_loss: 0.8334 - val_accuracy: 0.7253
Epoch 38/60

Epoch 00038: val_loss did not improve from 0.71116
1938/1938 - 58s - loss: 0.2902 - accuracy: 0.8948 - val_loss: 0.8640 - val_accuracy: 0.7128
Epoch 39/60

Epoch 00039: val_loss did not improve from 0.71116
1938/1938 - 58s - loss: 0.2892 - accuracy: 0.8963 - val_loss: 0.8608 - val_accuracy: 0.7198
Epoch 40/60

Epoch 00040: val_loss did not improve from 0.71116
1938/1938 - 59s - loss: 0.2850 - accuracy: 0.8968 - val_loss: 0.8176 - val_accuracy: 0.7267
Epoch 41/60

Epoch 00041: val_loss did not improve from 0.71116
1938/1938 - 57s - loss: 0.2836 - accuracy: 0.8981 - val_loss: 0.8652 - val_accuracy: 0.7202
Epoch 42/60

Epoch 00042: val_loss did not improve from 0.71116
1938/1938 - 61s - loss: 0.2802 - accuracy: 0.8997 - val_loss: 0.9328 - val_accuracy: 0.6990
Epoch 43/60

Epoch 00043: val_loss did not improve from 0.71116
1938/1938 - 55s - loss: 0.2787 - accuracy: 0.8993 - val_loss: 0.8108 - val_accuracy: 0.7439
Epoch 44/60

Epoch 00044: val_loss did not improve from 0.71116
1938/1938 - 57s - loss: 0.2772 - accuracy: 0.9005 - val_loss: 0.8204 - val_accuracy: 0.7324
Epoch 45/60

Epoch 00045: val_loss did not improve from 0.71116
1938/1938 - 57s - loss: 0.2747 - accuracy: 0.9015 - val_loss: 0.8158 - val_accuracy: 0.7220
Epoch 46/60

Epoch 00046: val_loss did not improve from 0.71116
1938/1938 - 58s - loss: 0.2734 - accuracy: 0.9015 - val_loss: 0.8176 - val_accuracy: 0.7428
Epoch 47/60

Epoch 00047: val_loss did not improve from 0.71116
1938/1938 - 57s - loss: 0.2708 - accuracy: 0.9022 - val_loss: 0.8428 - val_accuracy: 0.7216
Epoch 48/60

Epoch 00048: val_loss did not improve from 0.71116
1938/1938 - 58s - loss: 0.2695 - accuracy: 0.9032 - val_loss: 0.8315 - val_accuracy: 0.7321
Epoch 49/60

Epoch 00049: val_loss did not improve from 0.71116
1938/1938 - 58s - loss: 0.2691 - accuracy: 0.9033 - val_loss: 0.9085 - val_accuracy: 0.6997
Epoch 50/60

Epoch 00050: val_loss did not improve from 0.71116
1938/1938 - 59s - loss: 0.2644 - accuracy: 0.9055 - val_loss: 0.8562 - val_accuracy: 0.7290
Epoch 51/60

Epoch 00051: val_loss did not improve from 0.71116
1938/1938 - 56s - loss: 0.2637 - accuracy: 0.9054 - val_loss: 0.8714 - val_accuracy: 0.7211
Epoch 52/60

Epoch 00052: val_loss did not improve from 0.71116
1938/1938 - 57s - loss: 0.2629 - accuracy: 0.9063 - val_loss: 0.9867 - val_accuracy: 0.7034
Epoch 53/60

Epoch 00053: val_loss did not improve from 0.71116
1938/1938 - 57s - loss: 0.2617 - accuracy: 0.9068 - val_loss: 0.9039 - val_accuracy: 0.7135
Epoch 00053: early stopping
