---------- Begin SLURM Prolog ----------
Job ID:        7211152
Username:      siliangc
Accountname:   lc_fs3
Name:          batchrun_light_lstm.sh
Partition:     main
Nodelist:      hpc4335
TasksPerNode:  1
CPUsPerTask:   Default[1]
TMPDIR:        /tmp/7211152.main
SCRATCHDIR:    /staging/scratch/7211152
Cluster:       uschpc
HSDA Account:  false
---------- 2020-05-05 17:14:03 ---------
2020-05-05 17:15:59.388151: I tensorflow/stream_executor/platform/default/dso_loader.cc:44] Successfully opened dynamic library libcuda.so.1
2020-05-05 17:15:59.444134: I tensorflow/core/common_runtime/gpu/gpu_device.cc:1561] Found device 0 with properties: 
pciBusID: 0000:07:00.0 name: Tesla P100-PCIE-16GB computeCapability: 6.0
coreClock: 1.3285GHz coreCount: 56 deviceMemorySize: 15.90GiB deviceMemoryBandwidth: 681.88GiB/s
2020-05-05 17:15:59.445256: I tensorflow/core/common_runtime/gpu/gpu_device.cc:1561] Found device 1 with properties: 
pciBusID: 0000:81:00.0 name: Tesla P100-PCIE-16GB computeCapability: 6.0
coreClock: 1.3285GHz coreCount: 56 deviceMemorySize: 15.90GiB deviceMemoryBandwidth: 681.88GiB/s
2020-05-05 17:15:59.548818: I tensorflow/stream_executor/platform/default/dso_loader.cc:44] Successfully opened dynamic library libcudart.so.10.1
2020-05-05 17:15:59.755789: I tensorflow/stream_executor/platform/default/dso_loader.cc:44] Successfully opened dynamic library libcublas.so.10
2020-05-05 17:15:59.861436: I tensorflow/stream_executor/platform/default/dso_loader.cc:44] Successfully opened dynamic library libcufft.so.10
2020-05-05 17:15:59.968160: I tensorflow/stream_executor/platform/default/dso_loader.cc:44] Successfully opened dynamic library libcurand.so.10
2020-05-05 17:16:00.073553: I tensorflow/stream_executor/platform/default/dso_loader.cc:44] Successfully opened dynamic library libcusolver.so.10
2020-05-05 17:16:00.178570: I tensorflow/stream_executor/platform/default/dso_loader.cc:44] Successfully opened dynamic library libcusparse.so.10
2020-05-05 17:16:00.263069: I tensorflow/stream_executor/platform/default/dso_loader.cc:44] Successfully opened dynamic library libcudnn.so.7
2020-05-05 17:16:00.267609: I tensorflow/core/common_runtime/gpu/gpu_device.cc:1703] Adding visible gpu devices: 0, 1
2020-05-05 17:16:00.268151: I tensorflow/core/platform/cpu_feature_guard.cc:143] Your CPU supports instructions that this TensorFlow binary was not compiled to use: AVX2 FMA
2020-05-05 17:16:00.278799: I tensorflow/core/platform/profile_utils/cpu_utils.cc:102] CPU Frequency: 2394350000 Hz
2020-05-05 17:16:00.280127: I tensorflow/compiler/xla/service/service.cc:168] XLA service 0x55e6170c6b30 initialized for platform Host (this does not guarantee that XLA will be used). Devices:
2020-05-05 17:16:00.280154: I tensorflow/compiler/xla/service/service.cc:176]   StreamExecutor device (0): Host, Default Version
2020-05-05 17:16:00.477384: I tensorflow/compiler/xla/service/service.cc:168] XLA service 0x55e617130b90 initialized for platform CUDA (this does not guarantee that XLA will be used). Devices:
2020-05-05 17:16:00.477433: I tensorflow/compiler/xla/service/service.cc:176]   StreamExecutor device (0): Tesla P100-PCIE-16GB, Compute Capability 6.0
2020-05-05 17:16:00.477441: I tensorflow/compiler/xla/service/service.cc:176]   StreamExecutor device (1): Tesla P100-PCIE-16GB, Compute Capability 6.0
2020-05-05 17:16:00.479022: I tensorflow/core/common_runtime/gpu/gpu_device.cc:1561] Found device 0 with properties: 
pciBusID: 0000:07:00.0 name: Tesla P100-PCIE-16GB computeCapability: 6.0
coreClock: 1.3285GHz coreCount: 56 deviceMemorySize: 15.90GiB deviceMemoryBandwidth: 681.88GiB/s
2020-05-05 17:16:00.480056: I tensorflow/core/common_runtime/gpu/gpu_device.cc:1561] Found device 1 with properties: 
pciBusID: 0000:81:00.0 name: Tesla P100-PCIE-16GB computeCapability: 6.0
coreClock: 1.3285GHz coreCount: 56 deviceMemorySize: 15.90GiB deviceMemoryBandwidth: 681.88GiB/s
2020-05-05 17:16:00.480106: I tensorflow/stream_executor/platform/default/dso_loader.cc:44] Successfully opened dynamic library libcudart.so.10.1
2020-05-05 17:16:00.480126: I tensorflow/stream_executor/platform/default/dso_loader.cc:44] Successfully opened dynamic library libcublas.so.10
2020-05-05 17:16:00.480149: I tensorflow/stream_executor/platform/default/dso_loader.cc:44] Successfully opened dynamic library libcufft.so.10
2020-05-05 17:16:00.480166: I tensorflow/stream_executor/platform/default/dso_loader.cc:44] Successfully opened dynamic library libcurand.so.10
2020-05-05 17:16:00.480183: I tensorflow/stream_executor/platform/default/dso_loader.cc:44] Successfully opened dynamic library libcusolver.so.10
2020-05-05 17:16:00.480199: I tensorflow/stream_executor/platform/default/dso_loader.cc:44] Successfully opened dynamic library libcusparse.so.10
2020-05-05 17:16:00.480215: I tensorflow/stream_executor/platform/default/dso_loader.cc:44] Successfully opened dynamic library libcudnn.so.7
2020-05-05 17:16:00.484196: I tensorflow/core/common_runtime/gpu/gpu_device.cc:1703] Adding visible gpu devices: 0, 1
2020-05-05 17:16:00.484238: I tensorflow/stream_executor/platform/default/dso_loader.cc:44] Successfully opened dynamic library libcudart.so.10.1
2020-05-05 17:16:00.486788: I tensorflow/core/common_runtime/gpu/gpu_device.cc:1102] Device interconnect StreamExecutor with strength 1 edge matrix:
2020-05-05 17:16:00.486806: I tensorflow/core/common_runtime/gpu/gpu_device.cc:1108]      0 1 
2020-05-05 17:16:00.486814: I tensorflow/core/common_runtime/gpu/gpu_device.cc:1121] 0:   N N 
2020-05-05 17:16:00.486819: I tensorflow/core/common_runtime/gpu/gpu_device.cc:1121] 1:   N N 
2020-05-05 17:16:00.491070: I tensorflow/core/common_runtime/gpu/gpu_device.cc:1247] Created TensorFlow device (/job:localhost/replica:0/task:0/device:GPU:0 with 15056 MB memory) -> physical GPU (device: 0, name: Tesla P100-PCIE-16GB, pci bus id: 0000:07:00.0, compute capability: 6.0)
2020-05-05 17:16:00.492512: I tensorflow/core/common_runtime/gpu/gpu_device.cc:1247] Created TensorFlow device (/job:localhost/replica:0/task:0/device:GPU:1 with 15056 MB memory) -> physical GPU (device: 1, name: Tesla P100-PCIE-16GB, pci bus id: 0000:81:00.0, compute capability: 6.0)
2020-05-05 17:16:15.244729: I tensorflow/stream_executor/platform/default/dso_loader.cc:44] Successfully opened dynamic library libcublas.so.10
2020-05-05 17:16:15.463780: I tensorflow/stream_executor/platform/default/dso_loader.cc:44] Successfully opened dynamic library libcudnn.so.7
Processing Data...
Processing sequences of length: 3kk

Processing forward host data...
Processing prokaryote training data from ProkTr#ProkTr#3k_num1_seq4194_codefw.npy
Processing eukaryote training data from EukTr#EukTr#3k_num1_seq3584_codefw.npy
Processing reverse host data...
Processing prokaryote training data from ProkTr#ProkTr#3k_num1_seq4194_codebw.npy
Processing eukaryote training data from EukTr#EukTr#3k_num1_seq3584_codebw.npy
Processing plasmid data
Processing plasmid data - bw
Processing virus data...
Processing prokaryotevirus training data from ProkVirusTr#ProkVirusTr#3k_num1_seq4264_codefw.npy
Processin eukaryotevirus training data from EukVirusTr#EukVirusTr#3k_num1_seq2087_codefw.npy
Processing virus data...
Processing prokaryotevirus training data from ProkVirusTr#ProkVirusTr#3k_num1_seq4264_codebw.npy
Processin eukaryotevirus training data from EukVirusTr#EukVirusTr#3k_num1_seq2087_codebw.npy
Processing Validation Data...
Processing Validation Data - bw...
(18486, 3000, 4)
(18486, 3000, 4)
(18486, 5)
(2040, 3000, 4)
(2040, 3000, 4)
(2040, 5)
Model: "model"
__________________________________________________________________________________________________
Layer (type)                    Output Shape         Param #     Connected to                     
==================================================================================================
input_1 (InputLayer)            [(None, None, 4)]    0                                            
__________________________________________________________________________________________________
input_2 (InputLayer)            [(None, None, 4)]    0                                            
__________________________________________________________________________________________________
conv1d (Conv1D)                 (None, None, 64)     1600        input_1[0][0]                    
                                                                 input_2[0][0]                    
__________________________________________________________________________________________________
max_pooling1d (MaxPooling1D)    (None, None, 64)     0           conv1d[0][0]                     
                                                                 conv1d[1][0]                     
__________________________________________________________________________________________________
conv1d_1 (Conv1D)               (None, None, 128)    24704       max_pooling1d[0][0]              
                                                                 max_pooling1d[1][0]              
__________________________________________________________________________________________________
max_pooling1d_1 (MaxPooling1D)  (None, None, 128)    0           conv1d_1[0][0]                   
                                                                 conv1d_1[1][0]                   
__________________________________________________________________________________________________
bidirectional (Bidirectional)   (None, 128)          98816       max_pooling1d_1[0][0]            
                                                                 max_pooling1d_1[1][0]            
__________________________________________________________________________________________________
dropout (Dropout)               (None, 128)          0           bidirectional[0][0]              
                                                                 bidirectional[1][0]              
__________________________________________________________________________________________________
dense (Dense)                   (None, 500)          64500       dropout[0][0]                    
                                                                 dropout[1][0]                    
__________________________________________________________________________________________________
dropout_1 (Dropout)             (None, 500)          0           dense[0][0]                      
                                                                 dense[1][0]                      
__________________________________________________________________________________________________
dense_1 (Dense)                 (None, 5)            2505        dropout_1[0][0]                  
                                                                 dropout_1[1][0]                  
__________________________________________________________________________________________________
average (Average)               (None, 5)            0           dense_1[0][0]                    
                                                                 dense_1[1][0]                    
==================================================================================================
Total params: 192,125
Trainable params: 192,125
Non-trainable params: 0
__________________________________________________________________________________________________
Epoch 1/60

Epoch 00001: val_loss improved from inf to 1.61872, saving model to ./models/model_DNA_one-hot.h5
185/185 - 36s - loss: 1.5320 - accuracy: 0.2878 - val_loss: 1.6187 - val_accuracy: 0.2132
Epoch 2/60

Epoch 00002: val_loss improved from 1.61872 to 1.57455, saving model to ./models/model_DNA_one-hot.h5
185/185 - 35s - loss: 1.4592 - accuracy: 0.3364 - val_loss: 1.5745 - val_accuracy: 0.2299
Epoch 3/60

Epoch 00003: val_loss improved from 1.57455 to 1.56152, saving model to ./models/model_DNA_one-hot.h5
185/185 - 35s - loss: 1.5050 - accuracy: 0.3201 - val_loss: 1.5615 - val_accuracy: 0.2544
Epoch 4/60

Epoch 00004: val_loss improved from 1.56152 to 1.51007, saving model to ./models/model_DNA_one-hot.h5
185/185 - 35s - loss: 1.4956 - accuracy: 0.3114 - val_loss: 1.5101 - val_accuracy: 0.2554
Epoch 5/60

Epoch 00005: val_loss did not improve from 1.51007
185/185 - 35s - loss: 1.5688 - accuracy: 0.2463 - val_loss: 1.5855 - val_accuracy: 0.1990
Epoch 6/60

Epoch 00006: val_loss did not improve from 1.51007
185/185 - 35s - loss: 1.5567 - accuracy: 0.2582 - val_loss: 1.5672 - val_accuracy: 0.2676
Epoch 7/60

Epoch 00007: val_loss did not improve from 1.51007
185/185 - 35s - loss: 1.5090 - accuracy: 0.2922 - val_loss: 1.5312 - val_accuracy: 0.3201
Epoch 8/60

Epoch 00008: val_loss did not improve from 1.51007
185/185 - 35s - loss: 1.5130 - accuracy: 0.2921 - val_loss: 1.6275 - val_accuracy: 0.2730
Epoch 9/60

Epoch 00009: val_loss did not improve from 1.51007
185/185 - 35s - loss: 1.5309 - accuracy: 0.2731 - val_loss: 1.5110 - val_accuracy: 0.2946
Epoch 10/60

Epoch 00010: val_loss improved from 1.51007 to 1.50440, saving model to ./models/model_DNA_one-hot.h5
185/185 - 35s - loss: 1.5144 - accuracy: 0.2927 - val_loss: 1.5044 - val_accuracy: 0.3250
Epoch 11/60

Epoch 00011: val_loss improved from 1.50440 to 1.38519, saving model to ./models/model_DNA_one-hot.h5
185/185 - 35s - loss: 1.4691 - accuracy: 0.3282 - val_loss: 1.3852 - val_accuracy: 0.3784
Epoch 12/60

Epoch 00012: val_loss did not improve from 1.38519
185/185 - 35s - loss: 1.4833 - accuracy: 0.3169 - val_loss: 1.5866 - val_accuracy: 0.2265
Epoch 13/60

Epoch 00013: val_loss did not improve from 1.38519
185/185 - 35s - loss: 1.5109 - accuracy: 0.3045 - val_loss: 1.5992 - val_accuracy: 0.2299
Epoch 14/60

Epoch 00014: val_loss did not improve from 1.38519
185/185 - 35s - loss: 1.5804 - accuracy: 0.2356 - val_loss: 1.5857 - val_accuracy: 0.2971
Epoch 15/60

Epoch 00015: val_loss did not improve from 1.38519
185/185 - 35s - loss: 1.5560 - accuracy: 0.2633 - val_loss: 1.5895 - val_accuracy: 0.2544
Epoch 16/60

Epoch 00016: val_loss did not improve from 1.38519
185/185 - 35s - loss: 1.5126 - accuracy: 0.2791 - val_loss: 1.5381 - val_accuracy: 0.2725
Epoch 17/60

Epoch 00017: val_loss did not improve from 1.38519
185/185 - 35s - loss: 1.4761 - accuracy: 0.3163 - val_loss: 1.5336 - val_accuracy: 0.3294
Epoch 18/60

Epoch 00018: val_loss did not improve from 1.38519
185/185 - 35s - loss: 1.4833 - accuracy: 0.3182 - val_loss: 1.5504 - val_accuracy: 0.2784
Epoch 19/60

Epoch 00019: val_loss did not improve from 1.38519
185/185 - 35s - loss: 1.4651 - accuracy: 0.3182 - val_loss: 1.4031 - val_accuracy: 0.3672
Epoch 20/60

Epoch 00020: val_loss did not improve from 1.38519
185/185 - 35s - loss: 1.5732 - accuracy: 0.2601 - val_loss: 1.5876 - val_accuracy: 0.2451
Epoch 21/60

Epoch 00021: val_loss did not improve from 1.38519
185/185 - 35s - loss: 1.5755 - accuracy: 0.2397 - val_loss: 1.5845 - val_accuracy: 0.2368
Epoch 00021: early stopping
